#
# There is insufficient memory for the Java Runtime Environment to continue.
# Native memory allocation (malloc) failed to allocate 2189776 bytes. Error detail: Chunk::new
# Possible reasons:
#   The system is out of physical RAM or swap space
#   This process is running with CompressedOops enabled, and the Java Heap may be blocking the growth of the native heap
# Possible solutions:
#   Reduce memory load on the system
#   Increase physical memory or swap space
#   Check if swap backing store is full
#   Decrease Java heap size (-Xmx/-Xms)
#   Decrease number of Java threads
#   Decrease Java thread stack sizes (-Xss)
#   Set larger code cache with -XX:ReservedCodeCacheSize=
#   JVM is running with Unscaled Compressed Oops mode in which the Java heap is
#     placed in the first 4GB address space. The Java Heap base address is the
#     maximum limit for the native heap growth. Please use -XX:HeapBaseMinAddress
#     to set the Java Heap base and to place the Java Heap above 4GB virtual address.
# This output file may be truncated or incomplete.
#
#  Out of Memory Error (arena.cpp:168), pid=21284, tid=2472
#
# JRE version: OpenJDK Runtime Environment (21.0.8) (build 21.0.8+-14196175-b1038.72)
# Java VM: OpenJDK 64-Bit Server VM (21.0.8+-14196175-b1038.72, mixed mode, tiered, compressed oops, compressed class ptrs, g1 gc, windows-amd64)
# No core dump will be written. Minidumps are not enabled by default on client versions of Windows
#

---------------  S U M M A R Y ------------

Command Line: org.jetbrains.kotlin.cli.jvm.K2JVMCompiler @D:\IT Projects\budolEcosystem\budolPayMobile\build\mobile_scanner\20260102_11824519897483914771.compiler.options

Host: Intel(R) Core(TM) i7-9700 CPU @ 3.00GHz, 8 cores, 3G,  Windows 10 , 64 bit Build 19041 (10.0.19041.4842)
Time: Fri Jan  2 17:05:26 2026 Malay Peninsula Standard Time elapsed time: 25.504050 seconds (0d 0h 0m 25s)

---------------  T H R E A D  ---------------

Current thread (0x000002301f1acc40):  JavaThread "C2 CompilerThread0" daemon [_thread_in_native, id=2472, stack(0x0000004184100000,0x0000004184200000) (1024K)]


Current CompileTask:
C2:25504 9569       4       org.jetbrains.kotlin.fir.analysis.checkers.expression.FirOptInUsageBaseChecker::loadExperimentalities (279 bytes)

Stack: [0x0000004184100000,0x0000004184200000]
Native frames: (J=compiled Java code, j=interpreted, Vv=VM code, C=native code)
V  [jvm.dll+0x6d68d9]
V  [jvm.dll+0x866693]
V  [jvm.dll+0x868c4e]
V  [jvm.dll+0x869333]
V  [jvm.dll+0x280566]
V  [jvm.dll+0xc07cd]
V  [jvm.dll+0xc0d03]
V  [jvm.dll+0x3b95e1]
V  [jvm.dll+0x385507]
V  [jvm.dll+0x38497a]
V  [jvm.dll+0x249252]
V  [jvm.dll+0x248821]
V  [jvm.dll+0x1c73a4]
V  [jvm.dll+0x257f9e]
V  [jvm.dll+0x2564e6]
V  [jvm.dll+0x3f4696]
V  [jvm.dll+0x80eac8]
V  [jvm.dll+0x6d512d]
C  [ucrtbase.dll+0x21bb2]
C  [KERNEL32.DLL+0x17374]
C  [ntdll.dll+0x4cc91]


---------------  P R O C E S S  ---------------

Threads class SMR info:
_java_thread_list=0x000002301f317700, length=11, elements={
0x0000023008dae840, 0x000002301f04bec0, 0x000002301f05d710, 0x000002301f05e910,
0x000002301f050980, 0x000002301f19a080, 0x000002301f19ae90, 0x000002301f1a3c70,
0x000002301f1acc40, 0x000002301f1ade80, 0x000002301f33e410
}

Java Threads: ( => current thread )
  0x0000023008dae840 JavaThread "main"                              [_thread_in_Java, id=5116, stack(0x0000004183200000,0x0000004183300000) (1024K)]
  0x000002301f04bec0 JavaThread "Common-Cleaner"             daemon [_thread_blocked, id=7672, stack(0x0000004183a00000,0x0000004183b00000) (1024K)]
  0x000002301f05d710 JavaThread "Reference Handler"          daemon [_thread_blocked, id=14584, stack(0x0000004183b00000,0x0000004183c00000) (1024K)]
  0x000002301f05e910 JavaThread "Finalizer"                  daemon [_thread_blocked, id=17684, stack(0x0000004183c00000,0x0000004183d00000) (1024K)]
  0x000002301f050980 JavaThread "Signal Dispatcher"          daemon [_thread_blocked, id=8364, stack(0x0000004183d00000,0x0000004183e00000) (1024K)]
  0x000002301f19a080 JavaThread "Attach Listener"            daemon [_thread_blocked, id=16444, stack(0x0000004183e00000,0x0000004183f00000) (1024K)]
  0x000002301f19ae90 JavaThread "Service Thread"             daemon [_thread_blocked, id=15272, stack(0x0000004183f00000,0x0000004184000000) (1024K)]
  0x000002301f1a3c70 JavaThread "Monitor Deflation Thread"   daemon [_thread_blocked, id=7272, stack(0x0000004184000000,0x0000004184100000) (1024K)]
=>0x000002301f1acc40 JavaThread "C2 CompilerThread0"         daemon [_thread_in_native, id=2472, stack(0x0000004184100000,0x0000004184200000) (1024K)]
  0x000002301f1ade80 JavaThread "C1 CompilerThread0"         daemon [_thread_blocked, id=24260, stack(0x0000004184200000,0x0000004184300000) (1024K)]
  0x000002301f33e410 JavaThread "Notification Thread"        daemon [_thread_blocked, id=25788, stack(0x0000004184300000,0x0000004184400000) (1024K)]
Total: 11

Other Threads:
  0x000002301efccb00 VMThread "VM Thread"                           [id=8948, stack(0x0000004183900000,0x0000004183a00000) (1024K)]
  0x0000023008e6a920 WatcherThread "VM Periodic Task Thread"        [id=23864, stack(0x0000004183800000,0x0000004183900000) (1024K)]
  0x0000023008de6eb0 WorkerThread "GC Thread#0"                     [id=20328, stack(0x0000004183300000,0x0000004183400000) (1024K)]
  0x000002301f982bb0 WorkerThread "GC Thread#1"                     [id=4376, stack(0x0000004184400000,0x0000004184500000) (1024K)]
  0x000002301fa10880 WorkerThread "GC Thread#2"                     [id=11544, stack(0x0000004184500000,0x0000004184600000) (1024K)]
  0x000002301fa10c20 WorkerThread "GC Thread#3"                     [id=18708, stack(0x0000004184600000,0x0000004184700000) (1024K)]
  0x000002301fa10fc0 WorkerThread "GC Thread#4"                     [id=26552, stack(0x0000004184700000,0x0000004184800000) (1024K)]
  0x000002301fa578e0 WorkerThread "GC Thread#5"                     [id=26488, stack(0x0000004184800000,0x0000004184900000) (1024K)]
  0x000002301fbc7ea0 WorkerThread "GC Thread#6"                     [id=21312, stack(0x0000004184900000,0x0000004184a00000) (1024K)]
  0x000002301fbc85e0 WorkerThread "GC Thread#7"                     [id=21692, stack(0x0000004184a00000,0x0000004184b00000) (1024K)]
  0x0000023008defad0 ConcurrentGCThread "G1 Main Marker"            [id=20980, stack(0x0000004183400000,0x0000004183500000) (1024K)]
  0x0000023008df05d0 WorkerThread "G1 Conc#0"                       [id=31684, stack(0x0000004183500000,0x0000004183600000) (1024K)]
  0x00000230241b77c0 WorkerThread "G1 Conc#1"                       [id=17524, stack(0x0000004184b00000,0x0000004184c00000) (1024K)]
  0x0000023008e59920 ConcurrentGCThread "G1 Refine#0"               [id=27260, stack(0x0000004183600000,0x0000004183700000) (1024K)]
  0x0000023008e5a490 ConcurrentGCThread "G1 Service"                [id=30140, stack(0x0000004183700000,0x0000004183800000) (1024K)]
Total: 15

Threads with active compile tasks:
C2 CompilerThread0  25596 9569       4       org.jetbrains.kotlin.fir.analysis.checkers.expression.FirOptInUsageBaseChecker::loadExperimentalities (279 bytes)
Total: 1

VM state: not at safepoint (normal execution)

VM Mutex/Monitor currently owned by a thread: None

Heap address: 0x00000000c1e00000, size: 994 MB, Compressed Oops mode: 32-bit

CDS archive(s) not mapped
Compressed class space mapped at: 0x0000000100000000-0x0000000140000000, reserved size: 1073741824
Narrow klass base: 0x0000000000000000, Narrow klass shift: 3, Narrow klass range: 0x140000000

GC Precious Log:
 CardTable entry size: 512
 Card Set container configuration: InlinePtr #cards 5 size 8 Array Of Cards #cards 12 size 40 Howl #buckets 4 coarsen threshold 1843 Howl Bitmap #cards 512 size 80 coarsen threshold 460 Card regions per heap region 1 cards per card region 2048
 CPUs: 8 total, 8 available
 Memory: 3968M
 Large Page Support: Disabled
 NUMA Support: Disabled
 Compressed Oops: Enabled (32-bit)
 Heap Region Size: 1M
 Heap Min Capacity: 8M
 Heap Initial Capacity: 64M
 Heap Max Capacity: 994M
 Pre-touch: Disabled
 Parallel Workers: 8
 Concurrent Workers: 2
 Concurrent Refinement Workers: 8
 Periodic GC: Disabled

Heap:
 garbage-first heap   total 126976K, used 63488K [0x00000000c1e00000, 0x0000000100000000)
  region size 1024K, 7 young (7168K), 3 survivors (3072K)
 Metaspace       used 72357K, committed 72704K, reserved 1114112K
  class space    used 8234K, committed 8384K, reserved 1048576K

Heap Regions: E=young(eden), S=young(survivor), O=old, HS=humongous(starts), HC=humongous(continues), CS=collection set, F=free, TAMS=top-at-mark-start, PB=parsable bottom
|   0|0x00000000c1e00000, 0x00000000c1f00000, 0x00000000c1f00000|100%|HS|  |TAMS 0x00000000c1e00000| PB 0x00000000c1e00000| Complete 
|   1|0x00000000c1f00000, 0x00000000c2000000, 0x00000000c2000000|100%|HC|  |TAMS 0x00000000c1f00000| PB 0x00000000c1f00000| Complete 
|   2|0x00000000c2000000, 0x00000000c2100000, 0x00000000c2100000|100%|HC|  |TAMS 0x00000000c2000000| PB 0x00000000c2000000| Complete 
|   3|0x00000000c2100000, 0x00000000c2200000, 0x00000000c2200000|100%|HC|  |TAMS 0x00000000c2100000| PB 0x00000000c2100000| Complete 
|   4|0x00000000c2200000, 0x00000000c2300000, 0x00000000c2300000|100%| O|  |TAMS 0x00000000c2200000| PB 0x00000000c2200000| Untracked 
|   5|0x00000000c2300000, 0x00000000c2400000, 0x00000000c2400000|100%| O|  |TAMS 0x00000000c2300000| PB 0x00000000c2300000| Untracked 
|   6|0x00000000c2400000, 0x00000000c2500000, 0x00000000c2500000|100%| O|  |TAMS 0x00000000c2400000| PB 0x00000000c2400000| Untracked 
|   7|0x00000000c2500000, 0x00000000c2600000, 0x00000000c2600000|100%| O|  |TAMS 0x00000000c2500000| PB 0x00000000c2500000| Untracked 
|   8|0x00000000c2600000, 0x00000000c2700000, 0x00000000c2700000|100%| O|  |TAMS 0x00000000c2600000| PB 0x00000000c2600000| Untracked 
|   9|0x00000000c2700000, 0x00000000c2800000, 0x00000000c2800000|100%| O|  |TAMS 0x00000000c2700000| PB 0x00000000c2700000| Untracked 
|  10|0x00000000c2800000, 0x00000000c2900000, 0x00000000c2900000|100%| O|  |TAMS 0x00000000c2800000| PB 0x00000000c2800000| Untracked 
|  11|0x00000000c2900000, 0x00000000c2a00000, 0x00000000c2a00000|100%| O|  |TAMS 0x00000000c2900000| PB 0x00000000c2900000| Untracked 
|  12|0x00000000c2a00000, 0x00000000c2b00000, 0x00000000c2b00000|100%| O|  |TAMS 0x00000000c2a00000| PB 0x00000000c2a00000| Untracked 
|  13|0x00000000c2b00000, 0x00000000c2c00000, 0x00000000c2c00000|100%| O|  |TAMS 0x00000000c2b00000| PB 0x00000000c2b00000| Untracked 
|  14|0x00000000c2c00000, 0x00000000c2d00000, 0x00000000c2d00000|100%| O|  |TAMS 0x00000000c2c00000| PB 0x00000000c2c00000| Untracked 
|  15|0x00000000c2d00000, 0x00000000c2e00000, 0x00000000c2e00000|100%| O|  |TAMS 0x00000000c2d00000| PB 0x00000000c2d00000| Untracked 
|  16|0x00000000c2e00000, 0x00000000c2f00000, 0x00000000c2f00000|100%| O|  |TAMS 0x00000000c2e00000| PB 0x00000000c2e00000| Untracked 
|  17|0x00000000c2f00000, 0x00000000c3000000, 0x00000000c3000000|100%| O|  |TAMS 0x00000000c2f00000| PB 0x00000000c2f00000| Untracked 
|  18|0x00000000c3000000, 0x00000000c3100000, 0x00000000c3100000|100%| O|  |TAMS 0x00000000c3000000| PB 0x00000000c3000000| Untracked 
|  19|0x00000000c3100000, 0x00000000c3200000, 0x00000000c3200000|100%| O|  |TAMS 0x00000000c3100000| PB 0x00000000c3100000| Untracked 
|  20|0x00000000c3200000, 0x00000000c3300000, 0x00000000c3300000|100%| O|  |TAMS 0x00000000c3200000| PB 0x00000000c3200000| Untracked 
|  21|0x00000000c3300000, 0x00000000c3400000, 0x00000000c3400000|100%| O|  |TAMS 0x00000000c3300000| PB 0x00000000c3300000| Untracked 
|  22|0x00000000c3400000, 0x00000000c3500000, 0x00000000c3500000|100%|HS|  |TAMS 0x00000000c3400000| PB 0x00000000c3400000| Complete 
|  23|0x00000000c3500000, 0x00000000c3600000, 0x00000000c3600000|100%| O|  |TAMS 0x00000000c3500000| PB 0x00000000c3500000| Untracked 
|  24|0x00000000c3600000, 0x00000000c3700000, 0x00000000c3700000|100%| O|  |TAMS 0x00000000c3600000| PB 0x00000000c3600000| Untracked 
|  25|0x00000000c3700000, 0x00000000c3800000, 0x00000000c3800000|100%| O|  |TAMS 0x00000000c3700000| PB 0x00000000c3700000| Untracked 
|  26|0x00000000c3800000, 0x00000000c3900000, 0x00000000c3900000|100%| O|  |TAMS 0x00000000c3800000| PB 0x00000000c3800000| Untracked 
|  27|0x00000000c3900000, 0x00000000c3a00000, 0x00000000c3a00000|100%| O|  |TAMS 0x00000000c3900000| PB 0x00000000c3900000| Untracked 
|  28|0x00000000c3a00000, 0x00000000c3b00000, 0x00000000c3b00000|100%| O|  |TAMS 0x00000000c3a00000| PB 0x00000000c3a00000| Untracked 
|  29|0x00000000c3b00000, 0x00000000c3c00000, 0x00000000c3c00000|100%| O|  |TAMS 0x00000000c3b00000| PB 0x00000000c3b00000| Untracked 
|  30|0x00000000c3c00000, 0x00000000c3d00000, 0x00000000c3d00000|100%| O|  |TAMS 0x00000000c3c00000| PB 0x00000000c3c00000| Untracked 
|  31|0x00000000c3d00000, 0x00000000c3e00000, 0x00000000c3e00000|100%| O|  |TAMS 0x00000000c3d00000| PB 0x00000000c3d00000| Untracked 
|  32|0x00000000c3e00000, 0x00000000c3f00000, 0x00000000c3f00000|100%| O|  |TAMS 0x00000000c3e00000| PB 0x00000000c3e00000| Untracked 
|  33|0x00000000c3f00000, 0x00000000c4000000, 0x00000000c4000000|100%| O|  |TAMS 0x00000000c3f00000| PB 0x00000000c3f00000| Untracked 
|  34|0x00000000c4000000, 0x00000000c4100000, 0x00000000c4100000|100%| O|  |TAMS 0x00000000c4000000| PB 0x00000000c4000000| Untracked 
|  35|0x00000000c4100000, 0x00000000c4200000, 0x00000000c4200000|100%| O|  |TAMS 0x00000000c4100000| PB 0x00000000c4100000| Untracked 
|  36|0x00000000c4200000, 0x00000000c4300000, 0x00000000c4300000|100%| O|  |TAMS 0x00000000c4200000| PB 0x00000000c4200000| Untracked 
|  37|0x00000000c4300000, 0x00000000c4400000, 0x00000000c4400000|100%| O|  |TAMS 0x00000000c4300000| PB 0x00000000c4300000| Untracked 
|  38|0x00000000c4400000, 0x00000000c4500000, 0x00000000c4500000|100%| O|  |TAMS 0x00000000c4400000| PB 0x00000000c4400000| Untracked 
|  39|0x00000000c4500000, 0x00000000c4600000, 0x00000000c4600000|100%| O|  |TAMS 0x00000000c4500000| PB 0x00000000c4500000| Untracked 
|  40|0x00000000c4600000, 0x00000000c4700000, 0x00000000c4700000|100%| O|  |TAMS 0x00000000c4600000| PB 0x00000000c4600000| Untracked 
|  41|0x00000000c4700000, 0x00000000c4800000, 0x00000000c4800000|100%| O|  |TAMS 0x00000000c4700000| PB 0x00000000c4700000| Untracked 
|  42|0x00000000c4800000, 0x00000000c4800000, 0x00000000c4900000|  0%| F|  |TAMS 0x00000000c4800000| PB 0x00000000c4800000| Untracked 
|  43|0x00000000c4900000, 0x00000000c4a00000, 0x00000000c4a00000|100%| O|  |TAMS 0x00000000c4900000| PB 0x00000000c4900000| Untracked 
|  44|0x00000000c4a00000, 0x00000000c4b00000, 0x00000000c4b00000|100%| O|  |TAMS 0x00000000c4a00000| PB 0x00000000c4a00000| Untracked 
|  45|0x00000000c4b00000, 0x00000000c4c00000, 0x00000000c4c00000|100%| O|  |TAMS 0x00000000c4b00000| PB 0x00000000c4b00000| Untracked 
|  46|0x00000000c4c00000, 0x00000000c4d00000, 0x00000000c4d00000|100%| O|  |TAMS 0x00000000c4c00000| PB 0x00000000c4c00000| Untracked 
|  47|0x00000000c4d00000, 0x00000000c4e00000, 0x00000000c4e00000|100%| O|  |TAMS 0x00000000c4d00000| PB 0x00000000c4d00000| Untracked 
|  48|0x00000000c4e00000, 0x00000000c4f00000, 0x00000000c4f00000|100%| O|  |TAMS 0x00000000c4e00000| PB 0x00000000c4e00000| Untracked 
|  49|0x00000000c4f00000, 0x00000000c5000000, 0x00000000c5000000|100%| O|  |TAMS 0x00000000c4f00000| PB 0x00000000c4f00000| Untracked 
|  50|0x00000000c5000000, 0x00000000c5100000, 0x00000000c5100000|100%| O|  |TAMS 0x00000000c5000000| PB 0x00000000c5000000| Untracked 
|  51|0x00000000c5100000, 0x00000000c5200000, 0x00000000c5200000|100%| O|  |TAMS 0x00000000c5100000| PB 0x00000000c5100000| Untracked 
|  52|0x00000000c5200000, 0x00000000c5300000, 0x00000000c5300000|100%| O|  |TAMS 0x00000000c5200000| PB 0x00000000c5200000| Untracked 
|  53|0x00000000c5300000, 0x00000000c5400000, 0x00000000c5400000|100%| O|  |TAMS 0x00000000c5300000| PB 0x00000000c5300000| Untracked 
|  54|0x00000000c5400000, 0x00000000c5500000, 0x00000000c5500000|100%| O|  |TAMS 0x00000000c5400000| PB 0x00000000c5400000| Untracked 
|  55|0x00000000c5500000, 0x00000000c5500000, 0x00000000c5600000|  0%| F|  |TAMS 0x00000000c5500000| PB 0x00000000c5500000| Untracked 
|  56|0x00000000c5600000, 0x00000000c5600000, 0x00000000c5700000|  0%| F|  |TAMS 0x00000000c5600000| PB 0x00000000c5600000| Untracked 
|  57|0x00000000c5700000, 0x00000000c5700000, 0x00000000c5800000|  0%| F|  |TAMS 0x00000000c5700000| PB 0x00000000c5700000| Untracked 
|  58|0x00000000c5800000, 0x00000000c5800000, 0x00000000c5900000|  0%| F|  |TAMS 0x00000000c5800000| PB 0x00000000c5800000| Untracked 
|  59|0x00000000c5900000, 0x00000000c5900000, 0x00000000c5a00000|  0%| F|  |TAMS 0x00000000c5900000| PB 0x00000000c5900000| Untracked 
|  60|0x00000000c5a00000, 0x00000000c5a00000, 0x00000000c5b00000|  0%| F|  |TAMS 0x00000000c5a00000| PB 0x00000000c5a00000| Untracked 
|  61|0x00000000c5b00000, 0x00000000c5b00000, 0x00000000c5c00000|  0%| F|  |TAMS 0x00000000c5b00000| PB 0x00000000c5b00000| Untracked 
|  62|0x00000000c5c00000, 0x00000000c5c00000, 0x00000000c5d00000|  0%| F|  |TAMS 0x00000000c5c00000| PB 0x00000000c5c00000| Untracked 
|  63|0x00000000c5d00000, 0x00000000c5d00000, 0x00000000c5e00000|  0%| F|  |TAMS 0x00000000c5d00000| PB 0x00000000c5d00000| Untracked 
|  64|0x00000000c5e00000, 0x00000000c5e00000, 0x00000000c5f00000|  0%| F|  |TAMS 0x00000000c5e00000| PB 0x00000000c5e00000| Untracked 
|  65|0x00000000c5f00000, 0x00000000c5f00000, 0x00000000c6000000|  0%| F|  |TAMS 0x00000000c5f00000| PB 0x00000000c5f00000| Untracked 
|  66|0x00000000c6000000, 0x00000000c6000000, 0x00000000c6100000|  0%| F|  |TAMS 0x00000000c6000000| PB 0x00000000c6000000| Untracked 
|  67|0x00000000c6100000, 0x00000000c6100000, 0x00000000c6200000|  0%| F|  |TAMS 0x00000000c6100000| PB 0x00000000c6100000| Untracked 
|  68|0x00000000c6200000, 0x00000000c6200000, 0x00000000c6300000|  0%| F|  |TAMS 0x00000000c6200000| PB 0x00000000c6200000| Untracked 
|  69|0x00000000c6300000, 0x00000000c6300000, 0x00000000c6400000|  0%| F|  |TAMS 0x00000000c6300000| PB 0x00000000c6300000| Untracked 
|  70|0x00000000c6400000, 0x00000000c6400000, 0x00000000c6500000|  0%| F|  |TAMS 0x00000000c6400000| PB 0x00000000c6400000| Untracked 
|  71|0x00000000c6500000, 0x00000000c6600000, 0x00000000c6600000|100%| S|CS|TAMS 0x00000000c6500000| PB 0x00000000c6500000| Complete 
|  72|0x00000000c6600000, 0x00000000c6700000, 0x00000000c6700000|100%| S|CS|TAMS 0x00000000c6600000| PB 0x00000000c6600000| Complete 
|  73|0x00000000c6700000, 0x00000000c6800000, 0x00000000c6800000|100%| S|CS|TAMS 0x00000000c6700000| PB 0x00000000c6700000| Complete 
|  74|0x00000000c6800000, 0x00000000c6800000, 0x00000000c6900000|  0%| F|  |TAMS 0x00000000c6800000| PB 0x00000000c6800000| Untracked 
|  75|0x00000000c6900000, 0x00000000c6900000, 0x00000000c6a00000|  0%| F|  |TAMS 0x00000000c6900000| PB 0x00000000c6900000| Untracked 
|  76|0x00000000c6a00000, 0x00000000c6a00000, 0x00000000c6b00000|  0%| F|  |TAMS 0x00000000c6a00000| PB 0x00000000c6a00000| Untracked 
|  77|0x00000000c6b00000, 0x00000000c6b00000, 0x00000000c6c00000|  0%| F|  |TAMS 0x00000000c6b00000| PB 0x00000000c6b00000| Untracked 
|  78|0x00000000c6c00000, 0x00000000c6c00000, 0x00000000c6d00000|  0%| F|  |TAMS 0x00000000c6c00000| PB 0x00000000c6c00000| Untracked 
|  79|0x00000000c6d00000, 0x00000000c6d00000, 0x00000000c6e00000|  0%| F|  |TAMS 0x00000000c6d00000| PB 0x00000000c6d00000| Untracked 
|  80|0x00000000c6e00000, 0x00000000c6e00000, 0x00000000c6f00000|  0%| F|  |TAMS 0x00000000c6e00000| PB 0x00000000c6e00000| Untracked 
|  81|0x00000000c6f00000, 0x00000000c6f00000, 0x00000000c7000000|  0%| F|  |TAMS 0x00000000c6f00000| PB 0x00000000c6f00000| Untracked 
|  82|0x00000000c7000000, 0x00000000c7000000, 0x00000000c7100000|  0%| F|  |TAMS 0x00000000c7000000| PB 0x00000000c7000000| Untracked 
|  83|0x00000000c7100000, 0x00000000c7100000, 0x00000000c7200000|  0%| F|  |TAMS 0x00000000c7100000| PB 0x00000000c7100000| Untracked 
|  84|0x00000000c7200000, 0x00000000c7200000, 0x00000000c7300000|  0%| F|  |TAMS 0x00000000c7200000| PB 0x00000000c7200000| Untracked 
|  85|0x00000000c7300000, 0x00000000c7300000, 0x00000000c7400000|  0%| F|  |TAMS 0x00000000c7300000| PB 0x00000000c7300000| Untracked 
|  86|0x00000000c7400000, 0x00000000c7400000, 0x00000000c7500000|  0%| F|  |TAMS 0x00000000c7400000| PB 0x00000000c7400000| Untracked 
|  87|0x00000000c7500000, 0x00000000c7500000, 0x00000000c7600000|  0%| F|  |TAMS 0x00000000c7500000| PB 0x00000000c7500000| Untracked 
|  88|0x00000000c7600000, 0x00000000c7600000, 0x00000000c7700000|  0%| F|  |TAMS 0x00000000c7600000| PB 0x00000000c7600000| Untracked 
|  89|0x00000000c7700000, 0x00000000c7700000, 0x00000000c7800000|  0%| F|  |TAMS 0x00000000c7700000| PB 0x00000000c7700000| Untracked 
|  90|0x00000000c7800000, 0x00000000c7800000, 0x00000000c7900000|  0%| F|  |TAMS 0x00000000c7800000| PB 0x00000000c7800000| Untracked 
|  91|0x00000000c7900000, 0x00000000c7900000, 0x00000000c7a00000|  0%| F|  |TAMS 0x00000000c7900000| PB 0x00000000c7900000| Untracked 
|  92|0x00000000c7a00000, 0x00000000c7a00000, 0x00000000c7b00000|  0%| F|  |TAMS 0x00000000c7a00000| PB 0x00000000c7a00000| Untracked 
|  93|0x00000000c7b00000, 0x00000000c7b00000, 0x00000000c7c00000|  0%| F|  |TAMS 0x00000000c7b00000| PB 0x00000000c7b00000| Untracked 
|  94|0x00000000c7c00000, 0x00000000c7c00000, 0x00000000c7d00000|  0%| F|  |TAMS 0x00000000c7c00000| PB 0x00000000c7c00000| Untracked 
|  95|0x00000000c7d00000, 0x00000000c7d00000, 0x00000000c7e00000|  0%| F|  |TAMS 0x00000000c7d00000| PB 0x00000000c7d00000| Untracked 
|  96|0x00000000c7e00000, 0x00000000c7e00000, 0x00000000c7f00000|  0%| F|  |TAMS 0x00000000c7e00000| PB 0x00000000c7e00000| Untracked 
|  97|0x00000000c7f00000, 0x00000000c7f00000, 0x00000000c8000000|  0%| F|  |TAMS 0x00000000c7f00000| PB 0x00000000c7f00000| Untracked 
|  98|0x00000000c8000000, 0x00000000c8000000, 0x00000000c8100000|  0%| F|  |TAMS 0x00000000c8000000| PB 0x00000000c8000000| Untracked 
|  99|0x00000000c8100000, 0x00000000c8100000, 0x00000000c8200000|  0%| F|  |TAMS 0x00000000c8100000| PB 0x00000000c8100000| Untracked 
| 100|0x00000000c8200000, 0x00000000c8200000, 0x00000000c8300000|  0%| F|  |TAMS 0x00000000c8200000| PB 0x00000000c8200000| Untracked 
| 101|0x00000000c8300000, 0x00000000c8300000, 0x00000000c8400000|  0%| F|  |TAMS 0x00000000c8300000| PB 0x00000000c8300000| Untracked 
| 102|0x00000000c8400000, 0x00000000c8400000, 0x00000000c8500000|  0%| F|  |TAMS 0x00000000c8400000| PB 0x00000000c8400000| Untracked 
| 103|0x00000000c8500000, 0x00000000c8500000, 0x00000000c8600000|  0%| F|  |TAMS 0x00000000c8500000| PB 0x00000000c8500000| Untracked 
| 104|0x00000000c8600000, 0x00000000c8600000, 0x00000000c8700000|  0%| F|  |TAMS 0x00000000c8600000| PB 0x00000000c8600000| Untracked 
| 105|0x00000000c8700000, 0x00000000c8700000, 0x00000000c8800000|  0%| F|  |TAMS 0x00000000c8700000| PB 0x00000000c8700000| Untracked 
| 106|0x00000000c8800000, 0x00000000c8800000, 0x00000000c8900000|  0%| F|  |TAMS 0x00000000c8800000| PB 0x00000000c8800000| Untracked 
| 107|0x00000000c8900000, 0x00000000c8900000, 0x00000000c8a00000|  0%| F|  |TAMS 0x00000000c8900000| PB 0x00000000c8900000| Untracked 
| 108|0x00000000c8a00000, 0x00000000c8a00000, 0x00000000c8b00000|  0%| F|  |TAMS 0x00000000c8a00000| PB 0x00000000c8a00000| Untracked 
| 109|0x00000000c8b00000, 0x00000000c8b00000, 0x00000000c8c00000|  0%| F|  |TAMS 0x00000000c8b00000| PB 0x00000000c8b00000| Untracked 
| 110|0x00000000c8c00000, 0x00000000c8c00000, 0x00000000c8d00000|  0%| F|  |TAMS 0x00000000c8c00000| PB 0x00000000c8c00000| Untracked 
| 111|0x00000000c8d00000, 0x00000000c8d00000, 0x00000000c8e00000|  0%| F|  |TAMS 0x00000000c8d00000| PB 0x00000000c8d00000| Untracked 
| 112|0x00000000c8e00000, 0x00000000c8e00000, 0x00000000c8f00000|  0%| F|  |TAMS 0x00000000c8e00000| PB 0x00000000c8e00000| Untracked 
| 113|0x00000000c8f00000, 0x00000000c8f00000, 0x00000000c9000000|  0%| F|  |TAMS 0x00000000c8f00000| PB 0x00000000c8f00000| Untracked 
| 114|0x00000000c9000000, 0x00000000c9000000, 0x00000000c9100000|  0%| F|  |TAMS 0x00000000c9000000| PB 0x00000000c9000000| Untracked 
| 115|0x00000000c9100000, 0x00000000c9100000, 0x00000000c9200000|  0%| F|  |TAMS 0x00000000c9100000| PB 0x00000000c9100000| Untracked 
| 116|0x00000000c9200000, 0x00000000c9200000, 0x00000000c9300000|  0%| F|  |TAMS 0x00000000c9200000| PB 0x00000000c9200000| Untracked 
| 117|0x00000000c9300000, 0x00000000c9300000, 0x00000000c9400000|  0%| F|  |TAMS 0x00000000c9300000| PB 0x00000000c9300000| Untracked 
| 118|0x00000000c9400000, 0x00000000c9400a58, 0x00000000c9500000|  0%| E|  |TAMS 0x00000000c9400000| PB 0x00000000c9400000| Complete 
| 119|0x00000000c9500000, 0x00000000c9600000, 0x00000000c9600000|100%| E|CS|TAMS 0x00000000c9500000| PB 0x00000000c9500000| Complete 
| 990|0x00000000ffc00000, 0x00000000ffd00000, 0x00000000ffd00000|100%| E|CS|TAMS 0x00000000ffc00000| PB 0x00000000ffc00000| Complete 
| 991|0x00000000ffd00000, 0x00000000ffe00000, 0x00000000ffe00000|100%| E|CS|TAMS 0x00000000ffd00000| PB 0x00000000ffd00000| Complete 
| 992|0x00000000ffe00000, 0x00000000fff00000, 0x00000000fff00000|100%| O|  |TAMS 0x00000000ffe00000| PB 0x00000000ffe00000| Untracked 
| 993|0x00000000fff00000, 0x0000000100000000, 0x0000000100000000|100%| O|  |TAMS 0x00000000fff00000| PB 0x00000000fff00000| Untracked 

Card table byte_map: [0x000002301b440000,0x000002301b640000] _byte_map_base: 0x000002301ae31000

Marking Bits: (CMBitMap*) 0x0000023008de75b0
 Bits: [0x000002301b640000, 0x000002301c5c8000)

Polling page: 0x0000023006d60000

Metaspace:

Usage:
  Non-class:     62.62 MB used.
      Class:      8.04 MB used.
       Both:     70.66 MB used.

Virtual space:
  Non-class space:       64.00 MB reserved,      62.81 MB ( 98%) committed,  1 nodes.
      Class space:        1.00 GB reserved,       8.19 MB ( <1%) committed,  1 nodes.
             Both:        1.06 GB reserved,      71.00 MB (  7%) committed. 

Chunk freelists:
   Non-Class:  784.00 KB
       Class:  7.64 MB
        Both:  8.41 MB

MaxMetaspaceSize: unlimited
CompressedClassSpaceSize: 1.00 GB
Initial GC threshold: 21.00 MB
Current GC threshold: 103.75 MB
CDS: off
 - commit_granule_bytes: 65536.
 - commit_granule_words: 8192.
 - virtual_space_node_default_size: 8388608.
 - enlarge_chunks_in_place: 1.
 - use_allocation_guard: 0.


Internal statistics:

num_allocs_failed_limit: 6.
num_arena_births: 318.
num_arena_deaths: 0.
num_vsnodes_births: 2.
num_vsnodes_deaths: 0.
num_space_committed: 1136.
num_space_uncommitted: 0.
num_chunks_returned_to_freelist: 6.
num_chunks_taken_from_freelist: 2476.
num_chunk_merges: 6.
num_chunk_splits: 2111.
num_chunks_enlarged: 1953.
num_inconsistent_stats: 0.

CodeHeap 'non-profiled nmethods': size=120000Kb used=4433Kb max_used=4433Kb free=115566Kb
 bounds [0x00000230139e0000, 0x0000023013e40000, 0x000002301af10000]
CodeHeap 'profiled nmethods': size=120000Kb used=31433Kb max_used=31433Kb free=88566Kb
 bounds [0x000002300bf10000, 0x000002300ddd0000, 0x0000023013440000]
CodeHeap 'non-nmethods': size=5760Kb used=1676Kb max_used=1747Kb free=4083Kb
 bounds [0x0000023013440000, 0x00000230136b0000, 0x00000230139e0000]
CodeCache: size=245760Kb, used=37542Kb, max_used=37613Kb, free=208215Kb
 total_blobs=9831, nmethods=9112, adapters=622, full_count=0
Compilation: enabled, stopped_count=0, restarted_count=0

Compilation events (20 events):
Event: 25.458 Thread 0x000002301f1ade80 nmethod 9677 0x000002300dd38c90 code [0x000002300dd38f40, 0x000002300dd39bb8]
Event: 25.458 Thread 0x000002301f1ade80 9674       3       org.jetbrains.kotlin.fir.visitors.FirVisitor::visitSafeCallExpression (17 bytes)
Event: 25.458 Thread 0x000002301f1ade80 nmethod 9674 0x000002300dd3a010 code [0x000002300dd3a240, 0x000002300dd3a8b8]
Event: 25.458 Thread 0x000002301f1ade80 9675       3       org.jetbrains.kotlin.fir.visitors.FirVisitor::visitCheckedSafeCallSubject (17 bytes)
Event: 25.458 Thread 0x000002301f1ade80 nmethod 9675 0x000002300dd3ab10 code [0x000002300dd3ad40, 0x000002300dd3b3b8]
Event: 25.458 Thread 0x000002301f1ade80 9671       3       org.jetbrains.kotlin.fir.analysis.jvm.checkers.expression.FirFieldAccessShadowedByInvisibleKotlinProperty::check (28 bytes)
Event: 25.459 Thread 0x000002301f1ade80 nmethod 9671 0x000002300dd3b610 code [0x000002300dd3b920, 0x000002300dd3c7d0]
Event: 25.459 Thread 0x000002301f1ade80 9672       3       org.jetbrains.kotlin.fir.analysis.jvm.checkers.expression.FirFieldAccessShadowedByInvisibleKotlinPropertyKt::access$checkFieldAccess (7 bytes)
Event: 25.459 Thread 0x000002301f1ade80 nmethod 9672 0x000002300dd3cd90 code [0x000002300dd3cf40, 0x000002300dd3d058]
Event: 25.459 Thread 0x000002301f1ade80 9676       3       org.jetbrains.kotlin.fir.analysis.checkers.expression.ExpressionCheckersDiagnosticComponent::visitThisReceiverExpression (13 bytes)
Event: 25.459 Thread 0x000002301f1ade80 nmethod 9676 0x000002300dd3d110 code [0x000002300dd3d2c0, 0x000002300dd3d4e0]
Event: 25.459 Thread 0x000002301f1ade80 9681       1       org.jetbrains.kotlin.fir.expressions.impl.FirSamConversionExpressionImpl::getAnnotations-5e3fPpI (5 bytes)
Event: 25.459 Thread 0x000002301f1ade80 nmethod 9681 0x0000023013e32f90 code [0x0000023013e33120, 0x0000023013e331e8]
Event: 25.465 Thread 0x000002301f1ade80 9682       3       org.jetbrains.kotlin.load.java.AbstractAnnotationTypeQualifierResolver::extractNullability (105 bytes)
Event: 25.466 Thread 0x000002301f1ade80 nmethod 9682 0x000002300dd3d590 code [0x000002300dd3d920, 0x000002300dd3ed78]
Event: 25.476 Thread 0x000002301f1ade80 9683       3       org.jetbrains.kotlin.fir.ClassMembersKt::dispatchReceiverClassLookupTagOrNull (17 bytes)
Event: 25.476 Thread 0x000002301f1ade80 nmethod 9683 0x000002300dd3f510 code [0x000002300dd3f800, 0x000002300dd40488]
Event: 25.481 Thread 0x000002301f1ade80 9684       3       org.jetbrains.kotlin.fir.scopes.impl.FirScopeWithCallableCopyReturnTypeUpdater$$Lambda/0x00000001007d66a0::invoke (16 bytes)
Event: 25.482 Thread 0x000002301f1ade80 nmethod 9684 0x000002300dd40910 code [0x000002300dd40ba0, 0x000002300dd41630]
Event: 25.482 Thread 0x000002301f1ade80 9686       3       org.jetbrains.kotlin.fir.scopes.impl.FirScopeWithCallableCopyReturnTypeUpdater::processPropertiesByName (28 bytes)

GC Heap History (20 events):
Event: 12.661 GC heap before
{Heap before GC invocations=16 (full 0):
 garbage-first heap   total 43008K, used 37040K [0x00000000c1e00000, 0x0000000100000000)
  region size 1024K, 10 young (10240K), 2 survivors (2048K)
 Metaspace       used 54557K, committed 54784K, reserved 1114112K
  class space    used 6507K, committed 6592K, reserved 1048576K
}
Event: 12.671 GC heap after
{Heap after GC invocations=17 (full 0):
 garbage-first heap   total 52224K, used 31735K [0x00000000c1e00000, 0x0000000100000000)
  region size 1024K, 2 young (2048K), 2 survivors (2048K)
 Metaspace       used 54557K, committed 54784K, reserved 1114112K
  class space    used 6507K, committed 6592K, reserved 1048576K
}
Event: 13.025 GC heap before
{Heap before GC invocations=17 (full 0):
 garbage-first heap   total 52224K, used 45047K [0x00000000c1e00000, 0x0000000100000000)
  region size 1024K, 15 young (15360K), 2 survivors (2048K)
 Metaspace       used 55442K, committed 55744K, reserved 1114112K
  class space    used 6589K, committed 6720K, reserved 1048576K
}
Event: 13.035 GC heap after
{Heap after GC invocations=18 (full 0):
 garbage-first heap   total 52224K, used 35840K [0x00000000c1e00000, 0x0000000100000000)
  region size 1024K, 2 young (2048K), 2 survivors (2048K)
 Metaspace       used 55442K, committed 55744K, reserved 1114112K
  class space    used 6589K, committed 6720K, reserved 1048576K
}
Event: 13.429 GC heap before
{Heap before GC invocations=19 (full 0):
 garbage-first heap   total 60416K, used 45056K [0x00000000c1e00000, 0x0000000100000000)
  region size 1024K, 11 young (11264K), 2 survivors (2048K)
 Metaspace       used 55814K, committed 56064K, reserved 1114112K
  class space    used 6626K, committed 6720K, reserved 1048576K
}
Event: 13.441 GC heap after
{Heap after GC invocations=20 (full 0):
 garbage-first heap   total 60416K, used 38912K [0x00000000c1e00000, 0x0000000100000000)
  region size 1024K, 2 young (2048K), 2 survivors (2048K)
 Metaspace       used 55814K, committed 56064K, reserved 1114112K
  class space    used 6626K, committed 6720K, reserved 1048576K
}
Event: 14.607 GC heap before
{Heap before GC invocations=20 (full 0):
 garbage-first heap   total 60416K, used 50176K [0x00000000c1e00000, 0x0000000100000000)
  region size 1024K, 14 young (14336K), 2 survivors (2048K)
 Metaspace       used 57784K, committed 58048K, reserved 1114112K
  class space    used 6850K, committed 6976K, reserved 1048576K
}
Event: 14.614 GC heap after
{Heap after GC invocations=21 (full 0):
 garbage-first heap   total 60416K, used 40857K [0x00000000c1e00000, 0x0000000100000000)
  region size 1024K, 2 young (2048K), 2 survivors (2048K)
 Metaspace       used 57784K, committed 58048K, reserved 1114112K
  class space    used 6850K, committed 6976K, reserved 1048576K
}
Event: 16.112 GC heap before
{Heap before GC invocations=21 (full 0):
 garbage-first heap   total 60416K, used 52121K [0x00000000c1e00000, 0x0000000100000000)
  region size 1024K, 13 young (13312K), 2 survivors (2048K)
 Metaspace       used 60396K, committed 60608K, reserved 1114112K
  class space    used 7146K, committed 7232K, reserved 1048576K
}
Event: 16.120 GC heap after
{Heap after GC invocations=22 (full 0):
 garbage-first heap   total 60416K, used 42171K [0x00000000c1e00000, 0x0000000100000000)
  region size 1024K, 2 young (2048K), 2 survivors (2048K)
 Metaspace       used 60396K, committed 60608K, reserved 1114112K
  class space    used 7146K, committed 7232K, reserved 1048576K
}
Event: 16.964 GC heap before
{Heap before GC invocations=23 (full 0):
 garbage-first heap   total 71680K, used 51387K [0x00000000c1e00000, 0x0000000100000000)
  region size 1024K, 12 young (12288K), 2 survivors (2048K)
 Metaspace       used 61456K, committed 61760K, reserved 1114112K
  class space    used 7283K, committed 7424K, reserved 1048576K
}
Event: 16.974 GC heap after
{Heap after GC invocations=24 (full 0):
 garbage-first heap   total 71680K, used 44032K [0x00000000c1e00000, 0x0000000100000000)
  region size 1024K, 2 young (2048K), 2 survivors (2048K)
 Metaspace       used 61456K, committed 61760K, reserved 1114112K
  class space    used 7283K, committed 7424K, reserved 1048576K
}
Event: 17.522 GC heap before
{Heap before GC invocations=24 (full 0):
 garbage-first heap   total 71680K, used 61440K [0x00000000c1e00000, 0x0000000100000000)
  region size 1024K, 19 young (19456K), 2 survivors (2048K)
 Metaspace       used 62191K, committed 62464K, reserved 1114112K
  class space    used 7362K, committed 7488K, reserved 1048576K
}
Event: 17.536 GC heap after
{Heap after GC invocations=25 (full 0):
 garbage-first heap   total 71680K, used 48128K [0x00000000c1e00000, 0x0000000100000000)
  region size 1024K, 3 young (3072K), 3 survivors (3072K)
 Metaspace       used 62191K, committed 62464K, reserved 1114112K
  class space    used 7362K, committed 7488K, reserved 1048576K
}
Event: 18.667 GC heap before
{Heap before GC invocations=25 (full 0):
 garbage-first heap   total 71680K, used 61440K [0x00000000c1e00000, 0x0000000100000000)
  region size 1024K, 17 young (17408K), 3 survivors (3072K)
 Metaspace       used 63412K, committed 63680K, reserved 1114112K
  class space    used 7426K, committed 7552K, reserved 1048576K
}
Event: 18.678 GC heap after
{Heap after GC invocations=26 (full 0):
 garbage-first heap   total 126976K, used 51525K [0x00000000c1e00000, 0x0000000100000000)
  region size 1024K, 3 young (3072K), 3 survivors (3072K)
 Metaspace       used 63412K, committed 63680K, reserved 1114112K
  class space    used 7426K, committed 7552K, reserved 1048576K
}
Event: 22.403 GC heap before
{Heap before GC invocations=27 (full 0):
 garbage-first heap   total 126976K, used 93509K [0x00000000c1e00000, 0x0000000100000000)
  region size 1024K, 44 young (45056K), 3 survivors (3072K)
 Metaspace       used 68644K, committed 68928K, reserved 1114112K
  class space    used 7991K, committed 8064K, reserved 1048576K
}
Event: 22.423 GC heap after
{Heap after GC invocations=28 (full 0):
 garbage-first heap   total 126976K, used 57344K [0x00000000c1e00000, 0x0000000100000000)
  region size 1024K, 6 young (6144K), 6 survivors (6144K)
 Metaspace       used 68644K, committed 68928K, reserved 1114112K
  class space    used 7991K, committed 8064K, reserved 1048576K
}
Event: 25.322 GC heap before
{Heap before GC invocations=28 (full 0):
 garbage-first heap   total 126976K, used 100352K [0x00000000c1e00000, 0x0000000100000000)
  region size 1024K, 48 young (49152K), 6 survivors (6144K)
 Metaspace       used 72077K, committed 72448K, reserved 1114112K
  class space    used 8199K, committed 8384K, reserved 1048576K
}
Event: 25.365 GC heap after
{Heap after GC invocations=29 (full 0):
 garbage-first heap   total 126976K, used 60416K [0x00000000c1e00000, 0x0000000100000000)
  region size 1024K, 3 young (3072K), 3 survivors (3072K)
 Metaspace       used 72077K, committed 72448K, reserved 1114112K
  class space    used 8199K, committed 8384K, reserved 1048576K
}

Dll operation events (3 events):
Event: 0.046 Loaded shared library D:\Android\Android Studio\jbr\bin\java.dll
Event: 0.098 Loaded shared library D:\Android\Android Studio\jbr\bin\zip.dll
Event: 8.655 Loaded shared library D:\Android\Android Studio\jbr\bin\verify.dll

Deoptimization events (20 events):
Event: 25.019 Thread 0x0000023008dae840 Uncommon trap: trap_request=0xffffffde fr.pc=0x0000023013e19f80 relative=0x00000000000004c0
Event: 25.019 Thread 0x0000023008dae840 Uncommon trap: reason=class_check action=maybe_recompile pc=0x0000023013e19f80 method=org.jetbrains.kotlin.fir.declarations.FirAnnotationUtilsKt.getAnnotationByClassId(Ljava/util/List;Lorg/jetbrains/kotlin/name/ClassId;Lorg/jetbrains/kotlin/fir/FirSession
Event: 25.019 Thread 0x0000023008dae840 DEOPT PACKING pc=0x0000023013e19f80 sp=0x00000041832fda90
Event: 25.019 Thread 0x0000023008dae840 DEOPT UNPACKING pc=0x00000230134946a2 sp=0x00000041832fd9f0 mode 2
Event: 25.064 Thread 0x0000023008dae840 Uncommon trap: trap_request=0xffffff45 fr.pc=0x0000023013dc2274 relative=0x0000000000000434
Event: 25.064 Thread 0x0000023008dae840 Uncommon trap: reason=unstable_if action=reinterpret pc=0x0000023013dc2274 method=org.jetbrains.kotlin.kotlinx.collections.immutable.implementations.immutableMap.TrieNode.equalsWith$kotlinx_collections_immutable(Lorg/jetbrains/kotlin/kotlinx/collections/i
Event: 25.064 Thread 0x0000023008dae840 DEOPT PACKING pc=0x0000023013dc2274 sp=0x00000041832fd080
Event: 25.064 Thread 0x0000023008dae840 DEOPT UNPACKING pc=0x00000230134946a2 sp=0x00000041832fcfe8 mode 2
Event: 25.188 Thread 0x0000023008dae840 Uncommon trap: trap_request=0xffffff45 fr.pc=0x0000023013e182dc relative=0x00000000000000bc
Event: 25.188 Thread 0x0000023008dae840 Uncommon trap: reason=unstable_if action=reinterpret pc=0x0000023013e182dc method=org.jetbrains.kotlin.diagnostics.impl.PendingDiagnosticsCollectorWithSuppress.checkAndCommitReportsOn(Lorg/jetbrains/kotlin/AbstractKtSourceElement;Lorg/jetbrains/kotlin/dia
Event: 25.188 Thread 0x0000023008dae840 DEOPT PACKING pc=0x0000023013e182dc sp=0x00000041832fe170
Event: 25.188 Thread 0x0000023008dae840 DEOPT UNPACKING pc=0x00000230134946a2 sp=0x00000041832fe0b0 mode 2
Event: 25.223 Thread 0x0000023008dae840 Uncommon trap: trap_request=0xffffffde fr.pc=0x0000023013e19f80 relative=0x00000000000004c0
Event: 25.223 Thread 0x0000023008dae840 Uncommon trap: reason=class_check action=maybe_recompile pc=0x0000023013e19f80 method=org.jetbrains.kotlin.fir.declarations.FirAnnotationUtilsKt.getAnnotationByClassId(Ljava/util/List;Lorg/jetbrains/kotlin/name/ClassId;Lorg/jetbrains/kotlin/fir/FirSession
Event: 25.223 Thread 0x0000023008dae840 DEOPT PACKING pc=0x0000023013e19f80 sp=0x00000041832fd630
Event: 25.223 Thread 0x0000023008dae840 DEOPT UNPACKING pc=0x00000230134946a2 sp=0x00000041832fd590 mode 2
Event: 25.482 Thread 0x0000023008dae840 Uncommon trap: trap_request=0xffffff45 fr.pc=0x0000023013d2dd30 relative=0x00000000000002b0
Event: 25.482 Thread 0x0000023008dae840 Uncommon trap: reason=unstable_if action=reinterpret pc=0x0000023013d2dd30 method=org.jetbrains.kotlin.fir.resolve.TypeExpansionUtilsKt.fullyExpandedType(Lorg/jetbrains/kotlin/fir/types/ConeClassLikeType;Lorg/jetbrains/kotlin/fir/FirSession;Lkotlin/jvm/fu
Event: 25.482 Thread 0x0000023008dae840 DEOPT PACKING pc=0x0000023013d2dd30 sp=0x00000041832fd9c0
Event: 25.482 Thread 0x0000023008dae840 DEOPT UNPACKING pc=0x00000230134946a2 sp=0x00000041832fd888 mode 2

Classes loaded (20 events):
Event: 19.869 Loading class java/util/regex/Pattern$StartS
Event: 19.871 Loading class java/util/regex/Pattern$StartS done
Event: 19.909 Loading class java/util/Collections$SynchronizedSet
Event: 19.909 Loading class java/util/Collections$SynchronizedCollection
Event: 19.909 Loading class java/util/Collections$SynchronizedCollection done
Event: 19.909 Loading class java/util/Collections$SynchronizedSet done
Event: 19.950 Loading class java/lang/Character$UnicodeBlock
Event: 19.955 Loading class java/lang/Character$Subset
Event: 19.955 Loading class java/lang/Character$Subset done
Event: 19.956 Loading class java/lang/Character$UnicodeBlock done
Event: 23.350 Loading class java/lang/Short$ShortCache
Event: 23.356 Loading class java/lang/Short$ShortCache done
Event: 24.297 Loading class java/util/EnumMap$EntrySet
Event: 24.305 Loading class java/util/EnumMap$EntrySet done
Event: 24.305 Loading class java/util/EnumMap$EntryIterator
Event: 24.307 Loading class java/util/EnumMap$EnumMapIterator
Event: 24.310 Loading class java/util/EnumMap$EnumMapIterator done
Event: 24.310 Loading class java/util/EnumMap$EntryIterator done
Event: 24.310 Loading class java/util/EnumMap$EntryIterator$Entry
Event: 24.311 Loading class java/util/EnumMap$EntryIterator$Entry done

Classes unloaded (0 events):
No events

Classes redefined (0 events):
No events

Internal exceptions (20 events):
Event: 16.173 Thread 0x0000023008dae840 Exception <a 'java/lang/NoSuchMethodError'{0x00000000ffdc9500}: 'java.lang.Object java.lang.invoke.DirectMethodHandle$Holder.newInvokeSpecial(java.lang.Object, int, java.lang.Object, java.lang.Object, java.lang.Object)'> (0x00000000ffdc9500) 
thrown [s\src\hotspot\share\interpreter\linkResolver.cpp, line 784]
Event: 16.173 Thread 0x0000023008dae840 Exception <a 'java/lang/NoSuchMethodError'{0x00000000ffdcdd60}: 'java.lang.Object java.lang.invoke.DirectMethodHandle$Holder.invokeSpecial(java.lang.Object, java.lang.Object, int, java.lang.Object, java.lang.Object, java.lang.Object)'> (0x00000000ffdcdd60) 
thrown [s\src\hotspot\share\interpreter\linkResolver.cpp, line 784]
Event: 16.173 Thread 0x0000023008dae840 Exception <a 'java/lang/NoSuchMethodError'{0x00000000ffdd1b08}: 'java.lang.Object java.lang.invoke.Invokers$Holder.linkToTargetMethod(int, java.lang.Object, java.lang.Object, java.lang.Object, java.lang.Object)'> (0x00000000ffdd1b08) 
thrown [s\src\hotspot\share\interpreter\linkResolver.cpp, line 784]
Event: 16.178 Thread 0x0000023008dae840 Exception <a 'java/lang/NoSuchMethodError'{0x00000000ffde3560}: 'java.lang.Object java.lang.invoke.DirectMethodHandle$Holder.invokeStatic(java.lang.Object, java.lang.Object, java.lang.Object, int, java.lang.Object, java.lang.Object)'> (0x00000000ffde3560) 
thrown [s\src\hotspot\share\interpreter\linkResolver.cpp, line 784]
Event: 16.298 Thread 0x0000023008dae840 Exception <a 'java/lang/NoSuchMethodError'{0x00000000c5fd1bc8}: 'java.lang.Object java.lang.invoke.DirectMethodHandle$Holder.newInvokeSpecial(java.lang.Object, java.lang.Object, java.lang.Object, java.lang.Object, java.lang.Object, int)'> (0x00000000c5fd1bc8) 
thrown [s\src\hotspot\share\interpreter\linkResolver.cpp, line 784]
Event: 16.298 Thread 0x0000023008dae840 Exception <a 'java/lang/NoSuchMethodError'{0x00000000c5fd6660}: 'java.lang.Object java.lang.invoke.DirectMethodHandle$Holder.invokeSpecial(java.lang.Object, java.lang.Object, java.lang.Object, java.lang.Object, java.lang.Object, java.lang.Object, int)'> (0x00000000c5fd6660) 
thrown [s\src\hotspot\share\interpreter\linkResolver.cpp, line 784]
Event: 16.298 Thread 0x0000023008dae840 Exception <a 'java/lang/NoSuchMethodError'{0x00000000c5fdac60}: 'java.lang.Object java.lang.invoke.Invokers$Holder.linkToTargetMethod(java.lang.Object, java.lang.Object, java.lang.Object, java.lang.Object, int, java.lang.Object)'> (0x00000000c5fdac60) 
thrown [s\src\hotspot\share\interpreter\linkResolver.cpp, line 784]
Event: 16.434 Thread 0x0000023008dae840 Exception <a 'java/lang/NoSuchMethodError'{0x00000000c5e5e6b8}: 'java.lang.Object java.lang.invoke.DirectMethodHandle$Holder.newInvokeSpecial(java.lang.Object, int, java.lang.Object, java.lang.Object)'> (0x00000000c5e5e6b8) 
thrown [s\src\hotspot\share\interpreter\linkResolver.cpp, line 784]
Event: 16.434 Thread 0x0000023008dae840 Exception <a 'java/lang/NoSuchMethodError'{0x00000000c5e63098}: 'java.lang.Object java.lang.invoke.DirectMethodHandle$Holder.invokeSpecial(java.lang.Object, java.lang.Object, int, java.lang.Object, java.lang.Object)'> (0x00000000c5e63098) 
thrown [s\src\hotspot\share\interpreter\linkResolver.cpp, line 784]
Event: 16.434 Thread 0x0000023008dae840 Exception <a 'java/lang/NoSuchMethodError'{0x00000000c5e672c0}: 'java.lang.Object java.lang.invoke.Invokers$Holder.linkToTargetMethod(int, java.lang.Object, java.lang.Object, java.lang.Object)'> (0x00000000c5e672c0) 
thrown [s\src\hotspot\share\interpreter\linkResolver.cpp, line 784]
Event: 16.778 Thread 0x0000023008dae840 Exception <a 'java/lang/NoSuchMethodError'{0x00000000c5cdaf30}: 'java.lang.Object java.lang.invoke.DirectMethodHandle$Holder.invokeStatic(java.lang.Object, int, java.lang.Object, java.lang.Object)'> (0x00000000c5cdaf30) 
thrown [s\src\hotspot\share\interpreter\linkResolver.cpp, line 784]
Event: 18.718 Thread 0x000002301f04bec0 Implicit null exception at 0x0000023013be0b4b to 0x0000023013be1348
Event: 19.716 Thread 0x0000023008dae840 Exception <a 'java/lang/NoSuchMethodError'{0x00000000c8ed36d8}: 'java.lang.Object java.lang.invoke.Invokers$Holder.invokeExact_MT(java.lang.Object, java.lang.Object, long, java.lang.Object)'> (0x00000000c8ed36d8) 
thrown [s\src\hotspot\share\interpreter\linkResolver.cpp, line 784]
Event: 24.049 Thread 0x0000023008dae840 Exception <a 'java/lang/NoSuchMethodError'{0x00000000c7c0de20}: 'java.lang.Object java.lang.invoke.DirectMethodHandle$Holder.invokeStatic(java.lang.Object, int, int, java.lang.Object)'> (0x00000000c7c0de20) 
thrown [s\src\hotspot\share\interpreter\linkResolver.cpp, line 784]
Event: 24.050 Thread 0x0000023008dae840 Exception <a 'java/lang/NoSuchMethodError'{0x00000000c7c114b8}: 'java.lang.Object java.lang.invoke.DirectMethodHandle$Holder.invokeStaticInit(java.lang.Object, int, int, java.lang.Object)'> (0x00000000c7c114b8) 
thrown [s\src\hotspot\share\interpreter\linkResolver.cpp, line 784]
Event: 24.328 Thread 0x0000023008dae840 Implicit null exception at 0x0000023013bc6769 to 0x0000023013bc694c
Event: 24.609 Thread 0x0000023008dae840 Implicit null exception at 0x0000023013df0779 to 0x0000023013df0788
Event: 24.670 Thread 0x0000023008dae840 Exception <a 'java/lang/NoSuchMethodError'{0x00000000c7563aa0}: 'java.lang.Object java.lang.invoke.DirectMethodHandle$Holder.invokeStatic(java.lang.Object, java.lang.Object, java.lang.Object, java.lang.Object, java.lang.Object, int)'> (0x00000000c7563aa0) 
thrown [s\src\hotspot\share\interpreter\linkResolver.cpp, line 784]
Event: 25.371 Thread 0x0000023008dae840 Exception <a 'java/lang/NoSuchMethodError'{0x00000000ffd046b8}: 'java.lang.Object java.lang.invoke.DirectMethodHandle$Holder.newInvokeSpecial(java.lang.Object, java.lang.Object, int, java.lang.Object, java.lang.Object, java.lang.Object, java.lang.Object)'> (0x00000000ffd046b8) 
thrown [s\src\hotspot\share\interpreter\linkResolver.cpp, line 784]
Event: 25.372 Thread 0x0000023008dae840 Exception <a 'java/lang/NoSuchMethodError'{0x00000000ffd0c258}: 'java.lang.Object java.lang.invoke.Invokers$Holder.linkToTargetMethod(java.lang.Object, int, java.lang.Object, java.lang.Object, java.lang.Object, java.lang.Object, java.lang.Object)'> (0x00000000ffd0c258) 
thrown [s\src\hotspot\share\interpreter\linkResolver.cpp, line 784]

ZGC Phase Switch (0 events):
No events

VM Operations (20 events):
Event: 23.315 Executing VM operation: HandshakeAllThreads (Deoptimize)
Event: 23.315 Executing VM operation: HandshakeAllThreads (Deoptimize) done
Event: 23.409 Executing VM operation: ICBufferFull
Event: 23.409 Executing VM operation: ICBufferFull done
Event: 24.177 Executing VM operation: ICBufferFull
Event: 24.177 Executing VM operation: ICBufferFull done
Event: 24.444 Executing VM operation: ICBufferFull
Event: 24.444 Executing VM operation: ICBufferFull done
Event: 24.638 Executing VM operation: ICBufferFull
Event: 24.638 Executing VM operation: ICBufferFull done
Event: 24.816 Executing VM operation: ICBufferFull
Event: 24.816 Executing VM operation: ICBufferFull done
Event: 25.015 Executing VM operation: ICBufferFull
Event: 25.015 Executing VM operation: ICBufferFull done
Event: 25.321 Executing VM operation: G1CollectForAllocation (G1 Evacuation Pause)
Event: 25.365 Executing VM operation: G1CollectForAllocation (G1 Evacuation Pause) done
Event: 25.402 Executing VM operation: HandshakeAllThreads (Deoptimize)
Event: 25.402 Executing VM operation: HandshakeAllThreads (Deoptimize) done
Event: 25.407 Executing VM operation: HandshakeAllThreads (Deoptimize)
Event: 25.407 Executing VM operation: HandshakeAllThreads (Deoptimize) done

Memory protections (0 events):
No events

Nmethod flushes (20 events):
Event: 18.718 Thread 0x000002301efccb00 flushing  nmethod 0x000002300c33e110
Event: 18.718 Thread 0x000002301efccb00 flushing  nmethod 0x000002300c3aa310
Event: 18.718 Thread 0x000002301efccb00 flushing  nmethod 0x000002300c3aa710
Event: 18.718 Thread 0x000002301efccb00 flushing  nmethod 0x000002300c3c4a10
Event: 18.718 Thread 0x000002301efccb00 flushing  nmethod 0x000002300c3f5910
Event: 18.718 Thread 0x000002301efccb00 flushing  nmethod 0x000002300c3fe110
Event: 18.718 Thread 0x000002301efccb00 flushing  nmethod 0x000002300c40c110
Event: 18.718 Thread 0x000002301efccb00 flushing  nmethod 0x000002300c40ca10
Event: 18.718 Thread 0x000002301efccb00 flushing  nmethod 0x000002300c40dd90
Event: 18.718 Thread 0x000002301efccb00 flushing  nmethod 0x000002300c40f610
Event: 18.718 Thread 0x000002301efccb00 flushing  nmethod 0x000002300c410e10
Event: 18.718 Thread 0x000002301efccb00 flushing  nmethod 0x000002300c42e410
Event: 18.718 Thread 0x000002301efccb00 flushing  nmethod 0x000002300c4d3f10
Event: 18.718 Thread 0x000002301efccb00 flushing  nmethod 0x000002300c4fdf10
Event: 18.718 Thread 0x000002301efccb00 flushing  nmethod 0x000002300c52d010
Event: 18.718 Thread 0x000002301efccb00 flushing  nmethod 0x000002300c52de10
Event: 18.718 Thread 0x000002301efccb00 flushing  nmethod 0x000002300c596510
Event: 18.718 Thread 0x000002301efccb00 flushing  nmethod 0x000002300c6d3d90
Event: 18.718 Thread 0x000002301efccb00 flushing  nmethod 0x000002300c712110
Event: 18.718 Thread 0x000002301efccb00 flushing  nmethod 0x000002300c712e10

Events (17 events):
Event: 0.072 Thread 0x0000023008dae840 Thread added: 0x0000023008dae840
Event: 0.287 Thread 0x0000023008dae840 Thread added: 0x000002301f04bec0
Event: 0.294 Thread 0x0000023008dae840 Thread added: 0x000002301f05d710
Event: 0.294 Thread 0x0000023008dae840 Thread added: 0x000002301f05e910
Event: 0.295 Thread 0x0000023008dae840 Thread added: 0x000002301f050980
Event: 0.295 Thread 0x0000023008dae840 Thread added: 0x000002301f19a080
Event: 0.295 Thread 0x0000023008dae840 Thread added: 0x000002301f19ae90
Event: 0.295 Thread 0x0000023008dae840 Thread added: 0x000002301f1a3c70
Event: 0.295 Thread 0x0000023008dae840 Thread added: 0x000002301f1acc40
Event: 0.296 Thread 0x0000023008dae840 Thread added: 0x000002301f1ade80
Event: 0.387 Thread 0x0000023008dae840 Thread added: 0x000002301f33e410
Event: 0.411 Loaded shared library D:\Android\Android Studio\jbr\bin\net.dll
Event: 0.425 Loaded shared library D:\Android\Android Studio\jbr\bin\nio.dll
Event: 0.478 Loaded shared library D:\Android\Android Studio\jbr\bin\zip.dll
Event: 0.562 Loaded shared library D:\Android\Android Studio\jbr\bin\jimage.dll
Event: 3.059 Loaded shared library D:\Android\Android Studio\jbr\bin\management.dll
Event: 3.078 Loaded shared library D:\Android\Android Studio\jbr\bin\management_ext.dll


Dynamic libraries:
0x00007ff6305f0000 - 0x00007ff6305fa000 	D:\Android\Android Studio\jbr\bin\java.exe
0x00007ff92faf0000 - 0x00007ff92fce8000 	C:\WINDOWS\SYSTEM32\ntdll.dll
0x00007ff92e3a0000 - 0x00007ff92e461000 	C:\WINDOWS\System32\KERNEL32.DLL
0x00007ff92d3f0000 - 0x00007ff92d6ed000 	C:\WINDOWS\System32\KERNELBASE.dll
0x00007ff92da20000 - 0x00007ff92db20000 	C:\WINDOWS\System32\ucrtbase.dll
0x00007ff925af0000 - 0x00007ff925b08000 	D:\Android\Android Studio\jbr\bin\jli.dll
0x00007ff925c00000 - 0x00007ff925c1b000 	D:\Android\Android Studio\jbr\bin\VCRUNTIME140.dll
0x00007ff92ddd0000 - 0x00007ff92df6d000 	C:\WINDOWS\System32\USER32.dll
0x00007ff92d350000 - 0x00007ff92d372000 	C:\WINDOWS\System32\win32u.dll
0x00007ff92fa80000 - 0x00007ff92faab000 	C:\WINDOWS\System32\GDI32.dll
0x00007ff92d6f0000 - 0x00007ff92d807000 	C:\WINDOWS\System32\gdi32full.dll
0x00007ff92d8c0000 - 0x00007ff92d95d000 	C:\WINDOWS\System32\msvcp_win.dll
0x00007ff921c30000 - 0x00007ff921eca000 	C:\WINDOWS\WinSxS\amd64_microsoft.windows.common-controls_6595b64144ccf1df_6.0.19041.4355_none_60b8b9eb71f62e16\COMCTL32.dll
0x00007ff92e4f0000 - 0x00007ff92e58e000 	C:\WINDOWS\System32\msvcrt.dll
0x00007ff92e010000 - 0x00007ff92e03f000 	C:\WINDOWS\System32\IMM32.DLL
0x00007ff927e70000 - 0x00007ff927e7c000 	D:\Android\Android Studio\jbr\bin\vcruntime140_1.dll
0x00007ff90b9e0000 - 0x00007ff90ba6d000 	D:\Android\Android Studio\jbr\bin\msvcp140.dll
0x00007ff8c91f0000 - 0x00007ff8c9e86000 	D:\Android\Android Studio\jbr\bin\server\jvm.dll
0x00007ff92dc40000 - 0x00007ff92dcf0000 	C:\WINDOWS\System32\ADVAPI32.dll
0x00007ff92f910000 - 0x00007ff92f9b0000 	C:\WINDOWS\System32\sechost.dll
0x00007ff92ea60000 - 0x00007ff92eb83000 	C:\WINDOWS\System32\RPCRT4.dll
0x00007ff92d9f0000 - 0x00007ff92da17000 	C:\WINDOWS\System32\bcrypt.dll
0x00007ff92f9b0000 - 0x00007ff92fa1b000 	C:\WINDOWS\System32\WS2_32.dll
0x00007ff922370000 - 0x00007ff922397000 	C:\WINDOWS\SYSTEM32\WINMM.dll
0x00007ff92c6e0000 - 0x00007ff92c72b000 	C:\WINDOWS\SYSTEM32\POWRPROF.dll
0x00007ff924930000 - 0x00007ff92493a000 	C:\WINDOWS\SYSTEM32\VERSION.dll
0x00007ff92c5a0000 - 0x00007ff92c5b2000 	C:\WINDOWS\SYSTEM32\UMPDC.dll
0x00007ff92b9e0000 - 0x00007ff92b9f2000 	C:\WINDOWS\SYSTEM32\kernel.appcore.dll
0x00007ff925ae0000 - 0x00007ff925aea000 	D:\Android\Android Studio\jbr\bin\jimage.dll
0x00007ff92ac20000 - 0x00007ff92ae04000 	C:\WINDOWS\SYSTEM32\DBGHELP.DLL
0x00007ff9139a0000 - 0x00007ff9139d4000 	C:\WINDOWS\SYSTEM32\dbgcore.DLL
0x00007ff92d960000 - 0x00007ff92d9e2000 	C:\WINDOWS\System32\bcryptPrimitives.dll
0x00007ff925aa0000 - 0x00007ff925ac0000 	D:\Android\Android Studio\jbr\bin\java.dll
0x00007ff925a80000 - 0x00007ff925a98000 	D:\Android\Android Studio\jbr\bin\zip.dll
0x00007ff92eb90000 - 0x00007ff92f2ff000 	C:\WINDOWS\System32\SHELL32.dll
0x00007ff92b220000 - 0x00007ff92b9c3000 	C:\WINDOWS\SYSTEM32\windows.storage.dll
0x00007ff92e040000 - 0x00007ff92e393000 	C:\WINDOWS\System32\combase.dll
0x00007ff92cbd0000 - 0x00007ff92cbfe000 	C:\WINDOWS\SYSTEM32\Wldp.dll
0x00007ff92dcf0000 - 0x00007ff92ddbd000 	C:\WINDOWS\System32\OLEAUT32.dll
0x00007ff92f6b0000 - 0x00007ff92f75d000 	C:\WINDOWS\System32\SHCORE.dll
0x00007ff92e590000 - 0x00007ff92e5e5000 	C:\WINDOWS\System32\shlwapi.dll
0x00007ff92d0d0000 - 0x00007ff92d0f4000 	C:\WINDOWS\SYSTEM32\profapi.dll
0x00007ff925a70000 - 0x00007ff925a80000 	D:\Android\Android Studio\jbr\bin\net.dll
0x00007ff926c70000 - 0x00007ff926d7d000 	C:\WINDOWS\SYSTEM32\WINHTTP.dll
0x00007ff92c930000 - 0x00007ff92c99a000 	C:\WINDOWS\system32\mswsock.dll
0x00007ff916140000 - 0x00007ff916156000 	D:\Android\Android Studio\jbr\bin\nio.dll
0x00007ff925a30000 - 0x00007ff925a39000 	D:\Android\Android Studio\jbr\bin\management.dll
0x00007ff920190000 - 0x00007ff92019b000 	D:\Android\Android Studio\jbr\bin\management_ext.dll
0x00007ff92ddc0000 - 0x00007ff92ddc8000 	C:\WINDOWS\System32\PSAPI.DLL
0x00007ff925a60000 - 0x00007ff925a70000 	D:\Android\Android Studio\jbr\bin\verify.dll

JVMTI agents: none

dbghelp: loaded successfully - version: 4.0.5 - missing functions: none
symbol engine: initialized successfully - sym options: 0x614 - pdb path: .;D:\Android\Android Studio\jbr\bin;C:\WINDOWS\SYSTEM32;C:\WINDOWS\WinSxS\amd64_microsoft.windows.common-controls_6595b64144ccf1df_6.0.19041.4355_none_60b8b9eb71f62e16;D:\Android\Android Studio\jbr\bin\server

VM Arguments:
java_command: org.jetbrains.kotlin.cli.jvm.K2JVMCompiler @D:\IT Projects\budolEcosystem\budolPayMobile\build\mobile_scanner\20260102_11824519897483914771.compiler.options
java_class_path (initial): C:\Users\Administrator\.gradle\caches\modules-2\files-2.1\org.jetbrains.kotlin\kotlin-compiler-embeddable\2.2.20\bb8331b7585e36ea311825b01a1c06860c055fd1\kotlin-compiler-embeddable-2.2.20.jar;C:\Users\Administrator\.gradle\caches\modules-2\files-2.1\org.jetbrains.kotlin\kotlin-stdlib\2.2.20\5380b19fa1924399b62ce3a1faffebb2b4f82272\kotlin-stdlib-2.2.20.jar;C:\Users\Administrator\.gradle\caches\modules-2\files-2.1\org.jetbrains.kotlin\kotlin-script-runtime\2.2.20\4c679cbeac0bb583b75c3a080013da8eaf240807\kotlin-script-runtime-2.2.20.jar;C:\Users\Administrator\.gradle\caches\modules-2\files-2.1\org.jetbrains.kotlin\kotlin-reflect\1.6.10\1cbe9c92c12a94eea200d23c2bbaedaf3daf5132\kotlin-reflect-1.6.10.jar;C:\Users\Administrator\.gradle\caches\modules-2\files-2.1\org.jetbrains.kotlin\kotlin-daemon-embeddable\2.2.20\feff12d48d7f1eb628742b0a721395e16f8755bf\kotlin-daemon-embeddable-2.2.20.jar;C:\Users\Administrator\.gradle\caches\modules-2\files-2.1\org.jetbrains.kotlinx\kotlinx-coroutines-core-jvm\1.8.0\ac1dc37a30a93150b704022f8d895ee1bd3a36b3\kotlinx-coroutines-core-jvm-1.8.0.jar;C:\Users\Administrator\.gradle\caches\modules-2\files-2.1\org.jetbrains\annotations\13.0\919f0dfe192fb4e063e7dacadee7f8bb9a2672a9\annotations-13.0.jar
Launcher Type: SUN_STANDARD

[Global flags]
     intx CICompilerCount                          = 4                                         {product} {ergonomic}
     uint ConcGCThreads                            = 2                                         {product} {ergonomic}
     uint G1ConcRefinementThreads                  = 8                                         {product} {ergonomic}
   size_t G1HeapRegionSize                         = 1048576                                   {product} {ergonomic}
    uintx GCDrainStackTargetSize                   = 64                                        {product} {ergonomic}
   size_t InitialHeapSize                          = 67108864                                  {product} {ergonomic}
   size_t MarkStackSize                            = 4194304                                   {product} {ergonomic}
   size_t MaxHeapSize                              = 1042284544                                {product} {ergonomic}
   size_t MaxNewSize                               = 624951296                                 {product} {ergonomic}
   size_t MinHeapDeltaBytes                        = 1048576                                   {product} {ergonomic}
   size_t MinHeapSize                              = 8388608                                   {product} {ergonomic}
    uintx NonNMethodCodeHeapSize                   = 5839372                                {pd product} {ergonomic}
    uintx NonProfiledCodeHeapSize                  = 122909434                              {pd product} {ergonomic}
    uintx ProfiledCodeHeapSize                     = 122909434                              {pd product} {ergonomic}
    uintx ReservedCodeCacheSize                    = 251658240                              {pd product} {ergonomic}
     bool SegmentedCodeCache                       = true                                      {product} {ergonomic}
   size_t SoftMaxHeapSize                          = 1042284544                             {manageable} {ergonomic}
     bool UseCompressedOops                        = true                           {product lp64_product} {ergonomic}
     bool UseG1GC                                  = true                                      {product} {ergonomic}
     bool UseLargePagesIndividualAllocation        = false                                  {pd product} {ergonomic}

Logging:
Log output configuration:
 #0: stdout all=warning uptime,level,tags foldmultilines=false
 #1: stderr all=off uptime,level,tags foldmultilines=false

Environment Variables:
JAVA_HOME=D:\Android\Android Studio\jbr
CLASSPATH=D:\IT Projects\budolEcosystem\budolPayMobile\android\\gradle\wrapper\gradle-wrapper.jar
PATH=D:\Android\Android Studio\jbr\bin;c:\\Users\\Administrator\\.trae\\sdks\\workspaces\\8b594975\\versions\\node\\current;c:\\Users\\Administrator\\.trae\\sdks\\versions\\node\\current;D:\flutter\bin\;c:\Users\Administrator\.trae\sdks\workspaces\8b594975\versions\node\current;c:\Users\Administrator\.trae\sdks\versions\node\current;C:\Python312\Scripts\;C:\Python312\;C:\WINDOWS\system32;C:\WINDOWS;C:\WINDOWS\System32\Wbem;C:\WINDOWS\System32\WindowsPowerShell\v1.0\;C:\WINDOWS\System32\OpenSSH\;C:\ProgramData\chocolatey\bin;C:\Program Files\Docker\Docker\resources\bin;C:\Program Files\Git\cmd;C:\Program Files\Sniffnet\;C:\wamp64\bin\php\php8.2.13;C:\Program Files\Cloudflare\Cloudflare WARP\;C:\Program Files\cursor\resources\app\bin;C:\Program Files\nodejs\;d:\Trae\bin;C:\Users\Administrator\AppData\Local\Microsoft\WindowsApps;C:\Users\Administrator\AppData\Local\Programs\Microsoft VS Code\bin;C:\Users\Administrator\AppData\Local\ComposerSetup\bin;C:\Users\Administrator\AppData\Roaming\Composer\vendor\bin;C:\Users\Administrator\AppData\Local\Programs\Antigravity\bin;C:\Users\Administrator\AppData\Roaming\npm;D:\flutter\bin
USERNAME=Administrator
LANG=en_US.UTF-8
OS=Windows_NT
PROCESSOR_IDENTIFIER=Intel64 Family 6 Model 158 Stepping 13, GenuineIntel
TMP=C:\Users\ADMINI~1\AppData\Local\Temp
TEMP=C:\Users\ADMINI~1\AppData\Local\Temp




Periodic native trim disabled

JNI global refs:
JNI global refs: 12, weak refs: 10

JNI global refs memory usage: 835, weak refs: 833

Process memory usage:
Resident Set Size: 201508K (4% of 4063352K total physical memory with 98464K free physical memory)

OOME stack traces (most recent first):
Classloader memory used:
Loader jdk.internal.loader.ClassLoaders$AppClassLoader                                 : 60819K
Loader bootstrap                                                                       : 11550K

---------------  S Y S T E M  ---------------

OS:
 Windows 10 , 64 bit Build 19041 (10.0.19041.4842)
OS uptime: 0 days 5:07 hours

CPU: total 8 (initial active 8) (8 cores per cpu, 1 threads per core) family 6 model 158 stepping 13 microcode 0xb8, cx8, cmov, fxsr, mmx, 3dnowpref, sse, sse2, sse3, ssse3, sse4.1, sse4.2, popcnt, lzcnt, tsc, tscinvbit, avx, avx2, aes, erms, clmul, bmi1, bmi2, rtm, adx, fma, vzeroupper, clflush, clflushopt, rdtscp, f16c
Processor Information for the first 8 processors :
  Max Mhz: 3000, Current Mhz: 3000, Mhz Limit: 3000

Memory: 4k page, system-wide physical 3968M (116M free)
TotalPageFile size 16256M (AvailPageFile size 23M)
current process WorkingSet (physical memory assigned to process): 197M, peak: 232M
current process commit charge ("private bytes"): 361M, peak: 364M

vm_info: OpenJDK 64-Bit Server VM (21.0.8+-14196175-b1038.72) for windows-amd64 JRE (21.0.8+-14196175-b1038.72), built on 2025-10-01T10:24:33Z by "builder" with MS VC++ 16.10 / 16.11 (VS2019)

END.
