#
# There is insufficient memory for the Java Runtime Environment to continue.
# Native memory allocation (mmap) failed to map 7340032 bytes. Error detail: G1 virtual space
# Possible reasons:
#   The system is out of physical RAM or swap space
#   This process is running with CompressedOops enabled, and the Java Heap may be blocking the growth of the native heap
# Possible solutions:
#   Reduce memory load on the system
#   Increase physical memory or swap space
#   Check if swap backing store is full
#   Decrease Java heap size (-Xmx/-Xms)
#   Decrease number of Java threads
#   Decrease Java thread stack sizes (-Xss)
#   Set larger code cache with -XX:ReservedCodeCacheSize=
#   JVM is running with Unscaled Compressed Oops mode in which the Java heap is
#     placed in the first 4GB address space. The Java Heap base address is the
#     maximum limit for the native heap growth. Please use -XX:HeapBaseMinAddress
#     to set the Java Heap base and to place the Java Heap above 4GB virtual address.
# This output file may be truncated or incomplete.
#
#  Out of Memory Error (os_windows.cpp:3925), pid=23244, tid=29164
#
# JRE version: OpenJDK Runtime Environment (21.0.8) (build 21.0.8+-14196175-b1038.72)
# Java VM: OpenJDK 64-Bit Server VM (21.0.8+-14196175-b1038.72, mixed mode, tiered, compressed oops, compressed class ptrs, g1 gc, windows-amd64)
# No core dump will be written. Minidumps are not enabled by default on client versions of Windows
#

---------------  S U M M A R Y ------------

Command Line: org.jetbrains.kotlin.cli.jvm.K2JVMCompiler @D:\IT Projects\budolEcosystem\budolPayMobile\build\shared_preferences_android\20260102_18387784396720106711.compiler.options

Host: Intel(R) Core(TM) i7-9700 CPU @ 3.00GHz, 8 cores, 3G,  Windows 10 , 64 bit Build 19041 (10.0.19041.4842)
Time: Fri Jan  2 17:05:26 2026 Malay Peninsula Standard Time elapsed time: 26.003672 seconds (0d 0h 0m 26s)

---------------  T H R E A D  ---------------

Current thread (0x000002622dbe11d0):  VMThread "VM Thread"          [id=29164, stack(0x000000f378f00000,0x000000f379000000) (1024K)]

Stack: [0x000000f378f00000,0x000000f379000000]
Native frames: (J=compiled Java code, j=interpreted, Vv=VM code, C=native code)
V  [jvm.dll+0x6d68d9]
V  [jvm.dll+0x866693]
V  [jvm.dll+0x868c4e]
V  [jvm.dll+0x869333]
V  [jvm.dll+0x280566]
V  [jvm.dll+0x6d3195]
V  [jvm.dll+0x6c69ea]
V  [jvm.dll+0x3586db]
V  [jvm.dll+0x360336]
V  [jvm.dll+0x3b23f6]
V  [jvm.dll+0x3b26c8]
V  [jvm.dll+0x32ae6c]
V  [jvm.dll+0x32d806]
V  [jvm.dll+0x3376dd]
V  [jvm.dll+0x36ee15]
V  [jvm.dll+0x86f0b8]
V  [jvm.dll+0x870434]
V  [jvm.dll+0x870970]
V  [jvm.dll+0x870c03]
V  [jvm.dll+0x80eac8]
V  [jvm.dll+0x6d512d]
C  [ucrtbase.dll+0x21bb2]
C  [KERNEL32.DLL+0x17374]
C  [ntdll.dll+0x4cc91]

VM_Operation (0x000000f378aff620): G1PauseRemark, mode: safepoint, requested by thread 0x0000026217a30b40


---------------  P R O C E S S  ---------------

Threads class SMR info:
_java_thread_list=0x0000026232184cb0, length=11, elements={
0x00000262156f0bb0, 0x000002622dc7f3e0, 0x0000026232020770, 0x000002622dc83350,
0x000002622dc83db0, 0x000002622dc84810, 0x000002622dc85270, 0x000002622dc85cd0,
0x000002623200a080, 0x000002622dc86e50, 0x00000262321ad270
}

Java Threads: ( => current thread )
  0x00000262156f0bb0 JavaThread "main"                              [_thread_blocked, id=21472, stack(0x000000f378800000,0x000000f378900000) (1024K)]
  0x000002622dc7f3e0 JavaThread "Common-Cleaner"             daemon [_thread_blocked, id=20440, stack(0x000000f379000000,0x000000f379100000) (1024K)]
  0x0000026232020770 JavaThread "Reference Handler"          daemon [_thread_blocked, id=13728, stack(0x000000f379100000,0x000000f379200000) (1024K)]
  0x000002622dc83350 JavaThread "Finalizer"                  daemon [_thread_blocked, id=11564, stack(0x000000f379200000,0x000000f379300000) (1024K)]
  0x000002622dc83db0 JavaThread "Signal Dispatcher"          daemon [_thread_blocked, id=31552, stack(0x000000f379300000,0x000000f379400000) (1024K)]
  0x000002622dc84810 JavaThread "Attach Listener"            daemon [_thread_blocked, id=28164, stack(0x000000f379400000,0x000000f379500000) (1024K)]
  0x000002622dc85270 JavaThread "Service Thread"             daemon [_thread_blocked, id=19756, stack(0x000000f379500000,0x000000f379600000) (1024K)]
  0x000002622dc85cd0 JavaThread "Monitor Deflation Thread"   daemon [_thread_blocked, id=19276, stack(0x000000f379600000,0x000000f379700000) (1024K)]
  0x000002623200a080 JavaThread "C2 CompilerThread0"         daemon [_thread_blocked, id=25680, stack(0x000000f379700000,0x000000f379800000) (1024K)]
  0x000002622dc86e50 JavaThread "C1 CompilerThread0"         daemon [_thread_blocked, id=18072, stack(0x000000f379800000,0x000000f379900000) (1024K)]
  0x00000262321ad270 JavaThread "Notification Thread"        daemon [_thread_blocked, id=2436, stack(0x000000f379900000,0x000000f379a00000) (1024K)]
Total: 11

Other Threads:
=>0x000002622dbe11d0 VMThread "VM Thread"                           [id=29164, stack(0x000000f378f00000,0x000000f379000000) (1024K)]
  0x0000026217aace40 WatcherThread "VM Periodic Task Thread"        [id=21060, stack(0x000000f378e00000,0x000000f378f00000) (1024K)]
  0x0000026217a27000 WorkerThread "GC Thread#0"                     [id=1236, stack(0x000000f378900000,0x000000f378a00000) (1024K)]
  0x0000026232876320 WorkerThread "GC Thread#1"                     [id=23064, stack(0x000000f379a00000,0x000000f379b00000) (1024K)]
  0x00000262328b5cc0 WorkerThread "GC Thread#2"                     [id=20476, stack(0x000000f379b00000,0x000000f379c00000) (1024K)]
  0x00000262328b6060 WorkerThread "GC Thread#3"                     [id=14700, stack(0x000000f379c00000,0x000000f379d00000) (1024K)]
  0x00000262328b6400 WorkerThread "GC Thread#4"                     [id=30456, stack(0x000000f379d00000,0x000000f379e00000) (1024K)]
  0x000002623288f0c0 WorkerThread "GC Thread#5"                     [id=18604, stack(0x000000f379e00000,0x000000f379f00000) (1024K)]
  0x0000026232975170 WorkerThread "GC Thread#6"                     [id=6160, stack(0x000000f379f00000,0x000000f37a000000) (1024K)]
  0x0000026232976ad0 WorkerThread "GC Thread#7"                     [id=16888, stack(0x000000f37a000000,0x000000f37a100000) (1024K)]
  0x0000026217a30b40 ConcurrentGCThread "G1 Main Marker"            [id=3620, stack(0x000000f378a00000,0x000000f378b00000) (1024K)]
  0x0000026217a316c0 WorkerThread "G1 Conc#0"                       [id=16340, stack(0x000000f378b00000,0x000000f378c00000) (1024K)]
  0x0000026232d43990 WorkerThread "G1 Conc#1"                       [id=21324, stack(0x000000f37a100000,0x000000f37a200000) (1024K)]
  0x0000026217a9d870 ConcurrentGCThread "G1 Refine#0"               [id=25352, stack(0x000000f378c00000,0x000000f378d00000) (1024K)]
  0x0000026217a9e2f0 ConcurrentGCThread "G1 Service"                [id=7836, stack(0x000000f378d00000,0x000000f378e00000) (1024K)]
Total: 15

Threads with active compile tasks:
Total: 0

VM state: at safepoint (normal execution)

VM Mutex/Monitor currently owned by a thread:  ([mutex/lock_event])
[0x00007ff8c9da85b8] Threads_lock - owner thread: 0x000002622dbe11d0
[0x00007ff8c9da86b8] Heap_lock - owner thread: 0x0000026217a30b40

Heap address: 0x00000000c1e00000, size: 994 MB, Compressed Oops mode: 32-bit

CDS archive(s) not mapped
Compressed class space mapped at: 0x0000000100000000-0x0000000140000000, reserved size: 1073741824
Narrow klass base: 0x0000000000000000, Narrow klass shift: 3, Narrow klass range: 0x140000000

GC Precious Log:
 CardTable entry size: 512
 Card Set container configuration: InlinePtr #cards 5 size 8 Array Of Cards #cards 12 size 40 Howl #buckets 4 coarsen threshold 1843 Howl Bitmap #cards 512 size 80 coarsen threshold 460 Card regions per heap region 1 cards per card region 2048
 CPUs: 8 total, 8 available
 Memory: 3968M
 Large Page Support: Disabled
 NUMA Support: Disabled
 Compressed Oops: Enabled (32-bit)
 Heap Region Size: 1M
 Heap Min Capacity: 8M
 Heap Initial Capacity: 64M
 Heap Max Capacity: 994M
 Pre-touch: Disabled
 Parallel Workers: 8
 Concurrent Workers: 2
 Concurrent Refinement Workers: 8
 Periodic GC: Disabled

Heap:
 garbage-first heap   total 95232K, used 61245K [0x00000000c1e00000, 0x0000000100000000)
  region size 1024K, 6 young (6144K), 4 survivors (4096K)
 Metaspace       used 83044K, committed 83392K, reserved 1179648K
  class space    used 9494K, committed 9664K, reserved 1048576K

Heap Regions: E=young(eden), S=young(survivor), O=old, HS=humongous(starts), HC=humongous(continues), CS=collection set, F=free, TAMS=top-at-mark-start, PB=parsable bottom
|   0|0x00000000c1e00000, 0x00000000c1f00000, 0x00000000c1f00000|100%|HS|  |TAMS 0x00000000c1f00000| PB 0x00000000c1e00000| Complete 
|   1|0x00000000c1f00000, 0x00000000c2000000, 0x00000000c2000000|100%|HC|  |TAMS 0x00000000c2000000| PB 0x00000000c1f00000| Complete 
|   2|0x00000000c2000000, 0x00000000c2100000, 0x00000000c2100000|100%|HC|  |TAMS 0x00000000c2100000| PB 0x00000000c2000000| Complete 
|   3|0x00000000c2100000, 0x00000000c2200000, 0x00000000c2200000|100%|HC|  |TAMS 0x00000000c2200000| PB 0x00000000c2100000| Complete 
|   4|0x00000000c2200000, 0x00000000c2300000, 0x00000000c2300000|100%| O|  |TAMS 0x00000000c2300000| PB 0x00000000c2300000| Untracked 
|   5|0x00000000c2300000, 0x00000000c2400000, 0x00000000c2400000|100%| O|  |TAMS 0x00000000c2400000| PB 0x00000000c2400000| Untracked 
|   6|0x00000000c2400000, 0x00000000c2500000, 0x00000000c2500000|100%| O|  |TAMS 0x00000000c2500000| PB 0x00000000c2500000| Untracked 
|   7|0x00000000c2500000, 0x00000000c2600000, 0x00000000c2600000|100%| O|  |TAMS 0x00000000c2600000| PB 0x00000000c2600000| Untracked 
|   8|0x00000000c2600000, 0x00000000c2700000, 0x00000000c2700000|100%| O|  |TAMS 0x00000000c2700000| PB 0x00000000c2700000| Untracked 
|   9|0x00000000c2700000, 0x00000000c2800000, 0x00000000c2800000|100%| O|  |TAMS 0x00000000c2800000| PB 0x00000000c2800000| Untracked 
|  10|0x00000000c2800000, 0x00000000c2900000, 0x00000000c2900000|100%| O|  |TAMS 0x00000000c2900000| PB 0x00000000c2900000| Untracked 
|  11|0x00000000c2900000, 0x00000000c2a00000, 0x00000000c2a00000|100%|HS|  |TAMS 0x00000000c2a00000| PB 0x00000000c2900000| Complete 
|  12|0x00000000c2a00000, 0x00000000c2b00000, 0x00000000c2b00000|100%| O|  |TAMS 0x00000000c2b00000| PB 0x00000000c2b00000| Untracked 
|  13|0x00000000c2b00000, 0x00000000c2c00000, 0x00000000c2c00000|100%| O|  |TAMS 0x00000000c2c00000| PB 0x00000000c2c00000| Untracked 
|  14|0x00000000c2c00000, 0x00000000c2d00000, 0x00000000c2d00000|100%| O|  |TAMS 0x00000000c2d00000| PB 0x00000000c2d00000| Untracked 
|  15|0x00000000c2d00000, 0x00000000c2e00000, 0x00000000c2e00000|100%| O|  |TAMS 0x00000000c2e00000| PB 0x00000000c2e00000| Untracked 
|  16|0x00000000c2e00000, 0x00000000c2f00000, 0x00000000c2f00000|100%| O|  |TAMS 0x00000000c2f00000| PB 0x00000000c2f00000| Untracked 
|  17|0x00000000c2f00000, 0x00000000c3000000, 0x00000000c3000000|100%| O|  |TAMS 0x00000000c3000000| PB 0x00000000c3000000| Untracked 
|  18|0x00000000c3000000, 0x00000000c3100000, 0x00000000c3100000|100%| O|  |TAMS 0x00000000c3100000| PB 0x00000000c3100000| Updating 
|  19|0x00000000c3100000, 0x00000000c3200000, 0x00000000c3200000|100%| O|  |TAMS 0x00000000c3200000| PB 0x00000000c3200000| Untracked 
|  20|0x00000000c3200000, 0x00000000c3300000, 0x00000000c3300000|100%| O|  |TAMS 0x00000000c3300000| PB 0x00000000c3300000| Updating 
|  21|0x00000000c3300000, 0x00000000c3400000, 0x00000000c3400000|100%| O|  |TAMS 0x00000000c3400000| PB 0x00000000c3400000| Updating 
|  22|0x00000000c3400000, 0x00000000c3500000, 0x00000000c3500000|100%| O|  |TAMS 0x00000000c3500000| PB 0x00000000c3500000| Untracked 
|  23|0x00000000c3500000, 0x00000000c3600000, 0x00000000c3600000|100%| O|  |TAMS 0x00000000c3600000| PB 0x00000000c3600000| Untracked 
|  24|0x00000000c3600000, 0x00000000c3700000, 0x00000000c3700000|100%| O|  |TAMS 0x00000000c3700000| PB 0x00000000c3700000| Untracked 
|  25|0x00000000c3700000, 0x00000000c3800000, 0x00000000c3800000|100%| O|  |TAMS 0x00000000c3800000| PB 0x00000000c3800000| Untracked 
|  26|0x00000000c3800000, 0x00000000c3900000, 0x00000000c3900000|100%| O|  |TAMS 0x00000000c3900000| PB 0x00000000c3900000| Untracked 
|  27|0x00000000c3900000, 0x00000000c3900000, 0x00000000c3a00000|  0%| F|  |TAMS 0x00000000c3900000| PB 0x00000000c3900000| Untracked 
|  28|0x00000000c3a00000, 0x00000000c3b00000, 0x00000000c3b00000|100%| O|  |TAMS 0x00000000c3b00000| PB 0x00000000c3b00000| Untracked 
|  29|0x00000000c3b00000, 0x00000000c3c00000, 0x00000000c3c00000|100%| O|  |TAMS 0x00000000c3c00000| PB 0x00000000c3c00000| Updating 
|  30|0x00000000c3c00000, 0x00000000c3d00000, 0x00000000c3d00000|100%| O|  |TAMS 0x00000000c3d00000| PB 0x00000000c3d00000| Untracked 
|  31|0x00000000c3d00000, 0x00000000c3e00000, 0x00000000c3e00000|100%| O|  |TAMS 0x00000000c3e00000| PB 0x00000000c3e00000| Updating 
|  32|0x00000000c3e00000, 0x00000000c3f00000, 0x00000000c3f00000|100%| O|  |TAMS 0x00000000c3f00000| PB 0x00000000c3f00000| Untracked 
|  33|0x00000000c3f00000, 0x00000000c4000000, 0x00000000c4000000|100%| O|  |TAMS 0x00000000c4000000| PB 0x00000000c4000000| Untracked 
|  34|0x00000000c4000000, 0x00000000c4100000, 0x00000000c4100000|100%| O|  |TAMS 0x00000000c4100000| PB 0x00000000c4100000| Updating 
|  35|0x00000000c4100000, 0x00000000c4200000, 0x00000000c4200000|100%| O|  |TAMS 0x00000000c4200000| PB 0x00000000c4200000| Updating 
|  36|0x00000000c4200000, 0x00000000c4300000, 0x00000000c4300000|100%| O|  |TAMS 0x00000000c4300000| PB 0x00000000c4300000| Untracked 
|  37|0x00000000c4300000, 0x00000000c4400000, 0x00000000c4400000|100%| O|  |TAMS 0x00000000c4400000| PB 0x00000000c4400000| Untracked 
|  38|0x00000000c4400000, 0x00000000c4500000, 0x00000000c4500000|100%| O|  |TAMS 0x00000000c4500000| PB 0x00000000c4500000| Untracked 
|  39|0x00000000c4500000, 0x00000000c4600000, 0x00000000c4600000|100%| O|  |TAMS 0x00000000c4600000| PB 0x00000000c4600000| Untracked 
|  40|0x00000000c4600000, 0x00000000c4700000, 0x00000000c4700000|100%| O|  |TAMS 0x00000000c4700000| PB 0x00000000c4700000| Untracked 
|  41|0x00000000c4700000, 0x00000000c4800000, 0x00000000c4800000|100%| O|  |TAMS 0x00000000c4800000| PB 0x00000000c4800000| Untracked 
|  42|0x00000000c4800000, 0x00000000c4900000, 0x00000000c4900000|100%| O|  |TAMS 0x00000000c4900000| PB 0x00000000c4900000| Updating 
|  43|0x00000000c4900000, 0x00000000c4a00000, 0x00000000c4a00000|100%| O|  |TAMS 0x00000000c4a00000| PB 0x00000000c4a00000| Untracked 
|  44|0x00000000c4a00000, 0x00000000c4b00000, 0x00000000c4b00000|100%| O|  |TAMS 0x00000000c4b00000| PB 0x00000000c4b00000| Untracked 
|  45|0x00000000c4b00000, 0x00000000c4c00000, 0x00000000c4c00000|100%| O|  |TAMS 0x00000000c4c00000| PB 0x00000000c4c00000| Updating 
|  46|0x00000000c4c00000, 0x00000000c4d00000, 0x00000000c4d00000|100%| O|  |TAMS 0x00000000c4d00000| PB 0x00000000c4d00000| Updating 
|  47|0x00000000c4d00000, 0x00000000c4e00000, 0x00000000c4e00000|100%| O|  |TAMS 0x00000000c4e00000| PB 0x00000000c4e00000| Updating 
|  48|0x00000000c4e00000, 0x00000000c4f00000, 0x00000000c4f00000|100%| O|  |TAMS 0x00000000c4f00000| PB 0x00000000c4f00000| Untracked 
|  49|0x00000000c4f00000, 0x00000000c5000000, 0x00000000c5000000|100%| O|  |TAMS 0x00000000c5000000| PB 0x00000000c5000000| Untracked 
|  50|0x00000000c5000000, 0x00000000c5100000, 0x00000000c5100000|100%| O|  |TAMS 0x00000000c5100000| PB 0x00000000c5100000| Untracked 
|  51|0x00000000c5100000, 0x00000000c51cf410, 0x00000000c5200000| 80%| O|  |TAMS 0x00000000c51cf410| PB 0x00000000c51cf410| Updating 
|  52|0x00000000c5200000, 0x00000000c5200000, 0x00000000c5300000|  0%| F|  |TAMS 0x00000000c5200000| PB 0x00000000c5200000| Untracked 
|  53|0x00000000c5300000, 0x00000000c5300000, 0x00000000c5400000|  0%| F|  |TAMS 0x00000000c5300000| PB 0x00000000c5300000| Untracked 
|  54|0x00000000c5400000, 0x00000000c5400000, 0x00000000c5500000|  0%| F|  |TAMS 0x00000000c5400000| PB 0x00000000c5400000| Untracked 
|  55|0x00000000c5500000, 0x00000000c5500000, 0x00000000c5600000|  0%| F|  |TAMS 0x00000000c5500000| PB 0x00000000c5500000| Untracked 
|  56|0x00000000c5600000, 0x00000000c5600000, 0x00000000c5700000|  0%| F|  |TAMS 0x00000000c5600000| PB 0x00000000c5600000| Untracked 
|  57|0x00000000c5700000, 0x00000000c5700000, 0x00000000c5800000|  0%| F|  |TAMS 0x00000000c5700000| PB 0x00000000c5700000| Untracked 
|  58|0x00000000c5800000, 0x00000000c5900000, 0x00000000c5900000|100%| S|CS|TAMS 0x00000000c5800000| PB 0x00000000c5800000| Complete 
|  59|0x00000000c5900000, 0x00000000c5a00000, 0x00000000c5a00000|100%| S|CS|TAMS 0x00000000c5900000| PB 0x00000000c5900000| Complete 
|  60|0x00000000c5a00000, 0x00000000c5b00000, 0x00000000c5b00000|100%| S|CS|TAMS 0x00000000c5a00000| PB 0x00000000c5a00000| Complete 
|  61|0x00000000c5b00000, 0x00000000c5c00000, 0x00000000c5c00000|100%| S|CS|TAMS 0x00000000c5b00000| PB 0x00000000c5b00000| Complete 
|  62|0x00000000c5c00000, 0x00000000c5c00000, 0x00000000c5d00000|  0%| F|  |TAMS 0x00000000c5c00000| PB 0x00000000c5c00000| Untracked 
|  63|0x00000000c5d00000, 0x00000000c5d00000, 0x00000000c5e00000|  0%| F|  |TAMS 0x00000000c5d00000| PB 0x00000000c5d00000| Untracked 
|  64|0x00000000c5e00000, 0x00000000c5e00000, 0x00000000c5f00000|  0%| F|  |TAMS 0x00000000c5e00000| PB 0x00000000c5e00000| Untracked 
|  65|0x00000000c5f00000, 0x00000000c5f00000, 0x00000000c6000000|  0%| F|  |TAMS 0x00000000c5f00000| PB 0x00000000c5f00000| Untracked 
|  66|0x00000000c6000000, 0x00000000c6000000, 0x00000000c6100000|  0%| F|  |TAMS 0x00000000c6000000| PB 0x00000000c6000000| Untracked 
|  67|0x00000000c6100000, 0x00000000c6100000, 0x00000000c6200000|  0%| F|  |TAMS 0x00000000c6100000| PB 0x00000000c6100000| Untracked 
|  68|0x00000000c6200000, 0x00000000c6200000, 0x00000000c6300000|  0%| F|  |TAMS 0x00000000c6200000| PB 0x00000000c6200000| Untracked 
|  69|0x00000000c6300000, 0x00000000c6300000, 0x00000000c6400000|  0%| F|  |TAMS 0x00000000c6300000| PB 0x00000000c6300000| Untracked 
|  70|0x00000000c6400000, 0x00000000c6400000, 0x00000000c6500000|  0%| F|  |TAMS 0x00000000c6400000| PB 0x00000000c6400000| Untracked 
|  71|0x00000000c6500000, 0x00000000c6500000, 0x00000000c6600000|  0%| F|  |TAMS 0x00000000c6500000| PB 0x00000000c6500000| Untracked 
|  72|0x00000000c6600000, 0x00000000c6600000, 0x00000000c6700000|  0%| F|  |TAMS 0x00000000c6600000| PB 0x00000000c6600000| Untracked 
|  73|0x00000000c6700000, 0x00000000c6700000, 0x00000000c6800000|  0%| F|  |TAMS 0x00000000c6700000| PB 0x00000000c6700000| Untracked 
|  74|0x00000000c6800000, 0x00000000c6800000, 0x00000000c6900000|  0%| F|  |TAMS 0x00000000c6800000| PB 0x00000000c6800000| Untracked 
|  75|0x00000000c6900000, 0x00000000c6900000, 0x00000000c6a00000|  0%| F|  |TAMS 0x00000000c6900000| PB 0x00000000c6900000| Untracked 
|  76|0x00000000c6a00000, 0x00000000c6a00000, 0x00000000c6b00000|  0%| F|  |TAMS 0x00000000c6a00000| PB 0x00000000c6a00000| Untracked 
|  77|0x00000000c6b00000, 0x00000000c6b00000, 0x00000000c6c00000|  0%| F|  |TAMS 0x00000000c6b00000| PB 0x00000000c6b00000| Untracked 
|  78|0x00000000c6c00000, 0x00000000c6c00000, 0x00000000c6d00000|  0%| F|  |TAMS 0x00000000c6c00000| PB 0x00000000c6c00000| Untracked 
|  79|0x00000000c6d00000, 0x00000000c6d00000, 0x00000000c6e00000|  0%| F|  |TAMS 0x00000000c6d00000| PB 0x00000000c6d00000| Untracked 
|  80|0x00000000c6e00000, 0x00000000c6e00000, 0x00000000c6f00000|  0%| F|  |TAMS 0x00000000c6e00000| PB 0x00000000c6e00000| Untracked 
|  81|0x00000000c6f00000, 0x00000000c6f00000, 0x00000000c7000000|  0%| F|  |TAMS 0x00000000c6f00000| PB 0x00000000c6f00000| Untracked 
|  82|0x00000000c7000000, 0x00000000c7000000, 0x00000000c7100000|  0%| F|  |TAMS 0x00000000c7000000| PB 0x00000000c7000000| Untracked 
|  83|0x00000000c7100000, 0x00000000c7100000, 0x00000000c7200000|  0%| F|  |TAMS 0x00000000c7100000| PB 0x00000000c7100000| Untracked 
|  84|0x00000000c7200000, 0x00000000c7200000, 0x00000000c7300000|  0%| F|  |TAMS 0x00000000c7200000| PB 0x00000000c7200000| Untracked 
|  85|0x00000000c7300000, 0x00000000c7300000, 0x00000000c7400000|  0%| F|  |TAMS 0x00000000c7300000| PB 0x00000000c7300000| Untracked 
| 987|0x00000000ff900000, 0x00000000ff9a5d70, 0x00000000ffa00000| 64%| E|  |TAMS 0x00000000ff900000| PB 0x00000000ff900000| Complete 
| 988|0x00000000ffa00000, 0x00000000ffb00000, 0x00000000ffb00000|100%| O|  |TAMS 0x00000000ffb00000| PB 0x00000000ffb00000| Untracked 
| 989|0x00000000ffb00000, 0x00000000ffc00000, 0x00000000ffc00000|100%| O|  |TAMS 0x00000000ffc00000| PB 0x00000000ffc00000| Untracked 
| 990|0x00000000ffc00000, 0x00000000ffcf8bd0, 0x00000000ffd00000| 97%| E|  |TAMS 0x00000000ffc00000| PB 0x00000000ffc00000| Complete 
| 991|0x00000000ffd00000, 0x00000000ffe00000, 0x00000000ffe00000|100%| O|  |TAMS 0x00000000ffe00000| PB 0x00000000ffe00000| Updating 
| 992|0x00000000ffe00000, 0x00000000fff00000, 0x00000000fff00000|100%| O|  |TAMS 0x00000000fff00000| PB 0x00000000fff00000| Untracked 
| 993|0x00000000fff00000, 0x0000000100000000, 0x0000000100000000|100%| O|  |TAMS 0x0000000100000000| PB 0x0000000100000000| Untracked 

Card table byte_map: [0x000002622a080000,0x000002622a280000] _byte_map_base: 0x0000026229a71000

Marking Bits: (CMBitMap*) 0x0000026217a28620
 Bits: [0x000002622a280000, 0x000002622b208000)

Polling page: 0x00000262159c0000

Metaspace:

Usage:
  Non-class:     71.83 MB used.
      Class:      9.27 MB used.
       Both:     81.10 MB used.

Virtual space:
  Non-class space:      128.00 MB reserved,      72.00 MB ( 56%) committed,  2 nodes.
      Class space:        1.00 GB reserved,       9.44 MB ( <1%) committed,  1 nodes.
             Both:        1.12 GB reserved,      81.44 MB (  7%) committed. 

Chunk freelists:
   Non-Class:  7.73 MB
       Class:  6.42 MB
        Both:  14.16 MB

MaxMetaspaceSize: unlimited
CompressedClassSpaceSize: 1.00 GB
Initial GC threshold: 21.00 MB
Current GC threshold: 118.06 MB
CDS: off
 - commit_granule_bytes: 65536.
 - commit_granule_words: 8192.
 - virtual_space_node_default_size: 8388608.
 - enlarge_chunks_in_place: 1.
 - use_allocation_guard: 0.


Internal statistics:

num_allocs_failed_limit: 6.
num_arena_births: 354.
num_arena_deaths: 0.
num_vsnodes_births: 3.
num_vsnodes_deaths: 0.
num_space_committed: 1301.
num_space_uncommitted: 0.
num_chunks_returned_to_freelist: 6.
num_chunks_taken_from_freelist: 2913.
num_chunk_merges: 6.
num_chunk_splits: 2462.
num_chunks_enlarged: 2251.
num_inconsistent_stats: 0.

CodeHeap 'non-profiled nmethods': size=120000Kb used=4117Kb max_used=4291Kb free=115882Kb
 bounds [0x0000026222620000, 0x0000026222a60000, 0x0000026229b50000]
CodeHeap 'profiled nmethods': size=120000Kb used=30748Kb max_used=31934Kb free=89251Kb
 bounds [0x000002621ab50000, 0x000002621ca80000, 0x0000026222080000]
CodeHeap 'non-nmethods': size=5760Kb used=1813Kb max_used=1837Kb free=3946Kb
 bounds [0x0000026222080000, 0x00000262222f0000, 0x0000026222620000]
CodeCache: size=245760Kb, used=36678Kb, max_used=38062Kb, free=209079Kb
 total_blobs=9763, nmethods=8942, adapters=724, full_count=0
Compilation: enabled, stopped_count=0, restarted_count=0

Compilation events (20 events):
Event: 25.878 Thread 0x000002623200a080 9931       4       java.lang.invoke.LambdaForm::prepare (108 bytes)
Event: 25.879 Thread 0x000002623200a080 nmethod 9931 0x0000026222a4f990 code [0x0000026222a4fb20, 0x0000026222a4fc30]
Event: 25.883 Thread 0x000002623200a080 9932       4       sun.invoke.util.BytecodeDescriptor::unparseSig (49 bytes)
Event: 25.885 Thread 0x000002622dc86e50 9933       3       org.jetbrains.kotlin.fir.java.scopes.JavaClassUseSiteMemberScope::collectFunctions (520 bytes)
Event: 25.887 Thread 0x000002622dc86e50 nmethod 9933 0x000002621ca71690 code [0x000002621ca71e60, 0x000002621ca76978]
Event: 25.887 Thread 0x000002622dc86e50 9934       3       org.jetbrains.kotlin.types.TypeCheckerState$SupertypesPolicy$LowerIfFlexible::transformType (29 bytes)
Event: 25.888 Thread 0x000002622dc86e50 nmethod 9934 0x000002621ca78510 code [0x000002621ca787c0, 0x000002621ca79270]
Event: 25.888 Thread 0x000002622dc86e50 9936       3       org.jetbrains.kotlin.fir.scopes.impl.FirClassUseSiteMemberScope$$Lambda/0x0000000100785fc0::<init> (15 bytes)
Event: 25.888 Thread 0x000002622dc86e50 nmethod 9936 0x000002621ca79690 code [0x000002621ca79840, 0x000002621ca79a60]
Event: 25.888 Thread 0x000002622dc86e50 9935       3       org.jetbrains.kotlin.fir.lazy.AbstractFir2IrLazyDeclaration::createLazyAnnotations (16 bytes)
Event: 25.889 Thread 0x000002623200a080 nmethod 9932 0x0000026222a4fd10 code [0x0000026222a4ff60, 0x0000026222a50838]
Event: 25.889 Thread 0x000002622dc86e50 nmethod 9935 0x000002621ca79b10 code [0x000002621ca79f20, 0x000002621ca7b910]
Event: 25.891 Thread 0x000002622dc86e50 9937       3       kotlin.collections.MapsKt__MapsKt::getValue (12 bytes)
Event: 25.891 Thread 0x000002622dc86e50 nmethod 9937 0x000002621ca7c290 code [0x000002621ca7c4c0, 0x000002621ca7ca70]
Event: 25.891 Thread 0x000002622dc86e50 9938       3       kotlin.collections.MapsKt__MapWithDefaultKt::getOrImplicitDefaultNullable (93 bytes)
Event: 25.892 Thread 0x000002622dc86e50 nmethod 9938 0x000002621ca7cd10 code [0x000002621ca7d060, 0x000002621ca7e208]
Event: 25.892 Thread 0x000002622dc86e50 9939       3       org.jetbrains.kotlin.ir.declarations.IrDeclarationOrigin$Companion::getDEFINED (18 bytes)
Event: 25.892 Thread 0x000002622dc86e50 nmethod 9939 0x000002621ca7e890 code [0x000002621ca7eac0, 0x000002621ca7f118]
Event: 25.955 Thread 0x000002622dc86e50 9940       3       org.jetbrains.kotlin.ir.declarations.impl.IrFunctionImpl::getSymbol (8 bytes)
Event: 25.956 Thread 0x000002622dc86e50 nmethod 9940 0x000002621ca7f410 code [0x000002621ca7f5c0, 0x000002621ca7f7e0]

GC Heap History (20 events):
Event: 14.101 GC heap before
{Heap before GC invocations=17 (full 0):
 garbage-first heap   total 54272K, used 33614K [0x00000000c1e00000, 0x0000000100000000)
  region size 1024K, 8 young (8192K), 1 survivors (1024K)
 Metaspace       used 60584K, committed 60864K, reserved 1114112K
  class space    used 7302K, committed 7424K, reserved 1048576K
}
Event: 14.105 GC heap after
{Heap after GC invocations=18 (full 0):
 garbage-first heap   total 54272K, used 28377K [0x00000000c1e00000, 0x0000000100000000)
  region size 1024K, 2 young (2048K), 2 survivors (2048K)
 Metaspace       used 60584K, committed 60864K, reserved 1114112K
  class space    used 7302K, committed 7424K, reserved 1048576K
}
Event: 14.283 GC heap before
{Heap before GC invocations=19 (full 0):
 garbage-first heap   total 54272K, used 47833K [0x00000000c1e00000, 0x0000000100000000)
  region size 1024K, 20 young (20480K), 2 survivors (2048K)
 Metaspace       used 60584K, committed 60864K, reserved 1114112K
  class space    used 7302K, committed 7424K, reserved 1048576K
}
Event: 14.298 GC heap after
{Heap after GC invocations=20 (full 0):
 garbage-first heap   total 57344K, used 36385K [0x00000000c1e00000, 0x0000000100000000)
  region size 1024K, 3 young (3072K), 3 survivors (3072K)
 Metaspace       used 60584K, committed 60864K, reserved 1114112K
  class space    used 7302K, committed 7424K, reserved 1048576K
}
Event: 14.727 GC heap before
{Heap before GC invocations=20 (full 0):
 garbage-first heap   total 57344K, used 48673K [0x00000000c1e00000, 0x0000000100000000)
  region size 1024K, 15 young (15360K), 3 survivors (3072K)
 Metaspace       used 61187K, committed 61504K, reserved 1114112K
  class space    used 7347K, committed 7488K, reserved 1048576K
}
Event: 14.738 GC heap after
{Heap after GC invocations=21 (full 0):
 garbage-first heap   total 57344K, used 40338K [0x00000000c1e00000, 0x0000000100000000)
  region size 1024K, 2 young (2048K), 2 survivors (2048K)
 Metaspace       used 61187K, committed 61504K, reserved 1114112K
  class space    used 7347K, committed 7488K, reserved 1048576K
}
Event: 15.601 GC heap before
{Heap before GC invocations=21 (full 0):
 garbage-first heap   total 57344K, used 49554K [0x00000000c1e00000, 0x0000000100000000)
  region size 1024K, 11 young (11264K), 2 survivors (2048K)
 Metaspace       used 62555K, committed 62848K, reserved 1114112K
  class space    used 7506K, committed 7680K, reserved 1048576K
}
Event: 15.606 GC heap after
{Heap after GC invocations=22 (full 0):
 garbage-first heap   total 57344K, used 42482K [0x00000000c1e00000, 0x0000000100000000)
  region size 1024K, 2 young (2048K), 2 survivors (2048K)
 Metaspace       used 62555K, committed 62848K, reserved 1114112K
  class space    used 7506K, committed 7680K, reserved 1048576K
}
Event: 16.704 GC heap before
{Heap before GC invocations=23 (full 0):
 garbage-first heap   total 71680K, used 50674K [0x00000000c1e00000, 0x0000000100000000)
  region size 1024K, 10 young (10240K), 2 survivors (2048K)
 Metaspace       used 65133K, committed 65408K, reserved 1114112K
  class space    used 7900K, committed 8064K, reserved 1048576K
}
Event: 16.710 GC heap after
{Heap after GC invocations=24 (full 0):
 garbage-first heap   total 95232K, used 43452K [0x00000000c1e00000, 0x0000000100000000)
  region size 1024K, 1 young (1024K), 1 survivors (1024K)
 Metaspace       used 65133K, committed 65408K, reserved 1114112K
  class space    used 7900K, committed 8064K, reserved 1048576K
}
Event: 18.276 GC heap before
{Heap before GC invocations=24 (full 0):
 garbage-first heap   total 95232K, used 76220K [0x00000000c1e00000, 0x0000000100000000)
  region size 1024K, 34 young (34816K), 1 survivors (1024K)
 Metaspace       used 69233K, committed 69504K, reserved 1114112K
  class space    used 8372K, committed 8512K, reserved 1048576K
}
Event: 18.300 GC heap after
{Heap after GC invocations=25 (full 0):
 garbage-first heap   total 95232K, used 48797K [0x00000000c1e00000, 0x0000000100000000)
  region size 1024K, 5 young (5120K), 5 survivors (5120K)
 Metaspace       used 69233K, committed 69504K, reserved 1114112K
  class space    used 8372K, committed 8512K, reserved 1048576K
}
Event: 20.841 GC heap before
{Heap before GC invocations=25 (full 0):
 garbage-first heap   total 95232K, used 79517K [0x00000000c1e00000, 0x0000000100000000)
  region size 1024K, 35 young (35840K), 5 survivors (5120K)
 Metaspace       used 72176K, committed 72512K, reserved 1114112K
  class space    used 8585K, committed 8768K, reserved 1048576K
}
Event: 20.863 GC heap after
{Heap after GC invocations=26 (full 0):
 garbage-first heap   total 95232K, used 53655K [0x00000000c1e00000, 0x0000000100000000)
  region size 1024K, 5 young (5120K), 5 survivors (5120K)
 Metaspace       used 72176K, committed 72512K, reserved 1114112K
  class space    used 8585K, committed 8768K, reserved 1048576K
}
Event: 22.257 GC heap before
{Heap before GC invocations=27 (full 0):
 garbage-first heap   total 95232K, used 80279K [0x00000000c1e00000, 0x0000000100000000)
  region size 1024K, 31 young (31744K), 5 survivors (5120K)
 Metaspace       used 73610K, committed 73984K, reserved 1114112K
  class space    used 8662K, committed 8832K, reserved 1048576K
}
Event: 22.339 GC heap after
{Heap after GC invocations=28 (full 0):
 garbage-first heap   total 95232K, used 57573K [0x00000000c1e00000, 0x0000000100000000)
  region size 1024K, 4 young (4096K), 4 survivors (4096K)
 Metaspace       used 73610K, committed 73984K, reserved 1114112K
  class space    used 8662K, committed 8832K, reserved 1048576K
}
Event: 24.511 GC heap before
{Heap before GC invocations=28 (full 0):
 garbage-first heap   total 95232K, used 82149K [0x00000000c1e00000, 0x0000000100000000)
  region size 1024K, 28 young (28672K), 4 survivors (4096K)
 Metaspace       used 77229K, committed 77504K, reserved 1179648K
  class space    used 8951K, committed 9088K, reserved 1048576K
}
Event: 24.540 GC heap after
{Heap after GC invocations=29 (full 0):
 garbage-first heap   total 95232K, used 58951K [0x00000000c1e00000, 0x0000000100000000)
  region size 1024K, 2 young (2048K), 2 survivors (2048K)
 Metaspace       used 77229K, committed 77504K, reserved 1179648K
  class space    used 8951K, committed 9088K, reserved 1048576K
}
Event: 25.910 GC heap before
{Heap before GC invocations=29 (full 0):
 garbage-first heap   total 95232K, used 83527K [0x00000000c1e00000, 0x0000000100000000)
  region size 1024K, 26 young (26624K), 2 survivors (2048K)
 Metaspace       used 82626K, committed 82944K, reserved 1179648K
  class space    used 9469K, committed 9600K, reserved 1048576K
}
Event: 25.920 GC heap after
{Heap after GC invocations=30 (full 0):
 garbage-first heap   total 95232K, used 61245K [0x00000000c1e00000, 0x0000000100000000)
  region size 1024K, 4 young (4096K), 4 survivors (4096K)
 Metaspace       used 82626K, committed 82944K, reserved 1179648K
  class space    used 9469K, committed 9600K, reserved 1048576K
}

Dll operation events (3 events):
Event: 0.048 Loaded shared library D:\Android\Android Studio\jbr\bin\java.dll
Event: 0.094 Loaded shared library D:\Android\Android Studio\jbr\bin\zip.dll
Event: 8.656 Loaded shared library D:\Android\Android Studio\jbr\bin\verify.dll

Deoptimization events (20 events):
Event: 24.964 Thread 0x00000262156f0bb0 DEOPT PACKING pc=0x000002622296ba80 sp=0x000000f3788fd450
Event: 24.964 Thread 0x00000262156f0bb0 DEOPT UNPACKING pc=0x00000262220d46a2 sp=0x000000f3788fd418 mode 2
Event: 24.964 Thread 0x00000262156f0bb0 Uncommon trap: trap_request=0xffffffc6 fr.pc=0x000002622296ba80 relative=0x0000000000000740
Event: 24.964 Thread 0x00000262156f0bb0 Uncommon trap: reason=bimorphic_or_optimized_type_check action=maybe_recompile pc=0x000002622296ba80 method=kotlin.collections.CollectionsKt___CollectionsKt.toList(Ljava/lang/Iterable;)Ljava/util/List; @ 62 c2
Event: 24.964 Thread 0x00000262156f0bb0 DEOPT PACKING pc=0x000002622296ba80 sp=0x000000f3788fd450
Event: 24.964 Thread 0x00000262156f0bb0 DEOPT UNPACKING pc=0x00000262220d46a2 sp=0x000000f3788fd418 mode 2
Event: 24.964 Thread 0x00000262156f0bb0 Uncommon trap: trap_request=0xffffffc6 fr.pc=0x000002622296ba80 relative=0x0000000000000740
Event: 24.964 Thread 0x00000262156f0bb0 Uncommon trap: reason=bimorphic_or_optimized_type_check action=maybe_recompile pc=0x000002622296ba80 method=kotlin.collections.CollectionsKt___CollectionsKt.toList(Ljava/lang/Iterable;)Ljava/util/List; @ 62 c2
Event: 24.964 Thread 0x00000262156f0bb0 DEOPT PACKING pc=0x000002622296ba80 sp=0x000000f3788fda90
Event: 24.964 Thread 0x00000262156f0bb0 DEOPT UNPACKING pc=0x00000262220d46a2 sp=0x000000f3788fda58 mode 2
Event: 25.083 Thread 0x00000262156f0bb0 Uncommon trap: trap_request=0xffffffc6 fr.pc=0x00000262229e0318 relative=0x0000000000000158
Event: 25.083 Thread 0x00000262156f0bb0 Uncommon trap: reason=bimorphic_or_optimized_type_check action=maybe_recompile pc=0x00000262229e0318 method=kotlin.collections.CollectionsKt___CollectionsKt.first(Ljava/util/List;)Ljava/lang/Object; @ 7 c2
Event: 25.083 Thread 0x00000262156f0bb0 DEOPT PACKING pc=0x00000262229e0318 sp=0x000000f3788fb8d0
Event: 25.083 Thread 0x00000262156f0bb0 DEOPT UNPACKING pc=0x00000262220d46a2 sp=0x000000f3788fb870 mode 2
Event: 25.187 Thread 0x00000262156f0bb0 DEOPT PACKING pc=0x000002621c7f51c4 sp=0x000000f3788f9fd0
Event: 25.187 Thread 0x00000262156f0bb0 DEOPT UNPACKING pc=0x00000262220d4e42 sp=0x000000f3788f9760 mode 0
Event: 25.604 Thread 0x00000262156f0bb0 Uncommon trap: trap_request=0xffffff54 fr.pc=0x0000026222a2df9c relative=0x000000000000013c
Event: 25.604 Thread 0x00000262156f0bb0 Uncommon trap: reason=speculate_null_assert action=make_not_entrant pc=0x0000026222a2df9c method=org.jetbrains.kotlin.fir.types.CustomAnnotationTypeAttributeKt.getTypeAnnotations(Lorg/jetbrains/kotlin/fir/types/ConeKotlinType;)Ljava/util/List; @ 20 c2
Event: 25.604 Thread 0x00000262156f0bb0 DEOPT PACKING pc=0x0000026222a2df9c sp=0x000000f3788f9c10
Event: 25.604 Thread 0x00000262156f0bb0 DEOPT UNPACKING pc=0x00000262220d46a2 sp=0x000000f3788f9b80 mode 2

Classes loaded (20 events):
Event: 22.511 Loading class java/util/EnumMap$EnumMapIterator done
Event: 22.511 Loading class java/util/EnumMap$EntryIterator done
Event: 22.511 Loading class java/util/EnumMap$EntryIterator$Entry
Event: 22.512 Loading class java/util/EnumMap$EntryIterator$Entry done
Event: 25.155 Loading class java/util/Formatter
Event: 25.156 Loading class java/util/Formatter done
Event: 25.156 Loading class java/util/Locale$Category
Event: 25.156 Loading class java/util/Locale$Category done
Event: 25.157 Loading class java/util/Formatter$FixedString
Event: 25.157 Loading class java/util/Formatter$FormatString
Event: 25.157 Loading class java/util/Formatter$FormatString done
Event: 25.157 Loading class java/util/Formatter$FixedString done
Event: 25.157 Loading class java/util/Formatter$Conversion
Event: 25.158 Loading class java/util/Formatter$Conversion done
Event: 25.158 Loading class java/util/Formatter$FormatSpecifier
Event: 25.159 Loading class java/util/Formatter$FormatSpecifier done
Event: 25.159 Loading class java/util/Formattable
Event: 25.159 Loading class java/util/Formattable done
Event: 25.159 Loading class java/util/Formatter$Flags
Event: 25.160 Loading class java/util/Formatter$Flags done

Classes unloaded (0 events):
No events

Classes redefined (0 events):
No events

Internal exceptions (20 events):
Event: 17.563 Thread 0x00000262156f0bb0 Exception <a 'java/lang/NoSuchMethodError'{0x00000000c682a740}: 'java.lang.Object java.lang.invoke.Invokers$Holder.linkToTargetMethod(java.lang.Object, java.lang.Object, java.lang.Object, java.lang.Object, int, java.lang.Object)'> (0x00000000c682a740) 
thrown [s\src\hotspot\share\interpreter\linkResolver.cpp, line 784]
Event: 18.866 Thread 0x00000262156f0bb0 Exception <a 'java/lang/NoSuchMethodError'{0x00000000c6e3cd08}: 'java.lang.Object java.lang.invoke.DirectMethodHandle$Holder.invokeStatic(java.lang.Object, java.lang.Object, java.lang.Object, int, java.lang.Object, java.lang.Object)'> (0x00000000c6e3cd08) 
thrown [s\src\hotspot\share\interpreter\linkResolver.cpp, line 784]
Event: 19.224 Thread 0x00000262156f0bb0 Exception <a 'java/lang/NoSuchMethodError'{0x00000000c6bc58f0}: 'java.lang.Object java.lang.invoke.DirectMethodHandle$Holder.invokeStatic(java.lang.Object, int, java.lang.Object, java.lang.Object)'> (0x00000000c6bc58f0) 
thrown [s\src\hotspot\share\interpreter\linkResolver.cpp, line 784]
Event: 21.087 Thread 0x00000262156f0bb0 Exception <a 'java/lang/NoSuchMethodError'{0x00000000c73d6e58}: 'java.lang.Object java.lang.invoke.DirectMethodHandle$Holder.invokeStatic(java.lang.Object, int, java.lang.Object, java.lang.Object, java.lang.Object, java.lang.Object, java.lang.Object)'> (0x00000000c73d6e58) 
thrown [s\src\hotspot\share\interpreter\linkResolver.cpp, line 784]
Event: 21.087 Thread 0x00000262156f0bb0 Exception <a 'java/lang/NoSuchMethodError'{0x00000000c73e0868}: 'java.lang.Object java.lang.invoke.DirectMethodHandle$Holder.newInvokeSpecial(java.lang.Object, int, java.lang.Object, java.lang.Object, java.lang.Object)'> (0x00000000c73e0868) 
thrown [s\src\hotspot\share\interpreter\linkResolver.cpp, line 784]
Event: 21.088 Thread 0x00000262156f0bb0 Exception <a 'java/lang/NoSuchMethodError'{0x00000000c73e8798}: 'java.lang.Object java.lang.invoke.Invokers$Holder.linkToTargetMethod(int, java.lang.Object, java.lang.Object, java.lang.Object, java.lang.Object)'> (0x00000000c73e8798) 
thrown [s\src\hotspot\share\interpreter\linkResolver.cpp, line 784]
Event: 22.237 Thread 0x00000262156f0bb0 Exception <a 'java/lang/NoSuchMethodError'{0x00000000c5c71e88}: 'java.lang.Object java.lang.invoke.DirectMethodHandle$Holder.invokeStatic(java.lang.Object, int, int, java.lang.Object)'> (0x00000000c5c71e88) 
thrown [s\src\hotspot\share\interpreter\linkResolver.cpp, line 784]
Event: 22.237 Thread 0x00000262156f0bb0 Exception <a 'java/lang/NoSuchMethodError'{0x00000000c5c75568}: 'java.lang.Object java.lang.invoke.DirectMethodHandle$Holder.invokeStaticInit(java.lang.Object, int, int, java.lang.Object)'> (0x00000000c5c75568) 
thrown [s\src\hotspot\share\interpreter\linkResolver.cpp, line 784]
Event: 22.442 Thread 0x00000262156f0bb0 Implicit null exception at 0x000002622265d85a to 0x000002622265d970
Event: 22.501 Thread 0x00000262156f0bb0 Implicit null exception at 0x000002622285c6e9 to 0x000002622285c8a0
Event: 22.814 Thread 0x00000262156f0bb0 Exception <a 'java/lang/NoSuchMethodError'{0x00000000c7191cd8}: 'java.lang.Object java.lang.invoke.DirectMethodHandle$Holder.invokeStatic(java.lang.Object, java.lang.Object, java.lang.Object, java.lang.Object, java.lang.Object, int)'> (0x00000000c7191cd8) 
thrown [s\src\hotspot\share\interpreter\linkResolver.cpp, line 784]
Event: 24.055 Thread 0x00000262156f0bb0 Exception <a 'java/lang/NoSuchMethodError'{0x00000000c68e0b98}: 'java.lang.Object java.lang.invoke.DirectMethodHandle$Holder.newInvokeSpecial(java.lang.Object, java.lang.Object, int, java.lang.Object, java.lang.Object, java.lang.Object, java.lang.Object)'> (0x00000000c68e0b98) 
thrown [s\src\hotspot\share\interpreter\linkResolver.cpp, line 784]
Event: 24.055 Thread 0x00000262156f0bb0 Exception <a 'java/lang/NoSuchMethodError'{0x00000000c68e87c8}: 'java.lang.Object java.lang.invoke.Invokers$Holder.linkToTargetMethod(java.lang.Object, int, java.lang.Object, java.lang.Object, java.lang.Object, java.lang.Object, java.lang.Object)'> (0x00000000c68e87c8) 
thrown [s\src\hotspot\share\interpreter\linkResolver.cpp, line 784]
Event: 24.605 Thread 0x00000262156f0bb0 Implicit null exception at 0x00000262226572a0 to 0x0000026222657858
Event: 24.610 Thread 0x00000262156f0bb0 Implicit null exception at 0x0000026222657ea0 to 0x000002622265844c
Event: 25.032 Thread 0x00000262156f0bb0 Exception <a 'java/lang/NoSuchMethodError'{0x00000000c67f9ef0}: 'java.lang.Object java.lang.invoke.DirectMethodHandle$Holder.newInvokeSpecial(java.lang.Object, java.lang.Object, java.lang.Object, java.lang.Object, java.lang.Object, java.lang.Object, java.lang.Object, java.lang.Object, int)'> (0x00000000c67f9ef0) 
thrown [s\src\hotspot\share\interpreter\linkResolver.cpp, line 784]
Event: 25.033 Thread 0x00000262156f0bb0 Exception <a 'java/lang/NoSuchMethodError'{0x00000000c67fec98}: 'java.lang.Object java.lang.invoke.DirectMethodHandle$Holder.invokeSpecial(java.lang.Object, java.lang.Object, java.lang.Object, java.lang.Object, java.lang.Object, java.lang.Object, java.lang.Object, java.lang.Object, java.lang.Object, int)'> (0x00000000c67fec98) 
thrown [s\src\hotspot\share\interpreter\linkResolver.cpp, line 784]
Event: 25.294 Thread 0x00000262156f0bb0 Exception <a 'java/lang/NoSuchMethodError'{0x00000000c6392278}: 'java.lang.Object java.lang.invoke.DirectMethodHandle$Holder.invokeStatic(java.lang.Object, java.lang.Object, int, int)'> (0x00000000c6392278) 
thrown [s\src\hotspot\share\interpreter\linkResolver.cpp, line 784]
Event: 25.319 Thread 0x00000262156f0bb0 Exception <a 'java/lang/NoSuchMethodError'{0x00000000c63d2048}: 'java.lang.Object java.lang.invoke.DirectMethodHandle$Holder.newInvokeSpecial(java.lang.Object, java.lang.Object, java.lang.Object, java.lang.Object, java.lang.Object, java.lang.Object, java.lang.Object, int)'> (0x00000000c63d2048) 
thrown [s\src\hotspot\share\interpreter\linkResolver.cpp, line 784]
Event: 25.319 Thread 0x00000262156f0bb0 Exception <a 'java/lang/NoSuchMethodError'{0x00000000c63d66f8}: 'java.lang.Object java.lang.invoke.DirectMethodHandle$Holder.invokeSpecial(java.lang.Object, java.lang.Object, java.lang.Object, java.lang.Object, java.lang.Object, java.lang.Object, java.lang.Object, java.lang.Object, int)'> (0x00000000c63d66f8) 
thrown [s\src\hotspot\share\interpreter\linkResolver.cpp, line 784]

ZGC Phase Switch (0 events):
No events

VM Operations (20 events):
Event: 24.990 Executing VM operation: HandshakeAllThreads (Deoptimize) done
Event: 25.136 Executing VM operation: HandshakeAllThreads (Deoptimize)
Event: 25.137 Executing VM operation: HandshakeAllThreads (Deoptimize) done
Event: 25.242 Executing VM operation: HandshakeAllThreads (Deoptimize)
Event: 25.242 Executing VM operation: HandshakeAllThreads (Deoptimize) done
Event: 25.407 Executing VM operation: ICBufferFull
Event: 25.408 Executing VM operation: ICBufferFull done
Event: 25.518 Executing VM operation: HandshakeAllThreads (Deoptimize)
Event: 25.518 Executing VM operation: HandshakeAllThreads (Deoptimize) done
Event: 25.628 Executing VM operation: HandshakeAllThreads (Deoptimize)
Event: 25.628 Executing VM operation: HandshakeAllThreads (Deoptimize) done
Event: 25.651 Executing VM operation: HandshakeAllThreads (Deoptimize)
Event: 25.651 Executing VM operation: HandshakeAllThreads (Deoptimize) done
Event: 25.716 Executing VM operation: ICBufferFull
Event: 25.716 Executing VM operation: ICBufferFull done
Event: 25.848 Executing VM operation: HandshakeAllThreads (Deoptimize)
Event: 25.848 Executing VM operation: HandshakeAllThreads (Deoptimize) done
Event: 25.910 Executing VM operation: G1CollectForAllocation (G1 Evacuation Pause)
Event: 25.920 Executing VM operation: G1CollectForAllocation (G1 Evacuation Pause) done
Event: 25.971 Executing VM operation: G1PauseRemark

Memory protections (0 events):
No events

Nmethod flushes (20 events):
Event: 25.992 Thread 0x000002622dbe11d0 flushing  nmethod 0x000002621b3a8d10
Event: 25.992 Thread 0x000002622dbe11d0 flushing  nmethod 0x000002621b3b8f90
Event: 25.992 Thread 0x000002622dbe11d0 flushing  nmethod 0x000002621b3ba990
Event: 25.992 Thread 0x000002622dbe11d0 flushing  nmethod 0x000002621b3bbe90
Event: 25.992 Thread 0x000002622dbe11d0 flushing  nmethod 0x000002621b3bdc10
Event: 25.992 Thread 0x000002622dbe11d0 flushing  nmethod 0x000002621b3bed90
Event: 25.992 Thread 0x000002622dbe11d0 flushing  nmethod 0x000002621b3bf190
Event: 25.992 Thread 0x000002622dbe11d0 flushing  nmethod 0x000002621b3f9f10
Event: 25.992 Thread 0x000002622dbe11d0 flushing  nmethod 0x000002621b3fc790
Event: 25.992 Thread 0x000002622dbe11d0 flushing  nmethod 0x000002621b404790
Event: 25.992 Thread 0x000002622dbe11d0 flushing  nmethod 0x000002621b405410
Event: 25.992 Thread 0x000002622dbe11d0 flushing  nmethod 0x000002621b406110
Event: 25.992 Thread 0x000002622dbe11d0 flushing  nmethod 0x000002621b415510
Event: 25.992 Thread 0x000002622dbe11d0 flushing  nmethod 0x000002621b486810
Event: 25.992 Thread 0x000002622dbe11d0 flushing  nmethod 0x000002621b497810
Event: 25.992 Thread 0x000002622dbe11d0 flushing  nmethod 0x000002621b4b6990
Event: 25.992 Thread 0x000002622dbe11d0 flushing  nmethod 0x000002621b6c8e10
Event: 25.992 Thread 0x000002622dbe11d0 flushing  nmethod 0x000002621b727990
Event: 25.992 Thread 0x000002622dbe11d0 flushing  nmethod 0x000002621b7e6590
Event: 25.992 Thread 0x000002622dbe11d0 flushing  nmethod 0x000002621bcddd10

Events (17 events):
Event: 0.082 Thread 0x00000262156f0bb0 Thread added: 0x00000262156f0bb0
Event: 0.277 Thread 0x00000262156f0bb0 Thread added: 0x000002622dc7f3e0
Event: 0.285 Thread 0x00000262156f0bb0 Thread added: 0x0000026232020770
Event: 0.285 Thread 0x00000262156f0bb0 Thread added: 0x000002622dc83350
Event: 0.286 Thread 0x00000262156f0bb0 Thread added: 0x000002622dc83db0
Event: 0.286 Thread 0x00000262156f0bb0 Thread added: 0x000002622dc84810
Event: 0.286 Thread 0x00000262156f0bb0 Thread added: 0x000002622dc85270
Event: 0.286 Thread 0x00000262156f0bb0 Thread added: 0x000002622dc85cd0
Event: 0.287 Thread 0x00000262156f0bb0 Thread added: 0x000002623200a080
Event: 0.288 Thread 0x00000262156f0bb0 Thread added: 0x000002622dc86e50
Event: 0.381 Thread 0x00000262156f0bb0 Thread added: 0x00000262321ad270
Event: 0.411 Loaded shared library D:\Android\Android Studio\jbr\bin\net.dll
Event: 0.428 Loaded shared library D:\Android\Android Studio\jbr\bin\nio.dll
Event: 0.484 Loaded shared library D:\Android\Android Studio\jbr\bin\zip.dll
Event: 0.611 Loaded shared library D:\Android\Android Studio\jbr\bin\jimage.dll
Event: 2.992 Loaded shared library D:\Android\Android Studio\jbr\bin\management.dll
Event: 3.073 Loaded shared library D:\Android\Android Studio\jbr\bin\management_ext.dll


Dynamic libraries:
0x00007ff6305f0000 - 0x00007ff6305fa000 	D:\Android\Android Studio\jbr\bin\java.exe
0x00007ff92faf0000 - 0x00007ff92fce8000 	C:\WINDOWS\SYSTEM32\ntdll.dll
0x00007ff92e3a0000 - 0x00007ff92e461000 	C:\WINDOWS\System32\KERNEL32.DLL
0x00007ff92d3f0000 - 0x00007ff92d6ed000 	C:\WINDOWS\System32\KERNELBASE.dll
0x00007ff92da20000 - 0x00007ff92db20000 	C:\WINDOWS\System32\ucrtbase.dll
0x00007ff925c00000 - 0x00007ff925c1b000 	D:\Android\Android Studio\jbr\bin\VCRUNTIME140.dll
0x00007ff925af0000 - 0x00007ff925b08000 	D:\Android\Android Studio\jbr\bin\jli.dll
0x00007ff92ddd0000 - 0x00007ff92df6d000 	C:\WINDOWS\System32\USER32.dll
0x00007ff92d350000 - 0x00007ff92d372000 	C:\WINDOWS\System32\win32u.dll
0x00007ff92fa80000 - 0x00007ff92faab000 	C:\WINDOWS\System32\GDI32.dll
0x00007ff92d6f0000 - 0x00007ff92d807000 	C:\WINDOWS\System32\gdi32full.dll
0x00007ff92d8c0000 - 0x00007ff92d95d000 	C:\WINDOWS\System32\msvcp_win.dll
0x00007ff921c30000 - 0x00007ff921eca000 	C:\WINDOWS\WinSxS\amd64_microsoft.windows.common-controls_6595b64144ccf1df_6.0.19041.4355_none_60b8b9eb71f62e16\COMCTL32.dll
0x00007ff92e4f0000 - 0x00007ff92e58e000 	C:\WINDOWS\System32\msvcrt.dll
0x00007ff92e010000 - 0x00007ff92e03f000 	C:\WINDOWS\System32\IMM32.DLL
0x00007ff927e70000 - 0x00007ff927e7c000 	D:\Android\Android Studio\jbr\bin\vcruntime140_1.dll
0x00007ff90b9e0000 - 0x00007ff90ba6d000 	D:\Android\Android Studio\jbr\bin\msvcp140.dll
0x00007ff8c91f0000 - 0x00007ff8c9e86000 	D:\Android\Android Studio\jbr\bin\server\jvm.dll
0x00007ff92dc40000 - 0x00007ff92dcf0000 	C:\WINDOWS\System32\ADVAPI32.dll
0x00007ff92f910000 - 0x00007ff92f9b0000 	C:\WINDOWS\System32\sechost.dll
0x00007ff92ea60000 - 0x00007ff92eb83000 	C:\WINDOWS\System32\RPCRT4.dll
0x00007ff92d9f0000 - 0x00007ff92da17000 	C:\WINDOWS\System32\bcrypt.dll
0x00007ff92f9b0000 - 0x00007ff92fa1b000 	C:\WINDOWS\System32\WS2_32.dll
0x00007ff92c6e0000 - 0x00007ff92c72b000 	C:\WINDOWS\SYSTEM32\POWRPROF.dll
0x00007ff922370000 - 0x00007ff922397000 	C:\WINDOWS\SYSTEM32\WINMM.dll
0x00007ff924930000 - 0x00007ff92493a000 	C:\WINDOWS\SYSTEM32\VERSION.dll
0x00007ff92c5a0000 - 0x00007ff92c5b2000 	C:\WINDOWS\SYSTEM32\UMPDC.dll
0x00007ff92b9e0000 - 0x00007ff92b9f2000 	C:\WINDOWS\SYSTEM32\kernel.appcore.dll
0x00007ff925ae0000 - 0x00007ff925aea000 	D:\Android\Android Studio\jbr\bin\jimage.dll
0x00007ff92ac20000 - 0x00007ff92ae04000 	C:\WINDOWS\SYSTEM32\DBGHELP.DLL
0x00007ff9139a0000 - 0x00007ff9139d4000 	C:\WINDOWS\SYSTEM32\dbgcore.DLL
0x00007ff92d960000 - 0x00007ff92d9e2000 	C:\WINDOWS\System32\bcryptPrimitives.dll
0x00007ff925aa0000 - 0x00007ff925ac0000 	D:\Android\Android Studio\jbr\bin\java.dll
0x00007ff925a80000 - 0x00007ff925a98000 	D:\Android\Android Studio\jbr\bin\zip.dll
0x00007ff92eb90000 - 0x00007ff92f2ff000 	C:\WINDOWS\System32\SHELL32.dll
0x00007ff92b220000 - 0x00007ff92b9c3000 	C:\WINDOWS\SYSTEM32\windows.storage.dll
0x00007ff92e040000 - 0x00007ff92e393000 	C:\WINDOWS\System32\combase.dll
0x00007ff92cbd0000 - 0x00007ff92cbfe000 	C:\WINDOWS\SYSTEM32\Wldp.dll
0x00007ff92dcf0000 - 0x00007ff92ddbd000 	C:\WINDOWS\System32\OLEAUT32.dll
0x00007ff92f6b0000 - 0x00007ff92f75d000 	C:\WINDOWS\System32\SHCORE.dll
0x00007ff92e590000 - 0x00007ff92e5e5000 	C:\WINDOWS\System32\shlwapi.dll
0x00007ff92d0d0000 - 0x00007ff92d0f4000 	C:\WINDOWS\SYSTEM32\profapi.dll
0x00007ff925a70000 - 0x00007ff925a80000 	D:\Android\Android Studio\jbr\bin\net.dll
0x00007ff926c70000 - 0x00007ff926d7d000 	C:\WINDOWS\SYSTEM32\WINHTTP.dll
0x00007ff92c930000 - 0x00007ff92c99a000 	C:\WINDOWS\system32\mswsock.dll
0x00007ff916140000 - 0x00007ff916156000 	D:\Android\Android Studio\jbr\bin\nio.dll
0x00007ff925a30000 - 0x00007ff925a39000 	D:\Android\Android Studio\jbr\bin\management.dll
0x00007ff920190000 - 0x00007ff92019b000 	D:\Android\Android Studio\jbr\bin\management_ext.dll
0x00007ff92ddc0000 - 0x00007ff92ddc8000 	C:\WINDOWS\System32\PSAPI.DLL
0x00007ff925a60000 - 0x00007ff925a70000 	D:\Android\Android Studio\jbr\bin\verify.dll

JVMTI agents: none

dbghelp: loaded successfully - version: 4.0.5 - missing functions: none
symbol engine: initialized successfully - sym options: 0x614 - pdb path: .;D:\Android\Android Studio\jbr\bin;C:\WINDOWS\SYSTEM32;C:\WINDOWS\WinSxS\amd64_microsoft.windows.common-controls_6595b64144ccf1df_6.0.19041.4355_none_60b8b9eb71f62e16;D:\Android\Android Studio\jbr\bin\server

VM Arguments:
java_command: org.jetbrains.kotlin.cli.jvm.K2JVMCompiler @D:\IT Projects\budolEcosystem\budolPayMobile\build\shared_preferences_android\20260102_18387784396720106711.compiler.options
java_class_path (initial): C:\Users\Administrator\.gradle\caches\modules-2\files-2.1\org.jetbrains.kotlin\kotlin-compiler-embeddable\2.2.20\bb8331b7585e36ea311825b01a1c06860c055fd1\kotlin-compiler-embeddable-2.2.20.jar;C:\Users\Administrator\.gradle\caches\modules-2\files-2.1\org.jetbrains.kotlin\kotlin-stdlib\2.2.20\5380b19fa1924399b62ce3a1faffebb2b4f82272\kotlin-stdlib-2.2.20.jar;C:\Users\Administrator\.gradle\caches\modules-2\files-2.1\org.jetbrains.kotlin\kotlin-script-runtime\2.2.20\4c679cbeac0bb583b75c3a080013da8eaf240807\kotlin-script-runtime-2.2.20.jar;C:\Users\Administrator\.gradle\caches\modules-2\files-2.1\org.jetbrains.kotlin\kotlin-reflect\1.6.10\1cbe9c92c12a94eea200d23c2bbaedaf3daf5132\kotlin-reflect-1.6.10.jar;C:\Users\Administrator\.gradle\caches\modules-2\files-2.1\org.jetbrains.kotlin\kotlin-daemon-embeddable\2.2.20\feff12d48d7f1eb628742b0a721395e16f8755bf\kotlin-daemon-embeddable-2.2.20.jar;C:\Users\Administrator\.gradle\caches\modules-2\files-2.1\org.jetbrains.kotlinx\kotlinx-coroutines-core-jvm\1.8.0\ac1dc37a30a93150b704022f8d895ee1bd3a36b3\kotlinx-coroutines-core-jvm-1.8.0.jar;C:\Users\Administrator\.gradle\caches\modules-2\files-2.1\org.jetbrains\annotations\13.0\919f0dfe192fb4e063e7dacadee7f8bb9a2672a9\annotations-13.0.jar
Launcher Type: SUN_STANDARD

[Global flags]
     intx CICompilerCount                          = 4                                         {product} {ergonomic}
     uint ConcGCThreads                            = 2                                         {product} {ergonomic}
     uint G1ConcRefinementThreads                  = 8                                         {product} {ergonomic}
   size_t G1HeapRegionSize                         = 1048576                                   {product} {ergonomic}
    uintx GCDrainStackTargetSize                   = 64                                        {product} {ergonomic}
   size_t InitialHeapSize                          = 67108864                                  {product} {ergonomic}
   size_t MarkStackSize                            = 4194304                                   {product} {ergonomic}
   size_t MaxHeapSize                              = 1042284544                                {product} {ergonomic}
   size_t MaxNewSize                               = 624951296                                 {product} {ergonomic}
   size_t MinHeapDeltaBytes                        = 1048576                                   {product} {ergonomic}
   size_t MinHeapSize                              = 8388608                                   {product} {ergonomic}
    uintx NonNMethodCodeHeapSize                   = 5839372                                {pd product} {ergonomic}
    uintx NonProfiledCodeHeapSize                  = 122909434                              {pd product} {ergonomic}
    uintx ProfiledCodeHeapSize                     = 122909434                              {pd product} {ergonomic}
    uintx ReservedCodeCacheSize                    = 251658240                              {pd product} {ergonomic}
     bool SegmentedCodeCache                       = true                                      {product} {ergonomic}
   size_t SoftMaxHeapSize                          = 1042284544                             {manageable} {ergonomic}
     bool UseCompressedOops                        = true                           {product lp64_product} {ergonomic}
     bool UseG1GC                                  = true                                      {product} {ergonomic}
     bool UseLargePagesIndividualAllocation        = false                                  {pd product} {ergonomic}

Logging:
Log output configuration:
 #0: stdout all=warning uptime,level,tags foldmultilines=false
 #1: stderr all=off uptime,level,tags foldmultilines=false

Environment Variables:
JAVA_HOME=D:\Android\Android Studio\jbr
CLASSPATH=D:\IT Projects\budolEcosystem\budolPayMobile\android\\gradle\wrapper\gradle-wrapper.jar
PATH=D:\Android\Android Studio\jbr\bin;c:\\Users\\Administrator\\.trae\\sdks\\workspaces\\8b594975\\versions\\node\\current;c:\\Users\\Administrator\\.trae\\sdks\\versions\\node\\current;D:\flutter\bin\;c:\Users\Administrator\.trae\sdks\workspaces\8b594975\versions\node\current;c:\Users\Administrator\.trae\sdks\versions\node\current;C:\Python312\Scripts\;C:\Python312\;C:\WINDOWS\system32;C:\WINDOWS;C:\WINDOWS\System32\Wbem;C:\WINDOWS\System32\WindowsPowerShell\v1.0\;C:\WINDOWS\System32\OpenSSH\;C:\ProgramData\chocolatey\bin;C:\Program Files\Docker\Docker\resources\bin;C:\Program Files\Git\cmd;C:\Program Files\Sniffnet\;C:\wamp64\bin\php\php8.2.13;C:\Program Files\Cloudflare\Cloudflare WARP\;C:\Program Files\cursor\resources\app\bin;C:\Program Files\nodejs\;d:\Trae\bin;C:\Users\Administrator\AppData\Local\Microsoft\WindowsApps;C:\Users\Administrator\AppData\Local\Programs\Microsoft VS Code\bin;C:\Users\Administrator\AppData\Local\ComposerSetup\bin;C:\Users\Administrator\AppData\Roaming\Composer\vendor\bin;C:\Users\Administrator\AppData\Local\Programs\Antigravity\bin;C:\Users\Administrator\AppData\Roaming\npm;D:\flutter\bin
USERNAME=Administrator
LANG=en_US.UTF-8
OS=Windows_NT
PROCESSOR_IDENTIFIER=Intel64 Family 6 Model 158 Stepping 13, GenuineIntel
TMP=C:\Users\ADMINI~1\AppData\Local\Temp
TEMP=C:\Users\ADMINI~1\AppData\Local\Temp




Periodic native trim disabled

JNI global refs:
JNI global refs: 10, weak refs: 0

JNI global refs memory usage: 835, weak refs: 833

Process memory usage:
Resident Set Size: 228756K (5% of 4063352K total physical memory with 132520K free physical memory)

OOME stack traces (most recent first):
Classloader memory used:
Loader jdk.internal.loader.ClassLoaders$AppClassLoader                                 : 71248K
Loader bootstrap                                                                       : 11796K

---------------  S Y S T E M  ---------------

OS:
 Windows 10 , 64 bit Build 19041 (10.0.19041.4842)
OS uptime: 0 days 5:07 hours

CPU: total 8 (initial active 8) (8 cores per cpu, 1 threads per core) family 6 model 158 stepping 13 microcode 0xb8, cx8, cmov, fxsr, mmx, 3dnowpref, sse, sse2, sse3, ssse3, sse4.1, sse4.2, popcnt, lzcnt, tsc, tscinvbit, avx, avx2, aes, erms, clmul, bmi1, bmi2, rtm, adx, fma, vzeroupper, clflush, clflushopt, rdtscp, f16c
Processor Information for the first 8 processors :
  Max Mhz: 3000, Current Mhz: 3000, Mhz Limit: 3000

Memory: 4k page, system-wide physical 3968M (127M free)
TotalPageFile size 16256M (AvailPageFile size 11M)
current process WorkingSet (physical memory assigned to process): 221M, peak: 245M
current process commit charge ("private bytes"): 330M, peak: 343M

vm_info: OpenJDK 64-Bit Server VM (21.0.8+-14196175-b1038.72) for windows-amd64 JRE (21.0.8+-14196175-b1038.72), built on 2025-10-01T10:24:33Z by "builder" with MS VC++ 16.10 / 16.11 (VS2019)

END.
