#
# There is insufficient memory for the Java Runtime Environment to continue.
# Native memory allocation (malloc) failed to allocate 1010176 bytes. Error detail: Chunk::new
# Possible reasons:
#   The system is out of physical RAM or swap space
#   This process is running with CompressedOops enabled, and the Java Heap may be blocking the growth of the native heap
# Possible solutions:
#   Reduce memory load on the system
#   Increase physical memory or swap space
#   Check if swap backing store is full
#   Decrease Java heap size (-Xmx/-Xms)
#   Decrease number of Java threads
#   Decrease Java thread stack sizes (-Xss)
#   Set larger code cache with -XX:ReservedCodeCacheSize=
#   JVM is running with Unscaled Compressed Oops mode in which the Java heap is
#     placed in the first 4GB address space. The Java Heap base address is the
#     maximum limit for the native heap growth. Please use -XX:HeapBaseMinAddress
#     to set the Java Heap base and to place the Java Heap above 4GB virtual address.
# This output file may be truncated or incomplete.
#
#  Out of Memory Error (arena.cpp:168), pid=18612, tid=14692
#
# JRE version: OpenJDK Runtime Environment (21.0.8) (build 21.0.8+-14196175-b1038.72)
# Java VM: OpenJDK 64-Bit Server VM (21.0.8+-14196175-b1038.72, mixed mode, tiered, compressed oops, compressed class ptrs, g1 gc, windows-amd64)
# No core dump will be written. Minidumps are not enabled by default on client versions of Windows
#

---------------  S U M M A R Y ------------

Command Line: org.jetbrains.kotlin.cli.jvm.K2JVMCompiler @D:\IT Projects\budolEcosystem\budolPayMobile\build\shared_preferences_android\20260102_10624844658129468479.compiler.options

Host: Intel(R) Core(TM) i7-9700 CPU @ 3.00GHz, 8 cores, 3G,  Windows 10 , 64 bit Build 19041 (10.0.19041.4842)
Time: Fri Jan  2 16:30:07 2026 Malay Peninsula Standard Time elapsed time: 24.404657 seconds (0d 0h 0m 24s)

---------------  T H R E A D  ---------------

Current thread (0x000001c84032ce30):  JavaThread "C2 CompilerThread0" daemon [_thread_in_native, id=14692, stack(0x000000b80bd00000,0x000000b80be00000) (1024K)]


Current CompileTask:
C2:24405 11950       4       org.jetbrains.org.objectweb.asm.ClassReader::accept (1401 bytes)

Stack: [0x000000b80bd00000,0x000000b80be00000]
Native frames: (J=compiled Java code, j=interpreted, Vv=VM code, C=native code)
V  [jvm.dll+0x6d68d9]
V  [jvm.dll+0x866693]
V  [jvm.dll+0x868c4e]
V  [jvm.dll+0x869333]
V  [jvm.dll+0x280566]
V  [jvm.dll+0xc07cd]
V  [jvm.dll+0xc0d03]
V  [jvm.dll+0x2f5970]
V  [jvm.dll+0x5ff719]
V  [jvm.dll+0x252362]
V  [jvm.dll+0x25271f]
V  [jvm.dll+0x24aec5]
V  [jvm.dll+0x24871e]
V  [jvm.dll+0x1c73a4]
V  [jvm.dll+0x257f9e]
V  [jvm.dll+0x2564e6]
V  [jvm.dll+0x3f4696]
V  [jvm.dll+0x80eac8]
V  [jvm.dll+0x6d512d]
C  [ucrtbase.dll+0x21bb2]
C  [KERNEL32.DLL+0x17374]
C  [ntdll.dll+0x4cc91]


---------------  P R O C E S S  ---------------

Threads class SMR info:
_java_thread_list=0x000001c8405fe140, length=11, elements={
0x000001c827dd2860, 0x000001c84031e550, 0x000001c8403243a0, 0x000001c840328170,
0x000001c84048fa80, 0x000001c840328bd0, 0x000001c840329630, 0x000001c84032a090,
0x000001c84032ce30, 0x000001c84032e0e0, 0x000001c840619150
}

Java Threads: ( => current thread )
  0x000001c827dd2860 JavaThread "main"                              [_thread_in_vm, id=2960, stack(0x000000b80ae00000,0x000000b80af00000) (1024K)]
  0x000001c84031e550 JavaThread "Common-Cleaner"             daemon [_thread_blocked, id=30924, stack(0x000000b80b600000,0x000000b80b700000) (1024K)]
  0x000001c8403243a0 JavaThread "Reference Handler"          daemon [_thread_blocked, id=14860, stack(0x000000b80b700000,0x000000b80b800000) (1024K)]
  0x000001c840328170 JavaThread "Finalizer"                  daemon [_thread_blocked, id=22808, stack(0x000000b80b800000,0x000000b80b900000) (1024K)]
  0x000001c84048fa80 JavaThread "Signal Dispatcher"          daemon [_thread_blocked, id=13272, stack(0x000000b80b900000,0x000000b80ba00000) (1024K)]
  0x000001c840328bd0 JavaThread "Attach Listener"            daemon [_thread_blocked, id=14648, stack(0x000000b80ba00000,0x000000b80bb00000) (1024K)]
  0x000001c840329630 JavaThread "Service Thread"             daemon [_thread_blocked, id=25196, stack(0x000000b80bb00000,0x000000b80bc00000) (1024K)]
  0x000001c84032a090 JavaThread "Monitor Deflation Thread"   daemon [_thread_blocked, id=21808, stack(0x000000b80bc00000,0x000000b80bd00000) (1024K)]
=>0x000001c84032ce30 JavaThread "C2 CompilerThread0"         daemon [_thread_in_native, id=14692, stack(0x000000b80bd00000,0x000000b80be00000) (1024K)]
  0x000001c84032e0e0 JavaThread "C1 CompilerThread0"         daemon [_thread_blocked, id=29556, stack(0x000000b80be00000,0x000000b80bf00000) (1024K)]
  0x000001c840619150 JavaThread "Notification Thread"        daemon [_thread_blocked, id=15348, stack(0x000000b80bf00000,0x000000b80c000000) (1024K)]
Total: 11

Other Threads:
  0x000001c8402cdf90 VMThread "VM Thread"                           [id=15588, stack(0x000000b80b500000,0x000000b80b600000) (1024K)]
  0x000001c82a12e980 WatcherThread "VM Periodic Task Thread"        [id=13456, stack(0x000000b80b400000,0x000000b80b500000) (1024K)]
  0x000001c82a0a7fe0 WorkerThread "GC Thread#0"                     [id=24404, stack(0x000000b80af00000,0x000000b80b000000) (1024K)]
  0x000001c8453fe220 WorkerThread "GC Thread#1"                     [id=13152, stack(0x000000b80c000000,0x000000b80c100000) (1024K)]
  0x000001c8454b74a0 WorkerThread "GC Thread#2"                     [id=16728, stack(0x000000b80c100000,0x000000b80c200000) (1024K)]
  0x000001c8454b7c50 WorkerThread "GC Thread#3"                     [id=23504, stack(0x000000b80c200000,0x000000b80c300000) (1024K)]
  0x000001c8454a4130 WorkerThread "GC Thread#4"                     [id=31316, stack(0x000000b80c300000,0x000000b80c400000) (1024K)]
  0x000001c8454a44d0 WorkerThread "GC Thread#5"                     [id=12904, stack(0x000000b80c400000,0x000000b80c500000) (1024K)]
  0x000001c845650430 WorkerThread "GC Thread#6"                     [id=19836, stack(0x000000b80c500000,0x000000b80c600000) (1024K)]
  0x000001c8456512b0 WorkerThread "GC Thread#7"                     [id=21664, stack(0x000000b80c600000,0x000000b80c700000) (1024K)]
  0x000001c82a0b0b10 ConcurrentGCThread "G1 Main Marker"            [id=17432, stack(0x000000b80b000000,0x000000b80b100000) (1024K)]
  0x000001c82a0b1520 WorkerThread "G1 Conc#0"                       [id=18616, stack(0x000000b80b100000,0x000000b80b200000) (1024K)]
  0x000001c8459ccbf0 WorkerThread "G1 Conc#1"                       [id=29764, stack(0x000000b80c700000,0x000000b80c800000) (1024K)]
  0x000001c82a11c6e0 ConcurrentGCThread "G1 Refine#0"               [id=26984, stack(0x000000b80b200000,0x000000b80b300000) (1024K)]
  0x000001c82a11d160 ConcurrentGCThread "G1 Service"                [id=24416, stack(0x000000b80b300000,0x000000b80b400000) (1024K)]
Total: 15

Threads with active compile tasks:
C2 CompilerThread0  24452 11950       4       org.jetbrains.org.objectweb.asm.ClassReader::accept (1401 bytes)
Total: 1

VM state: not at safepoint (normal execution)

VM Mutex/Monitor currently owned by a thread: None

Heap address: 0x00000000c1e00000, size: 994 MB, Compressed Oops mode: 32-bit

CDS archive(s) not mapped
Compressed class space mapped at: 0x0000000100000000-0x0000000140000000, reserved size: 1073741824
Narrow klass base: 0x0000000000000000, Narrow klass shift: 3, Narrow klass range: 0x140000000

GC Precious Log:
 CardTable entry size: 512
 Card Set container configuration: InlinePtr #cards 5 size 8 Array Of Cards #cards 12 size 40 Howl #buckets 4 coarsen threshold 1843 Howl Bitmap #cards 512 size 80 coarsen threshold 460 Card regions per heap region 1 cards per card region 2048
 CPUs: 8 total, 8 available
 Memory: 3968M
 Large Page Support: Disabled
 NUMA Support: Disabled
 Compressed Oops: Enabled (32-bit)
 Heap Region Size: 1M
 Heap Min Capacity: 8M
 Heap Initial Capacity: 64M
 Heap Max Capacity: 994M
 Pre-touch: Disabled
 Parallel Workers: 8
 Concurrent Workers: 2
 Concurrent Refinement Workers: 8
 Periodic GC: Disabled

Heap:
 garbage-first heap   total 109568K, used 73134K [0x00000000c1e00000, 0x0000000100000000)
  region size 1024K, 11 young (11264K), 2 survivors (2048K)
 Metaspace       used 95324K, committed 95680K, reserved 1179648K
  class space    used 10750K, committed 10944K, reserved 1048576K

Heap Regions: E=young(eden), S=young(survivor), O=old, HS=humongous(starts), HC=humongous(continues), CS=collection set, F=free, TAMS=top-at-mark-start, PB=parsable bottom
|   0|0x00000000c1e00000, 0x00000000c1f00000, 0x00000000c1f00000|100%|HS|  |TAMS 0x00000000c1e00000| PB 0x00000000c1e00000| Complete 
|   1|0x00000000c1f00000, 0x00000000c2000000, 0x00000000c2000000|100%|HC|  |TAMS 0x00000000c1f00000| PB 0x00000000c1f00000| Complete 
|   2|0x00000000c2000000, 0x00000000c2100000, 0x00000000c2100000|100%|HC|  |TAMS 0x00000000c2000000| PB 0x00000000c2000000| Complete 
|   3|0x00000000c2100000, 0x00000000c2200000, 0x00000000c2200000|100%|HC|  |TAMS 0x00000000c2100000| PB 0x00000000c2100000| Complete 
|   4|0x00000000c2200000, 0x00000000c2300000, 0x00000000c2300000|100%| O|  |TAMS 0x00000000c2200000| PB 0x00000000c2200000| Untracked 
|   5|0x00000000c2300000, 0x00000000c2400000, 0x00000000c2400000|100%| O|  |TAMS 0x00000000c2300000| PB 0x00000000c2300000| Untracked 
|   6|0x00000000c2400000, 0x00000000c2500000, 0x00000000c2500000|100%| O|  |TAMS 0x00000000c2400000| PB 0x00000000c2400000| Untracked 
|   7|0x00000000c2500000, 0x00000000c2600000, 0x00000000c2600000|100%| O|  |TAMS 0x00000000c2500000| PB 0x00000000c2500000| Untracked 
|   8|0x00000000c2600000, 0x00000000c2700000, 0x00000000c2700000|100%| O|  |TAMS 0x00000000c2600000| PB 0x00000000c2600000| Untracked 
|   9|0x00000000c2700000, 0x00000000c2800000, 0x00000000c2800000|100%| O|  |TAMS 0x00000000c2700000| PB 0x00000000c2700000| Untracked 
|  10|0x00000000c2800000, 0x00000000c2900000, 0x00000000c2900000|100%| O|  |TAMS 0x00000000c2800000| PB 0x00000000c2800000| Untracked 
|  11|0x00000000c2900000, 0x00000000c2a00000, 0x00000000c2a00000|100%| O|  |TAMS 0x00000000c2900000| PB 0x00000000c2900000| Untracked 
|  12|0x00000000c2a00000, 0x00000000c2b00000, 0x00000000c2b00000|100%| O|  |TAMS 0x00000000c2a00000| PB 0x00000000c2a00000| Untracked 
|  13|0x00000000c2b00000, 0x00000000c2c00000, 0x00000000c2c00000|100%| O|  |TAMS 0x00000000c2b00000| PB 0x00000000c2b00000| Untracked 
|  14|0x00000000c2c00000, 0x00000000c2d00000, 0x00000000c2d00000|100%| O|  |TAMS 0x00000000c2c00000| PB 0x00000000c2c00000| Untracked 
|  15|0x00000000c2d00000, 0x00000000c2e00000, 0x00000000c2e00000|100%| O|  |TAMS 0x00000000c2d00000| PB 0x00000000c2d00000| Untracked 
|  16|0x00000000c2e00000, 0x00000000c2f00000, 0x00000000c2f00000|100%| O|  |TAMS 0x00000000c2e00000| PB 0x00000000c2e00000| Untracked 
|  17|0x00000000c2f00000, 0x00000000c3000000, 0x00000000c3000000|100%| O|  |TAMS 0x00000000c2f00000| PB 0x00000000c2f00000| Untracked 
|  18|0x00000000c3000000, 0x00000000c3100000, 0x00000000c3100000|100%| O|  |TAMS 0x00000000c3000000| PB 0x00000000c3000000| Untracked 
|  19|0x00000000c3100000, 0x00000000c3200000, 0x00000000c3200000|100%| O|  |TAMS 0x00000000c3100000| PB 0x00000000c3100000| Untracked 
|  20|0x00000000c3200000, 0x00000000c3300000, 0x00000000c3300000|100%| O|  |TAMS 0x00000000c3200000| PB 0x00000000c3200000| Untracked 
|  21|0x00000000c3300000, 0x00000000c3400000, 0x00000000c3400000|100%|HS|  |TAMS 0x00000000c3300000| PB 0x00000000c3300000| Complete 
|  22|0x00000000c3400000, 0x00000000c3500000, 0x00000000c3500000|100%| O|  |TAMS 0x00000000c3400000| PB 0x00000000c3400000| Untracked 
|  23|0x00000000c3500000, 0x00000000c3600000, 0x00000000c3600000|100%| O|  |TAMS 0x00000000c3500000| PB 0x00000000c3500000| Untracked 
|  24|0x00000000c3600000, 0x00000000c3700000, 0x00000000c3700000|100%| O|  |TAMS 0x00000000c3600000| PB 0x00000000c3600000| Untracked 
|  25|0x00000000c3700000, 0x00000000c3800000, 0x00000000c3800000|100%| O|  |TAMS 0x00000000c3700000| PB 0x00000000c3700000| Untracked 
|  26|0x00000000c3800000, 0x00000000c3900000, 0x00000000c3900000|100%| O|  |TAMS 0x00000000c3800000| PB 0x00000000c3800000| Untracked 
|  27|0x00000000c3900000, 0x00000000c3a00000, 0x00000000c3a00000|100%| O|  |TAMS 0x00000000c3900000| PB 0x00000000c3900000| Untracked 
|  28|0x00000000c3a00000, 0x00000000c3b00000, 0x00000000c3b00000|100%| O|  |TAMS 0x00000000c3a00000| PB 0x00000000c3a00000| Untracked 
|  29|0x00000000c3b00000, 0x00000000c3c00000, 0x00000000c3c00000|100%| O|  |TAMS 0x00000000c3b00000| PB 0x00000000c3b00000| Untracked 
|  30|0x00000000c3c00000, 0x00000000c3d00000, 0x00000000c3d00000|100%| O|  |TAMS 0x00000000c3c00000| PB 0x00000000c3c00000| Untracked 
|  31|0x00000000c3d00000, 0x00000000c3e00000, 0x00000000c3e00000|100%| O|  |TAMS 0x00000000c3d00000| PB 0x00000000c3d00000| Untracked 
|  32|0x00000000c3e00000, 0x00000000c3f00000, 0x00000000c3f00000|100%| O|  |TAMS 0x00000000c3e00000| PB 0x00000000c3e00000| Untracked 
|  33|0x00000000c3f00000, 0x00000000c4000000, 0x00000000c4000000|100%| O|  |TAMS 0x00000000c3f00000| PB 0x00000000c3f00000| Untracked 
|  34|0x00000000c4000000, 0x00000000c4100000, 0x00000000c4100000|100%| O|  |TAMS 0x00000000c4000000| PB 0x00000000c4000000| Untracked 
|  35|0x00000000c4100000, 0x00000000c4200000, 0x00000000c4200000|100%| O|  |TAMS 0x00000000c4100000| PB 0x00000000c4100000| Untracked 
|  36|0x00000000c4200000, 0x00000000c4300000, 0x00000000c4300000|100%| O|  |TAMS 0x00000000c4200000| PB 0x00000000c4200000| Untracked 
|  37|0x00000000c4300000, 0x00000000c4400000, 0x00000000c4400000|100%| O|  |TAMS 0x00000000c4300000| PB 0x00000000c4300000| Untracked 
|  38|0x00000000c4400000, 0x00000000c4500000, 0x00000000c4500000|100%| O|  |TAMS 0x00000000c4400000| PB 0x00000000c4400000| Untracked 
|  39|0x00000000c4500000, 0x00000000c4600000, 0x00000000c4600000|100%| O|  |TAMS 0x00000000c4500000| PB 0x00000000c4500000| Untracked 
|  40|0x00000000c4600000, 0x00000000c4700000, 0x00000000c4700000|100%| O|Cm|TAMS 0x00000000c4600000| PB 0x00000000c4600000| Complete 
|  41|0x00000000c4700000, 0x00000000c4800000, 0x00000000c4800000|100%| O|  |TAMS 0x00000000c4700000| PB 0x00000000c4700000| Untracked 
|  42|0x00000000c4800000, 0x00000000c4900000, 0x00000000c4900000|100%| O|  |TAMS 0x00000000c4800000| PB 0x00000000c4800000| Untracked 
|  43|0x00000000c4900000, 0x00000000c4a00000, 0x00000000c4a00000|100%| O|  |TAMS 0x00000000c4900000| PB 0x00000000c4900000| Untracked 
|  44|0x00000000c4a00000, 0x00000000c4b00000, 0x00000000c4b00000|100%| O|Cm|TAMS 0x00000000c4a00000| PB 0x00000000c4a00000| Complete 
|  45|0x00000000c4b00000, 0x00000000c4c00000, 0x00000000c4c00000|100%| O|  |TAMS 0x00000000c4b00000| PB 0x00000000c4b00000| Untracked 
|  46|0x00000000c4c00000, 0x00000000c4d00000, 0x00000000c4d00000|100%| O|  |TAMS 0x00000000c4c00000| PB 0x00000000c4c00000| Untracked 
|  47|0x00000000c4d00000, 0x00000000c4e00000, 0x00000000c4e00000|100%| O|  |TAMS 0x00000000c4d00000| PB 0x00000000c4d00000| Untracked 
|  48|0x00000000c4e00000, 0x00000000c4f00000, 0x00000000c4f00000|100%| O|  |TAMS 0x00000000c4e00000| PB 0x00000000c4e00000| Untracked 
|  49|0x00000000c4f00000, 0x00000000c5000000, 0x00000000c5000000|100%| O|  |TAMS 0x00000000c4f00000| PB 0x00000000c4f00000| Untracked 
|  50|0x00000000c5000000, 0x00000000c5100000, 0x00000000c5100000|100%| O|  |TAMS 0x00000000c5000000| PB 0x00000000c5000000| Untracked 
|  51|0x00000000c5100000, 0x00000000c5200000, 0x00000000c5200000|100%| O|  |TAMS 0x00000000c5100000| PB 0x00000000c5100000| Untracked 
|  52|0x00000000c5200000, 0x00000000c5300000, 0x00000000c5300000|100%| O|  |TAMS 0x00000000c5200000| PB 0x00000000c5200000| Untracked 
|  53|0x00000000c5300000, 0x00000000c5400000, 0x00000000c5400000|100%| O|  |TAMS 0x00000000c5300000| PB 0x00000000c5300000| Untracked 
|  54|0x00000000c5400000, 0x00000000c5500000, 0x00000000c5500000|100%| O|  |TAMS 0x00000000c5400000| PB 0x00000000c5400000| Untracked 
|  55|0x00000000c5500000, 0x00000000c5593520, 0x00000000c5600000| 57%| O|  |TAMS 0x00000000c5500000| PB 0x00000000c5500000| Untracked 
|  56|0x00000000c5600000, 0x00000000c5600000, 0x00000000c5700000|  0%| F|  |TAMS 0x00000000c5600000| PB 0x00000000c5600000| Untracked 
|  57|0x00000000c5700000, 0x00000000c5700000, 0x00000000c5800000|  0%| F|  |TAMS 0x00000000c5700000| PB 0x00000000c5700000| Untracked 
|  58|0x00000000c5800000, 0x00000000c5800000, 0x00000000c5900000|  0%| F|  |TAMS 0x00000000c5800000| PB 0x00000000c5800000| Untracked 
|  59|0x00000000c5900000, 0x00000000c5900000, 0x00000000c5a00000|  0%| F|  |TAMS 0x00000000c5900000| PB 0x00000000c5900000| Untracked 
|  60|0x00000000c5a00000, 0x00000000c5a00000, 0x00000000c5b00000|  0%| F|  |TAMS 0x00000000c5a00000| PB 0x00000000c5a00000| Untracked 
|  61|0x00000000c5b00000, 0x00000000c5b00000, 0x00000000c5c00000|  0%| F|  |TAMS 0x00000000c5b00000| PB 0x00000000c5b00000| Untracked 
|  62|0x00000000c5c00000, 0x00000000c5c00000, 0x00000000c5d00000|  0%| F|  |TAMS 0x00000000c5c00000| PB 0x00000000c5c00000| Untracked 
|  63|0x00000000c5d00000, 0x00000000c5d00000, 0x00000000c5e00000|  0%| F|  |TAMS 0x00000000c5d00000| PB 0x00000000c5d00000| Untracked 
|  64|0x00000000c5e00000, 0x00000000c5ed8300, 0x00000000c5f00000| 84%| S|CS|TAMS 0x00000000c5e00000| PB 0x00000000c5e00000| Complete 
|  65|0x00000000c5f00000, 0x00000000c6000000, 0x00000000c6000000|100%| S|CS|TAMS 0x00000000c5f00000| PB 0x00000000c5f00000| Complete 
|  66|0x00000000c6000000, 0x00000000c6000000, 0x00000000c6100000|  0%| F|  |TAMS 0x00000000c6000000| PB 0x00000000c6000000| Untracked 
|  67|0x00000000c6100000, 0x00000000c6100000, 0x00000000c6200000|  0%| F|  |TAMS 0x00000000c6100000| PB 0x00000000c6100000| Untracked 
|  68|0x00000000c6200000, 0x00000000c6200000, 0x00000000c6300000|  0%| F|  |TAMS 0x00000000c6200000| PB 0x00000000c6200000| Untracked 
|  69|0x00000000c6300000, 0x00000000c6300000, 0x00000000c6400000|  0%| F|  |TAMS 0x00000000c6300000| PB 0x00000000c6300000| Untracked 
|  70|0x00000000c6400000, 0x00000000c6400000, 0x00000000c6500000|  0%| F|  |TAMS 0x00000000c6400000| PB 0x00000000c6400000| Untracked 
|  71|0x00000000c6500000, 0x00000000c6500000, 0x00000000c6600000|  0%| F|  |TAMS 0x00000000c6500000| PB 0x00000000c6500000| Untracked 
|  72|0x00000000c6600000, 0x00000000c6600000, 0x00000000c6700000|  0%| F|  |TAMS 0x00000000c6600000| PB 0x00000000c6600000| Untracked 
|  73|0x00000000c6700000, 0x00000000c6700000, 0x00000000c6800000|  0%| F|  |TAMS 0x00000000c6700000| PB 0x00000000c6700000| Untracked 
|  74|0x00000000c6800000, 0x00000000c6800000, 0x00000000c6900000|  0%| F|  |TAMS 0x00000000c6800000| PB 0x00000000c6800000| Untracked 
|  75|0x00000000c6900000, 0x00000000c6900000, 0x00000000c6a00000|  0%| F|  |TAMS 0x00000000c6900000| PB 0x00000000c6900000| Untracked 
|  76|0x00000000c6a00000, 0x00000000c6a00000, 0x00000000c6b00000|  0%| F|  |TAMS 0x00000000c6a00000| PB 0x00000000c6a00000| Untracked 
|  77|0x00000000c6b00000, 0x00000000c6b00000, 0x00000000c6c00000|  0%| F|  |TAMS 0x00000000c6b00000| PB 0x00000000c6b00000| Untracked 
|  78|0x00000000c6c00000, 0x00000000c6c00000, 0x00000000c6d00000|  0%| F|  |TAMS 0x00000000c6c00000| PB 0x00000000c6c00000| Untracked 
|  79|0x00000000c6d00000, 0x00000000c6d00000, 0x00000000c6e00000|  0%| F|  |TAMS 0x00000000c6d00000| PB 0x00000000c6d00000| Untracked 
|  80|0x00000000c6e00000, 0x00000000c6e00000, 0x00000000c6f00000|  0%| F|  |TAMS 0x00000000c6e00000| PB 0x00000000c6e00000| Untracked 
|  81|0x00000000c6f00000, 0x00000000c6f00000, 0x00000000c7000000|  0%| F|  |TAMS 0x00000000c6f00000| PB 0x00000000c6f00000| Untracked 
|  82|0x00000000c7000000, 0x00000000c7000000, 0x00000000c7100000|  0%| F|  |TAMS 0x00000000c7000000| PB 0x00000000c7000000| Untracked 
|  83|0x00000000c7100000, 0x00000000c7100000, 0x00000000c7200000|  0%| F|  |TAMS 0x00000000c7100000| PB 0x00000000c7100000| Untracked 
|  84|0x00000000c7200000, 0x00000000c7200000, 0x00000000c7300000|  0%| F|  |TAMS 0x00000000c7200000| PB 0x00000000c7200000| Untracked 
|  85|0x00000000c7300000, 0x00000000c7300000, 0x00000000c7400000|  0%| F|  |TAMS 0x00000000c7300000| PB 0x00000000c7300000| Untracked 
|  86|0x00000000c7400000, 0x00000000c7400000, 0x00000000c7500000|  0%| F|  |TAMS 0x00000000c7400000| PB 0x00000000c7400000| Untracked 
|  87|0x00000000c7500000, 0x00000000c7500000, 0x00000000c7600000|  0%| F|  |TAMS 0x00000000c7500000| PB 0x00000000c7500000| Untracked 
|  88|0x00000000c7600000, 0x00000000c7600000, 0x00000000c7700000|  0%| F|  |TAMS 0x00000000c7600000| PB 0x00000000c7600000| Untracked 
|  89|0x00000000c7700000, 0x00000000c7700000, 0x00000000c7800000|  0%| F|  |TAMS 0x00000000c7700000| PB 0x00000000c7700000| Untracked 
|  90|0x00000000c7800000, 0x00000000c7800000, 0x00000000c7900000|  0%| F|  |TAMS 0x00000000c7800000| PB 0x00000000c7800000| Untracked 
|  91|0x00000000c7900000, 0x00000000c7a00000, 0x00000000c7a00000|100%| E|CS|TAMS 0x00000000c7900000| PB 0x00000000c7900000| Complete 
|  92|0x00000000c7a00000, 0x00000000c7a00000, 0x00000000c7b00000|  0%| F|  |TAMS 0x00000000c7a00000| PB 0x00000000c7a00000| Untracked 
|  93|0x00000000c7b00000, 0x00000000c7c00000, 0x00000000c7c00000|100%| E|  |TAMS 0x00000000c7b00000| PB 0x00000000c7b00000| Complete 
|  94|0x00000000c7c00000, 0x00000000c7d00000, 0x00000000c7d00000|100%| E|CS|TAMS 0x00000000c7c00000| PB 0x00000000c7c00000| Complete 
|  95|0x00000000c7d00000, 0x00000000c7e00000, 0x00000000c7e00000|100%| E|CS|TAMS 0x00000000c7d00000| PB 0x00000000c7d00000| Complete 
|  96|0x00000000c7e00000, 0x00000000c7f00000, 0x00000000c7f00000|100%| E|CS|TAMS 0x00000000c7e00000| PB 0x00000000c7e00000| Complete 
|  97|0x00000000c7f00000, 0x00000000c8000000, 0x00000000c8000000|100%| E|CS|TAMS 0x00000000c7f00000| PB 0x00000000c7f00000| Complete 
|  98|0x00000000c8000000, 0x00000000c8100000, 0x00000000c8100000|100%| E|CS|TAMS 0x00000000c8000000| PB 0x00000000c8000000| Complete 
|  99|0x00000000c8100000, 0x00000000c8200000, 0x00000000c8200000|100%| E|CS|TAMS 0x00000000c8100000| PB 0x00000000c8100000| Complete 
| 987|0x00000000ff900000, 0x00000000ffa00000, 0x00000000ffa00000|100%| O|  |TAMS 0x00000000ff900000| PB 0x00000000ff900000| Untracked 
| 988|0x00000000ffa00000, 0x00000000ffb00000, 0x00000000ffb00000|100%| O|  |TAMS 0x00000000ffa00000| PB 0x00000000ffa00000| Untracked 
| 989|0x00000000ffb00000, 0x00000000ffc00000, 0x00000000ffc00000|100%| O|  |TAMS 0x00000000ffb00000| PB 0x00000000ffb00000| Untracked 
| 990|0x00000000ffc00000, 0x00000000ffd00000, 0x00000000ffd00000|100%| O|  |TAMS 0x00000000ffc00000| PB 0x00000000ffc00000| Untracked 
| 991|0x00000000ffd00000, 0x00000000ffe00000, 0x00000000ffe00000|100%| E|CS|TAMS 0x00000000ffd00000| PB 0x00000000ffd00000| Complete 
| 992|0x00000000ffe00000, 0x00000000fff00000, 0x00000000fff00000|100%| O|  |TAMS 0x00000000ffe00000| PB 0x00000000ffe00000| Untracked 
| 993|0x00000000fff00000, 0x0000000100000000, 0x0000000100000000|100%| O|  |TAMS 0x00000000fff00000| PB 0x00000000fff00000| Untracked 

Card table byte_map: [0x000001c83c710000,0x000001c83c910000] _byte_map_base: 0x000001c83c101000

Marking Bits: (CMBitMap*) 0x000001c82a0a85f0
 Bits: [0x000001c83c910000, 0x000001c83d898000)

Polling page: 0x000001c828020000

Metaspace:

Usage:
  Non-class:     82.60 MB used.
      Class:     10.50 MB used.
       Both:     93.11 MB used.

Virtual space:
  Non-class space:      128.00 MB reserved,      82.81 MB ( 65%) committed,  2 nodes.
      Class space:        1.00 GB reserved,      10.69 MB (  1%) committed,  1 nodes.
             Both:        1.12 GB reserved,      93.50 MB (  8%) committed. 

Chunk freelists:
   Non-Class:  12.98 MB
       Class:  5.17 MB
        Both:  18.16 MB

MaxMetaspaceSize: unlimited
CompressedClassSpaceSize: 1.00 GB
Initial GC threshold: 21.00 MB
Current GC threshold: 153.06 MB
CDS: off
 - commit_granule_bytes: 65536.
 - commit_granule_words: 8192.
 - virtual_space_node_default_size: 8388608.
 - enlarge_chunks_in_place: 1.
 - use_allocation_guard: 0.


Internal statistics:

num_allocs_failed_limit: 6.
num_arena_births: 434.
num_arena_deaths: 0.
num_vsnodes_births: 3.
num_vsnodes_deaths: 0.
num_space_committed: 1494.
num_space_uncommitted: 0.
num_chunks_returned_to_freelist: 6.
num_chunks_taken_from_freelist: 3444.
num_chunk_merges: 6.
num_chunk_splits: 2877.
num_chunks_enlarged: 2631.
num_inconsistent_stats: 0.

CodeHeap 'non-profiled nmethods': size=120000Kb used=4731Kb max_used=5031Kb free=115268Kb
 bounds [0x000001c834ca0000, 0x000001c835190000, 0x000001c83c1d0000]
CodeHeap 'profiled nmethods': size=120000Kb used=36918Kb max_used=38080Kb free=83081Kb
 bounds [0x000001c82d1d0000, 0x000001c82f710000, 0x000001c834700000]
CodeHeap 'non-nmethods': size=5760Kb used=1866Kb max_used=1890Kb free=3893Kb
 bounds [0x000001c834700000, 0x000001c834970000, 0x000001c834ca0000]
CodeCache: size=245760Kb, used=43515Kb, max_used=45001Kb, free=202242Kb
 total_blobs=11547, nmethods=10683, adapters=760, full_count=0
Compilation: enabled, stopped_count=0, restarted_count=0

Compilation events (20 events):
Event: 24.362 Thread 0x000001c84032e0e0 11983       3       org.jetbrains.kotlin.codegen.inline.SMAP$special$$inlined$sortedBy$1::compare (45 bytes)
Event: 24.363 Thread 0x000001c84032e0e0 nmethod 11983 0x000001c82ecaed90 code [0x000001c82ecaefe0, 0x000001c82ecafb50]
Event: 24.363 Thread 0x000001c84032e0e0 11984       3       org.jetbrains.kotlin.codegen.inline.SMAPParser$SMAPTokenizer::hasNext (13 bytes)
Event: 24.363 Thread 0x000001c84032e0e0 nmethod 11984 0x000001c82d86b310 code [0x000001c82d86b4a0, 0x000001c82d86b600]
Event: 24.363 Thread 0x000001c84032e0e0 11985       1       org.jetbrains.kotlin.codegen.inline.FileMapping::getName (5 bytes)
Event: 24.363 Thread 0x000001c84032e0e0 nmethod 11985 0x000001c834fe5690 code [0x000001c834fe5820, 0x000001c834fe58e8]
Event: 24.363 Thread 0x000001c84032e0e0 11986       1       org.jetbrains.kotlin.codegen.inline.FileMapping::getPath (5 bytes)
Event: 24.363 Thread 0x000001c84032e0e0 nmethod 11986 0x000001c834fe5210 code [0x000001c834fe53a0, 0x000001c834fe5468]
Event: 24.369 Thread 0x000001c84032e0e0 11987       3       org.jetbrains.kotlin.codegen.pseudoInsns.PseudoInsnsKt::parsePseudoInsnOrNull (34 bytes)
Event: 24.369 Thread 0x000001c84032e0e0 nmethod 11987 0x000001c82d672b90 code [0x000001c82d672e00, 0x000001c82d6736c8]
Event: 24.369 Thread 0x000001c84032e0e0 11988       3       org.jetbrains.kotlin.codegen.pseudoInsns.PseudoInsnsKt::isPseudoInsn (45 bytes)
Event: 24.370 Thread 0x000001c84032e0e0 nmethod 11988 0x000001c82d83a190 code [0x000001c82d83a3e0, 0x000001c82d83ad58]
Event: 24.370 Thread 0x000001c84032e0e0 11989       3       org.jetbrains.kotlin.codegen.optimization.common.UtilKt::isStoreOperation (33 bytes)
Event: 24.370 Thread 0x000001c84032e0e0 nmethod 11989 0x000001c82dbd0d10 code [0x000001c82dbd0f40, 0x000001c82dbd15d0]
Event: 24.370 Thread 0x000001c84032e0e0 11991       3       org.jetbrains.org.objectweb.asm.tree.analysis.Frame::execute (2125 bytes)
Event: 24.374 Thread 0x000001c84032e0e0 nmethod 11991 0x000001c82e307f90 code [0x000001c82e309060, 0x000001c82e313de8]
Event: 24.374 Thread 0x000001c84032e0e0 11990       3       org.jetbrains.org.objectweb.asm.tree.analysis.Frame::pop (39 bytes)
Event: 24.374 Thread 0x000001c84032e0e0 nmethod 11990 0x000001c82d32f790 code [0x000001c82d32f940, 0x000001c82d32fb90]
Event: 24.374 Thread 0x000001c84032e0e0 11992       3       org.jetbrains.kotlin.codegen.inline.InlineCodegenUtilsKt::isBeforeFakeContinuationConstructorCallMarker (13 bytes)
Event: 24.374 Thread 0x000001c84032e0e0 nmethod 11992 0x000001c82d240290 code [0x000001c82d2404c0, 0x000001c82d240a58]

GC Heap History (20 events):
Event: 11.747 GC heap before
{Heap before GC invocations=21 (full 0):
 garbage-first heap   total 60416K, used 51471K [0x00000000c1e00000, 0x0000000100000000)
  region size 1024K, 12 young (12288K), 2 survivors (2048K)
 Metaspace       used 65009K, committed 65344K, reserved 1114112K
  class space    used 7890K, committed 8064K, reserved 1048576K
}
Event: 11.753 GC heap after
{Heap after GC invocations=22 (full 0):
 garbage-first heap   total 79872K, used 42870K [0x00000000c1e00000, 0x0000000100000000)
  region size 1024K, 2 young (2048K), 2 survivors (2048K)
 Metaspace       used 65009K, committed 65344K, reserved 1114112K
  class space    used 7890K, committed 8064K, reserved 1048576K
}
Event: 12.676 GC heap before
{Heap before GC invocations=23 (full 0):
 garbage-first heap   total 79872K, used 63350K [0x00000000c1e00000, 0x0000000100000000)
  region size 1024K, 23 young (23552K), 2 survivors (2048K)
 Metaspace       used 68746K, committed 69056K, reserved 1114112K
  class space    used 8326K, committed 8448K, reserved 1048576K
}
Event: 12.686 GC heap after
{Heap after GC invocations=24 (full 0):
 garbage-first heap   total 79872K, used 46080K [0x00000000c1e00000, 0x0000000100000000)
  region size 1024K, 3 young (3072K), 3 survivors (3072K)
 Metaspace       used 68746K, committed 69056K, reserved 1114112K
  class space    used 8326K, committed 8448K, reserved 1048576K
}
Event: 13.328 GC heap before
{Heap before GC invocations=24 (full 0):
 garbage-first heap   total 79872K, used 67584K [0x00000000c1e00000, 0x0000000100000000)
  region size 1024K, 24 young (24576K), 3 survivors (3072K)
 Metaspace       used 69955K, committed 70208K, reserved 1114112K
  class space    used 8445K, committed 8576K, reserved 1048576K
}
Event: 13.367 GC heap after
{Heap after GC invocations=25 (full 0):
 garbage-first heap   total 79872K, used 50024K [0x00000000c1e00000, 0x0000000100000000)
  region size 1024K, 3 young (3072K), 3 survivors (3072K)
 Metaspace       used 69955K, committed 70208K, reserved 1114112K
  class space    used 8445K, committed 8576K, reserved 1048576K
}
Event: 14.378 GC heap before
{Heap before GC invocations=25 (full 0):
 garbage-first heap   total 79872K, used 68456K [0x00000000c1e00000, 0x0000000100000000)
  region size 1024K, 21 young (21504K), 3 survivors (3072K)
 Metaspace       used 71923K, committed 72256K, reserved 1114112K
  class space    used 8576K, committed 8704K, reserved 1048576K
}
Event: 14.390 GC heap after
{Heap after GC invocations=26 (full 0):
 garbage-first heap   total 79872K, used 52224K [0x00000000c1e00000, 0x0000000100000000)
  region size 1024K, 2 young (2048K), 2 survivors (2048K)
 Metaspace       used 71923K, committed 72256K, reserved 1114112K
  class space    used 8576K, committed 8704K, reserved 1048576K
}
Event: 15.397 GC heap before
{Heap before GC invocations=27 (full 0):
 garbage-first heap   total 87040K, used 69632K [0x00000000c1e00000, 0x0000000100000000)
  region size 1024K, 19 young (19456K), 2 survivors (2048K)
 Metaspace       used 72573K, committed 72896K, reserved 1114112K
  class space    used 8592K, committed 8768K, reserved 1048576K
}
Event: 15.427 GC heap after
{Heap after GC invocations=28 (full 0):
 garbage-first heap   total 87040K, used 55253K [0x00000000c1e00000, 0x0000000100000000)
  region size 1024K, 3 young (3072K), 3 survivors (3072K)
 Metaspace       used 72573K, committed 72896K, reserved 1114112K
  class space    used 8592K, committed 8768K, reserved 1048576K
}
Event: 17.385 GC heap before
{Heap before GC invocations=28 (full 0):
 garbage-first heap   total 87040K, used 74709K [0x00000000c1e00000, 0x0000000100000000)
  region size 1024K, 23 young (23552K), 3 survivors (3072K)
 Metaspace       used 75060K, committed 75456K, reserved 1179648K
  class space    used 8779K, committed 8960K, reserved 1048576K
}
Event: 17.407 GC heap after
{Heap after GC invocations=29 (full 0):
 garbage-first heap   total 87040K, used 57199K [0x00000000c1e00000, 0x0000000100000000)
  region size 1024K, 2 young (2048K), 2 survivors (2048K)
 Metaspace       used 75060K, committed 75456K, reserved 1179648K
  class space    used 8779K, committed 8960K, reserved 1048576K
}
Event: 18.390 GC heap before
{Heap before GC invocations=29 (full 0):
 garbage-first heap   total 87040K, used 77679K [0x00000000c1e00000, 0x0000000100000000)
  region size 1024K, 22 young (22528K), 2 survivors (2048K)
 Metaspace       used 77651K, committed 78016K, reserved 1179648K
  class space    used 8987K, committed 9152K, reserved 1048576K
}
Event: 18.401 GC heap after
{Heap after GC invocations=30 (full 0):
 garbage-first heap   total 87040K, used 59979K [0x00000000c1e00000, 0x0000000100000000)
  region size 1024K, 3 young (3072K), 3 survivors (3072K)
 Metaspace       used 77651K, committed 78016K, reserved 1179648K
  class space    used 8987K, committed 9152K, reserved 1048576K
}
Event: 19.277 GC heap before
{Heap before GC invocations=31 (full 0):
 garbage-first heap   total 101376K, used 76363K [0x00000000c1e00000, 0x0000000100000000)
  region size 1024K, 20 young (20480K), 3 survivors (3072K)
 Metaspace       used 82024K, committed 82368K, reserved 1179648K
  class space    used 9403K, committed 9536K, reserved 1048576K
}
Event: 19.282 GC heap after
{Heap after GC invocations=32 (full 0):
 garbage-first heap   total 101376K, used 61297K [0x00000000c1e00000, 0x0000000100000000)
  region size 1024K, 2 young (2048K), 2 survivors (2048K)
 Metaspace       used 82024K, committed 82368K, reserved 1179648K
  class space    used 9403K, committed 9536K, reserved 1048576K
}
Event: 21.558 GC heap before
{Heap before GC invocations=32 (full 0):
 garbage-first heap   total 101376K, used 88945K [0x00000000c1e00000, 0x0000000100000000)
  region size 1024K, 30 young (30720K), 2 survivors (2048K)
 Metaspace       used 87322K, committed 87616K, reserved 1179648K
  class space    used 9921K, committed 10048K, reserved 1048576K
}
Event: 21.572 GC heap after
{Heap after GC invocations=33 (full 0):
 garbage-first heap   total 101376K, used 62981K [0x00000000c1e00000, 0x0000000100000000)
  region size 1024K, 4 young (4096K), 4 survivors (4096K)
 Metaspace       used 87322K, committed 87616K, reserved 1179648K
  class space    used 9921K, committed 10048K, reserved 1048576K
}
Event: 23.767 GC heap before
{Heap before GC invocations=33 (full 0):
 garbage-first heap   total 101376K, used 90629K [0x00000000c1e00000, 0x0000000100000000)
  region size 1024K, 31 young (31744K), 4 survivors (4096K)
 Metaspace       used 93164K, committed 93568K, reserved 1179648K
  class space    used 10505K, committed 10688K, reserved 1048576K
}
Event: 23.783 GC heap after
{Heap after GC invocations=34 (full 0):
 garbage-first heap   total 101376K, used 64942K [0x00000000c1e00000, 0x0000000100000000)
  region size 1024K, 2 young (2048K), 2 survivors (2048K)
 Metaspace       used 93164K, committed 93568K, reserved 1179648K
  class space    used 10505K, committed 10688K, reserved 1048576K
}

Dll operation events (3 events):
Event: 0.024 Loaded shared library D:\Android\Android Studio\jbr\bin\java.dll
Event: 0.033 Loaded shared library D:\Android\Android Studio\jbr\bin\zip.dll
Event: 5.321 Loaded shared library D:\Android\Android Studio\jbr\bin\verify.dll

Deoptimization events (20 events):
Event: 23.424 Thread 0x000001c827dd2860 Uncommon trap: trap_request=0xffffff66 fr.pc=0x000001c835182f70 relative=0x0000000000000270
Event: 23.424 Thread 0x000001c827dd2860 Uncommon trap: reason=speculate_class_check action=maybe_recompile pc=0x000001c835182f70 method=org.jetbrains.kotlin.fir.backend.utils.IrElementsCreationUtilsKt.computeValueClassRepresentation(Lorg/jetbrains/kotlin/fir/backend/Fir2IrComponents;Lorg/jetbra
Event: 23.424 Thread 0x000001c827dd2860 DEOPT PACKING pc=0x000001c835182f70 sp=0x000000b80aefd4f0
Event: 23.424 Thread 0x000001c827dd2860 DEOPT UNPACKING pc=0x000001c8347546a2 sp=0x000000b80aefd478 mode 2
Event: 24.032 Thread 0x000001c827dd2860 Uncommon trap: trap_request=0xffffffde fr.pc=0x000001c834f89bb0 relative=0x0000000000000090
Event: 24.032 Thread 0x000001c827dd2860 Uncommon trap: reason=class_check action=maybe_recompile pc=0x000001c834f89bb0 method=org.jetbrains.kotlin.util.AbstractArrayMapOwner.isEmpty()Z @ 1 c2
Event: 24.032 Thread 0x000001c827dd2860 DEOPT PACKING pc=0x000001c834f89bb0 sp=0x000000b80aefd580
Event: 24.032 Thread 0x000001c827dd2860 DEOPT UNPACKING pc=0x000001c8347546a2 sp=0x000000b80aefd510 mode 2
Event: 24.060 Thread 0x000001c827dd2860 Uncommon trap: trap_request=0xffffffde fr.pc=0x000001c834f89bb0 relative=0x0000000000000090
Event: 24.060 Thread 0x000001c827dd2860 Uncommon trap: reason=class_check action=maybe_recompile pc=0x000001c834f89bb0 method=org.jetbrains.kotlin.util.AbstractArrayMapOwner.isEmpty()Z @ 1 c2
Event: 24.060 Thread 0x000001c827dd2860 DEOPT PACKING pc=0x000001c834f89bb0 sp=0x000000b80aefc4f0
Event: 24.060 Thread 0x000001c827dd2860 DEOPT UNPACKING pc=0x000001c8347546a2 sp=0x000000b80aefc480 mode 2
Event: 24.061 Thread 0x000001c827dd2860 Uncommon trap: trap_request=0xffffffde fr.pc=0x000001c834f89bb0 relative=0x0000000000000090
Event: 24.061 Thread 0x000001c827dd2860 Uncommon trap: reason=class_check action=maybe_recompile pc=0x000001c834f89bb0 method=org.jetbrains.kotlin.util.AbstractArrayMapOwner.isEmpty()Z @ 1 c2
Event: 24.061 Thread 0x000001c827dd2860 DEOPT PACKING pc=0x000001c834f89bb0 sp=0x000000b80aefc4f0
Event: 24.061 Thread 0x000001c827dd2860 DEOPT UNPACKING pc=0x000001c8347546a2 sp=0x000000b80aefc480 mode 2
Event: 24.061 Thread 0x000001c827dd2860 Uncommon trap: trap_request=0xffffffde fr.pc=0x000001c834f89bb0 relative=0x0000000000000090
Event: 24.061 Thread 0x000001c827dd2860 Uncommon trap: reason=class_check action=maybe_recompile pc=0x000001c834f89bb0 method=org.jetbrains.kotlin.util.AbstractArrayMapOwner.isEmpty()Z @ 1 c2
Event: 24.061 Thread 0x000001c827dd2860 DEOPT PACKING pc=0x000001c834f89bb0 sp=0x000000b80aefc4f0
Event: 24.061 Thread 0x000001c827dd2860 DEOPT UNPACKING pc=0x000001c8347546a2 sp=0x000000b80aefc480 mode 2

Classes loaded (20 events):
Event: 19.050 Loading class java/util/Formatter$Flags
Event: 19.050 Loading class java/util/Formatter$Flags done
Event: 20.001 Loading class java/lang/Short$ShortCache
Event: 20.002 Loading class java/lang/Short$ShortCache done
Event: 20.941 Loading class java/util/Collections$SynchronizedMap
Event: 20.942 Loading class java/util/Collections$SynchronizedMap done
Event: 22.648 Loading class java/util/IdentityHashMap$EntrySet
Event: 22.649 Loading class java/util/IdentityHashMap$EntrySet done
Event: 22.649 Loading class java/util/IdentityHashMap$EntryIterator
Event: 22.649 Loading class java/util/IdentityHashMap$IdentityHashMapIterator
Event: 22.650 Loading class java/util/IdentityHashMap$IdentityHashMapIterator done
Event: 22.650 Loading class java/util/IdentityHashMap$EntryIterator done
Event: 22.650 Loading class java/util/IdentityHashMap$EntryIterator$Entry
Event: 22.652 Loading class java/util/IdentityHashMap$EntryIterator$Entry done
Event: 23.522 Loading class java/lang/TypeNotPresentException
Event: 23.524 Loading class java/lang/TypeNotPresentException done
Event: 23.893 Loading class java/util/Vector$Itr
Event: 23.895 Loading class java/util/Vector$Itr done
Event: 24.045 Loading class java/util/regex/Pattern$Dollar
Event: 24.047 Loading class java/util/regex/Pattern$Dollar done

Classes unloaded (0 events):
No events

Classes redefined (0 events):
No events

Internal exceptions (20 events):
Event: 19.184 Thread 0x000001c827dd2860 Exception <a 'java/lang/NoSuchMethodError'{0x00000000c6b49400}: 'java.lang.Object java.lang.invoke.DirectMethodHandle$Holder.newInvokeSpecial(java.lang.Object, java.lang.Object, java.lang.Object, java.lang.Object, java.lang.Object, java.lang.Object, java.lang.Object, int)'> (0x00000000c6b49400) 
thrown [s\src\hotspot\share\interpreter\linkResolver.cpp, line 784]
Event: 19.184 Thread 0x000001c827dd2860 Exception <a 'java/lang/NoSuchMethodError'{0x00000000c6b4dab0}: 'java.lang.Object java.lang.invoke.DirectMethodHandle$Holder.invokeSpecial(java.lang.Object, java.lang.Object, java.lang.Object, java.lang.Object, java.lang.Object, java.lang.Object, java.lang.Object, java.lang.Object, int)'> (0x00000000c6b4dab0) 
thrown [s\src\hotspot\share\interpreter\linkResolver.cpp, line 784]
Event: 21.097 Thread 0x000001c827dd2860 Exception <a 'java/lang/NoSuchMethodError'{0x00000000c60286d8}: 'java.lang.Object java.lang.invoke.DirectMethodHandle$Holder.newInvokeSpecial(java.lang.Object, int, java.lang.Object, int)'> (0x00000000c60286d8) 
thrown [s\src\hotspot\share\interpreter\linkResolver.cpp, line 784]
Event: 21.097 Thread 0x000001c827dd2860 Exception <a 'java/lang/NoSuchMethodError'{0x00000000c602c3f8}: 'java.lang.Object java.lang.invoke.DirectMethodHandle$Holder.invokeSpecial(java.lang.Object, java.lang.Object, int, java.lang.Object, int)'> (0x00000000c602c3f8) 
thrown [s\src\hotspot\share\interpreter\linkResolver.cpp, line 784]
Event: 21.977 Thread 0x000001c827dd2860 Exception <a 'java/lang/NoSuchMethodError'{0x00000000c7588938}: 'java.lang.Object java.lang.invoke.DirectMethodHandle$Holder.newInvokeSpecial(java.lang.Object, java.lang.Object, java.lang.Object, java.lang.Object, int, int, int, java.lang.Object)'> (0x00000000c7588938) 
thrown [s\src\hotspot\share\interpreter\linkResolver.cpp, line 784]
Event: 22.402 Thread 0x000001c827dd2860 Exception <a 'java/lang/NoSuchMethodError'{0x00000000c6f9c8a8}: 'java.lang.Object java.lang.invoke.DirectMethodHandle$Holder.invokeStatic(java.lang.Object, java.lang.Object, java.lang.Object, java.lang.Object, int, java.lang.Object)'> (0x00000000c6f9c8a8) 
thrown [s\src\hotspot\share\interpreter\linkResolver.cpp, line 784]
Event: 22.403 Thread 0x000001c827dd2860 Exception <a 'java/lang/NoSuchMethodError'{0x00000000c6fa4b38}: 'java.lang.Object java.lang.invoke.DirectMethodHandle$Holder.newInvokeSpecial(java.lang.Object, java.lang.Object, java.lang.Object, java.lang.Object, int, java.lang.Object)'> (0x00000000c6fa4b38) 
thrown [s\src\hotspot\share\interpreter\linkResolver.cpp, line 784]
Event: 22.405 Thread 0x000001c827dd2860 Exception <a 'java/lang/NoSuchMethodError'{0x00000000c6fac380}: 'java.lang.Object java.lang.invoke.Invokers$Holder.linkToTargetMethod(java.lang.Object, java.lang.Object, java.lang.Object, int, java.lang.Object, java.lang.Object)'> (0x00000000c6fac380) 
thrown [s\src\hotspot\share\interpreter\linkResolver.cpp, line 784]
Event: 22.433 Thread 0x000001c827dd2860 Exception <a 'java/lang/NoSuchMethodError'{0x00000000c6fcc608}: 'java.lang.Object java.lang.invoke.DirectMethodHandle$Holder.invokeStatic(java.lang.Object, java.lang.Object, int, java.lang.Object)'> (0x00000000c6fcc608) 
thrown [s\src\hotspot\share\interpreter\linkResolver.cpp, line 784]
Event: 22.434 Thread 0x000001c827dd2860 Exception <a 'java/lang/NoSuchMethodError'{0x00000000c6fed690}: 'java.lang.Object java.lang.invoke.DirectMethodHandle$Holder.newInvokeSpecial(java.lang.Object, java.lang.Object, java.lang.Object, java.lang.Object, java.lang.Object, int, int)'> (0x00000000c6fed690) 
thrown [s\src\hotspot\share\interpreter\linkResolver.cpp, line 784]
Event: 22.435 Thread 0x000001c827dd2860 Exception <a 'java/lang/NoSuchMethodError'{0x00000000c6ff50c8}: 'java.lang.Object java.lang.invoke.Invokers$Holder.linkToTargetMethod(java.lang.Object, java.lang.Object, java.lang.Object, java.lang.Object, int, int, java.lang.Object)'> (0x00000000c6ff50c8) 
thrown [s\src\hotspot\share\interpreter\linkResolver.cpp, line 784]
Event: 22.839 Thread 0x000001c827dd2860 Exception <a 'java/lang/NoSuchMethodError'{0x00000000c6b639e0}: 'java.lang.Object java.lang.invoke.DirectMethodHandle$Holder.invokeStaticInit(java.lang.Object, java.lang.Object, int, java.lang.Object)'> (0x00000000c6b639e0) 
thrown [s\src\hotspot\share\interpreter\linkResolver.cpp, line 784]
Event: 23.197 Thread 0x000001c827dd2860 Exception <a 'java/lang/NoSuchMethodError'{0x00000000c675ed10}: 'java.lang.Object java.lang.invoke.DirectMethodHandle$Holder.newInvokeSpecial(java.lang.Object, java.lang.Object, int, java.lang.Object)'> (0x00000000c675ed10) 
thrown [s\src\hotspot\share\interpreter\linkResolver.cpp, line 784]
Event: 23.198 Thread 0x000001c827dd2860 Exception <a 'java/lang/NoSuchMethodError'{0x00000000c6762d88}: 'java.lang.Object java.lang.invoke.DirectMethodHandle$Holder.invokeSpecial(java.lang.Object, java.lang.Object, java.lang.Object, int, java.lang.Object)'> (0x00000000c6762d88) 
thrown [s\src\hotspot\share\interpreter\linkResolver.cpp, line 784]
Event: 23.199 Thread 0x000001c827dd2860 Exception <a 'java/lang/NoSuchMethodError'{0x00000000c6766758}: 'java.lang.Object java.lang.invoke.Invokers$Holder.linkToTargetMethod(java.lang.Object, int, java.lang.Object, java.lang.Object)'> (0x00000000c6766758) 
thrown [s\src\hotspot\share\interpreter\linkResolver.cpp, line 784]
Event: 23.224 Thread 0x000001c827dd2860 Exception <a 'java/lang/NoSuchMethodError'{0x00000000c67c5450}: 'java.lang.Object java.lang.invoke.DirectMethodHandle$Holder.newInvokeSpecial(java.lang.Object, java.lang.Object, java.lang.Object, java.lang.Object, java.lang.Object, java.lang.Object, int, java.lang.Object)'> (0x00000000c67c5450) 
thrown [s\src\hotspot\share\interpreter\linkResolver.cpp, line 784]
Event: 23.226 Thread 0x000001c827dd2860 Exception <a 'java/lang/NoSuchMethodError'{0x00000000c67c9b50}: 'java.lang.Object java.lang.invoke.DirectMethodHandle$Holder.invokeSpecial(java.lang.Object, java.lang.Object, java.lang.Object, java.lang.Object, java.lang.Object, java.lang.Object, java.lang.Object, int, java.lang.Object)'> (0x00000000c67c9b50) 
thrown [s\src\hotspot\share\interpreter\linkResolver.cpp, line 784]
Event: 23.227 Thread 0x000001c827dd2860 Exception <a 'java/lang/NoSuchMethodError'{0x00000000c67cda78}: 'java.lang.Object java.lang.invoke.Invokers$Holder.linkToTargetMethod(java.lang.Object, java.lang.Object, java.lang.Object, java.lang.Object, java.lang.Object, int, java.lang.Object, java.lang.Object)'> (0x00000000c67cda78) 
thrown [s\src\hotspot\share\interpreter\linkResolver.cpp, line 784]
Event: 23.735 Thread 0x000001c827dd2860 Exception <a 'java/lang/NoSuchMethodError'{0x00000000c60b1b18}: 'java.lang.Object java.lang.invoke.DirectMethodHandle$Holder.invokeStatic(java.lang.Object, int, int)'> (0x00000000c60b1b18) 
thrown [s\src\hotspot\share\interpreter\linkResolver.cpp, line 784]
Event: 23.846 Thread 0x000001c827dd2860 Exception <a 'java/lang/NoSuchMethodError'{0x00000000c7938730}: 'java.lang.Object java.lang.invoke.DirectMethodHandle$Holder.invokeStatic(java.lang.Object, java.lang.Object, java.lang.Object, int, java.lang.Object, java.lang.Object, java.lang.Object, java.lang.Object)'> (0x00000000c7938730) 
thrown [s\src\hotspot\share\interpreter\linkResolver.cpp, line 784]

ZGC Phase Switch (0 events):
No events

VM Operations (20 events):
Event: 23.492 Executing VM operation: HandshakeAllThreads (Deoptimize)
Event: 23.492 Executing VM operation: HandshakeAllThreads (Deoptimize) done
Event: 23.567 Executing VM operation: HandshakeAllThreads (Deoptimize)
Event: 23.567 Executing VM operation: HandshakeAllThreads (Deoptimize) done
Event: 23.582 Executing VM operation: HandshakeAllThreads (Deoptimize)
Event: 23.582 Executing VM operation: HandshakeAllThreads (Deoptimize) done
Event: 23.767 Executing VM operation: HandshakeAllThreads (Deoptimize)
Event: 23.767 Executing VM operation: HandshakeAllThreads (Deoptimize) done
Event: 23.767 Executing VM operation: G1CollectForAllocation (G1 Evacuation Pause)
Event: 23.783 Executing VM operation: G1CollectForAllocation (G1 Evacuation Pause) done
Event: 23.926 Executing VM operation: G1PauseRemark
Event: 23.983 Executing VM operation: G1PauseRemark done
Event: 24.005 Executing VM operation: HandshakeAllThreads (Deoptimize)
Event: 24.005 Executing VM operation: HandshakeAllThreads (Deoptimize) done
Event: 24.012 Executing VM operation: G1PauseCleanup
Event: 24.013 Executing VM operation: G1PauseCleanup done
Event: 24.030 Executing VM operation: HandshakeAllThreads (Deoptimize)
Event: 24.030 Executing VM operation: HandshakeAllThreads (Deoptimize) done
Event: 24.132 Executing VM operation: HandshakeAllThreads (Deoptimize)
Event: 24.132 Executing VM operation: HandshakeAllThreads (Deoptimize) done

Memory protections (0 events):
No events

Nmethod flushes (20 events):
Event: 23.973 Thread 0x000001c8402cdf90 flushing  nmethod 0x000001c82e7bf310
Event: 23.973 Thread 0x000001c8402cdf90 flushing  nmethod 0x000001c82e7c4e10
Event: 23.973 Thread 0x000001c8402cdf90 flushing  nmethod 0x000001c82e7c8b10
Event: 23.973 Thread 0x000001c8402cdf90 flushing  nmethod 0x000001c82e7c9010
Event: 23.973 Thread 0x000001c8402cdf90 flushing  nmethod 0x000001c82e7ca010
Event: 23.973 Thread 0x000001c8402cdf90 flushing  nmethod 0x000001c82e7cd390
Event: 23.973 Thread 0x000001c8402cdf90 flushing  nmethod 0x000001c82e7cdd10
Event: 23.973 Thread 0x000001c8402cdf90 flushing  nmethod 0x000001c82e7cf210
Event: 23.973 Thread 0x000001c8402cdf90 flushing  nmethod 0x000001c82e819a10
Event: 23.973 Thread 0x000001c8402cdf90 flushing  nmethod 0x000001c82e81ab10
Event: 23.973 Thread 0x000001c8402cdf90 flushing  nmethod 0x000001c82e81b010
Event: 23.973 Thread 0x000001c8402cdf90 flushing  nmethod 0x000001c82e81e510
Event: 23.973 Thread 0x000001c8402cdf90 flushing  nmethod 0x000001c82e837a90
Event: 23.973 Thread 0x000001c8402cdf90 flushing  nmethod 0x000001c82e83b290
Event: 23.973 Thread 0x000001c8402cdf90 flushing  nmethod 0x000001c82e8bed90
Event: 23.973 Thread 0x000001c8402cdf90 flushing  nmethod 0x000001c82e9bed90
Event: 23.973 Thread 0x000001c8402cdf90 flushing  nmethod 0x000001c82ec5ee10
Event: 23.973 Thread 0x000001c8402cdf90 flushing  nmethod 0x000001c82ec60790
Event: 23.973 Thread 0x000001c8402cdf90 flushing  nmethod 0x000001c82ecaed90
Event: 23.973 Thread 0x000001c8402cdf90 flushing  nmethod 0x000001c82ecaf790

Events (17 events):
Event: 0.032 Thread 0x000001c827dd2860 Thread added: 0x000001c827dd2860
Event: 0.085 Thread 0x000001c827dd2860 Thread added: 0x000001c84031e550
Event: 0.092 Thread 0x000001c827dd2860 Thread added: 0x000001c8403243a0
Event: 0.092 Thread 0x000001c827dd2860 Thread added: 0x000001c840328170
Event: 0.093 Thread 0x000001c827dd2860 Thread added: 0x000001c84048fa80
Event: 0.093 Thread 0x000001c827dd2860 Thread added: 0x000001c840328bd0
Event: 0.093 Thread 0x000001c827dd2860 Thread added: 0x000001c840329630
Event: 0.093 Thread 0x000001c827dd2860 Thread added: 0x000001c84032a090
Event: 0.093 Thread 0x000001c827dd2860 Thread added: 0x000001c84032ce30
Event: 0.093 Thread 0x000001c827dd2860 Thread added: 0x000001c84032e0e0
Event: 0.147 Thread 0x000001c827dd2860 Thread added: 0x000001c840619150
Event: 0.166 Loaded shared library D:\Android\Android Studio\jbr\bin\net.dll
Event: 0.170 Loaded shared library D:\Android\Android Studio\jbr\bin\nio.dll
Event: 0.293 Loaded shared library D:\Android\Android Studio\jbr\bin\zip.dll
Event: 0.380 Loaded shared library D:\Android\Android Studio\jbr\bin\jimage.dll
Event: 1.524 Loaded shared library D:\Android\Android Studio\jbr\bin\management.dll
Event: 1.544 Loaded shared library D:\Android\Android Studio\jbr\bin\management_ext.dll


Dynamic libraries:
0x00007ff6305f0000 - 0x00007ff6305fa000 	D:\Android\Android Studio\jbr\bin\java.exe
0x00007ff92faf0000 - 0x00007ff92fce8000 	C:\WINDOWS\SYSTEM32\ntdll.dll
0x00007ff92e3a0000 - 0x00007ff92e461000 	C:\WINDOWS\System32\KERNEL32.DLL
0x00007ff92d3f0000 - 0x00007ff92d6ed000 	C:\WINDOWS\System32\KERNELBASE.dll
0x00007ff92da20000 - 0x00007ff92db20000 	C:\WINDOWS\System32\ucrtbase.dll
0x00007ff925af0000 - 0x00007ff925b08000 	D:\Android\Android Studio\jbr\bin\jli.dll
0x00007ff925c00000 - 0x00007ff925c1b000 	D:\Android\Android Studio\jbr\bin\VCRUNTIME140.dll
0x00007ff92ddd0000 - 0x00007ff92df6d000 	C:\WINDOWS\System32\USER32.dll
0x00007ff92d350000 - 0x00007ff92d372000 	C:\WINDOWS\System32\win32u.dll
0x00007ff92fa80000 - 0x00007ff92faab000 	C:\WINDOWS\System32\GDI32.dll
0x00007ff92d6f0000 - 0x00007ff92d807000 	C:\WINDOWS\System32\gdi32full.dll
0x00007ff92d8c0000 - 0x00007ff92d95d000 	C:\WINDOWS\System32\msvcp_win.dll
0x00007ff921c30000 - 0x00007ff921eca000 	C:\WINDOWS\WinSxS\amd64_microsoft.windows.common-controls_6595b64144ccf1df_6.0.19041.4355_none_60b8b9eb71f62e16\COMCTL32.dll
0x00007ff92e4f0000 - 0x00007ff92e58e000 	C:\WINDOWS\System32\msvcrt.dll
0x00007ff92e010000 - 0x00007ff92e03f000 	C:\WINDOWS\System32\IMM32.DLL
0x00007ff927e70000 - 0x00007ff927e7c000 	D:\Android\Android Studio\jbr\bin\vcruntime140_1.dll
0x00007ff90b9e0000 - 0x00007ff90ba6d000 	D:\Android\Android Studio\jbr\bin\msvcp140.dll
0x00007ff8c91f0000 - 0x00007ff8c9e86000 	D:\Android\Android Studio\jbr\bin\server\jvm.dll
0x00007ff92dc40000 - 0x00007ff92dcf0000 	C:\WINDOWS\System32\ADVAPI32.dll
0x00007ff92f910000 - 0x00007ff92f9b0000 	C:\WINDOWS\System32\sechost.dll
0x00007ff92ea60000 - 0x00007ff92eb83000 	C:\WINDOWS\System32\RPCRT4.dll
0x00007ff92d9f0000 - 0x00007ff92da17000 	C:\WINDOWS\System32\bcrypt.dll
0x00007ff92f9b0000 - 0x00007ff92fa1b000 	C:\WINDOWS\System32\WS2_32.dll
0x00007ff92c6e0000 - 0x00007ff92c72b000 	C:\WINDOWS\SYSTEM32\POWRPROF.dll
0x00007ff924930000 - 0x00007ff92493a000 	C:\WINDOWS\SYSTEM32\VERSION.dll
0x00007ff922370000 - 0x00007ff922397000 	C:\WINDOWS\SYSTEM32\WINMM.dll
0x00007ff92c5a0000 - 0x00007ff92c5b2000 	C:\WINDOWS\SYSTEM32\UMPDC.dll
0x00007ff92b9e0000 - 0x00007ff92b9f2000 	C:\WINDOWS\SYSTEM32\kernel.appcore.dll
0x00007ff925ae0000 - 0x00007ff925aea000 	D:\Android\Android Studio\jbr\bin\jimage.dll
0x00007ff92ac20000 - 0x00007ff92ae04000 	C:\WINDOWS\SYSTEM32\DBGHELP.DLL
0x00007ff9139a0000 - 0x00007ff9139d4000 	C:\WINDOWS\SYSTEM32\dbgcore.DLL
0x00007ff92d960000 - 0x00007ff92d9e2000 	C:\WINDOWS\System32\bcryptPrimitives.dll
0x00007ff925aa0000 - 0x00007ff925ac0000 	D:\Android\Android Studio\jbr\bin\java.dll
0x00007ff925a80000 - 0x00007ff925a98000 	D:\Android\Android Studio\jbr\bin\zip.dll
0x00007ff92eb90000 - 0x00007ff92f2ff000 	C:\WINDOWS\System32\SHELL32.dll
0x00007ff92b220000 - 0x00007ff92b9c3000 	C:\WINDOWS\SYSTEM32\windows.storage.dll
0x00007ff92e040000 - 0x00007ff92e393000 	C:\WINDOWS\System32\combase.dll
0x00007ff92cbd0000 - 0x00007ff92cbfe000 	C:\WINDOWS\SYSTEM32\Wldp.dll
0x00007ff92dcf0000 - 0x00007ff92ddbd000 	C:\WINDOWS\System32\OLEAUT32.dll
0x00007ff92f6b0000 - 0x00007ff92f75d000 	C:\WINDOWS\System32\SHCORE.dll
0x00007ff92e590000 - 0x00007ff92e5e5000 	C:\WINDOWS\System32\shlwapi.dll
0x00007ff92d0d0000 - 0x00007ff92d0f4000 	C:\WINDOWS\SYSTEM32\profapi.dll
0x00007ff925a70000 - 0x00007ff925a80000 	D:\Android\Android Studio\jbr\bin\net.dll
0x00007ff926c70000 - 0x00007ff926d7d000 	C:\WINDOWS\SYSTEM32\WINHTTP.dll
0x00007ff92c930000 - 0x00007ff92c99a000 	C:\WINDOWS\system32\mswsock.dll
0x00007ff916140000 - 0x00007ff916156000 	D:\Android\Android Studio\jbr\bin\nio.dll
0x00007ff925a30000 - 0x00007ff925a39000 	D:\Android\Android Studio\jbr\bin\management.dll
0x00007ff920190000 - 0x00007ff92019b000 	D:\Android\Android Studio\jbr\bin\management_ext.dll
0x00007ff92ddc0000 - 0x00007ff92ddc8000 	C:\WINDOWS\System32\PSAPI.DLL
0x00007ff925a60000 - 0x00007ff925a70000 	D:\Android\Android Studio\jbr\bin\verify.dll

JVMTI agents: none

dbghelp: loaded successfully - version: 4.0.5 - missing functions: none
symbol engine: initialized successfully - sym options: 0x614 - pdb path: .;D:\Android\Android Studio\jbr\bin;C:\WINDOWS\SYSTEM32;C:\WINDOWS\WinSxS\amd64_microsoft.windows.common-controls_6595b64144ccf1df_6.0.19041.4355_none_60b8b9eb71f62e16;D:\Android\Android Studio\jbr\bin\server

VM Arguments:
java_command: org.jetbrains.kotlin.cli.jvm.K2JVMCompiler @D:\IT Projects\budolEcosystem\budolPayMobile\build\shared_preferences_android\20260102_10624844658129468479.compiler.options
java_class_path (initial): C:\Users\Administrator\.gradle\caches\modules-2\files-2.1\org.jetbrains.kotlin\kotlin-compiler-embeddable\2.2.20\bb8331b7585e36ea311825b01a1c06860c055fd1\kotlin-compiler-embeddable-2.2.20.jar;C:\Users\Administrator\.gradle\caches\modules-2\files-2.1\org.jetbrains.kotlin\kotlin-stdlib\2.2.20\5380b19fa1924399b62ce3a1faffebb2b4f82272\kotlin-stdlib-2.2.20.jar;C:\Users\Administrator\.gradle\caches\modules-2\files-2.1\org.jetbrains.kotlin\kotlin-script-runtime\2.2.20\4c679cbeac0bb583b75c3a080013da8eaf240807\kotlin-script-runtime-2.2.20.jar;C:\Users\Administrator\.gradle\caches\modules-2\files-2.1\org.jetbrains.kotlin\kotlin-reflect\1.6.10\1cbe9c92c12a94eea200d23c2bbaedaf3daf5132\kotlin-reflect-1.6.10.jar;C:\Users\Administrator\.gradle\caches\modules-2\files-2.1\org.jetbrains.kotlin\kotlin-daemon-embeddable\2.2.20\feff12d48d7f1eb628742b0a721395e16f8755bf\kotlin-daemon-embeddable-2.2.20.jar;C:\Users\Administrator\.gradle\caches\modules-2\files-2.1\org.jetbrains.kotlinx\kotlinx-coroutines-core-jvm\1.8.0\ac1dc37a30a93150b704022f8d895ee1bd3a36b3\kotlinx-coroutines-core-jvm-1.8.0.jar;C:\Users\Administrator\.gradle\caches\modules-2\files-2.1\org.jetbrains\annotations\13.0\919f0dfe192fb4e063e7dacadee7f8bb9a2672a9\annotations-13.0.jar
Launcher Type: SUN_STANDARD

[Global flags]
     intx CICompilerCount                          = 4                                         {product} {ergonomic}
     uint ConcGCThreads                            = 2                                         {product} {ergonomic}
     uint G1ConcRefinementThreads                  = 8                                         {product} {ergonomic}
   size_t G1HeapRegionSize                         = 1048576                                   {product} {ergonomic}
    uintx GCDrainStackTargetSize                   = 64                                        {product} {ergonomic}
   size_t InitialHeapSize                          = 67108864                                  {product} {ergonomic}
   size_t MarkStackSize                            = 4194304                                   {product} {ergonomic}
   size_t MaxHeapSize                              = 1042284544                                {product} {ergonomic}
   size_t MaxNewSize                               = 624951296                                 {product} {ergonomic}
   size_t MinHeapDeltaBytes                        = 1048576                                   {product} {ergonomic}
   size_t MinHeapSize                              = 8388608                                   {product} {ergonomic}
    uintx NonNMethodCodeHeapSize                   = 5839372                                {pd product} {ergonomic}
    uintx NonProfiledCodeHeapSize                  = 122909434                              {pd product} {ergonomic}
    uintx ProfiledCodeHeapSize                     = 122909434                              {pd product} {ergonomic}
    uintx ReservedCodeCacheSize                    = 251658240                              {pd product} {ergonomic}
     bool SegmentedCodeCache                       = true                                      {product} {ergonomic}
   size_t SoftMaxHeapSize                          = 1042284544                             {manageable} {ergonomic}
     bool UseCompressedOops                        = true                           {product lp64_product} {ergonomic}
     bool UseG1GC                                  = true                                      {product} {ergonomic}
     bool UseLargePagesIndividualAllocation        = false                                  {pd product} {ergonomic}

Logging:
Log output configuration:
 #0: stdout all=warning uptime,level,tags foldmultilines=false
 #1: stderr all=off uptime,level,tags foldmultilines=false

Environment Variables:
JAVA_HOME=D:\Android\Android Studio\jbr
CLASSPATH=D:\IT Projects\budolEcosystem\budolPayMobile\android\\gradle\wrapper\gradle-wrapper.jar
PATH=D:\Android\Android Studio\jbr\bin;c:\\Users\\Administrator\\.trae\\sdks\\workspaces\\8b594975\\versions\\node\\current;c:\\Users\\Administrator\\.trae\\sdks\\versions\\node\\current;D:\flutter\bin\;c:\Users\Administrator\.trae\sdks\workspaces\8b594975\versions\node\current;c:\Users\Administrator\.trae\sdks\versions\node\current;C:\Python312\Scripts\;C:\Python312\;C:\WINDOWS\system32;C:\WINDOWS;C:\WINDOWS\System32\Wbem;C:\WINDOWS\System32\WindowsPowerShell\v1.0\;C:\WINDOWS\System32\OpenSSH\;C:\ProgramData\chocolatey\bin;C:\Program Files\Docker\Docker\resources\bin;C:\Program Files\Git\cmd;C:\Program Files\Sniffnet\;C:\wamp64\bin\php\php8.2.13;C:\Program Files\Cloudflare\Cloudflare WARP\;C:\Program Files\cursor\resources\app\bin;C:\Program Files\nodejs\;d:\Trae\bin;C:\Users\Administrator\AppData\Local\Microsoft\WindowsApps;C:\Users\Administrator\AppData\Local\Programs\Microsoft VS Code\bin;C:\Users\Administrator\AppData\Local\ComposerSetup\bin;C:\Users\Administrator\AppData\Roaming\Composer\vendor\bin;C:\Users\Administrator\AppData\Local\Programs\Antigravity\bin;C:\Users\Administrator\AppData\Roaming\npm;D:\flutter\bin
USERNAME=Administrator
LANG=en_US.UTF-8
OS=Windows_NT
PROCESSOR_IDENTIFIER=Intel64 Family 6 Model 158 Stepping 13, GenuineIntel
TMP=C:\Users\ADMINI~1\AppData\Local\Temp
TEMP=C:\Users\ADMINI~1\AppData\Local\Temp




Periodic native trim disabled

JNI global refs:
JNI global refs: 11, weak refs: 2

JNI global refs memory usage: 835, weak refs: 833

Process memory usage:
Resident Set Size: 201296K (4% of 4063352K total physical memory with 135524K free physical memory)

OOME stack traces (most recent first):
Classloader memory used:
Loader jdk.internal.loader.ClassLoaders$AppClassLoader                                 : 83415K
Loader bootstrap                                                                       : 11958K

---------------  S Y S T E M  ---------------

OS:
 Windows 10 , 64 bit Build 19041 (10.0.19041.4842)
OS uptime: 0 days 4:32 hours

CPU: total 8 (initial active 8) (8 cores per cpu, 1 threads per core) family 6 model 158 stepping 13 microcode 0xb8, cx8, cmov, fxsr, mmx, 3dnowpref, sse, sse2, sse3, ssse3, sse4.1, sse4.2, popcnt, lzcnt, tsc, tscinvbit, avx, avx2, aes, erms, clmul, bmi1, bmi2, rtm, adx, fma, vzeroupper, clflush, clflushopt, rdtscp, f16c
Processor Information for the first 8 processors :
  Max Mhz: 3000, Current Mhz: 3000, Mhz Limit: 3000

Memory: 4k page, system-wide physical 3968M (154M free)
TotalPageFile size 16256M (AvailPageFile size 206M)
current process WorkingSet (physical memory assigned to process): 196M, peak: 282M
current process commit charge ("private bytes"): 382M, peak: 383M

vm_info: OpenJDK 64-Bit Server VM (21.0.8+-14196175-b1038.72) for windows-amd64 JRE (21.0.8+-14196175-b1038.72), built on 2025-10-01T10:24:33Z by "builder" with MS VC++ 16.10 / 16.11 (VS2019)

END.
