#
# There is insufficient memory for the Java Runtime Environment to continue.
# Native memory allocation (mmap) failed to map 38797312 bytes. Error detail: G1 virtual space
# Possible reasons:
#   The system is out of physical RAM or swap space
#   This process is running with CompressedOops enabled, and the Java Heap may be blocking the growth of the native heap
# Possible solutions:
#   Reduce memory load on the system
#   Increase physical memory or swap space
#   Check if swap backing store is full
#   Decrease Java heap size (-Xmx/-Xms)
#   Decrease number of Java threads
#   Decrease Java thread stack sizes (-Xss)
#   Set larger code cache with -XX:ReservedCodeCacheSize=
#   JVM is running with Unscaled Compressed Oops mode in which the Java heap is
#     placed in the first 4GB address space. The Java Heap base address is the
#     maximum limit for the native heap growth. Please use -XX:HeapBaseMinAddress
#     to set the Java Heap base and to place the Java Heap above 4GB virtual address.
# This output file may be truncated or incomplete.
#
#  Out of Memory Error (os_windows.cpp:3925), pid=17912, tid=8300
#
# JRE version: OpenJDK Runtime Environment (21.0.8) (build 21.0.8+-14196175-b1038.72)
# Java VM: OpenJDK 64-Bit Server VM (21.0.8+-14196175-b1038.72, mixed mode, tiered, compressed oops, compressed class ptrs, g1 gc, windows-amd64)
# No core dump will be written. Minidumps are not enabled by default on client versions of Windows
#

---------------  S U M M A R Y ------------

Command Line: org.jetbrains.kotlin.cli.jvm.K2JVMCompiler @D:\IT Projects\budolEcosystem\budolPayMobile\build\mobile_scanner\20260103_7373415745248413162.compiler.options

Host: Intel(R) Core(TM) i7-9700 CPU @ 3.00GHz, 8 cores, 3G,  Windows 10 , 64 bit Build 19041 (10.0.19041.4842)
Time: Sat Jan  3 00:13:16 2026 Malay Peninsula Standard Time elapsed time: 5.751985 seconds (0d 0h 0m 5s)

---------------  T H R E A D  ---------------

Current thread (0x000001a758af8e90):  VMThread "VM Thread"          [id=8300, stack(0x0000007e79600000,0x0000007e79700000) (1024K)]

Stack: [0x0000007e79600000,0x0000007e79700000]
Native frames: (J=compiled Java code, j=interpreted, Vv=VM code, C=native code)
V  [jvm.dll+0x6d68d9]
V  [jvm.dll+0x866693]
V  [jvm.dll+0x868c4e]
V  [jvm.dll+0x869333]
V  [jvm.dll+0x280566]
V  [jvm.dll+0x6d3195]
V  [jvm.dll+0x6c69ea]
V  [jvm.dll+0x3586db]
V  [jvm.dll+0x360336]
V  [jvm.dll+0x3b23f6]
V  [jvm.dll+0x3b26c8]
V  [jvm.dll+0x32ae6c]
V  [jvm.dll+0x32aef7]
V  [jvm.dll+0x370d3c]
V  [jvm.dll+0x36f4ee]
V  [jvm.dll+0x32a5c1]
V  [jvm.dll+0x36ebf0]
V  [jvm.dll+0x86f0b8]
V  [jvm.dll+0x870434]
V  [jvm.dll+0x870970]
V  [jvm.dll+0x870c03]
V  [jvm.dll+0x80eac8]
V  [jvm.dll+0x6d512d]
C  [ucrtbase.dll+0x21bb2]
C  [KERNEL32.DLL+0x17374]
C  [ntdll.dll+0x4cc91]

VM_Operation (0x0000007e78ff8460): G1CollectForAllocation, mode: safepoint, requested by thread 0x000001a740681c20


---------------  P R O C E S S  ---------------

Threads class SMR info:
_java_thread_list=0x000001a75d1a3260, length=11, elements={
0x000001a740681c20, 0x000001a758b7d940, 0x000001a758b8e7c0, 0x000001a758b83b80,
0x000001a758b849a0, 0x000001a75d002480, 0x000001a75d002ee0, 0x000001a75d014c80,
0x000001a75d01f700, 0x000001a75d0221b0, 0x000001a75d1c9aa0
}

Java Threads: ( => current thread )
  0x000001a740681c20 JavaThread "main"                              [_thread_blocked, id=22520, stack(0x0000007e78f00000,0x0000007e79000000) (1024K)]
  0x000001a758b7d940 JavaThread "Common-Cleaner"             daemon [_thread_blocked, id=20696, stack(0x0000007e79700000,0x0000007e79800000) (1024K)]
  0x000001a758b8e7c0 JavaThread "Reference Handler"          daemon [_thread_blocked, id=22724, stack(0x0000007e79800000,0x0000007e79900000) (1024K)]
  0x000001a758b83b80 JavaThread "Finalizer"                  daemon [_thread_blocked, id=6296, stack(0x0000007e79900000,0x0000007e79a00000) (1024K)]
  0x000001a758b849a0 JavaThread "Signal Dispatcher"          daemon [_thread_blocked, id=10532, stack(0x0000007e79a00000,0x0000007e79b00000) (1024K)]
  0x000001a75d002480 JavaThread "Attach Listener"            daemon [_thread_blocked, id=11424, stack(0x0000007e79b00000,0x0000007e79c00000) (1024K)]
  0x000001a75d002ee0 JavaThread "Service Thread"             daemon [_thread_blocked, id=11756, stack(0x0000007e79c00000,0x0000007e79d00000) (1024K)]
  0x000001a75d014c80 JavaThread "Monitor Deflation Thread"   daemon [_thread_blocked, id=25464, stack(0x0000007e79d00000,0x0000007e79e00000) (1024K)]
  0x000001a75d01f700 JavaThread "C2 CompilerThread0"         daemon [_thread_blocked, id=27796, stack(0x0000007e79e00000,0x0000007e79f00000) (1024K)]
  0x000001a75d0221b0 JavaThread "C1 CompilerThread0"         daemon [_thread_blocked, id=3800, stack(0x0000007e79f00000,0x0000007e7a000000) (1024K)]
  0x000001a75d1c9aa0 JavaThread "Notification Thread"        daemon [_thread_blocked, id=18816, stack(0x0000007e7a000000,0x0000007e7a100000) (1024K)]
Total: 11

Other Threads:
=>0x000001a758af8e90 VMThread "VM Thread"                           [id=8300, stack(0x0000007e79600000,0x0000007e79700000) (1024K)]
  0x000001a758aaad20 WatcherThread "VM Periodic Task Thread"        [id=4276, stack(0x0000007e79500000,0x0000007e79600000) (1024K)]
  0x000001a742917370 WorkerThread "GC Thread#0"                     [id=26076, stack(0x0000007e79000000,0x0000007e79100000) (1024K)]
  0x000001a75d9256d0 WorkerThread "GC Thread#1"                     [id=26984, stack(0x0000007e7a100000,0x0000007e7a200000) (1024K)]
  0x000001a75d9523f0 WorkerThread "GC Thread#2"                     [id=4552, stack(0x0000007e7a200000,0x0000007e7a300000) (1024K)]
  0x000001a75d952790 WorkerThread "GC Thread#3"                     [id=27948, stack(0x0000007e7a300000,0x0000007e7a400000) (1024K)]
  0x000001a75d952b30 WorkerThread "GC Thread#4"                     [id=1676, stack(0x0000007e7a400000,0x0000007e7a500000) (1024K)]
  0x000001a75d952ed0 WorkerThread "GC Thread#5"                     [id=19628, stack(0x0000007e7a500000,0x0000007e7a600000) (1024K)]
  0x000001a75d95a1c0 WorkerThread "GC Thread#6"                     [id=24432, stack(0x0000007e7a600000,0x0000007e7a700000) (1024K)]
  0x000001a75d95a560 WorkerThread "GC Thread#7"                     [id=26476, stack(0x0000007e7a700000,0x0000007e7a800000) (1024K)]
  0x000001a74291ff90 ConcurrentGCThread "G1 Main Marker"            [id=26588, stack(0x0000007e79100000,0x0000007e79200000) (1024K)]
  0x000001a742920c00 WorkerThread "G1 Conc#0"                       [id=22444, stack(0x0000007e79200000,0x0000007e79300000) (1024K)]
  0x000001a75d959a80 WorkerThread "G1 Conc#1"                       [id=2672, stack(0x0000007e7a800000,0x0000007e7a900000) (1024K)]
  0x000001a742992ce0 ConcurrentGCThread "G1 Refine#0"               [id=24724, stack(0x0000007e79300000,0x0000007e79400000) (1024K)]
  0x000001a742993850 ConcurrentGCThread "G1 Service"                [id=20288, stack(0x0000007e79400000,0x0000007e79500000) (1024K)]
Total: 15

Threads with active compile tasks:
C2 CompilerThread0  5782 4946       4       org.jetbrains.kotlin.load.java.structure.impl.classFiles.BinaryClassSignatureParser::parseTypeString (120 bytes)
C1 CompilerThread0  5782 5273       3       org.jetbrains.kotlin.fir.resolve.calls.ConeResolutionAtom$Companion::createRawAtom (302 bytes)
Total: 2

VM state: at safepoint (normal execution)

VM Mutex/Monitor currently owned by a thread:  ([mutex/lock_event])
[0x00007ff826f485b8] Threads_lock - owner thread: 0x000001a758af8e90
[0x00007ff826f486b8] Heap_lock - owner thread: 0x000001a740681c20

Heap address: 0x00000000c1e00000, size: 994 MB, Compressed Oops mode: 32-bit

CDS archive(s) not mapped
Compressed class space mapped at: 0x0000000100000000-0x0000000140000000, reserved size: 1073741824
Narrow klass base: 0x0000000000000000, Narrow klass shift: 3, Narrow klass range: 0x140000000

GC Precious Log:
 CardTable entry size: 512
 Card Set container configuration: InlinePtr #cards 5 size 8 Array Of Cards #cards 12 size 40 Howl #buckets 4 coarsen threshold 1843 Howl Bitmap #cards 512 size 80 coarsen threshold 460 Card regions per heap region 1 cards per card region 2048
 CPUs: 8 total, 8 available
 Memory: 3968M
 Large Page Support: Disabled
 NUMA Support: Disabled
 Compressed Oops: Enabled (32-bit)
 Heap Region Size: 1M
 Heap Min Capacity: 8M
 Heap Initial Capacity: 64M
 Heap Max Capacity: 994M
 Pre-touch: Disabled
 Parallel Workers: 8
 Concurrent Workers: 2
 Concurrent Refinement Workers: 8
 Periodic GC: Disabled

Heap:
 garbage-first heap   total 69632K, used 47616K [0x00000000c1e00000, 0x0000000100000000)
  region size 1024K, 2 young (2048K), 2 survivors (2048K)
 Metaspace       used 55281K, committed 55616K, reserved 1114112K
  class space    used 6506K, committed 6656K, reserved 1048576K

Heap Regions: E=young(eden), S=young(survivor), O=old, HS=humongous(starts), HC=humongous(continues), CS=collection set, F=free, TAMS=top-at-mark-start, PB=parsable bottom
|   0|0x00000000c1e00000, 0x00000000c1f00000, 0x00000000c1f00000|100%|HS|  |TAMS 0x00000000c1e00000| PB 0x00000000c1e00000| Complete 
|   1|0x00000000c1f00000, 0x00000000c2000000, 0x00000000c2000000|100%|HC|  |TAMS 0x00000000c1f00000| PB 0x00000000c1f00000| Complete 
|   2|0x00000000c2000000, 0x00000000c2100000, 0x00000000c2100000|100%|HC|  |TAMS 0x00000000c2000000| PB 0x00000000c2000000| Complete 
|   3|0x00000000c2100000, 0x00000000c2200000, 0x00000000c2200000|100%|HC|  |TAMS 0x00000000c2100000| PB 0x00000000c2100000| Complete 
|   4|0x00000000c2200000, 0x00000000c2300000, 0x00000000c2300000|100%| O|  |TAMS 0x00000000c2200000| PB 0x00000000c2200000| Untracked 
|   5|0x00000000c2300000, 0x00000000c2400000, 0x00000000c2400000|100%| O|  |TAMS 0x00000000c2300000| PB 0x00000000c2300000| Untracked 
|   6|0x00000000c2400000, 0x00000000c2500000, 0x00000000c2500000|100%|HS|  |TAMS 0x00000000c2400000| PB 0x00000000c2400000| Complete 
|   7|0x00000000c2500000, 0x00000000c2600000, 0x00000000c2600000|100%| O|  |TAMS 0x00000000c2500000| PB 0x00000000c2500000| Untracked 
|   8|0x00000000c2600000, 0x00000000c2700000, 0x00000000c2700000|100%| O|  |TAMS 0x00000000c2600000| PB 0x00000000c2600000| Untracked 
|   9|0x00000000c2700000, 0x00000000c2800000, 0x00000000c2800000|100%| O|  |TAMS 0x00000000c2700000| PB 0x00000000c2700000| Untracked 
|  10|0x00000000c2800000, 0x00000000c2900000, 0x00000000c2900000|100%| O|  |TAMS 0x00000000c2800000| PB 0x00000000c2800000| Untracked 
|  11|0x00000000c2900000, 0x00000000c2a00000, 0x00000000c2a00000|100%| O|  |TAMS 0x00000000c2900000| PB 0x00000000c2900000| Untracked 
|  12|0x00000000c2a00000, 0x00000000c2b00000, 0x00000000c2b00000|100%| O|  |TAMS 0x00000000c2a00000| PB 0x00000000c2a00000| Untracked 
|  13|0x00000000c2b00000, 0x00000000c2c00000, 0x00000000c2c00000|100%| O|  |TAMS 0x00000000c2b00000| PB 0x00000000c2b00000| Untracked 
|  14|0x00000000c2c00000, 0x00000000c2d00000, 0x00000000c2d00000|100%| O|  |TAMS 0x00000000c2c00000| PB 0x00000000c2c00000| Untracked 
|  15|0x00000000c2d00000, 0x00000000c2e00000, 0x00000000c2e00000|100%| O|  |TAMS 0x00000000c2d00000| PB 0x00000000c2d00000| Untracked 
|  16|0x00000000c2e00000, 0x00000000c2f00000, 0x00000000c2f00000|100%| O|  |TAMS 0x00000000c2e00000| PB 0x00000000c2e00000| Untracked 
|  17|0x00000000c2f00000, 0x00000000c3000000, 0x00000000c3000000|100%| O|  |TAMS 0x00000000c2f00000| PB 0x00000000c2f00000| Untracked 
|  18|0x00000000c3000000, 0x00000000c3100000, 0x00000000c3100000|100%| O|  |TAMS 0x00000000c3000000| PB 0x00000000c3000000| Untracked 
|  19|0x00000000c3100000, 0x00000000c3200000, 0x00000000c3200000|100%| O|  |TAMS 0x00000000c3100000| PB 0x00000000c3100000| Untracked 
|  20|0x00000000c3200000, 0x00000000c3300000, 0x00000000c3300000|100%| O|  |TAMS 0x00000000c3200000| PB 0x00000000c3200000| Untracked 
|  21|0x00000000c3300000, 0x00000000c3400000, 0x00000000c3400000|100%| O|  |TAMS 0x00000000c3300000| PB 0x00000000c3300000| Untracked 
|  22|0x00000000c3400000, 0x00000000c3500000, 0x00000000c3500000|100%| O|  |TAMS 0x00000000c3400000| PB 0x00000000c3400000| Untracked 
|  23|0x00000000c3500000, 0x00000000c3600000, 0x00000000c3600000|100%| O|  |TAMS 0x00000000c3500000| PB 0x00000000c3500000| Untracked 
|  24|0x00000000c3600000, 0x00000000c3700000, 0x00000000c3700000|100%| O|  |TAMS 0x00000000c3600000| PB 0x00000000c3600000| Untracked 
|  25|0x00000000c3700000, 0x00000000c3800000, 0x00000000c3800000|100%| O|  |TAMS 0x00000000c3700000| PB 0x00000000c3700000| Untracked 
|  26|0x00000000c3800000, 0x00000000c3900000, 0x00000000c3900000|100%| O|  |TAMS 0x00000000c3800000| PB 0x00000000c3800000| Untracked 
|  27|0x00000000c3900000, 0x00000000c3a00000, 0x00000000c3a00000|100%| O|  |TAMS 0x00000000c3900000| PB 0x00000000c3900000| Untracked 
|  28|0x00000000c3a00000, 0x00000000c3b00000, 0x00000000c3b00000|100%| O|  |TAMS 0x00000000c3a00000| PB 0x00000000c3a00000| Untracked 
|  29|0x00000000c3b00000, 0x00000000c3c00000, 0x00000000c3c00000|100%| O|  |TAMS 0x00000000c3b00000| PB 0x00000000c3b00000| Untracked 
|  30|0x00000000c3c00000, 0x00000000c3d00000, 0x00000000c3d00000|100%| O|  |TAMS 0x00000000c3c00000| PB 0x00000000c3c00000| Untracked 
|  31|0x00000000c3d00000, 0x00000000c3e00000, 0x00000000c3e00000|100%| O|  |TAMS 0x00000000c3d00000| PB 0x00000000c3d00000| Untracked 
|  32|0x00000000c3e00000, 0x00000000c3e00000, 0x00000000c3f00000|  0%| F|  |TAMS 0x00000000c3e00000| PB 0x00000000c3e00000| Untracked 
|  33|0x00000000c3f00000, 0x00000000c4000000, 0x00000000c4000000|100%| O|  |TAMS 0x00000000c3f00000| PB 0x00000000c3f00000| Untracked 
|  34|0x00000000c4000000, 0x00000000c4100000, 0x00000000c4100000|100%| O|  |TAMS 0x00000000c4000000| PB 0x00000000c4000000| Untracked 
|  35|0x00000000c4100000, 0x00000000c4200000, 0x00000000c4200000|100%| O|  |TAMS 0x00000000c4100000| PB 0x00000000c4100000| Untracked 
|  36|0x00000000c4200000, 0x00000000c4300000, 0x00000000c4300000|100%| O|  |TAMS 0x00000000c4200000| PB 0x00000000c4200000| Untracked 
|  37|0x00000000c4300000, 0x00000000c4400000, 0x00000000c4400000|100%| O|  |TAMS 0x00000000c4300000| PB 0x00000000c4300000| Untracked 
|  38|0x00000000c4400000, 0x00000000c4500000, 0x00000000c4500000|100%| O|  |TAMS 0x00000000c4400000| PB 0x00000000c4400000| Untracked 
|  39|0x00000000c4500000, 0x00000000c4600000, 0x00000000c4600000|100%| O|  |TAMS 0x00000000c4500000| PB 0x00000000c4500000| Untracked 
|  40|0x00000000c4600000, 0x00000000c4700000, 0x00000000c4700000|100%| O|  |TAMS 0x00000000c4600000| PB 0x00000000c4600000| Untracked 
|  41|0x00000000c4700000, 0x00000000c4780000, 0x00000000c4800000| 50%| O|  |TAMS 0x00000000c4700000| PB 0x00000000c4700000| Untracked 
|  42|0x00000000c4800000, 0x00000000c4800000, 0x00000000c4900000|  0%| F|  |TAMS 0x00000000c4800000| PB 0x00000000c4800000| Untracked 
|  43|0x00000000c4900000, 0x00000000c4900000, 0x00000000c4a00000|  0%| F|  |TAMS 0x00000000c4900000| PB 0x00000000c4900000| Untracked 
|  44|0x00000000c4a00000, 0x00000000c4a00000, 0x00000000c4b00000|  0%| F|  |TAMS 0x00000000c4a00000| PB 0x00000000c4a00000| Untracked 
|  45|0x00000000c4b00000, 0x00000000c4c00000, 0x00000000c4c00000|100%| S|CS|TAMS 0x00000000c4b00000| PB 0x00000000c4b00000| Complete 
|  46|0x00000000c4c00000, 0x00000000c4d00000, 0x00000000c4d00000|100%| S|CS|TAMS 0x00000000c4c00000| PB 0x00000000c4c00000| Complete 
|  47|0x00000000c4d00000, 0x00000000c4d00000, 0x00000000c4e00000|  0%| F|  |TAMS 0x00000000c4d00000| PB 0x00000000c4d00000| Untracked 
|  48|0x00000000c4e00000, 0x00000000c4e00000, 0x00000000c4f00000|  0%| F|  |TAMS 0x00000000c4e00000| PB 0x00000000c4e00000| Untracked 
|  49|0x00000000c4f00000, 0x00000000c4f00000, 0x00000000c5000000|  0%| F|  |TAMS 0x00000000c4f00000| PB 0x00000000c4f00000| Untracked 
|  50|0x00000000c5000000, 0x00000000c5000000, 0x00000000c5100000|  0%| F|  |TAMS 0x00000000c5000000| PB 0x00000000c5000000| Untracked 
|  51|0x00000000c5100000, 0x00000000c5100000, 0x00000000c5200000|  0%| F|  |TAMS 0x00000000c5100000| PB 0x00000000c5100000| Untracked 
|  52|0x00000000c5200000, 0x00000000c5200000, 0x00000000c5300000|  0%| F|  |TAMS 0x00000000c5200000| PB 0x00000000c5200000| Untracked 
|  53|0x00000000c5300000, 0x00000000c5300000, 0x00000000c5400000|  0%| F|  |TAMS 0x00000000c5300000| PB 0x00000000c5300000| Untracked 
|  54|0x00000000c5400000, 0x00000000c5400000, 0x00000000c5500000|  0%| F|  |TAMS 0x00000000c5400000| PB 0x00000000c5400000| Untracked 
|  55|0x00000000c5500000, 0x00000000c5500000, 0x00000000c5600000|  0%| F|  |TAMS 0x00000000c5500000| PB 0x00000000c5500000| Untracked 
|  56|0x00000000c5600000, 0x00000000c5600000, 0x00000000c5700000|  0%| F|  |TAMS 0x00000000c5600000| PB 0x00000000c5600000| Untracked 
|  57|0x00000000c5700000, 0x00000000c5700000, 0x00000000c5800000|  0%| F|  |TAMS 0x00000000c5700000| PB 0x00000000c5700000| Untracked 
|  58|0x00000000c5800000, 0x00000000c5800000, 0x00000000c5900000|  0%| F|  |TAMS 0x00000000c5800000| PB 0x00000000c5800000| Untracked 
|  59|0x00000000c5900000, 0x00000000c5900000, 0x00000000c5a00000|  0%| F|  |TAMS 0x00000000c5900000| PB 0x00000000c5900000| Untracked 
|  60|0x00000000c5a00000, 0x00000000c5a00000, 0x00000000c5b00000|  0%| F|  |TAMS 0x00000000c5a00000| PB 0x00000000c5a00000| Untracked 
|  61|0x00000000c5b00000, 0x00000000c5b00000, 0x00000000c5c00000|  0%| F|  |TAMS 0x00000000c5b00000| PB 0x00000000c5b00000| Untracked 
|  62|0x00000000c5c00000, 0x00000000c5c00000, 0x00000000c5d00000|  0%| F|  |TAMS 0x00000000c5c00000| PB 0x00000000c5c00000| Untracked 
|  63|0x00000000c5d00000, 0x00000000c5d00000, 0x00000000c5e00000|  0%| F|  |TAMS 0x00000000c5d00000| PB 0x00000000c5d00000| Untracked 
| 990|0x00000000ffc00000, 0x00000000ffd00000, 0x00000000ffd00000|100%| O|  |TAMS 0x00000000ffc00000| PB 0x00000000ffc00000| Untracked 
| 991|0x00000000ffd00000, 0x00000000ffe00000, 0x00000000ffe00000|100%| O|  |TAMS 0x00000000ffd00000| PB 0x00000000ffd00000| Untracked 
| 992|0x00000000ffe00000, 0x00000000fff00000, 0x00000000fff00000|100%| O|  |TAMS 0x00000000ffe00000| PB 0x00000000ffe00000| Untracked 
| 993|0x00000000fff00000, 0x0000000100000000, 0x0000000100000000|100%| O|  |TAMS 0x00000000fff00000| PB 0x00000000fff00000| Untracked 

Card table byte_map: [0x000001a754f70000,0x000001a755170000] _byte_map_base: 0x000001a754961000

Marking Bits: (CMBitMap*) 0x000001a742917a70
 Bits: [0x000001a755170000, 0x000001a7560f8000)

Polling page: 0x000001a740750000

Metaspace:

Usage:
  Non-class:     47.63 MB used.
      Class:      6.35 MB used.
       Both:     53.99 MB used.

Virtual space:
  Non-class space:       64.00 MB reserved,      47.81 MB ( 75%) committed,  1 nodes.
      Class space:        1.00 GB reserved,       6.50 MB ( <1%) committed,  1 nodes.
             Both:        1.06 GB reserved,      54.31 MB (  5%) committed. 

Chunk freelists:
   Non-Class:  15.78 MB
       Class:  9.48 MB
        Both:  25.27 MB

MaxMetaspaceSize: unlimited
CompressedClassSpaceSize: 1.00 GB
Initial GC threshold: 21.00 MB
Current GC threshold: 88.44 MB
CDS: off
 - commit_granule_bytes: 65536.
 - commit_granule_words: 8192.
 - virtual_space_node_default_size: 8388608.
 - enlarge_chunks_in_place: 1.
 - use_allocation_guard: 0.


Internal statistics:

num_allocs_failed_limit: 6.
num_arena_births: 278.
num_arena_deaths: 0.
num_vsnodes_births: 2.
num_vsnodes_deaths: 0.
num_space_committed: 868.
num_space_uncommitted: 0.
num_chunks_returned_to_freelist: 6.
num_chunks_taken_from_freelist: 1894.
num_chunk_merges: 6.
num_chunk_splits: 1589.
num_chunks_enlarged: 1451.
num_inconsistent_stats: 0.

CodeHeap 'non-profiled nmethods': size=120000Kb used=2332Kb max_used=2332Kb free=117667Kb
 bounds [0x000001a74d510000, 0x000001a74d780000, 0x000001a754a40000]
CodeHeap 'profiled nmethods': size=120000Kb used=10012Kb max_used=10012Kb free=109987Kb
 bounds [0x000001a745a40000, 0x000001a746410000, 0x000001a74cf70000]
CodeHeap 'non-nmethods': size=5760Kb used=1613Kb max_used=1689Kb free=4146Kb
 bounds [0x000001a74cf70000, 0x000001a74d1e0000, 0x000001a74d510000]
CodeCache: size=245760Kb, used=13957Kb, max_used=14033Kb, free=231800Kb
 total_blobs=5436, nmethods=4764, adapters=576, full_count=0
Compilation: enabled, stopped_count=0, restarted_count=0

Compilation events (20 events):
Event: 5.723 Thread 0x000001a75d0221b0 nmethod 5270 0x000001a7463f1810 code [0x000001a7463f1c20, 0x000001a7463f35e0]
Event: 5.723 Thread 0x000001a75d0221b0 5271       3       org.jetbrains.kotlin.fir.resolve.dfa.PersistentFlow::<init> (95 bytes)
Event: 5.724 Thread 0x000001a75d0221b0 nmethod 5271 0x000001a7463f3f10 code [0x000001a7463f4320, 0x000001a7463f5d38]
Event: 5.724 Thread 0x000001a75d0221b0 5272       3       org.jetbrains.kotlin.fir.resolve.dfa.cfg.CFGNode::setFlow (68 bytes)
Event: 5.724 Thread 0x000001a75d0221b0 nmethod 5272 0x000001a7463f6690 code [0x000001a7463f68c0, 0x000001a7463f6f18]
Event: 5.724 Thread 0x000001a75d0221b0 5275       3       org.jetbrains.kotlin.fir.scopes.impl.AbstractFirUseSiteMemberScope::processFunctionsByName (139 bytes)
Event: 5.725 Thread 0x000001a75d0221b0 nmethod 5275 0x000001a7463f7190 code [0x000001a7463f7520, 0x000001a7463f8b58]
Event: 5.725 Thread 0x000001a75d0221b0 5277       3       org.jetbrains.kotlin.load.java.AbstractAnnotationTypeQualifierResolver::extractMutability (142 bytes)
Event: 5.725 Thread 0x000001a75d0221b0 nmethod 5277 0x000001a7463f9210 code [0x000001a7463f94e0, 0x000001a7463fa198]
Event: 5.725 Thread 0x000001a75d0221b0 5276       3       org.jetbrains.kotlin.load.java.typeEnhancement.AbstractSignatureParts::extractQualifiersFromAnnotations (654 bytes)
Event: 5.726 Thread 0x000001a75d01f700 nmethod 4952 0x000001a74d74db10 code [0x000001a74d74e1c0, 0x000001a74d753610]
Event: 5.727 Thread 0x000001a75d01f700 4946       4       org.jetbrains.kotlin.load.java.structure.impl.classFiles.BinaryClassSignatureParser::parseTypeString (120 bytes)
Event: 5.731 Thread 0x000001a75d0221b0 nmethod 5276 0x000001a7463fa690 code [0x000001a7463fb020, 0x000001a746400b58]
Event: 5.731 Thread 0x000001a75d0221b0 5283       3       org.jetbrains.kotlin.fir.resolve.dfa.FirDataFlowAnalyzer::propagateAlternateFlows (189 bytes)
Event: 5.734 Thread 0x000001a75d0221b0 nmethod 5283 0x000001a746402b90 code [0x000001a7464030c0, 0x000001a7464057c0]
Event: 5.734 Thread 0x000001a75d0221b0 5282       3       org.jetbrains.kotlin.fir.resolve.dfa.MutableFlow::freeze (57 bytes)
Event: 5.734 Thread 0x000001a75d0221b0 nmethod 5282 0x000001a746406490 code [0x000001a7464066c0, 0x000001a746406ca0]
Event: 5.734 Thread 0x000001a75d0221b0 5274       3       kotlin.coroutines.jvm.internal.ContinuationImpl::releaseIntercepted (53 bytes)
Event: 5.735 Thread 0x000001a75d0221b0 nmethod 5274 0x000001a746407090 code [0x000001a7464073a0, 0x000001a746408690]
Event: 5.735 Thread 0x000001a75d0221b0 5273       3       org.jetbrains.kotlin.fir.resolve.calls.ConeResolutionAtom$Companion::createRawAtom (302 bytes)

GC Heap History (20 events):
Event: 3.239 GC heap after
{Heap after GC invocations=7 (full 0):
 garbage-first heap   total 47104K, used 19107K [0x00000000c1e00000, 0x0000000100000000)
  region size 1024K, 2 young (2048K), 2 survivors (2048K)
 Metaspace       used 35753K, committed 35968K, reserved 1114112K
  class space    used 4407K, committed 4544K, reserved 1048576K
}
Event: 3.240 GC heap before
{Heap before GC invocations=7 (full 0):
 garbage-first heap   total 47104K, used 19107K [0x00000000c1e00000, 0x0000000100000000)
  region size 1024K, 3 young (3072K), 2 survivors (2048K)
 Metaspace       used 35761K, committed 35968K, reserved 1114112K
  class space    used 4407K, committed 4544K, reserved 1048576K
}
Event: 3.243 GC heap after
{Heap after GC invocations=8 (full 0):
 garbage-first heap   total 47104K, used 18824K [0x00000000c1e00000, 0x0000000100000000)
  region size 1024K, 2 young (2048K), 2 survivors (2048K)
 Metaspace       used 35761K, committed 35968K, reserved 1114112K
  class space    used 4407K, committed 4544K, reserved 1048576K
}
Event: 3.581 GC heap before
{Heap before GC invocations=9 (full 0):
 garbage-first heap   total 47104K, used 38280K [0x00000000c1e00000, 0x0000000100000000)
  region size 1024K, 21 young (21504K), 2 survivors (2048K)
 Metaspace       used 41020K, committed 41280K, reserved 1114112K
  class space    used 4965K, committed 5056K, reserved 1048576K
}
Event: 3.585 GC heap after
{Heap after GC invocations=10 (full 0):
 garbage-first heap   total 47104K, used 19995K [0x00000000c1e00000, 0x0000000100000000)
  region size 1024K, 3 young (3072K), 3 survivors (3072K)
 Metaspace       used 41020K, committed 41280K, reserved 1114112K
  class space    used 4965K, committed 5056K, reserved 1048576K
}
Event: 3.902 GC heap before
{Heap before GC invocations=10 (full 0):
 garbage-first heap   total 47104K, used 39451K [0x00000000c1e00000, 0x0000000100000000)
  region size 1024K, 22 young (22528K), 3 survivors (3072K)
 Metaspace       used 45123K, committed 45376K, reserved 1114112K
  class space    used 5378K, committed 5504K, reserved 1048576K
}
Event: 3.909 GC heap after
{Heap after GC invocations=11 (full 0):
 garbage-first heap   total 47104K, used 21642K [0x00000000c1e00000, 0x0000000100000000)
  region size 1024K, 3 young (3072K), 3 survivors (3072K)
 Metaspace       used 45123K, committed 45376K, reserved 1114112K
  class space    used 5378K, committed 5504K, reserved 1048576K
}
Event: 4.123 GC heap before
{Heap before GC invocations=11 (full 0):
 garbage-first heap   total 47104K, used 41098K [0x00000000c1e00000, 0x0000000100000000)
  region size 1024K, 21 young (21504K), 3 survivors (3072K)
 Metaspace       used 48032K, committed 48320K, reserved 1114112K
  class space    used 5673K, committed 5824K, reserved 1048576K
}
Event: 4.131 GC heap after
{Heap after GC invocations=12 (full 0):
 garbage-first heap   total 48128K, used 25937K [0x00000000c1e00000, 0x0000000100000000)
  region size 1024K, 3 young (3072K), 3 survivors (3072K)
 Metaspace       used 48032K, committed 48320K, reserved 1114112K
  class space    used 5673K, committed 5824K, reserved 1048576K
}
Event: 4.192 GC heap before
{Heap before GC invocations=12 (full 0):
 garbage-first heap   total 48128K, used 40273K [0x00000000c1e00000, 0x0000000100000000)
  region size 1024K, 18 young (18432K), 3 survivors (3072K)
 Metaspace       used 48214K, committed 48512K, reserved 1114112K
  class space    used 5683K, committed 5824K, reserved 1048576K
}
Event: 4.204 GC heap after
{Heap after GC invocations=13 (full 0):
 garbage-first heap   total 60416K, used 31609K [0x00000000c1e00000, 0x0000000100000000)
  region size 1024K, 3 young (3072K), 3 survivors (3072K)
 Metaspace       used 48214K, committed 48512K, reserved 1114112K
  class space    used 5683K, committed 5824K, reserved 1048576K
}
Event: 4.476 GC heap before
{Heap before GC invocations=14 (full 0):
 garbage-first heap   total 60416K, used 49017K [0x00000000c1e00000, 0x0000000100000000)
  region size 1024K, 20 young (20480K), 3 survivors (3072K)
 Metaspace       used 49349K, committed 49600K, reserved 1114112K
  class space    used 5793K, committed 5888K, reserved 1048576K
}
Event: 4.486 GC heap after
{Heap after GC invocations=15 (full 0):
 garbage-first heap   total 60416K, used 36285K [0x00000000c1e00000, 0x0000000100000000)
  region size 1024K, 3 young (3072K), 3 survivors (3072K)
 Metaspace       used 49349K, committed 49600K, reserved 1114112K
  class space    used 5793K, committed 5888K, reserved 1048576K
}
Event: 4.698 GC heap before
{Heap before GC invocations=15 (full 0):
 garbage-first heap   total 60416K, used 49597K [0x00000000c1e00000, 0x0000000100000000)
  region size 1024K, 16 young (16384K), 3 survivors (3072K)
 Metaspace       used 51933K, committed 52160K, reserved 1114112K
  class space    used 6100K, committed 6208K, reserved 1048576K
}
Event: 4.705 GC heap after
{Heap after GC invocations=16 (full 0):
 garbage-first heap   total 60416K, used 38287K [0x00000000c1e00000, 0x0000000100000000)
  region size 1024K, 2 young (2048K), 2 survivors (2048K)
 Metaspace       used 51933K, committed 52160K, reserved 1114112K
  class space    used 6100K, committed 6208K, reserved 1048576K
}
Event: 5.320 GC heap before
{Heap before GC invocations=16 (full 0):
 garbage-first heap   total 60416K, used 51599K [0x00000000c1e00000, 0x0000000100000000)
  region size 1024K, 15 young (15360K), 2 survivors (2048K)
 Metaspace       used 53990K, committed 54272K, reserved 1114112K
  class space    used 6380K, committed 6528K, reserved 1048576K
}
Event: 5.326 GC heap after
{Heap after GC invocations=17 (full 0):
 garbage-first heap   total 60416K, used 40323K [0x00000000c1e00000, 0x0000000100000000)
  region size 1024K, 2 young (2048K), 2 survivors (2048K)
 Metaspace       used 53990K, committed 54272K, reserved 1114112K
  class space    used 6380K, committed 6528K, reserved 1048576K
}
Event: 5.412 GC heap before
{Heap before GC invocations=18 (full 0):
 garbage-first heap   total 68608K, used 52611K [0x00000000c1e00000, 0x0000000100000000)
  region size 1024K, 14 young (14336K), 2 survivors (2048K)
 Metaspace       used 54236K, committed 54464K, reserved 1114112K
  class space    used 6413K, committed 6528K, reserved 1048576K
}
Event: 5.421 GC heap after
{Heap after GC invocations=19 (full 0):
 garbage-first heap   total 68608K, used 44437K [0x00000000c1e00000, 0x0000000100000000)
  region size 1024K, 2 young (2048K), 2 survivors (2048K)
 Metaspace       used 54236K, committed 54464K, reserved 1114112K
  class space    used 6413K, committed 6528K, reserved 1048576K
}
Event: 5.738 GC heap before
{Heap before GC invocations=19 (full 0):
 garbage-first heap   total 68608K, used 58773K [0x00000000c1e00000, 0x0000000100000000)
  region size 1024K, 16 young (16384K), 2 survivors (2048K)
 Metaspace       used 55281K, committed 55616K, reserved 1114112K
  class space    used 6506K, committed 6656K, reserved 1048576K
}

Dll operation events (3 events):
Event: 0.013 Loaded shared library D:\Android\Android Studio\jbr\bin\java.dll
Event: 0.021 Loaded shared library D:\Android\Android Studio\jbr\bin\zip.dll
Event: 1.707 Loaded shared library D:\Android\Android Studio\jbr\bin\verify.dll

Deoptimization events (20 events):
Event: 5.329 Thread 0x000001a740681c20 Uncommon trap: trap_request=0xffffff45 fr.pc=0x000001a74d6e65dc relative=0x00000000000010dc
Event: 5.329 Thread 0x000001a740681c20 Uncommon trap: reason=unstable_if action=reinterpret pc=0x000001a74d6e65dc method=org.jetbrains.org.objectweb.asm.ClassReader.readElementValue(Lorg/jetbrains/org/objectweb/asm/AnnotationVisitor;ILjava/lang/String;[C)I @ 102 c2
Event: 5.329 Thread 0x000001a740681c20 DEOPT PACKING pc=0x000001a74d6e65dc sp=0x0000007e78ff59a0
Event: 5.329 Thread 0x000001a740681c20 DEOPT UNPACKING pc=0x000001a74cfc46a2 sp=0x0000007e78ff5920 mode 2
Event: 5.446 Thread 0x000001a740681c20 Uncommon trap: trap_request=0xffffff45 fr.pc=0x000001a74d588c00 relative=0x0000000000000340
Event: 5.446 Thread 0x000001a740681c20 Uncommon trap: reason=unstable_if action=reinterpret pc=0x000001a74d588c00 method=java.lang.String.indexOf([BBILjava/lang/String;I)I @ 22 c2
Event: 5.446 Thread 0x000001a740681c20 DEOPT PACKING pc=0x000001a74d588c00 sp=0x0000007e78ff5300
Event: 5.446 Thread 0x000001a740681c20 DEOPT UNPACKING pc=0x000001a74cfc46a2 sp=0x0000007e78ff51f8 mode 2
Event: 5.446 Thread 0x000001a740681c20 Uncommon trap: trap_request=0xffffff45 fr.pc=0x000001a74d588458 relative=0x0000000000000318
Event: 5.446 Thread 0x000001a740681c20 Uncommon trap: reason=unstable_if action=reinterpret pc=0x000001a74d588458 method=java.lang.String.indexOf([BBILjava/lang/String;I)I @ 22 c2
Event: 5.446 Thread 0x000001a740681c20 DEOPT PACKING pc=0x000001a74d588458 sp=0x0000007e78ff5260
Event: 5.446 Thread 0x000001a740681c20 DEOPT UNPACKING pc=0x000001a74cfc46a2 sp=0x0000007e78ff51f0 mode 2
Event: 5.498 Thread 0x000001a740681c20 Uncommon trap: trap_request=0xffffffe5 fr.pc=0x000001a74d6bce98 relative=0x0000000000000078
Event: 5.498 Thread 0x000001a740681c20 Uncommon trap: reason=range_check action=reinterpret pc=0x000001a74d6bce98 method=kotlin.collections.ArraysKt___ArraysKt.getOrNull([Ljava/lang/Object;I)Ljava/lang/Object; @ 8 c2
Event: 5.498 Thread 0x000001a740681c20 DEOPT PACKING pc=0x000001a74d6bce98 sp=0x0000007e78ff80c0
Event: 5.498 Thread 0x000001a740681c20 DEOPT UNPACKING pc=0x000001a74cfc46a2 sp=0x0000007e78ff7fe0 mode 2
Event: 5.498 Thread 0x000001a740681c20 Uncommon trap: trap_request=0xffffffe5 fr.pc=0x000001a74d6bcb74 relative=0x0000000000000054
Event: 5.498 Thread 0x000001a740681c20 Uncommon trap: reason=range_check action=reinterpret pc=0x000001a74d6bcb74 method=kotlin.collections.ArraysKt___ArraysKt.getOrNull([Ljava/lang/Object;I)Ljava/lang/Object; @ 8 c2
Event: 5.498 Thread 0x000001a740681c20 DEOPT PACKING pc=0x000001a74d6bcb74 sp=0x0000007e78ff8060
Event: 5.498 Thread 0x000001a740681c20 DEOPT UNPACKING pc=0x000001a74cfc46a2 sp=0x0000007e78ff7ff8 mode 2

Classes loaded (20 events):
Event: 3.995 Loading class java/text/CharacterIterator done
Event: 3.995 Loading class java/text/StringCharacterIterator done
Event: 4.045 Loading class java/lang/annotation/ElementType
Event: 4.045 Loading class java/lang/annotation/ElementType done
Event: 4.045 Loading class java/lang/Deprecated
Event: 4.045 Loading class java/lang/Deprecated done
Event: 4.045 Loading class java/lang/Override
Event: 4.045 Loading class java/lang/Override done
Event: 4.364 Loading class java/util/AbstractMap$SimpleImmutableEntry
Event: 4.364 Loading class java/util/AbstractMap$SimpleImmutableEntry done
Event: 4.370 Loading class java/util/AbstractList$ListItr
Event: 4.370 Loading class java/util/AbstractList$ListItr done
Event: 4.734 Loading class java/util/AbstractList$RandomAccessSubList
Event: 4.734 Loading class java/util/AbstractList$SubList
Event: 4.734 Loading class java/util/AbstractList$SubList done
Event: 4.734 Loading class java/util/AbstractList$RandomAccessSubList done
Event: 4.997 Loading class java/util/AbstractList$SubList$1
Event: 4.998 Loading class java/util/AbstractList$SubList$1 done
Event: 5.554 Loading class java/util/RegularEnumSet$EnumSetIterator
Event: 5.554 Loading class java/util/RegularEnumSet$EnumSetIterator done

Classes unloaded (0 events):
No events

Classes redefined (0 events):
No events

Internal exceptions (20 events):
Event: 4.104 Thread 0x000001a740681c20 Exception <a 'java/lang/NoSuchMethodError'{0x00000000c3c34930}: 'java.lang.Object java.lang.invoke.DirectMethodHandle$Holder.invokeSpecial(java.lang.Object, java.lang.Object, java.lang.Object, int, java.lang.Object)'> (0x00000000c3c34930) 
thrown [s\src\hotspot\share\interpreter\linkResolver.cpp, line 784]
Event: 4.187 Thread 0x000001a740681c20 Implicit null exception at 0x000001a74d64ab89 to 0x000001a74d64b3f8
Event: 4.226 Thread 0x000001a740681c20 Implicit null exception at 0x000001a74d573840 to 0x000001a74d5738c2
Event: 4.645 Thread 0x000001a740681c20 Exception <a 'java/lang/NoSuchMethodError'{0x00000000c4b0d988}: 'java.lang.Object java.lang.invoke.DirectMethodHandle$Holder.newInvokeSpecial(java.lang.Object, java.lang.Object, java.lang.Object, java.lang.Object, int, java.lang.Object, java.lang.Object)'> (0x00000000c4b0d988) 
thrown [s\src\hotspot\share\interpreter\linkResolver.cpp, line 784]
Event: 4.645 Thread 0x000001a740681c20 Exception <a 'java/lang/NoSuchMethodError'{0x00000000c4b15b68}: 'java.lang.Object java.lang.invoke.Invokers$Holder.linkToTargetMethod(java.lang.Object, java.lang.Object, java.lang.Object, int, java.lang.Object, java.lang.Object, java.lang.Object)'> (0x00000000c4b15b68) 
thrown [s\src\hotspot\share\interpreter\linkResolver.cpp, line 784]
Event: 4.802 Thread 0x000001a740681c20 Exception <a 'java/lang/NoSuchMethodError'{0x00000000c518f218}: 'java.lang.Object java.lang.invoke.DirectMethodHandle$Holder.newInvokeSpecial(java.lang.Object, java.lang.Object, java.lang.Object, java.lang.Object, int)'> (0x00000000c518f218) 
thrown [s\src\hotspot\share\interpreter\linkResolver.cpp, line 784]
Event: 4.802 Thread 0x000001a740681c20 Exception <a 'java/lang/NoSuchMethodError'{0x00000000c5193660}: 'java.lang.Object java.lang.invoke.DirectMethodHandle$Holder.invokeSpecial(java.lang.Object, java.lang.Object, java.lang.Object, java.lang.Object, java.lang.Object, int)'> (0x00000000c5193660) 
thrown [s\src\hotspot\share\interpreter\linkResolver.cpp, line 784]
Event: 4.803 Thread 0x000001a740681c20 Exception <a 'java/lang/NoSuchMethodError'{0x00000000c51973a0}: 'java.lang.Object java.lang.invoke.Invokers$Holder.linkToTargetMethod(java.lang.Object, java.lang.Object, java.lang.Object, int, java.lang.Object)'> (0x00000000c51973a0) 
thrown [s\src\hotspot\share\interpreter\linkResolver.cpp, line 784]
Event: 4.900 Thread 0x000001a740681c20 Exception <a 'java/lang/NoSuchMethodError'{0x00000000c4fbdca8}: 'java.lang.Object java.lang.invoke.DirectMethodHandle$Holder.newInvokeSpecial(java.lang.Object, int, java.lang.Object)'> (0x00000000c4fbdca8) 
thrown [s\src\hotspot\share\interpreter\linkResolver.cpp, line 784]
Event: 4.999 Thread 0x000001a740681c20 Exception <a 'java/lang/NoSuchMethodError'{0x00000000c4d6c4f8}: 'java.lang.Object java.lang.invoke.DirectMethodHandle$Holder.newInvokeSpecial(java.lang.Object, int, java.lang.Object, java.lang.Object, java.lang.Object)'> (0x00000000c4d6c4f8) 
thrown [s\src\hotspot\share\interpreter\linkResolver.cpp, line 784]
Event: 4.999 Thread 0x000001a740681c20 Exception <a 'java/lang/NoSuchMethodError'{0x00000000c4d70d88}: 'java.lang.Object java.lang.invoke.DirectMethodHandle$Holder.invokeSpecial(java.lang.Object, java.lang.Object, int, java.lang.Object, java.lang.Object, java.lang.Object)'> (0x00000000c4d70d88) 
thrown [s\src\hotspot\share\interpreter\linkResolver.cpp, line 784]
Event: 4.999 Thread 0x000001a740681c20 Exception <a 'java/lang/NoSuchMethodError'{0x00000000c4d74b40}: 'java.lang.Object java.lang.invoke.Invokers$Holder.linkToTargetMethod(int, java.lang.Object, java.lang.Object, java.lang.Object, java.lang.Object)'> (0x00000000c4d74b40) 
thrown [s\src\hotspot\share\interpreter\linkResolver.cpp, line 784]
Event: 5.000 Thread 0x000001a740681c20 Exception <a 'java/lang/NoSuchMethodError'{0x00000000c4d865e8}: 'java.lang.Object java.lang.invoke.DirectMethodHandle$Holder.invokeStatic(java.lang.Object, java.lang.Object, java.lang.Object, int, java.lang.Object, java.lang.Object)'> (0x00000000c4d865e8) 
thrown [s\src\hotspot\share\interpreter\linkResolver.cpp, line 784]
Event: 5.106 Thread 0x000001a740681c20 Exception <a 'java/lang/NoSuchMethodError'{0x00000000c4b75248}: 'java.lang.Object java.lang.invoke.DirectMethodHandle$Holder.newInvokeSpecial(java.lang.Object, int, java.lang.Object, java.lang.Object)'> (0x00000000c4b75248) 
thrown [s\src\hotspot\share\interpreter\linkResolver.cpp, line 784]
Event: 5.107 Thread 0x000001a740681c20 Exception <a 'java/lang/NoSuchMethodError'{0x00000000c4b79c58}: 'java.lang.Object java.lang.invoke.DirectMethodHandle$Holder.invokeSpecial(java.lang.Object, java.lang.Object, int, java.lang.Object, java.lang.Object)'> (0x00000000c4b79c58) 
thrown [s\src\hotspot\share\interpreter\linkResolver.cpp, line 784]
Event: 5.107 Thread 0x000001a740681c20 Exception <a 'java/lang/NoSuchMethodError'{0x00000000c4b7de90}: 'java.lang.Object java.lang.invoke.Invokers$Holder.linkToTargetMethod(int, java.lang.Object, java.lang.Object, java.lang.Object)'> (0x00000000c4b7de90) 
thrown [s\src\hotspot\share\interpreter\linkResolver.cpp, line 784]
Event: 5.275 Thread 0x000001a740681c20 Exception <a 'java/lang/NoSuchMethodError'{0x00000000c49ea7c8}: 'java.lang.Object java.lang.invoke.DirectMethodHandle$Holder.invokeStatic(java.lang.Object, int, java.lang.Object, java.lang.Object)'> (0x00000000c49ea7c8) 
thrown [s\src\hotspot\share\interpreter\linkResolver.cpp, line 784]
Event: 5.464 Thread 0x000001a740681c20 Exception <a 'java/lang/NoSuchMethodError'{0x00000000c5bbb3a8}: 'java.lang.Object java.lang.invoke.DirectMethodHandle$Holder.newInvokeSpecial(java.lang.Object, java.lang.Object, java.lang.Object, java.lang.Object, java.lang.Object, int)'> (0x00000000c5bbb3a8) 
thrown [s\src\hotspot\share\interpreter\linkResolver.cpp, line 784]
Event: 5.464 Thread 0x000001a740681c20 Exception <a 'java/lang/NoSuchMethodError'{0x00000000c5bc0330}: 'java.lang.Object java.lang.invoke.DirectMethodHandle$Holder.invokeSpecial(java.lang.Object, java.lang.Object, java.lang.Object, java.lang.Object, java.lang.Object, java.lang.Object, int)'> (0x00000000c5bc0330) 
thrown [s\src\hotspot\share\interpreter\linkResolver.cpp, line 784]
Event: 5.464 Thread 0x000001a740681c20 Exception <a 'java/lang/NoSuchMethodError'{0x00000000c5bc4c28}: 'java.lang.Object java.lang.invoke.Invokers$Holder.linkToTargetMethod(java.lang.Object, java.lang.Object, java.lang.Object, java.lang.Object, int, java.lang.Object)'> (0x00000000c5bc4c28) 
thrown [s\src\hotspot\share\interpreter\linkResolver.cpp, line 784]

ZGC Phase Switch (0 events):
No events

VM Operations (20 events):
Event: 4.916 Executing VM operation: HandshakeAllThreads (Deoptimize) done
Event: 4.979 Executing VM operation: HandshakeAllThreads (Deoptimize)
Event: 4.979 Executing VM operation: HandshakeAllThreads (Deoptimize) done
Event: 5.278 Executing VM operation: ICBufferFull
Event: 5.278 Executing VM operation: ICBufferFull done
Event: 5.320 Executing VM operation: G1CollectForAllocation (G1 Evacuation Pause)
Event: 5.326 Executing VM operation: G1CollectForAllocation (G1 Evacuation Pause) done
Event: 5.345 Executing VM operation: G1PauseRemark
Event: 5.349 Executing VM operation: G1PauseRemark done
Event: 5.357 Executing VM operation: G1PauseCleanup
Event: 5.357 Executing VM operation: G1PauseCleanup done
Event: 5.412 Executing VM operation: G1CollectForAllocation (G1 Evacuation Pause)
Event: 5.421 Executing VM operation: G1CollectForAllocation (G1 Evacuation Pause) done
Event: 5.597 Executing VM operation: ICBufferFull
Event: 5.597 Executing VM operation: ICBufferFull done
Event: 5.643 Executing VM operation: HandshakeAllThreads (Deoptimize)
Event: 5.644 Executing VM operation: HandshakeAllThreads (Deoptimize) done
Event: 5.646 Executing VM operation: HandshakeAllThreads (Deoptimize)
Event: 5.646 Executing VM operation: HandshakeAllThreads (Deoptimize) done
Event: 5.738 Executing VM operation: G1CollectForAllocation (G1 Evacuation Pause)

Memory protections (0 events):
No events

Nmethod flushes (20 events):
Event: 5.348 Thread 0x000001a758af8e90 flushing  nmethod 0x000001a745e74090
Event: 5.348 Thread 0x000001a758af8e90 flushing  nmethod 0x000001a745e75490
Event: 5.348 Thread 0x000001a758af8e90 flushing  nmethod 0x000001a745e81910
Event: 5.348 Thread 0x000001a758af8e90 flushing  nmethod 0x000001a745e88e90
Event: 5.348 Thread 0x000001a758af8e90 flushing  nmethod 0x000001a745e95b90
Event: 5.348 Thread 0x000001a758af8e90 flushing  nmethod 0x000001a745e96510
Event: 5.348 Thread 0x000001a758af8e90 flushing  nmethod 0x000001a745eb9810
Event: 5.348 Thread 0x000001a758af8e90 flushing  nmethod 0x000001a745ec4890
Event: 5.348 Thread 0x000001a758af8e90 flushing  nmethod 0x000001a745ec7190
Event: 5.348 Thread 0x000001a758af8e90 flushing  nmethod 0x000001a745ec7710
Event: 5.348 Thread 0x000001a758af8e90 flushing  nmethod 0x000001a745ec7b90
Event: 5.348 Thread 0x000001a758af8e90 flushing  nmethod 0x000001a745ec8490
Event: 5.348 Thread 0x000001a758af8e90 flushing  nmethod 0x000001a745ec8a10
Event: 5.348 Thread 0x000001a758af8e90 flushing  nmethod 0x000001a745ec8e10
Event: 5.348 Thread 0x000001a758af8e90 flushing  nmethod 0x000001a745ec9290
Event: 5.348 Thread 0x000001a758af8e90 flushing  nmethod 0x000001a745ec9790
Event: 5.348 Thread 0x000001a758af8e90 flushing  nmethod 0x000001a745ee4290
Event: 5.348 Thread 0x000001a758af8e90 flushing  nmethod 0x000001a745f0a290
Event: 5.348 Thread 0x000001a758af8e90 flushing  nmethod 0x000001a745f24210
Event: 5.348 Thread 0x000001a758af8e90 flushing  nmethod 0x000001a745f27810

Events (15 events):
Event: 0.015 Thread 0x000001a740681c20 Thread added: 0x000001a740681c20
Event: 0.409 Thread 0x000001a740681c20 Thread added: 0x000001a758b7d940
Event: 0.447 Thread 0x000001a740681c20 Thread added: 0x000001a758b8e7c0
Event: 0.447 Thread 0x000001a740681c20 Thread added: 0x000001a758b83b80
Event: 0.458 Thread 0x000001a740681c20 Thread added: 0x000001a758b849a0
Event: 0.458 Thread 0x000001a740681c20 Thread added: 0x000001a75d002480
Event: 0.458 Thread 0x000001a740681c20 Thread added: 0x000001a75d002ee0
Event: 0.458 Thread 0x000001a740681c20 Thread added: 0x000001a75d014c80
Event: 0.458 Thread 0x000001a740681c20 Thread added: 0x000001a75d01f700
Event: 0.458 Thread 0x000001a740681c20 Thread added: 0x000001a75d0221b0
Event: 0.537 Thread 0x000001a740681c20 Thread added: 0x000001a75d1c9aa0
Event: 0.554 Loaded shared library D:\Android\Android Studio\jbr\bin\net.dll
Event: 0.557 Loaded shared library D:\Android\Android Studio\jbr\bin\nio.dll
Event: 0.587 Loaded shared library D:\Android\Android Studio\jbr\bin\zip.dll
Event: 0.616 Loaded shared library D:\Android\Android Studio\jbr\bin\jimage.dll


Dynamic libraries:
0x00007ff698a70000 - 0x00007ff698a7a000 	D:\Android\Android Studio\jbr\bin\java.exe
0x00007ff8a9e10000 - 0x00007ff8aa008000 	C:\WINDOWS\SYSTEM32\ntdll.dll
0x00007ff8a8c30000 - 0x00007ff8a8cf1000 	C:\WINDOWS\System32\KERNEL32.DLL
0x00007ff8a7660000 - 0x00007ff8a795d000 	C:\WINDOWS\System32\KERNELBASE.dll
0x00007ff8a7560000 - 0x00007ff8a7660000 	C:\WINDOWS\System32\ucrtbase.dll
0x00007ff8a26c0000 - 0x00007ff8a26db000 	D:\Android\Android Studio\jbr\bin\VCRUNTIME140.dll
0x00007ff8a26e0000 - 0x00007ff8a26f8000 	D:\Android\Android Studio\jbr\bin\jli.dll
0x00007ff8a96c0000 - 0x00007ff8a985d000 	C:\WINDOWS\System32\USER32.dll
0x00007ff8a7dc0000 - 0x00007ff8a7de2000 	C:\WINDOWS\System32\win32u.dll
0x00007ff89db80000 - 0x00007ff89de1a000 	C:\WINDOWS\WinSxS\amd64_microsoft.windows.common-controls_6595b64144ccf1df_6.0.19041.4355_none_60b8b9eb71f62e16\COMCTL32.dll
0x00007ff8a94e0000 - 0x00007ff8a950b000 	C:\WINDOWS\System32\GDI32.dll
0x00007ff8a7ab0000 - 0x00007ff8a7bc7000 	C:\WINDOWS\System32\gdi32full.dll
0x00007ff8a9c40000 - 0x00007ff8a9cde000 	C:\WINDOWS\System32\msvcrt.dll
0x00007ff8a7960000 - 0x00007ff8a79fd000 	C:\WINDOWS\System32\msvcp_win.dll
0x00007ff8a9520000 - 0x00007ff8a954f000 	C:\WINDOWS\System32\IMM32.DLL
0x00007ff88fba0000 - 0x00007ff88fbac000 	D:\Android\Android Studio\jbr\bin\vcruntime140_1.dll
0x00007ff87ec90000 - 0x00007ff87ed1d000 	D:\Android\Android Studio\jbr\bin\msvcp140.dll
0x00007ff826390000 - 0x00007ff827026000 	D:\Android\Android Studio\jbr\bin\server\jvm.dll
0x00007ff8a8b80000 - 0x00007ff8a8c30000 	C:\WINDOWS\System32\ADVAPI32.dll
0x00007ff8a9440000 - 0x00007ff8a94e0000 	C:\WINDOWS\System32\sechost.dll
0x00007ff8a9ab0000 - 0x00007ff8a9bd3000 	C:\WINDOWS\System32\RPCRT4.dll
0x00007ff8a74c0000 - 0x00007ff8a74e7000 	C:\WINDOWS\System32\bcrypt.dll
0x00007ff8a9550000 - 0x00007ff8a95bb000 	C:\WINDOWS\System32\WS2_32.dll
0x00007ff89ed00000 - 0x00007ff89ed0a000 	C:\WINDOWS\SYSTEM32\VERSION.dll
0x00007ff89e680000 - 0x00007ff89e6a7000 	C:\WINDOWS\SYSTEM32\WINMM.dll
0x00007ff8a69f0000 - 0x00007ff8a6a3b000 	C:\WINDOWS\SYSTEM32\POWRPROF.dll
0x00007ff8a68c0000 - 0x00007ff8a68d2000 	C:\WINDOWS\SYSTEM32\UMPDC.dll
0x00007ff8a5540000 - 0x00007ff8a5552000 	C:\WINDOWS\SYSTEM32\kernel.appcore.dll
0x00007ff88fb90000 - 0x00007ff88fb9a000 	D:\Android\Android Studio\jbr\bin\jimage.dll
0x00007ff8a46f0000 - 0x00007ff8a48d4000 	C:\WINDOWS\SYSTEM32\DBGHELP.DLL
0x00007ff88d6c0000 - 0x00007ff88d6f4000 	C:\WINDOWS\SYSTEM32\dbgcore.DLL
0x00007ff8a7d30000 - 0x00007ff8a7db2000 	C:\WINDOWS\System32\bcryptPrimitives.dll
0x00007ff88fb70000 - 0x00007ff88fb90000 	D:\Android\Android Studio\jbr\bin\java.dll
0x00007ff88b100000 - 0x00007ff88b118000 	D:\Android\Android Studio\jbr\bin\zip.dll
0x00007ff8a8410000 - 0x00007ff8a8b7f000 	C:\WINDOWS\System32\SHELL32.dll
0x00007ff8a5560000 - 0x00007ff8a5d03000 	C:\WINDOWS\SYSTEM32\windows.storage.dll
0x00007ff8a7e40000 - 0x00007ff8a8193000 	C:\WINDOWS\System32\combase.dll
0x00007ff8a6ef0000 - 0x00007ff8a6f1e000 	C:\WINDOWS\SYSTEM32\Wldp.dll
0x00007ff8a8340000 - 0x00007ff8a840d000 	C:\WINDOWS\System32\OLEAUT32.dll
0x00007ff8a9a00000 - 0x00007ff8a9aad000 	C:\WINDOWS\System32\SHCORE.dll
0x00007ff8a9d60000 - 0x00007ff8a9db5000 	C:\WINDOWS\System32\shlwapi.dll
0x00007ff8a73f0000 - 0x00007ff8a7414000 	C:\WINDOWS\SYSTEM32\profapi.dll
0x00007ff88b0f0000 - 0x00007ff88b100000 	D:\Android\Android Studio\jbr\bin\net.dll
0x00007ff8a0d40000 - 0x00007ff8a0e4d000 	C:\WINDOWS\SYSTEM32\WINHTTP.dll
0x00007ff8a6c50000 - 0x00007ff8a6cba000 	C:\WINDOWS\system32\mswsock.dll
0x00007ff884570000 - 0x00007ff884586000 	D:\Android\Android Studio\jbr\bin\nio.dll
0x00007ff889240000 - 0x00007ff889250000 	D:\Android\Android Studio\jbr\bin\verify.dll

JVMTI agents: none

dbghelp: loaded successfully - version: 4.0.5 - missing functions: none
symbol engine: initialized successfully - sym options: 0x614 - pdb path: .;D:\Android\Android Studio\jbr\bin;C:\WINDOWS\SYSTEM32;C:\WINDOWS\WinSxS\amd64_microsoft.windows.common-controls_6595b64144ccf1df_6.0.19041.4355_none_60b8b9eb71f62e16;D:\Android\Android Studio\jbr\bin\server

VM Arguments:
java_command: org.jetbrains.kotlin.cli.jvm.K2JVMCompiler @D:\IT Projects\budolEcosystem\budolPayMobile\build\mobile_scanner\20260103_7373415745248413162.compiler.options
java_class_path (initial): C:\Users\Administrator\.gradle\caches\modules-2\files-2.1\org.jetbrains.kotlin\kotlin-compiler-embeddable\2.1.0\988bf980588bbbcfa1ba19c1ffd7aa869b335a31\kotlin-compiler-embeddable-2.1.0.jar;C:\Users\Administrator\.gradle\caches\modules-2\files-2.1\org.jetbrains.kotlin\kotlin-stdlib\2.1.0\85f8b81009cda5890e54ba67d64b5e599c645020\kotlin-stdlib-2.1.0.jar;C:\Users\Administrator\.gradle\caches\modules-2\files-2.1\org.jetbrains.kotlin\kotlin-script-runtime\2.1.0\5909da8c57b75a117714ab0e348c86101b7a3284\kotlin-script-runtime-2.1.0.jar;C:\Users\Administrator\.gradle\caches\modules-2\files-2.1\org.jetbrains.kotlin\kotlin-reflect\1.6.10\1cbe9c92c12a94eea200d23c2bbaedaf3daf5132\kotlin-reflect-1.6.10.jar;C:\Users\Administrator\.gradle\caches\modules-2\files-2.1\org.jetbrains.kotlin\kotlin-daemon-embeddable\2.1.0\420bae1908e4a353f5b56c3c850d24d86367b25d\kotlin-daemon-embeddable-2.1.0.jar;C:\Users\Administrator\.gradle\caches\modules-2\files-2.1\org.jetbrains.intellij.deps\trove4j\1.0.20200330\3afb14d5f9ceb459d724e907a21145e8ff394f02\trove4j-1.0.20200330.jar;C:\Users\Administrator\.gradle\caches\modules-2\files-2.1\org.jetbrains.kotlinx\kotlinx-coroutines-core-jvm\1.6.4\2c997cd1c0ef33f3e751d3831929aeff1390cb30\kotlinx-coroutines-core-jvm-1.6.4.jar;C:\Users\Administrator\.gradle\caches\modules-2\files-2.1\org.jetbrains\annotations\13.0\919f0dfe192fb4e063e7dacadee7f8bb9a2672a9\annotations-13.0.jar
Launcher Type: SUN_STANDARD

[Global flags]
     intx CICompilerCount                          = 4                                         {product} {ergonomic}
     uint ConcGCThreads                            = 2                                         {product} {ergonomic}
     uint G1ConcRefinementThreads                  = 8                                         {product} {ergonomic}
   size_t G1HeapRegionSize                         = 1048576                                   {product} {ergonomic}
    uintx GCDrainStackTargetSize                   = 64                                        {product} {ergonomic}
   size_t InitialHeapSize                          = 67108864                                  {product} {ergonomic}
   size_t MarkStackSize                            = 4194304                                   {product} {ergonomic}
   size_t MaxHeapSize                              = 1042284544                                {product} {ergonomic}
   size_t MaxNewSize                               = 624951296                                 {product} {ergonomic}
   size_t MinHeapDeltaBytes                        = 1048576                                   {product} {ergonomic}
   size_t MinHeapSize                              = 8388608                                   {product} {ergonomic}
    uintx NonNMethodCodeHeapSize                   = 5839372                                {pd product} {ergonomic}
    uintx NonProfiledCodeHeapSize                  = 122909434                              {pd product} {ergonomic}
    uintx ProfiledCodeHeapSize                     = 122909434                              {pd product} {ergonomic}
    uintx ReservedCodeCacheSize                    = 251658240                              {pd product} {ergonomic}
     bool SegmentedCodeCache                       = true                                      {product} {ergonomic}
   size_t SoftMaxHeapSize                          = 1042284544                             {manageable} {ergonomic}
     bool UseCompressedOops                        = true                           {product lp64_product} {ergonomic}
     bool UseG1GC                                  = true                                      {product} {ergonomic}
     bool UseLargePagesIndividualAllocation        = false                                  {pd product} {ergonomic}

Logging:
Log output configuration:
 #0: stdout all=warning uptime,level,tags foldmultilines=false
 #1: stderr all=off uptime,level,tags foldmultilines=false

Environment Variables:
JAVA_HOME=D:\Android\Android Studio\jbr
CLASSPATH=D:\IT Projects\budolEcosystem\budolPayMobile\android\\gradle\wrapper\gradle-wrapper.jar
PATH=D:\Android\Android Studio\jbr\bin;c:\\Users\\Administrator\\.trae\\sdks\\workspaces\\8b594975\\versions\\node\\current;c:\\Users\\Administrator\\.trae\\sdks\\versions\\node\\current;D:\flutter\bin\;c:\Users\Administrator\.trae\sdks\workspaces\8b594975\versions\node\current;c:\Users\Administrator\.trae\sdks\versions\node\current;C:\Python312\Scripts\;C:\Python312\;C:\WINDOWS\system32;C:\WINDOWS;C:\WINDOWS\System32\Wbem;C:\WINDOWS\System32\WindowsPowerShell\v1.0\;C:\WINDOWS\System32\OpenSSH\;C:\ProgramData\chocolatey\bin;C:\Program Files\Docker\Docker\resources\bin;C:\Program Files\Git\cmd;C:\Program Files\Sniffnet\;C:\wamp64\bin\php\php8.2.13;C:\Program Files\Cloudflare\Cloudflare WARP\;C:\Program Files\cursor\resources\app\bin;C:\Program Files\nodejs\;d:\Trae\bin;C:\Users\Administrator\AppData\Local\Microsoft\WindowsApps;C:\Users\Administrator\AppData\Local\Programs\Microsoft VS Code\bin;C:\Users\Administrator\AppData\Local\ComposerSetup\bin;C:\Users\Administrator\AppData\Roaming\Composer\vendor\bin;C:\Users\Administrator\AppData\Local\Programs\Antigravity\bin;C:\Users\Administrator\AppData\Roaming\npm;D:\flutter\bin
USERNAME=Administrator
LANG=en_US.UTF-8
OS=Windows_NT
PROCESSOR_IDENTIFIER=Intel64 Family 6 Model 158 Stepping 13, GenuineIntel
TMP=C:\Users\ADMINI~1\AppData\Local\Temp
TEMP=C:\Users\ADMINI~1\AppData\Local\Temp




Periodic native trim disabled

JNI global refs:
JNI global refs: 11, weak refs: 19

JNI global refs memory usage: 835, weak refs: 833

Process memory usage:
Resident Set Size: 207944K (5% of 4063352K total physical memory with 292960K free physical memory)

OOME stack traces (most recent first):
Classloader memory used:
Loader jdk.internal.loader.ClassLoaders$AppClassLoader                                 : 44747K
Loader bootstrap                                                                       : 10534K

---------------  S Y S T E M  ---------------

OS:
 Windows 10 , 64 bit Build 19041 (10.0.19041.4842)
OS uptime: 0 days 2:58 hours

CPU: total 8 (initial active 8) (8 cores per cpu, 1 threads per core) family 6 model 158 stepping 13 microcode 0xb8, cx8, cmov, fxsr, mmx, 3dnowpref, sse, sse2, sse3, ssse3, sse4.1, sse4.2, popcnt, lzcnt, tsc, tscinvbit, avx, avx2, aes, erms, clmul, bmi1, bmi2, rtm, adx, fma, vzeroupper, clflush, clflushopt, rdtscp, f16c
Processor Information for the first 8 processors :
  Max Mhz: 3000, Current Mhz: 3000, Mhz Limit: 3000

Memory: 4k page, system-wide physical 3968M (287M free)
TotalPageFile size 16256M (AvailPageFile size 18M)
current process WorkingSet (physical memory assigned to process): 203M, peak: 211M
current process commit charge ("private bytes"): 240M, peak: 278M

vm_info: OpenJDK 64-Bit Server VM (21.0.8+-14196175-b1038.72) for windows-amd64 JRE (21.0.8+-14196175-b1038.72), built on 2025-10-01T10:24:33Z by "builder" with MS VC++ 16.10 / 16.11 (VS2019)

END.
