#
# There is insufficient memory for the Java Runtime Environment to continue.
# Native memory allocation (malloc) failed to allocate 1837984 bytes. Error detail: Chunk::new
# Possible reasons:
#   The system is out of physical RAM or swap space
#   This process is running with CompressedOops enabled, and the Java Heap may be blocking the growth of the native heap
# Possible solutions:
#   Reduce memory load on the system
#   Increase physical memory or swap space
#   Check if swap backing store is full
#   Decrease Java heap size (-Xmx/-Xms)
#   Decrease number of Java threads
#   Decrease Java thread stack sizes (-Xss)
#   Set larger code cache with -XX:ReservedCodeCacheSize=
#   JVM is running with Unscaled Compressed Oops mode in which the Java heap is
#     placed in the first 4GB address space. The Java Heap base address is the
#     maximum limit for the native heap growth. Please use -XX:HeapBaseMinAddress
#     to set the Java Heap base and to place the Java Heap above 4GB virtual address.
# This output file may be truncated or incomplete.
#
#  Out of Memory Error (arena.cpp:168), pid=22924, tid=29888
#
# JRE version: OpenJDK Runtime Environment (21.0.8) (build 21.0.8+-14196175-b1038.72)
# Java VM: OpenJDK 64-Bit Server VM (21.0.8+-14196175-b1038.72, mixed mode, tiered, compressed oops, compressed class ptrs, g1 gc, windows-amd64)
# No core dump will be written. Minidumps are not enabled by default on client versions of Windows
#

---------------  S U M M A R Y ------------

Command Line: org.jetbrains.kotlin.cli.jvm.K2JVMCompiler @D:\IT Projects\budolEcosystem\budolPayMobile\build\mobile_scanner\20260103_109930554049866163.compiler.options

Host: Intel(R) Core(TM) i7-9700 CPU @ 3.00GHz, 8 cores, 3G,  Windows 10 , 64 bit Build 19041 (10.0.19041.4842)
Time: Sat Jan  3 00:03:22 2026 Malay Peninsula Standard Time elapsed time: 10.665326 seconds (0d 0h 0m 10s)

---------------  T H R E A D  ---------------

Current thread (0x00000155675d61e0):  JavaThread "C2 CompilerThread0" daemon [_thread_in_native, id=29888, stack(0x0000003841200000,0x0000003841300000) (1024K)]


Current CompileTask:
C2:10665 4316   !   4       jdk.internal.loader.Resource::getBytes (244 bytes)

Stack: [0x0000003841200000,0x0000003841300000]
Native frames: (J=compiled Java code, j=interpreted, Vv=VM code, C=native code)
V  [jvm.dll+0x6d68d9]
V  [jvm.dll+0x866693]
V  [jvm.dll+0x868c4e]
V  [jvm.dll+0x869333]
V  [jvm.dll+0x280566]
V  [jvm.dll+0xc07cd]
V  [jvm.dll+0xc0d03]
V  [jvm.dll+0x3b961b]
V  [jvm.dll+0x385507]
V  [jvm.dll+0x38497a]
V  [jvm.dll+0x249252]
V  [jvm.dll+0x248821]
V  [jvm.dll+0x1c73a4]
V  [jvm.dll+0x257f9e]
V  [jvm.dll+0x2564e6]
V  [jvm.dll+0x3f4696]
V  [jvm.dll+0x80eac8]
V  [jvm.dll+0x6d512d]
C  [ucrtbase.dll+0x21bb2]
C  [KERNEL32.DLL+0x17374]
C  [ntdll.dll+0x4cc91]


---------------  P R O C E S S  ---------------

Threads class SMR info:
_java_thread_list=0x00000155677512e0, length=11, elements={
0x000001554efb3840, 0x000001556747fa60, 0x00000155675c8070, 0x00000155675c8ad0,
0x00000155675d1520, 0x00000155675d1f80, 0x00000155675d49f0, 0x00000155675d5450,
0x00000155675d61e0, 0x00000155675d8db0, 0x0000015567778570
}

Java Threads: ( => current thread )
  0x000001554efb3840 JavaThread "main"                              [_thread_in_vm, id=16960, stack(0x0000003840300000,0x0000003840400000) (1024K)]
  0x000001556747fa60 JavaThread "Common-Cleaner"             daemon [_thread_blocked, id=24320, stack(0x0000003840b00000,0x0000003840c00000) (1024K)]
  0x00000155675c8070 JavaThread "Reference Handler"          daemon [_thread_blocked, id=8360, stack(0x0000003840c00000,0x0000003840d00000) (1024K)]
  0x00000155675c8ad0 JavaThread "Finalizer"                  daemon [_thread_blocked, id=30184, stack(0x0000003840d00000,0x0000003840e00000) (1024K)]
  0x00000155675d1520 JavaThread "Signal Dispatcher"          daemon [_thread_blocked, id=29516, stack(0x0000003840e00000,0x0000003840f00000) (1024K)]
  0x00000155675d1f80 JavaThread "Attach Listener"            daemon [_thread_blocked, id=29724, stack(0x0000003840f00000,0x0000003841000000) (1024K)]
  0x00000155675d49f0 JavaThread "Service Thread"             daemon [_thread_blocked, id=22524, stack(0x0000003841000000,0x0000003841100000) (1024K)]
  0x00000155675d5450 JavaThread "Monitor Deflation Thread"   daemon [_thread_blocked, id=29948, stack(0x0000003841100000,0x0000003841200000) (1024K)]
=>0x00000155675d61e0 JavaThread "C2 CompilerThread0"         daemon [_thread_in_native, id=29888, stack(0x0000003841200000,0x0000003841300000) (1024K)]
  0x00000155675d8db0 JavaThread "C1 CompilerThread0"         daemon [_thread_blocked, id=1056, stack(0x0000003841300000,0x0000003841400000) (1024K)]
  0x0000015567778570 JavaThread "Notification Thread"        daemon [_thread_blocked, id=12484, stack(0x0000003841400000,0x0000003841500000) (1024K)]
Total: 11

Other Threads:
  0x0000015567430270 VMThread "VM Thread"                           [id=25624, stack(0x0000003840a00000,0x0000003840b00000) (1024K)]
  0x00000155512ac9e0 WatcherThread "VM Periodic Task Thread"        [id=28668, stack(0x0000003840900000,0x0000003840a00000) (1024K)]
  0x0000015551227f20 WorkerThread "GC Thread#0"                     [id=15688, stack(0x0000003840400000,0x0000003840500000) (1024K)]
  0x000001556c41fe10 WorkerThread "GC Thread#1"                     [id=24876, stack(0x0000003841500000,0x0000003841600000) (1024K)]
  0x000001556c4a32d0 WorkerThread "GC Thread#2"                     [id=23368, stack(0x0000003841600000,0x0000003841700000) (1024K)]
  0x000001556c420450 WorkerThread "GC Thread#3"                     [id=21684, stack(0x0000003841700000,0x0000003841800000) (1024K)]
  0x000001556c4c2f70 WorkerThread "GC Thread#4"                     [id=25056, stack(0x0000003841800000,0x0000003841900000) (1024K)]
  0x000001556c4c3310 WorkerThread "GC Thread#5"                     [id=21460, stack(0x0000003841900000,0x0000003841a00000) (1024K)]
  0x000001556c63d620 WorkerThread "GC Thread#6"                     [id=14652, stack(0x0000003841a00000,0x0000003841b00000) (1024K)]
  0x000001556c63ebe0 WorkerThread "GC Thread#7"                     [id=22220, stack(0x0000003841b00000,0x0000003841c00000) (1024K)]
  0x0000015551230a50 ConcurrentGCThread "G1 Main Marker"            [id=28176, stack(0x0000003840500000,0x0000003840600000) (1024K)]
  0x0000015551231460 WorkerThread "G1 Conc#0"                       [id=21936, stack(0x0000003840600000,0x0000003840700000) (1024K)]
  0x000001556c980c30 WorkerThread "G1 Conc#1"                       [id=20148, stack(0x0000003841c00000,0x0000003841d00000) (1024K)]
  0x000001555129cfe0 ConcurrentGCThread "G1 Refine#0"               [id=29852, stack(0x0000003840700000,0x0000003840800000) (1024K)]
  0x000001555129da60 ConcurrentGCThread "G1 Service"                [id=29780, stack(0x0000003840800000,0x0000003840900000) (1024K)]
Total: 15

Threads with active compile tasks:
C2 CompilerThread0  10706 4316   !   4       jdk.internal.loader.Resource::getBytes (244 bytes)
Total: 1

VM state: not at safepoint (normal execution)

VM Mutex/Monitor currently owned by a thread: None

Heap address: 0x00000000c1e00000, size: 994 MB, Compressed Oops mode: 32-bit

CDS archive(s) not mapped
Compressed class space mapped at: 0x0000000100000000-0x0000000140000000, reserved size: 1073741824
Narrow klass base: 0x0000000000000000, Narrow klass shift: 3, Narrow klass range: 0x140000000

GC Precious Log:
 CardTable entry size: 512
 Card Set container configuration: InlinePtr #cards 5 size 8 Array Of Cards #cards 12 size 40 Howl #buckets 4 coarsen threshold 1843 Howl Bitmap #cards 512 size 80 coarsen threshold 460 Card regions per heap region 1 cards per card region 2048
 CPUs: 8 total, 8 available
 Memory: 3968M
 Large Page Support: Disabled
 NUMA Support: Disabled
 Compressed Oops: Enabled (32-bit)
 Heap Region Size: 1M
 Heap Min Capacity: 8M
 Heap Initial Capacity: 64M
 Heap Max Capacity: 994M
 Pre-touch: Disabled
 Parallel Workers: 8
 Concurrent Workers: 2
 Concurrent Refinement Workers: 8
 Periodic GC: Disabled

Heap:
 garbage-first heap   total 68608K, used 46080K [0x00000000c1e00000, 0x0000000100000000)
  region size 1024K, 8 young (8192K), 2 survivors (2048K)
 Metaspace       used 58636K, committed 58944K, reserved 1114112K
  class space    used 6918K, committed 7040K, reserved 1048576K

Heap Regions: E=young(eden), S=young(survivor), O=old, HS=humongous(starts), HC=humongous(continues), CS=collection set, F=free, TAMS=top-at-mark-start, PB=parsable bottom
|   0|0x00000000c1e00000, 0x00000000c1f00000, 0x00000000c1f00000|100%|HS|  |TAMS 0x00000000c1e00000| PB 0x00000000c1e00000| Complete 
|   1|0x00000000c1f00000, 0x00000000c2000000, 0x00000000c2000000|100%|HC|  |TAMS 0x00000000c1f00000| PB 0x00000000c1f00000| Complete 
|   2|0x00000000c2000000, 0x00000000c2100000, 0x00000000c2100000|100%|HC|  |TAMS 0x00000000c2000000| PB 0x00000000c2000000| Complete 
|   3|0x00000000c2100000, 0x00000000c2200000, 0x00000000c2200000|100%|HC|  |TAMS 0x00000000c2100000| PB 0x00000000c2100000| Complete 
|   4|0x00000000c2200000, 0x00000000c2300000, 0x00000000c2300000|100%| O|  |TAMS 0x00000000c2200000| PB 0x00000000c2200000| Untracked 
|   5|0x00000000c2300000, 0x00000000c2400000, 0x00000000c2400000|100%|HS|  |TAMS 0x00000000c2300000| PB 0x00000000c2300000| Complete 
|   6|0x00000000c2400000, 0x00000000c2500000, 0x00000000c2500000|100%| O|  |TAMS 0x00000000c2400000| PB 0x00000000c2400000| Untracked 
|   7|0x00000000c2500000, 0x00000000c2600000, 0x00000000c2600000|100%| O|  |TAMS 0x00000000c2500000| PB 0x00000000c2500000| Untracked 
|   8|0x00000000c2600000, 0x00000000c2700000, 0x00000000c2700000|100%| O|  |TAMS 0x00000000c2600000| PB 0x00000000c2600000| Untracked 
|   9|0x00000000c2700000, 0x00000000c2800000, 0x00000000c2800000|100%| O|  |TAMS 0x00000000c2700000| PB 0x00000000c2700000| Untracked 
|  10|0x00000000c2800000, 0x00000000c2900000, 0x00000000c2900000|100%| O|  |TAMS 0x00000000c2800000| PB 0x00000000c2800000| Untracked 
|  11|0x00000000c2900000, 0x00000000c2a00000, 0x00000000c2a00000|100%| O|  |TAMS 0x00000000c2900000| PB 0x00000000c2900000| Untracked 
|  12|0x00000000c2a00000, 0x00000000c2b00000, 0x00000000c2b00000|100%| O|  |TAMS 0x00000000c2a00000| PB 0x00000000c2a00000| Untracked 
|  13|0x00000000c2b00000, 0x00000000c2c00000, 0x00000000c2c00000|100%| O|  |TAMS 0x00000000c2b00000| PB 0x00000000c2b00000| Untracked 
|  14|0x00000000c2c00000, 0x00000000c2d00000, 0x00000000c2d00000|100%| O|  |TAMS 0x00000000c2c00000| PB 0x00000000c2c00000| Untracked 
|  15|0x00000000c2d00000, 0x00000000c2e00000, 0x00000000c2e00000|100%| O|  |TAMS 0x00000000c2d00000| PB 0x00000000c2d00000| Untracked 
|  16|0x00000000c2e00000, 0x00000000c2f00000, 0x00000000c2f00000|100%| O|  |TAMS 0x00000000c2e00000| PB 0x00000000c2e00000| Untracked 
|  17|0x00000000c2f00000, 0x00000000c3000000, 0x00000000c3000000|100%| O|  |TAMS 0x00000000c2f00000| PB 0x00000000c2f00000| Untracked 
|  18|0x00000000c3000000, 0x00000000c3100000, 0x00000000c3100000|100%| O|  |TAMS 0x00000000c3000000| PB 0x00000000c3000000| Untracked 
|  19|0x00000000c3100000, 0x00000000c3200000, 0x00000000c3200000|100%| O|  |TAMS 0x00000000c3100000| PB 0x00000000c3100000| Untracked 
|  20|0x00000000c3200000, 0x00000000c3300000, 0x00000000c3300000|100%| O|  |TAMS 0x00000000c3200000| PB 0x00000000c3200000| Untracked 
|  21|0x00000000c3300000, 0x00000000c3400000, 0x00000000c3400000|100%| O|  |TAMS 0x00000000c3300000| PB 0x00000000c3300000| Untracked 
|  22|0x00000000c3400000, 0x00000000c3500000, 0x00000000c3500000|100%| O|  |TAMS 0x00000000c3400000| PB 0x00000000c3400000| Untracked 
|  23|0x00000000c3500000, 0x00000000c3600000, 0x00000000c3600000|100%| O|  |TAMS 0x00000000c3500000| PB 0x00000000c3500000| Untracked 
|  24|0x00000000c3600000, 0x00000000c3700000, 0x00000000c3700000|100%| O|  |TAMS 0x00000000c3600000| PB 0x00000000c3600000| Untracked 
|  25|0x00000000c3700000, 0x00000000c3800000, 0x00000000c3800000|100%| O|  |TAMS 0x00000000c3700000| PB 0x00000000c3700000| Untracked 
|  26|0x00000000c3800000, 0x00000000c3900000, 0x00000000c3900000|100%| O|  |TAMS 0x00000000c3800000| PB 0x00000000c3800000| Untracked 
|  27|0x00000000c3900000, 0x00000000c3900000, 0x00000000c3a00000|  0%| F|  |TAMS 0x00000000c3900000| PB 0x00000000c3900000| Untracked 
|  28|0x00000000c3a00000, 0x00000000c3a00000, 0x00000000c3b00000|  0%| F|  |TAMS 0x00000000c3a00000| PB 0x00000000c3a00000| Untracked 
|  29|0x00000000c3b00000, 0x00000000c3c00000, 0x00000000c3c00000|100%| O|  |TAMS 0x00000000c3b00000| PB 0x00000000c3b00000| Untracked 
|  30|0x00000000c3c00000, 0x00000000c3d00000, 0x00000000c3d00000|100%| O|  |TAMS 0x00000000c3c00000| PB 0x00000000c3c00000| Untracked 
|  31|0x00000000c3d00000, 0x00000000c3e00000, 0x00000000c3e00000|100%| O|Cm|TAMS 0x00000000c3d00000| PB 0x00000000c3d00000| Complete 
|  32|0x00000000c3e00000, 0x00000000c3e00000, 0x00000000c3f00000|  0%| F|  |TAMS 0x00000000c3e00000| PB 0x00000000c3e00000| Untracked 
|  33|0x00000000c3f00000, 0x00000000c3f00000, 0x00000000c4000000|  0%| F|  |TAMS 0x00000000c3f00000| PB 0x00000000c3f00000| Untracked 
|  34|0x00000000c4000000, 0x00000000c4000000, 0x00000000c4100000|  0%| F|  |TAMS 0x00000000c4000000| PB 0x00000000c4000000| Untracked 
|  35|0x00000000c4100000, 0x00000000c4100000, 0x00000000c4200000|  0%| F|  |TAMS 0x00000000c4100000| PB 0x00000000c4100000| Untracked 
|  36|0x00000000c4200000, 0x00000000c4300000, 0x00000000c4300000|100%| S|CS|TAMS 0x00000000c4200000| PB 0x00000000c4200000| Complete 
|  37|0x00000000c4300000, 0x00000000c4400000, 0x00000000c4400000|100%| S|CS|TAMS 0x00000000c4300000| PB 0x00000000c4300000| Complete 
|  38|0x00000000c4400000, 0x00000000c4400000, 0x00000000c4500000|  0%| F|  |TAMS 0x00000000c4400000| PB 0x00000000c4400000| Untracked 
|  39|0x00000000c4500000, 0x00000000c4500000, 0x00000000c4600000|  0%| F|  |TAMS 0x00000000c4500000| PB 0x00000000c4500000| Untracked 
|  40|0x00000000c4600000, 0x00000000c4600000, 0x00000000c4700000|  0%| F|  |TAMS 0x00000000c4600000| PB 0x00000000c4600000| Untracked 
|  41|0x00000000c4700000, 0x00000000c4700000, 0x00000000c4800000|  0%| F|  |TAMS 0x00000000c4700000| PB 0x00000000c4700000| Untracked 
|  42|0x00000000c4800000, 0x00000000c4800000, 0x00000000c4900000|  0%| F|  |TAMS 0x00000000c4800000| PB 0x00000000c4800000| Untracked 
|  43|0x00000000c4900000, 0x00000000c4900000, 0x00000000c4a00000|  0%| F|  |TAMS 0x00000000c4900000| PB 0x00000000c4900000| Untracked 
|  44|0x00000000c4a00000, 0x00000000c4a00000, 0x00000000c4b00000|  0%| F|  |TAMS 0x00000000c4a00000| PB 0x00000000c4a00000| Untracked 
|  45|0x00000000c4b00000, 0x00000000c4b00000, 0x00000000c4c00000|  0%| F|  |TAMS 0x00000000c4b00000| PB 0x00000000c4b00000| Untracked 
|  46|0x00000000c4c00000, 0x00000000c4c00000, 0x00000000c4d00000|  0%| F|  |TAMS 0x00000000c4c00000| PB 0x00000000c4c00000| Untracked 
|  47|0x00000000c4d00000, 0x00000000c4d00000, 0x00000000c4e00000|  0%| F|  |TAMS 0x00000000c4d00000| PB 0x00000000c4d00000| Untracked 
|  48|0x00000000c4e00000, 0x00000000c4e00000, 0x00000000c4f00000|  0%| F|  |TAMS 0x00000000c4e00000| PB 0x00000000c4e00000| Untracked 
|  49|0x00000000c4f00000, 0x00000000c4f00000, 0x00000000c5000000|  0%| F|  |TAMS 0x00000000c4f00000| PB 0x00000000c4f00000| Untracked 
|  50|0x00000000c5000000, 0x00000000c5000000, 0x00000000c5100000|  0%| F|  |TAMS 0x00000000c5000000| PB 0x00000000c5000000| Untracked 
|  51|0x00000000c5100000, 0x00000000c5100000, 0x00000000c5200000|  0%| F|  |TAMS 0x00000000c5100000| PB 0x00000000c5100000| Untracked 
|  52|0x00000000c5200000, 0x00000000c5200000, 0x00000000c5300000|  0%| F|  |TAMS 0x00000000c5200000| PB 0x00000000c5200000| Untracked 
|  53|0x00000000c5300000, 0x00000000c53330a0, 0x00000000c5400000| 19%| E|  |TAMS 0x00000000c5300000| PB 0x00000000c5300000| Complete 
|  54|0x00000000c5400000, 0x00000000c5500000, 0x00000000c5500000|100%| E|CS|TAMS 0x00000000c5400000| PB 0x00000000c5400000| Complete 
|  55|0x00000000c5500000, 0x00000000c5600000, 0x00000000c5600000|100%| E|CS|TAMS 0x00000000c5500000| PB 0x00000000c5500000| Complete 
|  56|0x00000000c5600000, 0x00000000c5700000, 0x00000000c5700000|100%| E|CS|TAMS 0x00000000c5600000| PB 0x00000000c5600000| Complete 
|  57|0x00000000c5700000, 0x00000000c5800000, 0x00000000c5800000|100%| E|CS|TAMS 0x00000000c5700000| PB 0x00000000c5700000| Complete 
|  63|0x00000000c5d00000, 0x00000000c5e00000, 0x00000000c5e00000|100%| E|CS|TAMS 0x00000000c5d00000| PB 0x00000000c5d00000| Complete 
| 986|0x00000000ff800000, 0x00000000ff900000, 0x00000000ff900000|100%| O|  |TAMS 0x00000000ff800000| PB 0x00000000ff800000| Untracked 
| 987|0x00000000ff900000, 0x00000000ffa00000, 0x00000000ffa00000|100%| O|  |TAMS 0x00000000ff900000| PB 0x00000000ff900000| Untracked 
| 988|0x00000000ffa00000, 0x00000000ffb00000, 0x00000000ffb00000|100%| O|  |TAMS 0x00000000ffa00000| PB 0x00000000ffa00000| Untracked 
| 989|0x00000000ffb00000, 0x00000000ffc00000, 0x00000000ffc00000|100%| O|  |TAMS 0x00000000ffb00000| PB 0x00000000ffb00000| Untracked 
| 990|0x00000000ffc00000, 0x00000000ffd00000, 0x00000000ffd00000|100%| O|  |TAMS 0x00000000ffc00000| PB 0x00000000ffc00000| Untracked 
| 991|0x00000000ffd00000, 0x00000000ffe00000, 0x00000000ffe00000|100%| O|  |TAMS 0x00000000ffd00000| PB 0x00000000ffd00000| Untracked 
| 992|0x00000000ffe00000, 0x00000000fff00000, 0x00000000fff00000|100%| O|  |TAMS 0x00000000ffe00000| PB 0x00000000ffe00000| Untracked 
| 993|0x00000000fff00000, 0x0000000100000000, 0x0000000100000000|100%| O|  |TAMS 0x00000000fff00000| PB 0x00000000fff00000| Untracked 

Card table byte_map: [0x0000015563880000,0x0000015563a80000] _byte_map_base: 0x0000015563271000

Marking Bits: (CMBitMap*) 0x0000015551228530
 Bits: [0x0000015563a80000, 0x0000015564a08000)

Polling page: 0x000001554ef70000

Metaspace:

Usage:
  Non-class:     50.51 MB used.
      Class:      6.76 MB used.
       Both:     57.27 MB used.

Virtual space:
  Non-class space:       64.00 MB reserved,      50.69 MB ( 79%) committed,  1 nodes.
      Class space:        1.00 GB reserved,       6.88 MB ( <1%) committed,  1 nodes.
             Both:        1.06 GB reserved,      57.56 MB (  5%) committed. 

Chunk freelists:
   Non-Class:  12.55 MB
       Class:  9.16 MB
        Both:  21.70 MB

MaxMetaspaceSize: unlimited
CompressedClassSpaceSize: 1.00 GB
Initial GC threshold: 21.00 MB
Current GC threshold: 93.56 MB
CDS: off
 - commit_granule_bytes: 65536.
 - commit_granule_words: 8192.
 - virtual_space_node_default_size: 8388608.
 - enlarge_chunks_in_place: 1.
 - use_allocation_guard: 0.


Internal statistics:

num_allocs_failed_limit: 6.
num_arena_births: 252.
num_arena_deaths: 0.
num_vsnodes_births: 2.
num_vsnodes_deaths: 0.
num_space_committed: 920.
num_space_uncommitted: 0.
num_chunks_returned_to_freelist: 6.
num_chunks_taken_from_freelist: 1931.
num_chunk_merges: 6.
num_chunk_splits: 1650.
num_chunks_enlarged: 1509.
num_inconsistent_stats: 0.

CodeHeap 'non-profiled nmethods': size=120000Kb used=1985Kb max_used=1985Kb free=118014Kb
 bounds [0x000001555be20000, 0x000001555c090000, 0x0000015563350000]
CodeHeap 'profiled nmethods': size=120000Kb used=8136Kb max_used=8579Kb free=111863Kb
 bounds [0x0000015554350000, 0x0000015554bc0000, 0x000001555b880000]
CodeHeap 'non-nmethods': size=5760Kb used=1599Kb max_used=1673Kb free=4160Kb
 bounds [0x000001555b880000, 0x000001555baf0000, 0x000001555be20000]
CodeCache: size=245760Kb, used=11720Kb, max_used=12237Kb, free=234037Kb
 total_blobs=4504, nmethods=3841, adapters=567, full_count=0
Compilation: enabled, stopped_count=0, restarted_count=0

Compilation events (20 events):
Event: 10.482 Thread 0x00000155675d8db0 4388       3       kotlin.collections.AbstractMap::size (5 bytes)
Event: 10.482 Thread 0x00000155675d8db0 nmethod 4388 0x00000155543cc410 code [0x00000155543cc5c0, 0x00000155543cc780]
Event: 10.482 Thread 0x00000155675d8db0 4389       1       org.jetbrains.kotlin.fir.declarations.impl.FirSimpleFunctionImpl::getContractDescription (5 bytes)
Event: 10.482 Thread 0x00000155675d8db0 nmethod 4389 0x000001555bf62890 code [0x000001555bf62a20, 0x000001555bf62ae8]
Event: 10.483 Thread 0x00000155675d8db0 4390       1       org.jetbrains.kotlin.kotlinx.collections.immutable.implementations.immutableMap.TrieNode$ModificationResult::getNode (5 bytes)
Event: 10.483 Thread 0x00000155675d8db0 nmethod 4390 0x000001555bf32810 code [0x000001555bf329a0, 0x000001555bf32a68]
Event: 10.483 Thread 0x00000155675d8db0 4391       1       org.jetbrains.kotlin.kotlinx.collections.immutable.implementations.immutableMap.TrieNode$ModificationResult::getSizeDelta (5 bytes)
Event: 10.483 Thread 0x00000155675d8db0 nmethod 4391 0x000001555bf32510 code [0x000001555bf326a0, 0x000001555bf32768]
Event: 10.483 Thread 0x00000155675d8db0 4392       3       java.util.EnumMap::put (10 bytes)
Event: 10.483 Thread 0x00000155675d8db0 nmethod 4392 0x000001555438c790 code [0x000001555438c940, 0x000001555438cb78]
Event: 10.483 Thread 0x00000155675d8db0 4393       3       java.util.EnumMap::typeCheck (59 bytes)
Event: 10.484 Thread 0x00000155675d8db0 nmethod 4393 0x0000015554440d90 code [0x0000015554441040, 0x0000015554441a80]
Event: 10.484 Thread 0x00000155675d8db0 4394       3       java.util.EnumMap::maskNull (12 bytes)
Event: 10.484 Thread 0x00000155675d8db0 nmethod 4394 0x000001555449ed90 code [0x000001555449ef40, 0x000001555449f098]
Event: 10.503 Thread 0x00000155675d8db0 4395       1       kotlin.collections.ReversedList::access$getDelegate$p (5 bytes)
Event: 10.503 Thread 0x00000155675d8db0 nmethod 4395 0x000001555bf32210 code [0x000001555bf323a0, 0x000001555bf32450]
Event: 10.503 Thread 0x00000155675d8db0 4396       3       org.jetbrains.kotlin.fir.scopes.FirContainingNamesAwareScope::<init> (5 bytes)
Event: 10.503 Thread 0x00000155675d8db0 nmethod 4396 0x000001555437b910 code [0x000001555437bac0, 0x000001555437bc88]
Event: 10.517 Thread 0x00000155675d61e0 nmethod 4240 0x000001555c00e410 code [0x000001555c00eee0, 0x000001555c017920]
Event: 10.517 Thread 0x00000155675d61e0 4316   !   4       jdk.internal.loader.Resource::getBytes (244 bytes)

GC Heap History (20 events):
Event: 5.699 GC heap before
{Heap before GC invocations=5 (full 0):
 garbage-first heap   total 43008K, used 23439K [0x00000000c1e00000, 0x0000000100000000)
  region size 1024K, 10 young (10240K), 3 survivors (3072K)
 Metaspace       used 35735K, committed 35968K, reserved 1114112K
  class space    used 4542K, committed 4672K, reserved 1048576K
}
Event: 5.707 GC heap after
{Heap after GC invocations=6 (full 0):
 garbage-first heap   total 43008K, used 17946K [0x00000000c1e00000, 0x0000000100000000)
  region size 1024K, 1 young (1024K), 1 survivors (1024K)
 Metaspace       used 35735K, committed 35968K, reserved 1114112K
  class space    used 4542K, committed 4672K, reserved 1048576K
}
Event: 6.077 GC heap before
{Heap before GC invocations=7 (full 0):
 garbage-first heap   total 43008K, used 35354K [0x00000000c1e00000, 0x0000000100000000)
  region size 1024K, 18 young (18432K), 1 survivors (1024K)
 Metaspace       used 38839K, committed 39104K, reserved 1114112K
  class space    used 4905K, committed 4992K, reserved 1048576K
}
Event: 6.085 GC heap after
{Heap after GC invocations=8 (full 0):
 garbage-first heap   total 43008K, used 20365K [0x00000000c1e00000, 0x0000000100000000)
  region size 1024K, 3 young (3072K), 3 survivors (3072K)
 Metaspace       used 38839K, committed 39104K, reserved 1114112K
  class space    used 4905K, committed 4992K, reserved 1048576K
}
Event: 6.578 GC heap before
{Heap before GC invocations=8 (full 0):
 garbage-first heap   total 43008K, used 34701K [0x00000000c1e00000, 0x0000000100000000)
  region size 1024K, 18 young (18432K), 3 survivors (3072K)
 Metaspace       used 41603K, committed 41856K, reserved 1114112K
  class space    used 5190K, committed 5312K, reserved 1048576K
}
Event: 6.589 GC heap after
{Heap after GC invocations=9 (full 0):
 garbage-first heap   total 43008K, used 21414K [0x00000000c1e00000, 0x0000000100000000)
  region size 1024K, 2 young (2048K), 2 survivors (2048K)
 Metaspace       used 41603K, committed 41856K, reserved 1114112K
  class space    used 5190K, committed 5312K, reserved 1048576K
}
Event: 6.961 GC heap before
{Heap before GC invocations=9 (full 0):
 garbage-first heap   total 43008K, used 34726K [0x00000000c1e00000, 0x0000000100000000)
  region size 1024K, 16 young (16384K), 2 survivors (2048K)
 Metaspace       used 45766K, committed 46016K, reserved 1114112K
  class space    used 5583K, committed 5696K, reserved 1048576K
}
Event: 6.966 GC heap after
{Heap after GC invocations=10 (full 0):
 garbage-first heap   total 43008K, used 22295K [0x00000000c1e00000, 0x0000000100000000)
  region size 1024K, 1 young (1024K), 1 survivors (1024K)
 Metaspace       used 45766K, committed 46016K, reserved 1114112K
  class space    used 5583K, committed 5696K, reserved 1048576K
}
Event: 7.921 GC heap before
{Heap before GC invocations=11 (full 0):
 garbage-first heap   total 43008K, used 35607K [0x00000000c1e00000, 0x0000000100000000)
  region size 1024K, 15 young (15360K), 1 survivors (1024K)
 Metaspace       used 48933K, committed 49216K, reserved 1114112K
  class space    used 5917K, committed 6016K, reserved 1048576K
}
Event: 7.928 GC heap after
{Heap after GC invocations=12 (full 0):
 garbage-first heap   total 43008K, used 24390K [0x00000000c1e00000, 0x0000000100000000)
  region size 1024K, 2 young (2048K), 2 survivors (2048K)
 Metaspace       used 48933K, committed 49216K, reserved 1114112K
  class space    used 5917K, committed 6016K, reserved 1048576K
}
Event: 8.298 GC heap before
{Heap before GC invocations=12 (full 0):
 garbage-first heap   total 43008K, used 36678K [0x00000000c1e00000, 0x0000000100000000)
  region size 1024K, 15 young (15360K), 2 survivors (2048K)
 Metaspace       used 52212K, committed 52480K, reserved 1114112K
  class space    used 6253K, committed 6336K, reserved 1048576K
}
Event: 8.311 GC heap after
{Heap after GC invocations=13 (full 0):
 garbage-first heap   total 43008K, used 25023K [0x00000000c1e00000, 0x0000000100000000)
  region size 1024K, 1 young (1024K), 1 survivors (1024K)
 Metaspace       used 52212K, committed 52480K, reserved 1114112K
  class space    used 6253K, committed 6336K, reserved 1048576K
}
Event: 8.782 GC heap before
{Heap before GC invocations=13 (full 0):
 garbage-first heap   total 43008K, used 37311K [0x00000000c1e00000, 0x0000000100000000)
  region size 1024K, 13 young (13312K), 1 survivors (1024K)
 Metaspace       used 54672K, committed 54912K, reserved 1114112K
  class space    used 6508K, committed 6592K, reserved 1048576K
}
Event: 8.789 GC heap after
{Heap after GC invocations=14 (full 0):
 garbage-first heap   total 52224K, used 26624K [0x00000000c1e00000, 0x0000000100000000)
  region size 1024K, 2 young (2048K), 2 survivors (2048K)
 Metaspace       used 54672K, committed 54912K, reserved 1114112K
  class space    used 6508K, committed 6592K, reserved 1048576K
}
Event: 8.972 GC heap before
{Heap before GC invocations=15 (full 0):
 garbage-first heap   total 52224K, used 47104K [0x00000000c1e00000, 0x0000000100000000)
  region size 1024K, 21 young (21504K), 2 survivors (2048K)
 Metaspace       used 54821K, committed 55104K, reserved 1114112K
  class space    used 6525K, committed 6656K, reserved 1048576K
}
Event: 8.988 GC heap after
{Heap after GC invocations=16 (full 0):
 garbage-first heap   total 57344K, used 35326K [0x00000000c1e00000, 0x0000000100000000)
  region size 1024K, 3 young (3072K), 3 survivors (3072K)
 Metaspace       used 54821K, committed 55104K, reserved 1114112K
  class space    used 6525K, committed 6656K, reserved 1048576K
}
Event: 9.332 GC heap before
{Heap before GC invocations=16 (full 0):
 garbage-first heap   total 57344K, used 48638K [0x00000000c1e00000, 0x0000000100000000)
  region size 1024K, 16 young (16384K), 3 survivors (3072K)
 Metaspace       used 55789K, committed 56064K, reserved 1114112K
  class space    used 6624K, committed 6720K, reserved 1048576K
}
Event: 9.343 GC heap after
{Heap after GC invocations=17 (full 0):
 garbage-first heap   total 57344K, used 38831K [0x00000000c1e00000, 0x0000000100000000)
  region size 1024K, 2 young (2048K), 2 survivors (2048K)
 Metaspace       used 55789K, committed 56064K, reserved 1114112K
  class space    used 6624K, committed 6720K, reserved 1048576K
}
Event: 10.302 GC heap before
{Heap before GC invocations=17 (full 0):
 garbage-first heap   total 57344K, used 49071K [0x00000000c1e00000, 0x0000000100000000)
  region size 1024K, 12 young (12288K), 2 survivors (2048K)
 Metaspace       used 57156K, committed 57408K, reserved 1114112K
  class space    used 6767K, committed 6848K, reserved 1048576K
}
Event: 10.311 GC heap after
{Heap after GC invocations=18 (full 0):
 garbage-first heap   total 57344K, used 40960K [0x00000000c1e00000, 0x0000000100000000)
  region size 1024K, 2 young (2048K), 2 survivors (2048K)
 Metaspace       used 57156K, committed 57408K, reserved 1114112K
  class space    used 6767K, committed 6848K, reserved 1048576K
}

Dll operation events (3 events):
Event: 0.039 Loaded shared library D:\Android\Android Studio\jbr\bin\java.dll
Event: 0.107 Loaded shared library D:\Android\Android Studio\jbr\bin\zip.dll
Event: 5.511 Loaded shared library D:\Android\Android Studio\jbr\bin\verify.dll

Deoptimization events (20 events):
Event: 8.994 Thread 0x000001554efb3840 DEOPT PACKING pc=0x000001555bee7694 sp=0x00000038403fc5f0
Event: 8.994 Thread 0x000001554efb3840 DEOPT UNPACKING pc=0x000001555b8d46a2 sp=0x00000038403fc588 mode 2
Event: 9.026 Thread 0x000001554efb3840 DEOPT PACKING pc=0x0000015554919d8c sp=0x00000038403faca0
Event: 9.026 Thread 0x000001554efb3840 DEOPT UNPACKING pc=0x000001555b8d4e42 sp=0x00000038403fa250 mode 0
Event: 9.089 Thread 0x000001554efb3840 Uncommon trap: trap_request=0xffffff45 fr.pc=0x000001555bf99a04 relative=0x0000000000001544
Event: 9.089 Thread 0x000001554efb3840 Uncommon trap: reason=unstable_if action=reinterpret pc=0x000001555bf99a04 method=java.util.HashMap.putVal(ILjava/lang/Object;Ljava/lang/Object;ZZ)Ljava/lang/Object; @ 206 c2
Event: 9.089 Thread 0x000001554efb3840 DEOPT PACKING pc=0x000001555bf99a04 sp=0x00000038403fe430
Event: 9.089 Thread 0x000001554efb3840 DEOPT UNPACKING pc=0x000001555b8d46a2 sp=0x00000038403fe300 mode 2
Event: 9.094 Thread 0x000001554efb3840 DEOPT PACKING pc=0x000001555494f648 sp=0x00000038403fca20
Event: 9.094 Thread 0x000001554efb3840 DEOPT UNPACKING pc=0x000001555b8d4e42 sp=0x00000038403fbef8 mode 0
Event: 9.105 Thread 0x000001554efb3840 DEOPT PACKING pc=0x000001555494f648 sp=0x00000038403fca20
Event: 9.105 Thread 0x000001554efb3840 DEOPT UNPACKING pc=0x000001555b8d4e42 sp=0x00000038403fbef8 mode 0
Event: 9.107 Thread 0x000001554efb3840 Uncommon trap: trap_request=0xffffff5c fr.pc=0x000001555bfbf2e8 relative=0x00000000000000a8
Event: 9.107 Thread 0x000001554efb3840 Uncommon trap: reason=speculate_null_check action=make_not_entrant pc=0x000001555bfbf2e8 method=org.jetbrains.kotlin.com.intellij.openapi.vfs.VfsUtilCore.isAncestor(Lorg/jetbrains/kotlin/com/intellij/openapi/vfs/VirtualFile;Lorg/jetbrains/kotlin/com/intel
Event: 9.107 Thread 0x000001554efb3840 DEOPT PACKING pc=0x000001555bfbf2e8 sp=0x00000038403fc7f0
Event: 9.107 Thread 0x000001554efb3840 DEOPT UNPACKING pc=0x000001555b8d46a2 sp=0x00000038403fc780 mode 2
Event: 10.502 Thread 0x000001554efb3840 Uncommon trap: trap_request=0xffffff45 fr.pc=0x000001555be6a450 relative=0x0000000000000770
Event: 10.502 Thread 0x000001554efb3840 Uncommon trap: reason=unstable_if action=reinterpret pc=0x000001555be6a450 method=java.util.ArrayList.grow(I)[Ljava/lang/Object; @ 17 c2
Event: 10.502 Thread 0x000001554efb3840 DEOPT PACKING pc=0x000001555be6a450 sp=0x00000038403fe280
Event: 10.502 Thread 0x000001554efb3840 DEOPT UNPACKING pc=0x000001555b8d46a2 sp=0x00000038403fe118 mode 2

Classes loaded (20 events):
Event: 7.070 Loading class java/math/RoundingMode
Event: 7.070 Loading class java/math/RoundingMode done
Event: 8.054 Loading class java/util/PriorityQueue
Event: 8.054 Loading class java/util/PriorityQueue done
Event: 8.314 Loading class java/security/AccessControlException
Event: 8.314 Loading class java/security/AccessControlException done
Event: 8.352 Loading class java/text/StringCharacterIterator
Event: 8.352 Loading class java/text/CharacterIterator
Event: 8.353 Loading class java/text/CharacterIterator done
Event: 8.353 Loading class java/text/StringCharacterIterator done
Event: 8.499 Loading class java/util/concurrent/atomic/AtomicIntegerArray
Event: 8.499 Loading class java/util/concurrent/atomic/AtomicIntegerArray done
Event: 8.499 Loading class java/util/concurrent/atomic/AtomicLongArray
Event: 8.499 Loading class java/util/concurrent/atomic/AtomicLongArray done
Event: 8.552 Loading class java/lang/Override
Event: 8.552 Loading class java/lang/Override done
Event: 9.240 Loading class java/util/AbstractList$ListItr
Event: 9.240 Loading class java/util/AbstractList$ListItr done
Event: 10.157 Loading class java/util/RegularEnumSet$EnumSetIterator
Event: 10.157 Loading class java/util/RegularEnumSet$EnumSetIterator done

Classes unloaded (0 events):
No events

Classes redefined (0 events):
No events

Internal exceptions (20 events):
Event: 5.605 Thread 0x000001554efb3840 Exception <a 'java/lang/NoSuchMethodError'{0x00000000c43ff690}: 'java.lang.Object java.lang.invoke.DirectMethodHandle$Holder.newInvokeSpecial(java.lang.Object, java.lang.Object, java.lang.Object, java.lang.Object, java.lang.Object, java.lang.Object, java.lang.Object, java.lang.Object)'> (0x00000000c43ff690) 
thrown [s\src\hotspot\share\interpreter\linkResolver.cpp, line 784]
Event: 5.607 Thread 0x000001554efb3840 Exception <a 'java/lang/NoSuchMethodError'{0x00000000c4212360}: 'java.lang.Object java.lang.invoke.DirectMethodHandle$Holder.newInvokeSpecial(java.lang.Object, java.lang.Object, java.lang.Object, java.lang.Object, java.lang.Object, java.lang.Object, java.lang.Object, java.lang.Object, java.lang.Object)'> (0x00000000c4212360) 
thrown [s\src\hotspot\share\interpreter\linkResolver.cpp, line 784]
Event: 6.115 Thread 0x000001554efb3840 Exception <a 'java/lang/NoSuchMethodError'{0x00000000c43c8748}: 'java.lang.Object java.lang.invoke.DirectMethodHandle$Holder.newInvokeSpecial(java.lang.Object, java.lang.Object, int, int)'> (0x00000000c43c8748) 
thrown [s\src\hotspot\share\interpreter\linkResolver.cpp, line 784]
Event: 6.115 Thread 0x000001554efb3840 Exception <a 'java/lang/NoSuchMethodError'{0x00000000c43cc798}: 'java.lang.Object java.lang.invoke.DirectMethodHandle$Holder.invokeSpecial(java.lang.Object, java.lang.Object, java.lang.Object, int, int)'> (0x00000000c43cc798) 
thrown [s\src\hotspot\share\interpreter\linkResolver.cpp, line 784]
Event: 7.324 Thread 0x000001554efb3840 Exception <a 'java/lang/NoSuchMethodError'{0x00000000c3e2f170}: 'java.lang.Object java.lang.invoke.DirectMethodHandle$Holder.newInvokeSpecial(java.lang.Object, java.lang.Object, java.lang.Object, java.lang.Object, java.lang.Object, java.lang.Object)'> (0x00000000c3e2f170) 
thrown [s\src\hotspot\share\interpreter\linkResolver.cpp, line 784]
Event: 7.356 Thread 0x000001554efb3840 Exception <a 'java/lang/NoSuchMethodError'{0x00000000c3e7e660}: 'java.lang.Object java.lang.invoke.DirectMethodHandle$Holder.newInvokeSpecial(java.lang.Object, java.lang.Object, java.lang.Object, int)'> (0x00000000c3e7e660) 
thrown [s\src\hotspot\share\interpreter\linkResolver.cpp, line 784]
Event: 7.356 Thread 0x000001554efb3840 Exception <a 'java/lang/NoSuchMethodError'{0x00000000c3e82b10}: 'java.lang.Object java.lang.invoke.DirectMethodHandle$Holder.invokeSpecial(java.lang.Object, java.lang.Object, java.lang.Object, java.lang.Object, int)'> (0x00000000c3e82b10) 
thrown [s\src\hotspot\share\interpreter\linkResolver.cpp, line 784]
Event: 7.356 Thread 0x000001554efb3840 Exception <a 'java/lang/NoSuchMethodError'{0x00000000c3e86518}: 'java.lang.Object java.lang.invoke.Invokers$Holder.linkToTargetMethod(java.lang.Object, java.lang.Object, int, java.lang.Object)'> (0x00000000c3e86518) 
thrown [s\src\hotspot\share\interpreter\linkResolver.cpp, line 784]
Event: 7.792 Thread 0x000001554efb3840 Implicit null exception at 0x000001555bf2feda to 0x000001555bf2fff0
Event: 8.249 Thread 0x000001554efb3840 Exception <a 'java/lang/NoSuchMethodError'{0x00000000c39fb7f8}: 'java.lang.Object java.lang.invoke.DirectMethodHandle$Holder.newInvokeSpecial(java.lang.Object, java.lang.Object, java.lang.Object, int, java.lang.Object)'> (0x00000000c39fb7f8) 
thrown [s\src\hotspot\share\interpreter\linkResolver.cpp, line 784]
Event: 8.652 Thread 0x000001554efb3840 Exception <a 'java/lang/NoSuchMethodError'{0x00000000c3bc2de0}: 'java.lang.Object java.lang.invoke.DirectMethodHandle$Holder.newInvokeSpecial(java.lang.Object, java.lang.Object, java.lang.Object, java.lang.Object, int)'> (0x00000000c3bc2de0) 
thrown [s\src\hotspot\share\interpreter\linkResolver.cpp, line 784]
Event: 8.652 Thread 0x000001554efb3840 Exception <a 'java/lang/NoSuchMethodError'{0x00000000c3bc7228}: 'java.lang.Object java.lang.invoke.DirectMethodHandle$Holder.invokeSpecial(java.lang.Object, java.lang.Object, java.lang.Object, java.lang.Object, java.lang.Object, int)'> (0x00000000c3bc7228) 
thrown [s\src\hotspot\share\interpreter\linkResolver.cpp, line 784]
Event: 8.653 Thread 0x000001554efb3840 Exception <a 'java/lang/NoSuchMethodError'{0x00000000c3bcaf68}: 'java.lang.Object java.lang.invoke.Invokers$Holder.linkToTargetMethod(java.lang.Object, java.lang.Object, java.lang.Object, int, java.lang.Object)'> (0x00000000c3bcaf68) 
thrown [s\src\hotspot\share\interpreter\linkResolver.cpp, line 784]
Event: 8.722 Thread 0x000001554efb3840 Exception <a 'java/lang/NoSuchMethodError'{0x00000000c3a70ee0}: 'java.lang.Object java.lang.invoke.DirectMethodHandle$Holder.newInvokeSpecial(java.lang.Object, java.lang.Object, int, java.lang.Object)'> (0x00000000c3a70ee0) 
thrown [s\src\hotspot\share\interpreter\linkResolver.cpp, line 784]
Event: 8.723 Thread 0x000001554efb3840 Exception <a 'java/lang/NoSuchMethodError'{0x00000000c3a74d70}: 'java.lang.Object java.lang.invoke.DirectMethodHandle$Holder.invokeSpecial(java.lang.Object, java.lang.Object, java.lang.Object, int, java.lang.Object)'> (0x00000000c3a74d70) 
thrown [s\src\hotspot\share\interpreter\linkResolver.cpp, line 784]
Event: 8.940 Thread 0x000001554efb3840 Implicit null exception at 0x000001555bf8b869 to 0x000001555bf8c038
Event: 8.940 Thread 0x000001554efb3840 Implicit null exception at 0x000001555bee2c40 to 0x000001555bee2eec
Event: 8.967 Thread 0x000001554efb3840 Implicit null exception at 0x000001555be7bd40 to 0x000001555be7bdc2
Event: 10.573 Thread 0x000001554efb3840 Exception <a 'java/lang/NoSuchMethodError'{0x00000000c56cfba0}: 'java.lang.Object java.lang.invoke.DirectMethodHandle$Holder.newInvokeSpecial(java.lang.Object, java.lang.Object, java.lang.Object, java.lang.Object, int, java.lang.Object, java.lang.Object)'> (0x00000000c56cfba0) 
thrown [s\src\hotspot\share\interpreter\linkResolver.cpp, line 784]
Event: 10.574 Thread 0x000001554efb3840 Exception <a 'java/lang/NoSuchMethodError'{0x00000000c56d7d30}: 'java.lang.Object java.lang.invoke.Invokers$Holder.linkToTargetMethod(java.lang.Object, java.lang.Object, java.lang.Object, int, java.lang.Object, java.lang.Object, java.lang.Object)'> (0x00000000c56d7d30) 
thrown [s\src\hotspot\share\interpreter\linkResolver.cpp, line 784]

ZGC Phase Switch (0 events):
No events

VM Operations (20 events):
Event: 9.031 Executing VM operation: HandshakeAllThreads (Deoptimize)
Event: 9.031 Executing VM operation: HandshakeAllThreads (Deoptimize) done
Event: 9.032 Executing VM operation: HandshakeAllThreads (Deoptimize)
Event: 9.032 Executing VM operation: HandshakeAllThreads (Deoptimize) done
Event: 9.242 Executing VM operation: HandshakeAllThreads (Deoptimize)
Event: 9.243 Executing VM operation: HandshakeAllThreads (Deoptimize) done
Event: 9.332 Executing VM operation: G1CollectForAllocation (G1 Evacuation Pause)
Event: 9.343 Executing VM operation: G1CollectForAllocation (G1 Evacuation Pause) done
Event: 10.005 Executing VM operation: HandshakeAllThreads (Deoptimize)
Event: 10.005 Executing VM operation: HandshakeAllThreads (Deoptimize) done
Event: 10.035 Executing VM operation: HandshakeAllThreads (Deoptimize)
Event: 10.035 Executing VM operation: HandshakeAllThreads (Deoptimize) done
Event: 10.194 Executing VM operation: ICBufferFull
Event: 10.195 Executing VM operation: ICBufferFull done
Event: 10.302 Executing VM operation: G1CollectForAllocation (G1 Evacuation Pause)
Event: 10.311 Executing VM operation: G1CollectForAllocation (G1 Evacuation Pause) done
Event: 10.344 Executing VM operation: G1PauseRemark
Event: 10.360 Executing VM operation: G1PauseRemark done
Event: 10.373 Executing VM operation: G1PauseCleanup
Event: 10.373 Executing VM operation: G1PauseCleanup done

Memory protections (0 events):
No events

Nmethod flushes (20 events):
Event: 10.359 Thread 0x0000015567430270 flushing  nmethod 0x0000015554771790
Event: 10.359 Thread 0x0000015567430270 flushing  nmethod 0x0000015554771f10
Event: 10.359 Thread 0x0000015567430270 flushing  nmethod 0x0000015554773190
Event: 10.359 Thread 0x0000015567430270 flushing  nmethod 0x0000015554773890
Event: 10.359 Thread 0x0000015567430270 flushing  nmethod 0x0000015554774110
Event: 10.359 Thread 0x0000015567430270 flushing  nmethod 0x0000015554774690
Event: 10.359 Thread 0x0000015567430270 flushing  nmethod 0x0000015554775310
Event: 10.359 Thread 0x0000015567430270 flushing  nmethod 0x0000015554775690
Event: 10.359 Thread 0x0000015567430270 flushing  nmethod 0x000001555478af90
Event: 10.359 Thread 0x0000015567430270 flushing  nmethod 0x0000015554792c90
Event: 10.359 Thread 0x0000015567430270 flushing  nmethod 0x0000015554793210
Event: 10.359 Thread 0x0000015567430270 flushing  nmethod 0x0000015554794490
Event: 10.359 Thread 0x0000015567430270 flushing  nmethod 0x0000015554795210
Event: 10.359 Thread 0x0000015567430270 flushing  nmethod 0x0000015554795a10
Event: 10.359 Thread 0x0000015567430270 flushing  nmethod 0x0000015554797610
Event: 10.359 Thread 0x0000015567430270 flushing  nmethod 0x0000015554797e90
Event: 10.359 Thread 0x0000015567430270 flushing  nmethod 0x000001555482ae90
Event: 10.359 Thread 0x0000015567430270 flushing  nmethod 0x0000015554874d10
Event: 10.359 Thread 0x0000015567430270 flushing  nmethod 0x00000155548f3a90
Event: 10.359 Thread 0x0000015567430270 flushing  nmethod 0x00000155548fbc90

Events (17 events):
Event: 0.065 Thread 0x000001554efb3840 Thread added: 0x000001554efb3840
Event: 0.251 Thread 0x000001554efb3840 Thread added: 0x000001556747fa60
Event: 0.257 Thread 0x000001554efb3840 Thread added: 0x00000155675c8070
Event: 0.257 Thread 0x000001554efb3840 Thread added: 0x00000155675c8ad0
Event: 0.259 Thread 0x000001554efb3840 Thread added: 0x00000155675d1520
Event: 0.259 Thread 0x000001554efb3840 Thread added: 0x00000155675d1f80
Event: 0.259 Thread 0x000001554efb3840 Thread added: 0x00000155675d49f0
Event: 0.259 Thread 0x000001554efb3840 Thread added: 0x00000155675d5450
Event: 0.259 Thread 0x000001554efb3840 Thread added: 0x00000155675d61e0
Event: 0.264 Thread 0x000001554efb3840 Thread added: 0x00000155675d8db0
Event: 0.583 Thread 0x000001554efb3840 Thread added: 0x0000015567778570
Event: 0.614 Loaded shared library D:\Android\Android Studio\jbr\bin\net.dll
Event: 0.623 Loaded shared library D:\Android\Android Studio\jbr\bin\nio.dll
Event: 0.708 Loaded shared library D:\Android\Android Studio\jbr\bin\zip.dll
Event: 0.805 Loaded shared library D:\Android\Android Studio\jbr\bin\jimage.dll
Event: 1.958 Loaded shared library D:\Android\Android Studio\jbr\bin\management.dll
Event: 1.984 Loaded shared library D:\Android\Android Studio\jbr\bin\management_ext.dll


Dynamic libraries:
0x00007ff698a70000 - 0x00007ff698a7a000 	D:\Android\Android Studio\jbr\bin\java.exe
0x00007ff8a9e10000 - 0x00007ff8aa008000 	C:\WINDOWS\SYSTEM32\ntdll.dll
0x00007ff8a8c30000 - 0x00007ff8a8cf1000 	C:\WINDOWS\System32\KERNEL32.DLL
0x00007ff8a7660000 - 0x00007ff8a795d000 	C:\WINDOWS\System32\KERNELBASE.dll
0x00007ff8a7560000 - 0x00007ff8a7660000 	C:\WINDOWS\System32\ucrtbase.dll
0x00007ff8a26e0000 - 0x00007ff8a26f8000 	D:\Android\Android Studio\jbr\bin\jli.dll
0x00007ff8a26c0000 - 0x00007ff8a26db000 	D:\Android\Android Studio\jbr\bin\VCRUNTIME140.dll
0x00007ff8a96c0000 - 0x00007ff8a985d000 	C:\WINDOWS\System32\USER32.dll
0x00007ff8a7dc0000 - 0x00007ff8a7de2000 	C:\WINDOWS\System32\win32u.dll
0x00007ff8a94e0000 - 0x00007ff8a950b000 	C:\WINDOWS\System32\GDI32.dll
0x00007ff8a7ab0000 - 0x00007ff8a7bc7000 	C:\WINDOWS\System32\gdi32full.dll
0x00007ff8a7960000 - 0x00007ff8a79fd000 	C:\WINDOWS\System32\msvcp_win.dll
0x00007ff89db80000 - 0x00007ff89de1a000 	C:\WINDOWS\WinSxS\amd64_microsoft.windows.common-controls_6595b64144ccf1df_6.0.19041.4355_none_60b8b9eb71f62e16\COMCTL32.dll
0x00007ff8a9c40000 - 0x00007ff8a9cde000 	C:\WINDOWS\System32\msvcrt.dll
0x00007ff8a9520000 - 0x00007ff8a954f000 	C:\WINDOWS\System32\IMM32.DLL
0x00007ff88fba0000 - 0x00007ff88fbac000 	D:\Android\Android Studio\jbr\bin\vcruntime140_1.dll
0x00007ff87ec90000 - 0x00007ff87ed1d000 	D:\Android\Android Studio\jbr\bin\msvcp140.dll
0x00007ff826390000 - 0x00007ff827026000 	D:\Android\Android Studio\jbr\bin\server\jvm.dll
0x00007ff8a8b80000 - 0x00007ff8a8c30000 	C:\WINDOWS\System32\ADVAPI32.dll
0x00007ff8a9440000 - 0x00007ff8a94e0000 	C:\WINDOWS\System32\sechost.dll
0x00007ff8a9ab0000 - 0x00007ff8a9bd3000 	C:\WINDOWS\System32\RPCRT4.dll
0x00007ff8a74c0000 - 0x00007ff8a74e7000 	C:\WINDOWS\System32\bcrypt.dll
0x00007ff8a9550000 - 0x00007ff8a95bb000 	C:\WINDOWS\System32\WS2_32.dll
0x00007ff89e680000 - 0x00007ff89e6a7000 	C:\WINDOWS\SYSTEM32\WINMM.dll
0x00007ff8a69f0000 - 0x00007ff8a6a3b000 	C:\WINDOWS\SYSTEM32\POWRPROF.dll
0x00007ff89ed00000 - 0x00007ff89ed0a000 	C:\WINDOWS\SYSTEM32\VERSION.dll
0x00007ff8a68c0000 - 0x00007ff8a68d2000 	C:\WINDOWS\SYSTEM32\UMPDC.dll
0x00007ff8a5540000 - 0x00007ff8a5552000 	C:\WINDOWS\SYSTEM32\kernel.appcore.dll
0x00007ff88fb90000 - 0x00007ff88fb9a000 	D:\Android\Android Studio\jbr\bin\jimage.dll
0x00007ff8a46f0000 - 0x00007ff8a48d4000 	C:\WINDOWS\SYSTEM32\DBGHELP.DLL
0x00007ff88d6c0000 - 0x00007ff88d6f4000 	C:\WINDOWS\SYSTEM32\dbgcore.DLL
0x00007ff8a7d30000 - 0x00007ff8a7db2000 	C:\WINDOWS\System32\bcryptPrimitives.dll
0x00007ff88fb70000 - 0x00007ff88fb90000 	D:\Android\Android Studio\jbr\bin\java.dll
0x00007ff88b100000 - 0x00007ff88b118000 	D:\Android\Android Studio\jbr\bin\zip.dll
0x00007ff8a8410000 - 0x00007ff8a8b7f000 	C:\WINDOWS\System32\SHELL32.dll
0x00007ff8a5560000 - 0x00007ff8a5d03000 	C:\WINDOWS\SYSTEM32\windows.storage.dll
0x00007ff8a7e40000 - 0x00007ff8a8193000 	C:\WINDOWS\System32\combase.dll
0x00007ff8a6ef0000 - 0x00007ff8a6f1e000 	C:\WINDOWS\SYSTEM32\Wldp.dll
0x00007ff8a8340000 - 0x00007ff8a840d000 	C:\WINDOWS\System32\OLEAUT32.dll
0x00007ff8a9a00000 - 0x00007ff8a9aad000 	C:\WINDOWS\System32\SHCORE.dll
0x00007ff8a9d60000 - 0x00007ff8a9db5000 	C:\WINDOWS\System32\shlwapi.dll
0x00007ff8a73f0000 - 0x00007ff8a7414000 	C:\WINDOWS\SYSTEM32\profapi.dll
0x00007ff88b0f0000 - 0x00007ff88b100000 	D:\Android\Android Studio\jbr\bin\net.dll
0x00007ff8a0d40000 - 0x00007ff8a0e4d000 	C:\WINDOWS\SYSTEM32\WINHTTP.dll
0x00007ff8a6c50000 - 0x00007ff8a6cba000 	C:\WINDOWS\system32\mswsock.dll
0x00007ff884570000 - 0x00007ff884586000 	D:\Android\Android Studio\jbr\bin\nio.dll
0x00007ff884230000 - 0x00007ff884239000 	D:\Android\Android Studio\jbr\bin\management.dll
0x00007ff883ff0000 - 0x00007ff883ffb000 	D:\Android\Android Studio\jbr\bin\management_ext.dll
0x00007ff8a81a0000 - 0x00007ff8a81a8000 	C:\WINDOWS\System32\PSAPI.DLL
0x00007ff889240000 - 0x00007ff889250000 	D:\Android\Android Studio\jbr\bin\verify.dll

JVMTI agents: none

dbghelp: loaded successfully - version: 4.0.5 - missing functions: none
symbol engine: initialized successfully - sym options: 0x614 - pdb path: .;D:\Android\Android Studio\jbr\bin;C:\WINDOWS\SYSTEM32;C:\WINDOWS\WinSxS\amd64_microsoft.windows.common-controls_6595b64144ccf1df_6.0.19041.4355_none_60b8b9eb71f62e16;D:\Android\Android Studio\jbr\bin\server

VM Arguments:
java_command: org.jetbrains.kotlin.cli.jvm.K2JVMCompiler @D:\IT Projects\budolEcosystem\budolPayMobile\build\mobile_scanner\20260103_109930554049866163.compiler.options
java_class_path (initial): C:\Users\Administrator\.gradle\caches\modules-2\files-2.1\org.jetbrains.kotlin\kotlin-compiler-embeddable\2.2.20\bb8331b7585e36ea311825b01a1c06860c055fd1\kotlin-compiler-embeddable-2.2.20.jar;C:\Users\Administrator\.gradle\caches\modules-2\files-2.1\org.jetbrains.kotlin\kotlin-stdlib\2.2.20\5380b19fa1924399b62ce3a1faffebb2b4f82272\kotlin-stdlib-2.2.20.jar;C:\Users\Administrator\.gradle\caches\modules-2\files-2.1\org.jetbrains.kotlin\kotlin-script-runtime\2.2.20\4c679cbeac0bb583b75c3a080013da8eaf240807\kotlin-script-runtime-2.2.20.jar;C:\Users\Administrator\.gradle\caches\modules-2\files-2.1\org.jetbrains.kotlin\kotlin-reflect\1.6.10\1cbe9c92c12a94eea200d23c2bbaedaf3daf5132\kotlin-reflect-1.6.10.jar;C:\Users\Administrator\.gradle\caches\modules-2\files-2.1\org.jetbrains.kotlin\kotlin-daemon-embeddable\2.2.20\feff12d48d7f1eb628742b0a721395e16f8755bf\kotlin-daemon-embeddable-2.2.20.jar;C:\Users\Administrator\.gradle\caches\modules-2\files-2.1\org.jetbrains.kotlinx\kotlinx-coroutines-core-jvm\1.8.0\ac1dc37a30a93150b704022f8d895ee1bd3a36b3\kotlinx-coroutines-core-jvm-1.8.0.jar;C:\Users\Administrator\.gradle\caches\modules-2\files-2.1\org.jetbrains\annotations\13.0\919f0dfe192fb4e063e7dacadee7f8bb9a2672a9\annotations-13.0.jar
Launcher Type: SUN_STANDARD

[Global flags]
     intx CICompilerCount                          = 4                                         {product} {ergonomic}
     uint ConcGCThreads                            = 2                                         {product} {ergonomic}
     uint G1ConcRefinementThreads                  = 8                                         {product} {ergonomic}
   size_t G1HeapRegionSize                         = 1048576                                   {product} {ergonomic}
    uintx GCDrainStackTargetSize                   = 64                                        {product} {ergonomic}
   size_t InitialHeapSize                          = 67108864                                  {product} {ergonomic}
   size_t MarkStackSize                            = 4194304                                   {product} {ergonomic}
   size_t MaxHeapSize                              = 1042284544                                {product} {ergonomic}
   size_t MaxNewSize                               = 624951296                                 {product} {ergonomic}
   size_t MinHeapDeltaBytes                        = 1048576                                   {product} {ergonomic}
   size_t MinHeapSize                              = 8388608                                   {product} {ergonomic}
    uintx NonNMethodCodeHeapSize                   = 5839372                                {pd product} {ergonomic}
    uintx NonProfiledCodeHeapSize                  = 122909434                              {pd product} {ergonomic}
    uintx ProfiledCodeHeapSize                     = 122909434                              {pd product} {ergonomic}
    uintx ReservedCodeCacheSize                    = 251658240                              {pd product} {ergonomic}
     bool SegmentedCodeCache                       = true                                      {product} {ergonomic}
   size_t SoftMaxHeapSize                          = 1042284544                             {manageable} {ergonomic}
     bool UseCompressedOops                        = true                           {product lp64_product} {ergonomic}
     bool UseG1GC                                  = true                                      {product} {ergonomic}
     bool UseLargePagesIndividualAllocation        = false                                  {pd product} {ergonomic}

Logging:
Log output configuration:
 #0: stdout all=warning uptime,level,tags foldmultilines=false
 #1: stderr all=off uptime,level,tags foldmultilines=false

Environment Variables:
JAVA_HOME=D:\Android\Android Studio\jbr
CLASSPATH=D:\IT Projects\budolEcosystem\budolPayMobile\android\\gradle\wrapper\gradle-wrapper.jar
PATH=D:\Android\Android Studio\jbr\bin;c:\\Users\\Administrator\\.trae\\sdks\\workspaces\\8b594975\\versions\\node\\current;c:\\Users\\Administrator\\.trae\\sdks\\versions\\node\\current;D:\flutter\bin\;c:\Users\Administrator\.trae\sdks\workspaces\8b594975\versions\node\current;c:\Users\Administrator\.trae\sdks\versions\node\current;C:\Python312\Scripts\;C:\Python312\;C:\WINDOWS\system32;C:\WINDOWS;C:\WINDOWS\System32\Wbem;C:\WINDOWS\System32\WindowsPowerShell\v1.0\;C:\WINDOWS\System32\OpenSSH\;C:\ProgramData\chocolatey\bin;C:\Program Files\Docker\Docker\resources\bin;C:\Program Files\Git\cmd;C:\Program Files\Sniffnet\;C:\wamp64\bin\php\php8.2.13;C:\Program Files\Cloudflare\Cloudflare WARP\;C:\Program Files\cursor\resources\app\bin;C:\Program Files\nodejs\;d:\Trae\bin;C:\Users\Administrator\AppData\Local\Microsoft\WindowsApps;C:\Users\Administrator\AppData\Local\Programs\Microsoft VS Code\bin;C:\Users\Administrator\AppData\Local\ComposerSetup\bin;C:\Users\Administrator\AppData\Roaming\Composer\vendor\bin;C:\Users\Administrator\AppData\Local\Programs\Antigravity\bin;C:\Users\Administrator\AppData\Roaming\npm;D:\flutter\bin
USERNAME=Administrator
LANG=en_US.UTF-8
OS=Windows_NT
PROCESSOR_IDENTIFIER=Intel64 Family 6 Model 158 Stepping 13, GenuineIntel
TMP=C:\Users\ADMINI~1\AppData\Local\Temp
TEMP=C:\Users\ADMINI~1\AppData\Local\Temp




Periodic native trim disabled

JNI global refs:
JNI global refs: 9, weak refs: 1

JNI global refs memory usage: 835, weak refs: 833

Process memory usage:
Resident Set Size: 201840K (4% of 4063352K total physical memory with 99664K free physical memory)

OOME stack traces (most recent first):
Classloader memory used:
Loader jdk.internal.loader.ClassLoaders$AppClassLoader                                 : 47592K
Loader bootstrap                                                                       : 11097K

---------------  S Y S T E M  ---------------

OS:
 Windows 10 , 64 bit Build 19041 (10.0.19041.4842)
OS uptime: 0 days 2:48 hours

CPU: total 8 (initial active 8) (8 cores per cpu, 1 threads per core) family 6 model 158 stepping 13 microcode 0xb8, cx8, cmov, fxsr, mmx, 3dnowpref, sse, sse2, sse3, ssse3, sse4.1, sse4.2, popcnt, lzcnt, tsc, tscinvbit, avx, avx2, aes, erms, clmul, bmi1, bmi2, rtm, adx, fma, vzeroupper, clflush, clflushopt, rdtscp, f16c
Processor Information for the first 8 processors :
  Max Mhz: 3000, Current Mhz: 3000, Mhz Limit: 3000

Memory: 4k page, system-wide physical 3968M (106M free)
TotalPageFile size 16256M (AvailPageFile size 21M)
current process WorkingSet (physical memory assigned to process): 196M, peak: 213M
current process commit charge ("private bytes"): 263M, peak: 265M

vm_info: OpenJDK 64-Bit Server VM (21.0.8+-14196175-b1038.72) for windows-amd64 JRE (21.0.8+-14196175-b1038.72), built on 2025-10-01T10:24:33Z by "builder" with MS VC++ 16.10 / 16.11 (VS2019)

END.
