#
# There is insufficient memory for the Java Runtime Environment to continue.
# Native memory allocation (malloc) failed to allocate 1107232 bytes. Error detail: Chunk::new
# Possible reasons:
#   The system is out of physical RAM or swap space
#   This process is running with CompressedOops enabled, and the Java Heap may be blocking the growth of the native heap
# Possible solutions:
#   Reduce memory load on the system
#   Increase physical memory or swap space
#   Check if swap backing store is full
#   Decrease Java heap size (-Xmx/-Xms)
#   Decrease number of Java threads
#   Decrease Java thread stack sizes (-Xss)
#   Set larger code cache with -XX:ReservedCodeCacheSize=
#   JVM is running with Unscaled Compressed Oops mode in which the Java heap is
#     placed in the first 4GB address space. The Java Heap base address is the
#     maximum limit for the native heap growth. Please use -XX:HeapBaseMinAddress
#     to set the Java Heap base and to place the Java Heap above 4GB virtual address.
# This output file may be truncated or incomplete.
#
#  Out of Memory Error (arena.cpp:168), pid=5216, tid=3328
#
# JRE version: OpenJDK Runtime Environment (21.0.8) (build 21.0.8+-14196175-b1038.72)
# Java VM: OpenJDK 64-Bit Server VM (21.0.8+-14196175-b1038.72, mixed mode, tiered, compressed oops, compressed class ptrs, g1 gc, windows-amd64)
# No core dump will be written. Minidumps are not enabled by default on client versions of Windows
#

---------------  S U M M A R Y ------------

Command Line: org.jetbrains.kotlin.cli.jvm.K2JVMCompiler @D:\IT Projects\budolEcosystem\budolPayMobile\build\shared_preferences_android\20260102_649949199262121906.compiler.options

Host: Intel(R) Core(TM) i7-9700 CPU @ 3.00GHz, 8 cores, 3G,  Windows 10 , 64 bit Build 19041 (10.0.19041.4842)
Time: Fri Jan  2 22:32:08 2026 Malay Peninsula Standard Time elapsed time: 22.910337 seconds (0d 0h 0m 22s)

---------------  T H R E A D  ---------------

Current thread (0x000001d3a48f06a0):  JavaThread "C2 CompilerThread0" daemon [_thread_in_native, id=3328, stack(0x000000776d500000,0x000000776d600000) (1024K)]


Current CompileTask:
C2:22911 9395   !   4       jdk.internal.loader.BuiltinClassLoader::findClassOnClassPathOrNull (134 bytes)

Stack: [0x000000776d500000,0x000000776d600000]
Native frames: (J=compiled Java code, j=interpreted, Vv=VM code, C=native code)
V  [jvm.dll+0x6d68d9]
V  [jvm.dll+0x866693]
V  [jvm.dll+0x868c4e]
V  [jvm.dll+0x869333]
V  [jvm.dll+0x280566]
V  [jvm.dll+0xc07cd]
V  [jvm.dll+0xc0d03]
V  [jvm.dll+0x3b961b]
V  [jvm.dll+0x1dfd12]
V  [jvm.dll+0x2493a4]
V  [jvm.dll+0x248821]
V  [jvm.dll+0x1c73a4]
V  [jvm.dll+0x257f9e]
V  [jvm.dll+0x2564e6]
V  [jvm.dll+0x3f4696]
V  [jvm.dll+0x80eac8]
V  [jvm.dll+0x6d512d]
C  [ucrtbase.dll+0x21bb2]
C  [KERNEL32.DLL+0x17374]
C  [ntdll.dll+0x4cc91]


---------------  P R O C E S S  ---------------

Threads class SMR info:
_java_thread_list=0x000001d3a4a62700, length=11, elements={
0x000001d38c1d2b60, 0x000001d3a478f7c0, 0x000001d3a4798530, 0x000001d3a4798f90,
0x000001d3a4799c50, 0x000001d3a479a6b0, 0x000001d3a479b110, 0x000001d3a479bb70,
0x000001d3a48f06a0, 0x000001d3a4924520, 0x000001d3a4a886f0
}

Java Threads: ( => current thread )
  0x000001d38c1d2b60 JavaThread "main"                              [_thread_in_Java, id=18212, stack(0x000000776c600000,0x000000776c700000) (1024K)]
  0x000001d3a478f7c0 JavaThread "Common-Cleaner"             daemon [_thread_blocked, id=15132, stack(0x000000776ce00000,0x000000776cf00000) (1024K)]
  0x000001d3a4798530 JavaThread "Reference Handler"          daemon [_thread_blocked, id=15684, stack(0x000000776cf00000,0x000000776d000000) (1024K)]
  0x000001d3a4798f90 JavaThread "Finalizer"                  daemon [_thread_blocked, id=5768, stack(0x000000776d000000,0x000000776d100000) (1024K)]
  0x000001d3a4799c50 JavaThread "Signal Dispatcher"          daemon [_thread_blocked, id=16240, stack(0x000000776d100000,0x000000776d200000) (1024K)]
  0x000001d3a479a6b0 JavaThread "Attach Listener"            daemon [_thread_blocked, id=17272, stack(0x000000776d200000,0x000000776d300000) (1024K)]
  0x000001d3a479b110 JavaThread "Service Thread"             daemon [_thread_blocked, id=16208, stack(0x000000776d300000,0x000000776d400000) (1024K)]
  0x000001d3a479bb70 JavaThread "Monitor Deflation Thread"   daemon [_thread_blocked, id=11764, stack(0x000000776d400000,0x000000776d500000) (1024K)]
=>0x000001d3a48f06a0 JavaThread "C2 CompilerThread0"         daemon [_thread_in_native, id=3328, stack(0x000000776d500000,0x000000776d600000) (1024K)]
  0x000001d3a4924520 JavaThread "C1 CompilerThread0"         daemon [_thread_in_native, id=16928, stack(0x000000776d600000,0x000000776d700000) (1024K)]
  0x000001d3a4a886f0 JavaThread "Notification Thread"        daemon [_thread_blocked, id=14744, stack(0x000000776d700000,0x000000776d800000) (1024K)]
Total: 11

Other Threads:
  0x000001d38e5bd270 VMThread "VM Thread"                           [id=8852, stack(0x000000776cd00000,0x000000776ce00000) (1024K)]
  0x000001d38e5b2450 WatcherThread "VM Periodic Task Thread"        [id=20440, stack(0x000000776cc00000,0x000000776cd00000) (1024K)]
  0x000001d38e528870 WorkerThread "GC Thread#0"                     [id=4548, stack(0x000000776c700000,0x000000776c800000) (1024K)]
  0x000001d3a94dc730 WorkerThread "GC Thread#1"                     [id=16716, stack(0x000000776d800000,0x000000776d900000) (1024K)]
  0x000001d3a94ed1d0 WorkerThread "GC Thread#2"                     [id=15012, stack(0x000000776d900000,0x000000776da00000) (1024K)]
  0x000001d3a94ed980 WorkerThread "GC Thread#3"                     [id=7356, stack(0x000000776da00000,0x000000776db00000) (1024K)]
  0x000001d3a94ee130 WorkerThread "GC Thread#4"                     [id=6124, stack(0x000000776db00000,0x000000776dc00000) (1024K)]
  0x000001d3a94ee4d0 WorkerThread "GC Thread#5"                     [id=15416, stack(0x000000776dc00000,0x000000776dd00000) (1024K)]
  0x000001d3a9672b10 WorkerThread "GC Thread#6"                     [id=15688, stack(0x000000776dd00000,0x000000776de00000) (1024K)]
  0x000001d3a9672eb0 WorkerThread "GC Thread#7"                     [id=2256, stack(0x000000776de00000,0x000000776df00000) (1024K)]
  0x000001d38e531490 ConcurrentGCThread "G1 Main Marker"            [id=21200, stack(0x000000776c800000,0x000000776c900000) (1024K)]
  0x000001d38e532100 WorkerThread "G1 Conc#0"                       [id=20652, stack(0x000000776c900000,0x000000776ca00000) (1024K)]
  0x000001d3a99ebcb0 WorkerThread "G1 Conc#1"                       [id=16148, stack(0x000000776df00000,0x000000776e000000) (1024K)]
  0x000001d38e5a48b0 ConcurrentGCThread "G1 Refine#0"               [id=10556, stack(0x000000776ca00000,0x000000776cb00000) (1024K)]
  0x000001d38e5a5420 ConcurrentGCThread "G1 Service"                [id=7412, stack(0x000000776cb00000,0x000000776cc00000) (1024K)]
Total: 15

Threads with active compile tasks:
C2 CompilerThread0  22972 9395   !   4       jdk.internal.loader.BuiltinClassLoader::findClassOnClassPathOrNull (134 bytes)
C1 CompilerThread0  22972 9618       3       org.jetbrains.kotlin.fir.backend.utils.ImplicitConversionUtilsKt::prepareExpressionForGivenExpectedType (253 bytes)
Total: 2

VM state: not at safepoint (normal execution)

VM Mutex/Monitor currently owned by a thread: None

Heap address: 0x00000000c1e00000, size: 994 MB, Compressed Oops mode: 32-bit

CDS archive(s) not mapped
Compressed class space mapped at: 0x0000000100000000-0x0000000140000000, reserved size: 1073741824
Narrow klass base: 0x0000000000000000, Narrow klass shift: 3, Narrow klass range: 0x140000000

GC Precious Log:
 CardTable entry size: 512
 Card Set container configuration: InlinePtr #cards 5 size 8 Array Of Cards #cards 12 size 40 Howl #buckets 4 coarsen threshold 1843 Howl Bitmap #cards 512 size 80 coarsen threshold 460 Card regions per heap region 1 cards per card region 2048
 CPUs: 8 total, 8 available
 Memory: 3968M
 Large Page Support: Disabled
 NUMA Support: Disabled
 Compressed Oops: Enabled (32-bit)
 Heap Region Size: 1M
 Heap Min Capacity: 8M
 Heap Initial Capacity: 64M
 Heap Max Capacity: 994M
 Pre-touch: Disabled
 Parallel Workers: 8
 Concurrent Workers: 2
 Concurrent Refinement Workers: 8
 Periodic GC: Disabled

Heap:
 garbage-first heap   total 112640K, used 80896K [0x00000000c1e00000, 0x0000000100000000)
  region size 1024K, 26 young (26624K), 3 survivors (3072K)
 Metaspace       used 81911K, committed 82240K, reserved 1179648K
  class space    used 9402K, committed 9536K, reserved 1048576K

Heap Regions: E=young(eden), S=young(survivor), O=old, HS=humongous(starts), HC=humongous(continues), CS=collection set, F=free, TAMS=top-at-mark-start, PB=parsable bottom
|   0|0x00000000c1e00000, 0x00000000c1f00000, 0x00000000c1f00000|100%|HS|  |TAMS 0x00000000c1e00000| PB 0x00000000c1e00000| Complete 
|   1|0x00000000c1f00000, 0x00000000c2000000, 0x00000000c2000000|100%|HC|  |TAMS 0x00000000c1f00000| PB 0x00000000c1f00000| Complete 
|   2|0x00000000c2000000, 0x00000000c2100000, 0x00000000c2100000|100%|HC|  |TAMS 0x00000000c2000000| PB 0x00000000c2000000| Complete 
|   3|0x00000000c2100000, 0x00000000c2200000, 0x00000000c2200000|100%|HC|  |TAMS 0x00000000c2100000| PB 0x00000000c2100000| Complete 
|   4|0x00000000c2200000, 0x00000000c2300000, 0x00000000c2300000|100%| O|  |TAMS 0x00000000c2200000| PB 0x00000000c2200000| Untracked 
|   5|0x00000000c2300000, 0x00000000c2400000, 0x00000000c2400000|100%| O|  |TAMS 0x00000000c2300000| PB 0x00000000c2300000| Untracked 
|   6|0x00000000c2400000, 0x00000000c2500000, 0x00000000c2500000|100%| O|  |TAMS 0x00000000c2400000| PB 0x00000000c2400000| Untracked 
|   7|0x00000000c2500000, 0x00000000c2600000, 0x00000000c2600000|100%| O|  |TAMS 0x00000000c2500000| PB 0x00000000c2500000| Untracked 
|   8|0x00000000c2600000, 0x00000000c2700000, 0x00000000c2700000|100%| O|  |TAMS 0x00000000c2600000| PB 0x00000000c2600000| Untracked 
|   9|0x00000000c2700000, 0x00000000c2800000, 0x00000000c2800000|100%| O|  |TAMS 0x00000000c2700000| PB 0x00000000c2700000| Untracked 
|  10|0x00000000c2800000, 0x00000000c2900000, 0x00000000c2900000|100%| O|  |TAMS 0x00000000c2800000| PB 0x00000000c2800000| Untracked 
|  11|0x00000000c2900000, 0x00000000c2a00000, 0x00000000c2a00000|100%| O|  |TAMS 0x00000000c2900000| PB 0x00000000c2900000| Untracked 
|  12|0x00000000c2a00000, 0x00000000c2b00000, 0x00000000c2b00000|100%| O|  |TAMS 0x00000000c2a00000| PB 0x00000000c2a00000| Untracked 
|  13|0x00000000c2b00000, 0x00000000c2c00000, 0x00000000c2c00000|100%| O|  |TAMS 0x00000000c2b00000| PB 0x00000000c2b00000| Untracked 
|  14|0x00000000c2c00000, 0x00000000c2d00000, 0x00000000c2d00000|100%| O|  |TAMS 0x00000000c2c00000| PB 0x00000000c2c00000| Untracked 
|  15|0x00000000c2d00000, 0x00000000c2e00000, 0x00000000c2e00000|100%|HS|  |TAMS 0x00000000c2d00000| PB 0x00000000c2d00000| Complete 
|  16|0x00000000c2e00000, 0x00000000c2f00000, 0x00000000c2f00000|100%| O|  |TAMS 0x00000000c2e00000| PB 0x00000000c2e00000| Untracked 
|  17|0x00000000c2f00000, 0x00000000c3000000, 0x00000000c3000000|100%| O|  |TAMS 0x00000000c2f00000| PB 0x00000000c2f00000| Untracked 
|  18|0x00000000c3000000, 0x00000000c3100000, 0x00000000c3100000|100%| O|  |TAMS 0x00000000c3000000| PB 0x00000000c3000000| Untracked 
|  19|0x00000000c3100000, 0x00000000c3200000, 0x00000000c3200000|100%| O|  |TAMS 0x00000000c3100000| PB 0x00000000c3100000| Untracked 
|  20|0x00000000c3200000, 0x00000000c3300000, 0x00000000c3300000|100%| O|  |TAMS 0x00000000c3200000| PB 0x00000000c3200000| Untracked 
|  21|0x00000000c3300000, 0x00000000c3400000, 0x00000000c3400000|100%| O|  |TAMS 0x00000000c3300000| PB 0x00000000c3300000| Untracked 
|  22|0x00000000c3400000, 0x00000000c3500000, 0x00000000c3500000|100%| O|  |TAMS 0x00000000c3400000| PB 0x00000000c3400000| Untracked 
|  23|0x00000000c3500000, 0x00000000c3600000, 0x00000000c3600000|100%| O|  |TAMS 0x00000000c3500000| PB 0x00000000c3500000| Untracked 
|  24|0x00000000c3600000, 0x00000000c3700000, 0x00000000c3700000|100%| O|  |TAMS 0x00000000c3600000| PB 0x00000000c3600000| Untracked 
|  25|0x00000000c3700000, 0x00000000c3800000, 0x00000000c3800000|100%| O|  |TAMS 0x00000000c3700000| PB 0x00000000c3700000| Untracked 
|  26|0x00000000c3800000, 0x00000000c3900000, 0x00000000c3900000|100%| O|  |TAMS 0x00000000c3800000| PB 0x00000000c3800000| Untracked 
|  27|0x00000000c3900000, 0x00000000c3a00000, 0x00000000c3a00000|100%| O|  |TAMS 0x00000000c3900000| PB 0x00000000c3900000| Untracked 
|  28|0x00000000c3a00000, 0x00000000c3b00000, 0x00000000c3b00000|100%| O|  |TAMS 0x00000000c3a00000| PB 0x00000000c3a00000| Untracked 
|  29|0x00000000c3b00000, 0x00000000c3c00000, 0x00000000c3c00000|100%| O|Cm|TAMS 0x00000000c3b00000| PB 0x00000000c3b00000| Complete 
|  30|0x00000000c3c00000, 0x00000000c3d00000, 0x00000000c3d00000|100%| O|  |TAMS 0x00000000c3c00000| PB 0x00000000c3c00000| Untracked 
|  31|0x00000000c3d00000, 0x00000000c3e00000, 0x00000000c3e00000|100%| O|  |TAMS 0x00000000c3d00000| PB 0x00000000c3d00000| Untracked 
|  32|0x00000000c3e00000, 0x00000000c3f00000, 0x00000000c3f00000|100%| O|  |TAMS 0x00000000c3e00000| PB 0x00000000c3e00000| Untracked 
|  33|0x00000000c3f00000, 0x00000000c4000000, 0x00000000c4000000|100%| O|  |TAMS 0x00000000c3f00000| PB 0x00000000c3f00000| Untracked 
|  34|0x00000000c4000000, 0x00000000c4100000, 0x00000000c4100000|100%| O|  |TAMS 0x00000000c4000000| PB 0x00000000c4000000| Untracked 
|  35|0x00000000c4100000, 0x00000000c4200000, 0x00000000c4200000|100%| O|  |TAMS 0x00000000c4100000| PB 0x00000000c4100000| Untracked 
|  36|0x00000000c4200000, 0x00000000c4300000, 0x00000000c4300000|100%| O|  |TAMS 0x00000000c4200000| PB 0x00000000c4200000| Untracked 
|  37|0x00000000c4300000, 0x00000000c4400000, 0x00000000c4400000|100%| O|  |TAMS 0x00000000c4300000| PB 0x00000000c4300000| Untracked 
|  38|0x00000000c4400000, 0x00000000c4500000, 0x00000000c4500000|100%| O|  |TAMS 0x00000000c4400000| PB 0x00000000c4400000| Untracked 
|  39|0x00000000c4500000, 0x00000000c4600000, 0x00000000c4600000|100%| O|  |TAMS 0x00000000c4500000| PB 0x00000000c4500000| Untracked 
|  40|0x00000000c4600000, 0x00000000c4700000, 0x00000000c4700000|100%| O|  |TAMS 0x00000000c4600000| PB 0x00000000c4600000| Untracked 
|  41|0x00000000c4700000, 0x00000000c4800000, 0x00000000c4800000|100%| O|  |TAMS 0x00000000c4700000| PB 0x00000000c4700000| Untracked 
|  42|0x00000000c4800000, 0x00000000c4900000, 0x00000000c4900000|100%| O|  |TAMS 0x00000000c4800000| PB 0x00000000c4800000| Untracked 
|  43|0x00000000c4900000, 0x00000000c4a00000, 0x00000000c4a00000|100%| O|  |TAMS 0x00000000c4900000| PB 0x00000000c4900000| Untracked 
|  44|0x00000000c4a00000, 0x00000000c4b00000, 0x00000000c4b00000|100%| O|  |TAMS 0x00000000c4a00000| PB 0x00000000c4a00000| Untracked 
|  45|0x00000000c4b00000, 0x00000000c4c00000, 0x00000000c4c00000|100%| O|  |TAMS 0x00000000c4b00000| PB 0x00000000c4b00000| Untracked 
|  46|0x00000000c4c00000, 0x00000000c4d00000, 0x00000000c4d00000|100%| O|  |TAMS 0x00000000c4c00000| PB 0x00000000c4c00000| Untracked 
|  47|0x00000000c4d00000, 0x00000000c4e00000, 0x00000000c4e00000|100%| O|  |TAMS 0x00000000c4d00000| PB 0x00000000c4d00000| Untracked 
|  48|0x00000000c4e00000, 0x00000000c4f00000, 0x00000000c4f00000|100%| O|  |TAMS 0x00000000c4e00000| PB 0x00000000c4e00000| Untracked 
|  49|0x00000000c4f00000, 0x00000000c5000000, 0x00000000c5000000|100%| O|  |TAMS 0x00000000c4f00000| PB 0x00000000c4f00000| Untracked 
|  50|0x00000000c5000000, 0x00000000c5000000, 0x00000000c5100000|  0%| F|  |TAMS 0x00000000c5000000| PB 0x00000000c5000000| Untracked 
|  51|0x00000000c5100000, 0x00000000c5100000, 0x00000000c5200000|  0%| F|  |TAMS 0x00000000c5100000| PB 0x00000000c5100000| Untracked 
|  52|0x00000000c5200000, 0x00000000c5200000, 0x00000000c5300000|  0%| F|  |TAMS 0x00000000c5200000| PB 0x00000000c5200000| Untracked 
|  53|0x00000000c5300000, 0x00000000c5300000, 0x00000000c5400000|  0%| F|  |TAMS 0x00000000c5300000| PB 0x00000000c5300000| Untracked 
|  54|0x00000000c5400000, 0x00000000c5400000, 0x00000000c5500000|  0%| F|  |TAMS 0x00000000c5400000| PB 0x00000000c5400000| Untracked 
|  55|0x00000000c5500000, 0x00000000c5500000, 0x00000000c5600000|  0%| F|  |TAMS 0x00000000c5500000| PB 0x00000000c5500000| Untracked 
|  56|0x00000000c5600000, 0x00000000c5600000, 0x00000000c5700000|  0%| F|  |TAMS 0x00000000c5600000| PB 0x00000000c5600000| Untracked 
|  57|0x00000000c5700000, 0x00000000c5700000, 0x00000000c5800000|  0%| F|  |TAMS 0x00000000c5700000| PB 0x00000000c5700000| Untracked 
|  58|0x00000000c5800000, 0x00000000c5800000, 0x00000000c5900000|  0%| F|  |TAMS 0x00000000c5800000| PB 0x00000000c5800000| Untracked 
|  59|0x00000000c5900000, 0x00000000c5900000, 0x00000000c5a00000|  0%| F|  |TAMS 0x00000000c5900000| PB 0x00000000c5900000| Untracked 
|  60|0x00000000c5a00000, 0x00000000c5a00000, 0x00000000c5b00000|  0%| F|  |TAMS 0x00000000c5a00000| PB 0x00000000c5a00000| Untracked 
|  61|0x00000000c5b00000, 0x00000000c5b00000, 0x00000000c5c00000|  0%| F|  |TAMS 0x00000000c5b00000| PB 0x00000000c5b00000| Untracked 
|  62|0x00000000c5c00000, 0x00000000c5c00000, 0x00000000c5d00000|  0%| F|  |TAMS 0x00000000c5c00000| PB 0x00000000c5c00000| Untracked 
|  63|0x00000000c5d00000, 0x00000000c5d00000, 0x00000000c5e00000|  0%| F|  |TAMS 0x00000000c5d00000| PB 0x00000000c5d00000| Untracked 
|  64|0x00000000c5e00000, 0x00000000c5e00000, 0x00000000c5f00000|  0%| F|  |TAMS 0x00000000c5e00000| PB 0x00000000c5e00000| Untracked 
|  65|0x00000000c5f00000, 0x00000000c5f00000, 0x00000000c6000000|  0%| F|  |TAMS 0x00000000c5f00000| PB 0x00000000c5f00000| Untracked 
|  66|0x00000000c6000000, 0x00000000c6000000, 0x00000000c6100000|  0%| F|  |TAMS 0x00000000c6000000| PB 0x00000000c6000000| Untracked 
|  67|0x00000000c6100000, 0x00000000c6100000, 0x00000000c6200000|  0%| F|  |TAMS 0x00000000c6100000| PB 0x00000000c6100000| Untracked 
|  68|0x00000000c6200000, 0x00000000c6300000, 0x00000000c6300000|100%| S|CS|TAMS 0x00000000c6200000| PB 0x00000000c6200000| Complete 
|  69|0x00000000c6300000, 0x00000000c6400000, 0x00000000c6400000|100%| S|CS|TAMS 0x00000000c6300000| PB 0x00000000c6300000| Complete 
|  70|0x00000000c6400000, 0x00000000c6500000, 0x00000000c6500000|100%| S|CS|TAMS 0x00000000c6400000| PB 0x00000000c6400000| Complete 
|  71|0x00000000c6500000, 0x00000000c6500000, 0x00000000c6600000|  0%| F|  |TAMS 0x00000000c6500000| PB 0x00000000c6500000| Untracked 
|  72|0x00000000c6600000, 0x00000000c6600000, 0x00000000c6700000|  0%| F|  |TAMS 0x00000000c6600000| PB 0x00000000c6600000| Untracked 
|  73|0x00000000c6700000, 0x00000000c6700000, 0x00000000c6800000|  0%| F|  |TAMS 0x00000000c6700000| PB 0x00000000c6700000| Untracked 
|  74|0x00000000c6800000, 0x00000000c6800000, 0x00000000c6900000|  0%| F|  |TAMS 0x00000000c6800000| PB 0x00000000c6800000| Untracked 
|  75|0x00000000c6900000, 0x00000000c6900000, 0x00000000c6a00000|  0%| F|  |TAMS 0x00000000c6900000| PB 0x00000000c6900000| Untracked 
|  76|0x00000000c6a00000, 0x00000000c6a00000, 0x00000000c6b00000|  0%| F|  |TAMS 0x00000000c6a00000| PB 0x00000000c6a00000| Untracked 
|  77|0x00000000c6b00000, 0x00000000c6b00000, 0x00000000c6c00000|  0%| F|  |TAMS 0x00000000c6b00000| PB 0x00000000c6b00000| Untracked 
|  78|0x00000000c6c00000, 0x00000000c6c00000, 0x00000000c6d00000|  0%| F|  |TAMS 0x00000000c6c00000| PB 0x00000000c6c00000| Untracked 
|  79|0x00000000c6d00000, 0x00000000c6d00000, 0x00000000c6e00000|  0%| F|  |TAMS 0x00000000c6d00000| PB 0x00000000c6d00000| Untracked 
|  80|0x00000000c6e00000, 0x00000000c6e00000, 0x00000000c6f00000|  0%| F|  |TAMS 0x00000000c6e00000| PB 0x00000000c6e00000| Untracked 
|  81|0x00000000c6f00000, 0x00000000c6f00000, 0x00000000c7000000|  0%| F|  |TAMS 0x00000000c6f00000| PB 0x00000000c6f00000| Untracked 
|  82|0x00000000c7000000, 0x00000000c7000000, 0x00000000c7100000|  0%| F|  |TAMS 0x00000000c7000000| PB 0x00000000c7000000| Untracked 
|  83|0x00000000c7100000, 0x00000000c7180000, 0x00000000c7200000| 50%| E|  |TAMS 0x00000000c7100000| PB 0x00000000c7100000| Complete 
|  84|0x00000000c7200000, 0x00000000c7300000, 0x00000000c7300000|100%| E|CS|TAMS 0x00000000c7200000| PB 0x00000000c7200000| Complete 
|  85|0x00000000c7300000, 0x00000000c7400000, 0x00000000c7400000|100%| E|CS|TAMS 0x00000000c7300000| PB 0x00000000c7300000| Complete 
|  86|0x00000000c7400000, 0x00000000c7500000, 0x00000000c7500000|100%| E|CS|TAMS 0x00000000c7400000| PB 0x00000000c7400000| Complete 
|  87|0x00000000c7500000, 0x00000000c7600000, 0x00000000c7600000|100%| E|CS|TAMS 0x00000000c7500000| PB 0x00000000c7500000| Complete 
|  88|0x00000000c7600000, 0x00000000c7700000, 0x00000000c7700000|100%| E|CS|TAMS 0x00000000c7600000| PB 0x00000000c7600000| Complete 
|  89|0x00000000c7700000, 0x00000000c7800000, 0x00000000c7800000|100%| E|CS|TAMS 0x00000000c7700000| PB 0x00000000c7700000| Complete 
|  90|0x00000000c7800000, 0x00000000c7900000, 0x00000000c7900000|100%| E|CS|TAMS 0x00000000c7800000| PB 0x00000000c7800000| Complete 
|  91|0x00000000c7900000, 0x00000000c7a00000, 0x00000000c7a00000|100%| E|CS|TAMS 0x00000000c7900000| PB 0x00000000c7900000| Complete 
|  92|0x00000000c7a00000, 0x00000000c7b00000, 0x00000000c7b00000|100%| E|CS|TAMS 0x00000000c7a00000| PB 0x00000000c7a00000| Complete 
|  93|0x00000000c7b00000, 0x00000000c7c00000, 0x00000000c7c00000|100%| E|CS|TAMS 0x00000000c7b00000| PB 0x00000000c7b00000| Complete 
|  94|0x00000000c7c00000, 0x00000000c7d00000, 0x00000000c7d00000|100%| E|CS|TAMS 0x00000000c7c00000| PB 0x00000000c7c00000| Complete 
|  95|0x00000000c7d00000, 0x00000000c7e00000, 0x00000000c7e00000|100%| E|CS|TAMS 0x00000000c7d00000| PB 0x00000000c7d00000| Complete 
|  96|0x00000000c7e00000, 0x00000000c7f00000, 0x00000000c7f00000|100%| E|CS|TAMS 0x00000000c7e00000| PB 0x00000000c7e00000| Complete 
|  97|0x00000000c7f00000, 0x00000000c8000000, 0x00000000c8000000|100%| E|CS|TAMS 0x00000000c7f00000| PB 0x00000000c7f00000| Complete 
|  98|0x00000000c8000000, 0x00000000c8100000, 0x00000000c8100000|100%| E|CS|TAMS 0x00000000c8000000| PB 0x00000000c8000000| Complete 
|  99|0x00000000c8100000, 0x00000000c8200000, 0x00000000c8200000|100%| E|CS|TAMS 0x00000000c8100000| PB 0x00000000c8100000| Complete 
| 100|0x00000000c8200000, 0x00000000c8300000, 0x00000000c8300000|100%| E|CS|TAMS 0x00000000c8200000| PB 0x00000000c8200000| Complete 
| 101|0x00000000c8300000, 0x00000000c8400000, 0x00000000c8400000|100%| E|CS|TAMS 0x00000000c8300000| PB 0x00000000c8300000| Complete 
| 102|0x00000000c8400000, 0x00000000c8500000, 0x00000000c8500000|100%| E|CS|TAMS 0x00000000c8400000| PB 0x00000000c8400000| Complete 
| 103|0x00000000c8500000, 0x00000000c8600000, 0x00000000c8600000|100%| E|CS|TAMS 0x00000000c8500000| PB 0x00000000c8500000| Complete 
| 988|0x00000000ffa00000, 0x00000000ffb00000, 0x00000000ffb00000|100%| O|  |TAMS 0x00000000ffa00000| PB 0x00000000ffa00000| Untracked 
| 989|0x00000000ffb00000, 0x00000000ffc00000, 0x00000000ffc00000|100%| O|  |TAMS 0x00000000ffb00000| PB 0x00000000ffb00000| Untracked 
| 990|0x00000000ffc00000, 0x00000000ffd00000, 0x00000000ffd00000|100%| E|CS|TAMS 0x00000000ffc00000| PB 0x00000000ffc00000| Complete 
| 991|0x00000000ffd00000, 0x00000000ffe00000, 0x00000000ffe00000|100%| E|CS|TAMS 0x00000000ffd00000| PB 0x00000000ffd00000| Complete 
| 992|0x00000000ffe00000, 0x00000000fff00000, 0x00000000fff00000|100%| O|  |TAMS 0x00000000ffe00000| PB 0x00000000ffe00000| Untracked 
| 993|0x00000000fff00000, 0x0000000100000000, 0x0000000100000000|100%| O|  |TAMS 0x00000000fff00000| PB 0x00000000fff00000| Untracked 

Card table byte_map: [0x000001d3a0b80000,0x000001d3a0d80000] _byte_map_base: 0x000001d3a0571000

Marking Bits: (CMBitMap*) 0x000001d38e528f70
 Bits: [0x000001d3a0d80000, 0x000001d3a1d08000)

Polling page: 0x000001d38c350000

Metaspace:

Usage:
  Non-class:     70.81 MB used.
      Class:      9.18 MB used.
       Both:     79.99 MB used.

Virtual space:
  Non-class space:      128.00 MB reserved,      71.00 MB ( 55%) committed,  2 nodes.
      Class space:        1.00 GB reserved,       9.31 MB ( <1%) committed,  1 nodes.
             Both:        1.12 GB reserved,      80.31 MB (  7%) committed. 

Chunk freelists:
   Non-Class:  8.11 MB
       Class:  6.51 MB
        Both:  14.62 MB

MaxMetaspaceSize: unlimited
CompressedClassSpaceSize: 1.00 GB
Initial GC threshold: 21.00 MB
Current GC threshold: 127.12 MB
CDS: off
 - commit_granule_bytes: 65536.
 - commit_granule_words: 8192.
 - virtual_space_node_default_size: 8388608.
 - enlarge_chunks_in_place: 1.
 - use_allocation_guard: 0.


Internal statistics:

num_allocs_failed_limit: 6.
num_arena_births: 354.
num_arena_deaths: 0.
num_vsnodes_births: 3.
num_vsnodes_deaths: 0.
num_space_committed: 1283.
num_space_uncommitted: 0.
num_chunks_returned_to_freelist: 6.
num_chunks_taken_from_freelist: 2871.
num_chunk_merges: 6.
num_chunk_splits: 2421.
num_chunks_enlarged: 2227.
num_inconsistent_stats: 0.

CodeHeap 'non-profiled nmethods': size=120000Kb used=4047Kb max_used=4107Kb free=115952Kb
 bounds [0x000001d399120000, 0x000001d399530000, 0x000001d3a0650000]
CodeHeap 'profiled nmethods': size=120000Kb used=30696Kb max_used=30696Kb free=89303Kb
 bounds [0x000001d391650000, 0x000001d393450000, 0x000001d398b80000]
CodeHeap 'non-nmethods': size=5760Kb used=1810Kb max_used=1810Kb free=3949Kb
 bounds [0x000001d398b80000, 0x000001d398df0000, 0x000001d399120000]
CodeCache: size=245760Kb, used=36553Kb, max_used=36613Kb, free=209204Kb
 total_blobs=9842, nmethods=9024, adapters=720, full_count=0
Compilation: enabled, stopped_count=0, restarted_count=0

Compilation events (20 events):
Event: 22.876 Thread 0x000001d3a4924520 nmethod 9561 0x000001d3933b6690 code [0x000001d3933b68e0, 0x000001d3933b7108]
Event: 22.876 Thread 0x000001d3a4924520 9562       3       org.jetbrains.kotlin.fir.expressions.impl.FirResolvedArgumentList::<init> (5 bytes)
Event: 22.876 Thread 0x000001d3a4924520 nmethod 9562 0x000001d3933b7410 code [0x000001d3933b75c0, 0x000001d3933b7840]
Event: 22.876 Thread 0x000001d3a4924520 9564       3       org.jetbrains.kotlin.fir.backend.generators.CallAndReferenceGenerator::toIrType (16 bytes)
Event: 22.877 Thread 0x000001d3a4924520 nmethod 9564 0x000001d3933b7990 code [0x000001d3933b7b40, 0x000001d3933b7cd8]
Event: 22.877 Thread 0x000001d3a4924520 9565       3       org.jetbrains.kotlin.fir.backend.Fir2IrConversionScope::defaultConversionTypeOrigin (57 bytes)
Event: 22.877 Thread 0x000001d3a4924520 nmethod 9565 0x000001d3933b7e10 code [0x000001d3933b8020, 0x000001d3933b8700]
Event: 22.877 Thread 0x000001d3a4924520 9566       3       org.jetbrains.kotlin.ir.expressions.IrStatementOriginImpl::getValue (7 bytes)
Event: 22.877 Thread 0x000001d3a4924520 nmethod 9566 0x000001d3933b8810 code [0x000001d3933b8a40, 0x000001d3933b9038]
Event: 22.877 Thread 0x000001d3a4924520 9568       3       org.jetbrains.kotlin.ir.symbols.impl.IrValueParameterSymbolImpl::<init> (23 bytes)
Event: 22.877 Thread 0x000001d3a4924520 nmethod 9568 0x000001d3933b9290 code [0x000001d3933b9460, 0x000001d3933b9840]
Event: 22.877 Thread 0x000001d3a4924520 9569       3       org.jetbrains.kotlin.ir.symbols.impl.IrValueParameterSymbolImpl::<init> (10 bytes)
Event: 22.877 Thread 0x000001d3a4924520 nmethod 9569 0x000001d3933b9990 code [0x000001d3933b9b60, 0x000001d3933b9e60]
Event: 22.877 Thread 0x000001d3a4924520 9570       3       org.jetbrains.kotlin.ir.declarations.IrFactory::createValueParameter (96 bytes)
Event: 22.879 Thread 0x000001d3a4924520 nmethod 9570 0x000001d3933b9f90 code [0x000001d3933ba3a0, 0x000001d3933bbd08]
Event: 22.879 Thread 0x000001d3a4924520 9571       3       org.jetbrains.kotlin.ir.declarations.impl.IrValueParameterImpl::<init> (138 bytes)
Event: 22.880 Thread 0x000001d3a4924520 nmethod 9571 0x000001d3933bc810 code [0x000001d3933bcc60, 0x000001d3933be9f0]
Event: 22.880 Thread 0x000001d3a4924520 9567       3       org.jetbrains.kotlin.ir.expressions.IrStatementOriginImpl::getValue (8 bytes)
Event: 22.881 Thread 0x000001d3a4924520 nmethod 9567 0x000001d3933bf490 code [0x000001d3933bf6a0, 0x000001d3933bfc20]
Event: 22.881 Thread 0x000001d3a4924520 9574       3       org.jetbrains.kotlin.types.AbstractTypeApproximator::approximateParametrizedType (1445 bytes)

GC Heap History (20 events):
Event: 10.367 GC heap before
{Heap before GC invocations=12 (full 0):
 garbage-first heap   total 49152K, used 41219K [0x00000000c1e00000, 0x0000000100000000)
  region size 1024K, 20 young (20480K), 3 survivors (3072K)
 Metaspace       used 52796K, committed 52992K, reserved 1114112K
  class space    used 6329K, committed 6400K, reserved 1048576K
}
Event: 10.376 GC heap after
{Heap after GC invocations=13 (full 0):
 garbage-first heap   total 49152K, used 25965K [0x00000000c1e00000, 0x0000000100000000)
  region size 1024K, 2 young (2048K), 2 survivors (2048K)
 Metaspace       used 52796K, committed 52992K, reserved 1114112K
  class space    used 6329K, committed 6400K, reserved 1048576K
}
Event: 11.250 GC heap before
{Heap before GC invocations=13 (full 0):
 garbage-first heap   total 49152K, used 42349K [0x00000000c1e00000, 0x0000000100000000)
  region size 1024K, 18 young (18432K), 2 survivors (2048K)
 Metaspace       used 56736K, committed 57024K, reserved 1114112K
  class space    used 6785K, committed 6912K, reserved 1048576K
}
Event: 11.258 GC heap after
{Heap after GC invocations=14 (full 0):
 garbage-first heap   total 49152K, used 27330K [0x00000000c1e00000, 0x0000000100000000)
  region size 1024K, 3 young (3072K), 3 survivors (3072K)
 Metaspace       used 56736K, committed 57024K, reserved 1114112K
  class space    used 6785K, committed 6912K, reserved 1048576K
}
Event: 12.136 GC heap before
{Heap before GC invocations=15 (full 0):
 garbage-first heap   total 49152K, used 42690K [0x00000000c1e00000, 0x0000000100000000)
  region size 1024K, 18 young (18432K), 3 survivors (3072K)
 Metaspace       used 60437K, committed 60672K, reserved 1114112K
  class space    used 7302K, committed 7424K, reserved 1048576K
}
Event: 12.147 GC heap after
{Heap after GC invocations=16 (full 0):
 garbage-first heap   total 50176K, used 30825K [0x00000000c1e00000, 0x0000000100000000)
  region size 1024K, 3 young (3072K), 3 survivors (3072K)
 Metaspace       used 60437K, committed 60672K, reserved 1114112K
  class space    used 7302K, committed 7424K, reserved 1048576K
}
Event: 12.237 GC heap before
{Heap before GC invocations=16 (full 0):
 garbage-first heap   total 50176K, used 42089K [0x00000000c1e00000, 0x0000000100000000)
  region size 1024K, 15 young (15360K), 3 survivors (3072K)
 Metaspace       used 60486K, committed 60736K, reserved 1114112K
  class space    used 7302K, committed 7424K, reserved 1048576K
}
Event: 12.256 GC heap after
{Heap after GC invocations=17 (full 0):
 garbage-first heap   total 51200K, used 34645K [0x00000000c1e00000, 0x0000000100000000)
  region size 1024K, 2 young (2048K), 2 survivors (2048K)
 Metaspace       used 60486K, committed 60736K, reserved 1114112K
  class space    used 7302K, committed 7424K, reserved 1048576K
}
Event: 12.490 GC heap before
{Heap before GC invocations=17 (full 0):
 garbage-first heap   total 51200K, used 43861K [0x00000000c1e00000, 0x0000000100000000)
  region size 1024K, 11 young (11264K), 2 survivors (2048K)
 Metaspace       used 61118K, committed 61440K, reserved 1114112K
  class space    used 7347K, committed 7488K, reserved 1048576K
}
Event: 12.495 GC heap after
{Heap after GC invocations=18 (full 0):
 garbage-first heap   total 51200K, used 37739K [0x00000000c1e00000, 0x0000000100000000)
  region size 1024K, 2 young (2048K), 2 survivors (2048K)
 Metaspace       used 61118K, committed 61440K, reserved 1114112K
  class space    used 7347K, committed 7488K, reserved 1048576K
}
Event: 12.634 GC heap before
{Heap before GC invocations=19 (full 0):
 garbage-first heap   total 63488K, used 43883K [0x00000000c1e00000, 0x0000000100000000)
  region size 1024K, 9 young (9216K), 2 survivors (2048K)
 Metaspace       used 61170K, committed 61504K, reserved 1114112K
  class space    used 7350K, committed 7488K, reserved 1048576K
}
Event: 12.641 GC heap after
{Heap after GC invocations=20 (full 0):
 garbage-first heap   total 63488K, used 40207K [0x00000000c1e00000, 0x0000000100000000)
  region size 1024K, 2 young (2048K), 2 survivors (2048K)
 Metaspace       used 61170K, committed 61504K, reserved 1114112K
  class space    used 7350K, committed 7488K, reserved 1048576K
}
Event: 13.413 GC heap before
{Heap before GC invocations=20 (full 0):
 garbage-first heap   total 63488K, used 51471K [0x00000000c1e00000, 0x0000000100000000)
  region size 1024K, 14 young (14336K), 2 survivors (2048K)
 Metaspace       used 64035K, committed 64320K, reserved 1114112K
  class space    used 7742K, committed 7872K, reserved 1048576K
}
Event: 13.423 GC heap after
{Heap after GC invocations=21 (full 0):
 garbage-first heap   total 112640K, used 41803K [0x00000000c1e00000, 0x0000000100000000)
  region size 1024K, 2 young (2048K), 2 survivors (2048K)
 Metaspace       used 64035K, committed 64320K, reserved 1114112K
  class space    used 7742K, committed 7872K, reserved 1048576K
}
Event: 15.095 GC heap before
{Heap before GC invocations=21 (full 0):
 garbage-first heap   total 112640K, used 81739K [0x00000000c1e00000, 0x0000000100000000)
  region size 1024K, 42 young (43008K), 2 survivors (2048K)
 Metaspace       used 69370K, committed 69632K, reserved 1114112K
  class space    used 8380K, committed 8512K, reserved 1048576K
}
Event: 15.128 GC heap after
{Heap after GC invocations=22 (full 0):
 garbage-first heap   total 112640K, used 48898K [0x00000000c1e00000, 0x0000000100000000)
  region size 1024K, 6 young (6144K), 6 survivors (6144K)
 Metaspace       used 69370K, committed 69632K, reserved 1114112K
  class space    used 8380K, committed 8512K, reserved 1048576K
}
Event: 17.767 GC heap before
{Heap before GC invocations=22 (full 0):
 garbage-first heap   total 112640K, used 88834K [0x00000000c1e00000, 0x0000000100000000)
  region size 1024K, 45 young (46080K), 6 survivors (6144K)
 Metaspace       used 72577K, committed 72896K, reserved 1114112K
  class space    used 8592K, committed 8768K, reserved 1048576K
}
Event: 17.870 GC heap after
{Heap after GC invocations=23 (full 0):
 garbage-first heap   total 112640K, used 55774K [0x00000000c1e00000, 0x0000000100000000)
  region size 1024K, 6 young (6144K), 6 survivors (6144K)
 Metaspace       used 72577K, committed 72896K, reserved 1114112K
  class space    used 8592K, committed 8768K, reserved 1048576K
}
Event: 21.077 GC heap before
{Heap before GC invocations=23 (full 0):
 garbage-first heap   total 112640K, used 91614K [0x00000000c1e00000, 0x0000000100000000)
  region size 1024K, 41 young (41984K), 6 survivors (6144K)
 Metaspace       used 76898K, committed 77184K, reserved 1179648K
  class space    used 8894K, committed 9024K, reserved 1048576K
}
Event: 21.208 GC heap after
{Heap after GC invocations=24 (full 0):
 garbage-first heap   total 112640K, used 58368K [0x00000000c1e00000, 0x0000000100000000)
  region size 1024K, 3 young (3072K), 3 survivors (3072K)
 Metaspace       used 76898K, committed 77184K, reserved 1179648K
  class space    used 8894K, committed 9024K, reserved 1048576K
}

Dll operation events (3 events):
Event: 0.094 Loaded shared library D:\Android\Android Studio\jbr\bin\java.dll
Event: 0.189 Loaded shared library D:\Android\Android Studio\jbr\bin\zip.dll
Event: 6.390 Loaded shared library D:\Android\Android Studio\jbr\bin\verify.dll

Deoptimization events (20 events):
Event: 22.503 Thread 0x000001d38c1d2b60 DEOPT PACKING pc=0x000001d3994b3810 sp=0x000000776c6fd1e0
Event: 22.503 Thread 0x000001d38c1d2b60 DEOPT UNPACKING pc=0x000001d398bd46a2 sp=0x000000776c6fd1a8 mode 2
Event: 22.503 Thread 0x000001d38c1d2b60 Uncommon trap: trap_request=0xffffffc6 fr.pc=0x000001d3994b3810 relative=0x0000000000000750
Event: 22.503 Thread 0x000001d38c1d2b60 Uncommon trap: reason=bimorphic_or_optimized_type_check action=maybe_recompile pc=0x000001d3994b3810 method=kotlin.collections.CollectionsKt___CollectionsKt.toList(Ljava/lang/Iterable;)Ljava/util/List; @ 62 c2
Event: 22.503 Thread 0x000001d38c1d2b60 DEOPT PACKING pc=0x000001d3994b3810 sp=0x000000776c6fd1e0
Event: 22.503 Thread 0x000001d38c1d2b60 DEOPT UNPACKING pc=0x000001d398bd46a2 sp=0x000000776c6fd1a8 mode 2
Event: 22.503 Thread 0x000001d38c1d2b60 Uncommon trap: trap_request=0xffffffc6 fr.pc=0x000001d3994b3810 relative=0x0000000000000750
Event: 22.503 Thread 0x000001d38c1d2b60 Uncommon trap: reason=bimorphic_or_optimized_type_check action=maybe_recompile pc=0x000001d3994b3810 method=kotlin.collections.CollectionsKt___CollectionsKt.toList(Ljava/lang/Iterable;)Ljava/util/List; @ 62 c2
Event: 22.503 Thread 0x000001d38c1d2b60 DEOPT PACKING pc=0x000001d3994b3810 sp=0x000000776c6fd1e0
Event: 22.503 Thread 0x000001d38c1d2b60 DEOPT UNPACKING pc=0x000001d398bd46a2 sp=0x000000776c6fd1a8 mode 2
Event: 22.503 Thread 0x000001d38c1d2b60 Uncommon trap: trap_request=0xffffffc6 fr.pc=0x000001d3994b3810 relative=0x0000000000000750
Event: 22.503 Thread 0x000001d38c1d2b60 Uncommon trap: reason=bimorphic_or_optimized_type_check action=maybe_recompile pc=0x000001d3994b3810 method=kotlin.collections.CollectionsKt___CollectionsKt.toList(Ljava/lang/Iterable;)Ljava/util/List; @ 62 c2
Event: 22.503 Thread 0x000001d38c1d2b60 DEOPT PACKING pc=0x000001d3994b3810 sp=0x000000776c6fd820
Event: 22.503 Thread 0x000001d38c1d2b60 DEOPT UNPACKING pc=0x000001d398bd46a2 sp=0x000000776c6fd7e8 mode 2
Event: 22.588 Thread 0x000001d38c1d2b60 Uncommon trap: trap_request=0xffffffc6 fr.pc=0x000001d3994f8598 relative=0x0000000000000158
Event: 22.588 Thread 0x000001d38c1d2b60 Uncommon trap: reason=bimorphic_or_optimized_type_check action=maybe_recompile pc=0x000001d3994f8598 method=kotlin.collections.CollectionsKt___CollectionsKt.first(Ljava/util/List;)Ljava/lang/Object; @ 7 c2
Event: 22.588 Thread 0x000001d38c1d2b60 DEOPT PACKING pc=0x000001d3994f8598 sp=0x000000776c6fb5f0
Event: 22.588 Thread 0x000001d38c1d2b60 DEOPT UNPACKING pc=0x000001d398bd46a2 sp=0x000000776c6fb590 mode 2
Event: 22.694 Thread 0x000001d38c1d2b60 DEOPT PACKING pc=0x000001d39330b044 sp=0x000000776c6f9b90
Event: 22.694 Thread 0x000001d38c1d2b60 DEOPT UNPACKING pc=0x000001d398bd4e42 sp=0x000000776c6f9360 mode 0

Classes loaded (20 events):
Event: 19.152 Loading class java/util/EnumMap$EnumMapIterator done
Event: 19.152 Loading class java/util/EnumMap$EntryIterator done
Event: 19.152 Loading class java/util/EnumMap$EntryIterator$Entry
Event: 19.152 Loading class java/util/EnumMap$EntryIterator$Entry done
Event: 22.642 Loading class java/util/Formatter
Event: 22.644 Loading class java/util/Formatter done
Event: 22.644 Loading class java/util/Locale$Category
Event: 22.645 Loading class java/util/Locale$Category done
Event: 22.646 Loading class java/util/Formatter$FixedString
Event: 22.647 Loading class java/util/Formatter$FormatString
Event: 22.647 Loading class java/util/Formatter$FormatString done
Event: 22.647 Loading class java/util/Formatter$FixedString done
Event: 22.647 Loading class java/util/Formatter$Conversion
Event: 22.647 Loading class java/util/Formatter$Conversion done
Event: 22.647 Loading class java/util/Formatter$FormatSpecifier
Event: 22.648 Loading class java/util/Formatter$FormatSpecifier done
Event: 22.648 Loading class java/util/Formattable
Event: 22.649 Loading class java/util/Formattable done
Event: 22.649 Loading class java/util/Formatter$Flags
Event: 22.649 Loading class java/util/Formatter$Flags done

Classes unloaded (0 events):
No events

Classes redefined (0 events):
No events

Internal exceptions (20 events):
Event: 14.250 Thread 0x000001d38c1d2b60 Exception <a 'java/lang/NoSuchMethodError'{0x00000000c78ba020}: 'java.lang.Object java.lang.invoke.Invokers$Holder.linkToTargetMethod(java.lang.Object, java.lang.Object, java.lang.Object, java.lang.Object, int, java.lang.Object)'> (0x00000000c78ba020) 
thrown [s\src\hotspot\share\interpreter\linkResolver.cpp, line 784]
Event: 15.386 Thread 0x000001d38c1d2b60 Exception <a 'java/lang/NoSuchMethodError'{0x00000000c84b5fe8}: 'java.lang.Object java.lang.invoke.DirectMethodHandle$Holder.invokeStatic(java.lang.Object, java.lang.Object, java.lang.Object, int, java.lang.Object, java.lang.Object)'> (0x00000000c84b5fe8) 
thrown [s\src\hotspot\share\interpreter\linkResolver.cpp, line 784]
Event: 15.756 Thread 0x000001d38c1d2b60 Exception <a 'java/lang/NoSuchMethodError'{0x00000000c803edd8}: 'java.lang.Object java.lang.invoke.DirectMethodHandle$Holder.invokeStatic(java.lang.Object, int, java.lang.Object, java.lang.Object)'> (0x00000000c803edd8) 
thrown [s\src\hotspot\share\interpreter\linkResolver.cpp, line 784]
Event: 17.426 Thread 0x000001d38c1d2b60 Exception <a 'java/lang/NoSuchMethodError'{0x00000000c6a731f0}: 'java.lang.Object java.lang.invoke.DirectMethodHandle$Holder.invokeStatic(java.lang.Object, int, java.lang.Object, java.lang.Object, java.lang.Object, java.lang.Object, java.lang.Object)'> (0x00000000c6a731f0) 
thrown [s\src\hotspot\share\interpreter\linkResolver.cpp, line 784]
Event: 17.427 Thread 0x000001d38c1d2b60 Exception <a 'java/lang/NoSuchMethodError'{0x00000000c6a7cc00}: 'java.lang.Object java.lang.invoke.DirectMethodHandle$Holder.newInvokeSpecial(java.lang.Object, int, java.lang.Object, java.lang.Object, java.lang.Object)'> (0x00000000c6a7cc00) 
thrown [s\src\hotspot\share\interpreter\linkResolver.cpp, line 784]
Event: 17.428 Thread 0x000001d38c1d2b60 Exception <a 'java/lang/NoSuchMethodError'{0x00000000c6a84d70}: 'java.lang.Object java.lang.invoke.Invokers$Holder.linkToTargetMethod(int, java.lang.Object, java.lang.Object, java.lang.Object, java.lang.Object)'> (0x00000000c6a84d70) 
thrown [s\src\hotspot\share\interpreter\linkResolver.cpp, line 784]
Event: 18.934 Thread 0x000001d38c1d2b60 Exception <a 'java/lang/NoSuchMethodError'{0x00000000c7a12e38}: 'java.lang.Object java.lang.invoke.DirectMethodHandle$Holder.invokeStatic(java.lang.Object, int, int, java.lang.Object)'> (0x00000000c7a12e38) 
thrown [s\src\hotspot\share\interpreter\linkResolver.cpp, line 784]
Event: 18.936 Thread 0x000001d38c1d2b60 Exception <a 'java/lang/NoSuchMethodError'{0x00000000c7a16518}: 'java.lang.Object java.lang.invoke.DirectMethodHandle$Holder.invokeStaticInit(java.lang.Object, int, int, java.lang.Object)'> (0x00000000c7a16518) 
thrown [s\src\hotspot\share\interpreter\linkResolver.cpp, line 784]
Event: 19.071 Thread 0x000001d38c1d2b60 Implicit null exception at 0x000001d3991dd25a to 0x000001d3991dd370
Event: 19.143 Thread 0x000001d38c1d2b60 Implicit null exception at 0x000001d399359069 to 0x000001d39935924c
Event: 19.425 Thread 0x000001d38c1d2b60 Exception <a 'java/lang/NoSuchMethodError'{0x00000000c7531bf0}: 'java.lang.Object java.lang.invoke.DirectMethodHandle$Holder.invokeStatic(java.lang.Object, java.lang.Object, java.lang.Object, java.lang.Object, java.lang.Object, int)'> (0x00000000c7531bf0) 
thrown [s\src\hotspot\share\interpreter\linkResolver.cpp, line 784]
Event: 20.396 Thread 0x000001d38c1d2b60 Exception <a 'java/lang/NoSuchMethodError'{0x00000000c6c93bf8}: 'java.lang.Object java.lang.invoke.DirectMethodHandle$Holder.newInvokeSpecial(java.lang.Object, java.lang.Object, int, java.lang.Object, java.lang.Object, java.lang.Object, java.lang.Object)'> (0x00000000c6c93bf8) 
thrown [s\src\hotspot\share\interpreter\linkResolver.cpp, line 784]
Event: 20.398 Thread 0x000001d38c1d2b60 Exception <a 'java/lang/NoSuchMethodError'{0x00000000c6c9b828}: 'java.lang.Object java.lang.invoke.Invokers$Holder.linkToTargetMethod(java.lang.Object, int, java.lang.Object, java.lang.Object, java.lang.Object, java.lang.Object, java.lang.Object)'> (0x00000000c6c9b828) 
thrown [s\src\hotspot\share\interpreter\linkResolver.cpp, line 784]
Event: 21.625 Thread 0x000001d38c1d2b60 Implicit null exception at 0x000001d3991550a0 to 0x000001d399155658
Event: 21.631 Thread 0x000001d38c1d2b60 Implicit null exception at 0x000001d399156920 to 0x000001d399156ecc
Event: 22.554 Thread 0x000001d38c1d2b60 Exception <a 'java/lang/NoSuchMethodError'{0x00000000c76a2a58}: 'java.lang.Object java.lang.invoke.DirectMethodHandle$Holder.newInvokeSpecial(java.lang.Object, java.lang.Object, java.lang.Object, java.lang.Object, java.lang.Object, java.lang.Object, java.lang.Object, java.lang.Object, int)'> (0x00000000c76a2a58) 
thrown [s\src\hotspot\share\interpreter\linkResolver.cpp, line 784]
Event: 22.554 Thread 0x000001d38c1d2b60 Exception <a 'java/lang/NoSuchMethodError'{0x00000000c76a7800}: 'java.lang.Object java.lang.invoke.DirectMethodHandle$Holder.invokeSpecial(java.lang.Object, java.lang.Object, java.lang.Object, java.lang.Object, java.lang.Object, java.lang.Object, java.lang.Object, java.lang.Object, java.lang.Object, int)'> (0x00000000c76a7800) 
thrown [s\src\hotspot\share\interpreter\linkResolver.cpp, line 784]
Event: 22.807 Thread 0x000001d38c1d2b60 Exception <a 'java/lang/NoSuchMethodError'{0x00000000c7238938}: 'java.lang.Object java.lang.invoke.DirectMethodHandle$Holder.invokeStatic(java.lang.Object, java.lang.Object, int, int)'> (0x00000000c7238938) 
thrown [s\src\hotspot\share\interpreter\linkResolver.cpp, line 784]
Event: 22.849 Thread 0x000001d38c1d2b60 Exception <a 'java/lang/NoSuchMethodError'{0x00000000c72786b8}: 'java.lang.Object java.lang.invoke.DirectMethodHandle$Holder.newInvokeSpecial(java.lang.Object, java.lang.Object, java.lang.Object, java.lang.Object, java.lang.Object, java.lang.Object, java.lang.Object, int)'> (0x00000000c72786b8) 
thrown [s\src\hotspot\share\interpreter\linkResolver.cpp, line 784]
Event: 22.849 Thread 0x000001d38c1d2b60 Exception <a 'java/lang/NoSuchMethodError'{0x00000000c727cd68}: 'java.lang.Object java.lang.invoke.DirectMethodHandle$Holder.invokeSpecial(java.lang.Object, java.lang.Object, java.lang.Object, java.lang.Object, java.lang.Object, java.lang.Object, java.lang.Object, java.lang.Object, int)'> (0x00000000c727cd68) 
thrown [s\src\hotspot\share\interpreter\linkResolver.cpp, line 784]

ZGC Phase Switch (0 events):
No events

VM Operations (20 events):
Event: 20.804 Executing VM operation: ICBufferFull
Event: 20.805 Executing VM operation: ICBufferFull done
Event: 21.077 Executing VM operation: G1CollectForAllocation (G1 Evacuation Pause)
Event: 21.209 Executing VM operation: G1CollectForAllocation (G1 Evacuation Pause) done
Event: 21.690 Executing VM operation: G1PauseRemark
Event: 21.950 Executing VM operation: G1PauseRemark done
Event: 21.950 Executing VM operation: HandshakeAllThreads (Deoptimize)
Event: 21.950 Executing VM operation: HandshakeAllThreads (Deoptimize) done
Event: 21.952 Executing VM operation: HandshakeAllThreads (Deoptimize)
Event: 21.952 Executing VM operation: HandshakeAllThreads (Deoptimize) done
Event: 21.959 Executing VM operation: HandshakeAllThreads (Deoptimize)
Event: 21.959 Executing VM operation: HandshakeAllThreads (Deoptimize) done
Event: 22.008 Executing VM operation: G1PauseCleanup
Event: 22.011 Executing VM operation: G1PauseCleanup done
Event: 22.522 Executing VM operation: HandshakeAllThreads (Deoptimize)
Event: 22.522 Executing VM operation: HandshakeAllThreads (Deoptimize) done
Event: 22.627 Executing VM operation: HandshakeAllThreads (Deoptimize)
Event: 22.627 Executing VM operation: HandshakeAllThreads (Deoptimize) done
Event: 22.759 Executing VM operation: HandshakeAllThreads (Deoptimize)
Event: 22.759 Executing VM operation: HandshakeAllThreads (Deoptimize) done

Memory protections (0 events):
No events

Nmethod flushes (20 events):
Event: 21.900 Thread 0x000001d38e5bd270 flushing  nmethod 0x000001d399298d90
Event: 21.900 Thread 0x000001d38e5bd270 flushing  nmethod 0x000001d3916cfc10
Event: 21.900 Thread 0x000001d38e5bd270 flushing  nmethod 0x000001d3916d3790
Event: 21.905 Thread 0x000001d38e5bd270 flushing  nmethod 0x000001d391784a90
Event: 21.905 Thread 0x000001d38e5bd270 flushing  nmethod 0x000001d391785f90
Event: 21.905 Thread 0x000001d38e5bd270 flushing  nmethod 0x000001d39179d510
Event: 21.905 Thread 0x000001d38e5bd270 flushing  nmethod 0x000001d3917a4e10
Event: 21.905 Thread 0x000001d38e5bd270 flushing  nmethod 0x000001d3918b5210
Event: 21.905 Thread 0x000001d38e5bd270 flushing  nmethod 0x000001d391911990
Event: 21.907 Thread 0x000001d38e5bd270 flushing  nmethod 0x000001d39196a610
Event: 21.907 Thread 0x000001d38e5bd270 flushing  nmethod 0x000001d391b87d90
Event: 21.907 Thread 0x000001d38e5bd270 flushing  nmethod 0x000001d391c39510
Event: 21.907 Thread 0x000001d38e5bd270 flushing  nmethod 0x000001d3991a2e90
Event: 21.911 Thread 0x000001d38e5bd270 flushing  nmethod 0x000001d399250990
Event: 21.911 Thread 0x000001d38e5bd270 flushing  nmethod 0x000001d39172b510
Event: 21.911 Thread 0x000001d38e5bd270 flushing  nmethod 0x000001d391737b10
Event: 21.915 Thread 0x000001d38e5bd270 flushing  nmethod 0x000001d39189fa10
Event: 21.915 Thread 0x000001d38e5bd270 flushing  nmethod 0x000001d391a87e90
Event: 21.915 Thread 0x000001d38e5bd270 flushing osr nmethod 0x000001d391c50f10
Event: 21.915 Thread 0x000001d38e5bd270 flushing osr nmethod 0x000001d391c52510

Events (17 events):
Event: 0.183 Thread 0x000001d38c1d2b60 Thread added: 0x000001d38c1d2b60
Event: 0.257 Thread 0x000001d38c1d2b60 Thread added: 0x000001d3a478f7c0
Event: 0.263 Thread 0x000001d38c1d2b60 Thread added: 0x000001d3a4798530
Event: 0.264 Thread 0x000001d38c1d2b60 Thread added: 0x000001d3a4798f90
Event: 0.265 Thread 0x000001d38c1d2b60 Thread added: 0x000001d3a4799c50
Event: 0.265 Thread 0x000001d38c1d2b60 Thread added: 0x000001d3a479a6b0
Event: 0.265 Thread 0x000001d38c1d2b60 Thread added: 0x000001d3a479b110
Event: 0.265 Thread 0x000001d38c1d2b60 Thread added: 0x000001d3a479bb70
Event: 0.265 Thread 0x000001d38c1d2b60 Thread added: 0x000001d3a48f06a0
Event: 0.266 Thread 0x000001d38c1d2b60 Thread added: 0x000001d3a4924520
Event: 0.349 Thread 0x000001d38c1d2b60 Thread added: 0x000001d3a4a886f0
Event: 0.373 Loaded shared library D:\Android\Android Studio\jbr\bin\net.dll
Event: 0.380 Loaded shared library D:\Android\Android Studio\jbr\bin\nio.dll
Event: 0.996 Loaded shared library D:\Android\Android Studio\jbr\bin\zip.dll
Event: 1.220 Loaded shared library D:\Android\Android Studio\jbr\bin\jimage.dll
Event: 2.687 Loaded shared library D:\Android\Android Studio\jbr\bin\management.dll
Event: 2.702 Loaded shared library D:\Android\Android Studio\jbr\bin\management_ext.dll


Dynamic libraries:
0x00007ff698a70000 - 0x00007ff698a7a000 	D:\Android\Android Studio\jbr\bin\java.exe
0x00007ff8a9e10000 - 0x00007ff8aa008000 	C:\WINDOWS\SYSTEM32\ntdll.dll
0x00007ff8a8c30000 - 0x00007ff8a8cf1000 	C:\WINDOWS\System32\KERNEL32.DLL
0x00007ff8a7660000 - 0x00007ff8a795d000 	C:\WINDOWS\System32\KERNELBASE.dll
0x00007ff8a7560000 - 0x00007ff8a7660000 	C:\WINDOWS\System32\ucrtbase.dll
0x00007ff8a26c0000 - 0x00007ff8a26db000 	D:\Android\Android Studio\jbr\bin\VCRUNTIME140.dll
0x00007ff8a26e0000 - 0x00007ff8a26f8000 	D:\Android\Android Studio\jbr\bin\jli.dll
0x00007ff8a96c0000 - 0x00007ff8a985d000 	C:\WINDOWS\System32\USER32.dll
0x00007ff8a7dc0000 - 0x00007ff8a7de2000 	C:\WINDOWS\System32\win32u.dll
0x00007ff8a94e0000 - 0x00007ff8a950b000 	C:\WINDOWS\System32\GDI32.dll
0x00007ff8a7ab0000 - 0x00007ff8a7bc7000 	C:\WINDOWS\System32\gdi32full.dll
0x00007ff8a7960000 - 0x00007ff8a79fd000 	C:\WINDOWS\System32\msvcp_win.dll
0x00007ff89db80000 - 0x00007ff89de1a000 	C:\WINDOWS\WinSxS\amd64_microsoft.windows.common-controls_6595b64144ccf1df_6.0.19041.4355_none_60b8b9eb71f62e16\COMCTL32.dll
0x00007ff8a9c40000 - 0x00007ff8a9cde000 	C:\WINDOWS\System32\msvcrt.dll
0x00007ff8a9520000 - 0x00007ff8a954f000 	C:\WINDOWS\System32\IMM32.DLL
0x00007ff88fba0000 - 0x00007ff88fbac000 	D:\Android\Android Studio\jbr\bin\vcruntime140_1.dll
0x00007ff87ec90000 - 0x00007ff87ed1d000 	D:\Android\Android Studio\jbr\bin\msvcp140.dll
0x00007ff826390000 - 0x00007ff827026000 	D:\Android\Android Studio\jbr\bin\server\jvm.dll
0x00007ff8a8b80000 - 0x00007ff8a8c30000 	C:\WINDOWS\System32\ADVAPI32.dll
0x00007ff8a9440000 - 0x00007ff8a94e0000 	C:\WINDOWS\System32\sechost.dll
0x00007ff8a9ab0000 - 0x00007ff8a9bd3000 	C:\WINDOWS\System32\RPCRT4.dll
0x00007ff8a74c0000 - 0x00007ff8a74e7000 	C:\WINDOWS\System32\bcrypt.dll
0x00007ff8a9550000 - 0x00007ff8a95bb000 	C:\WINDOWS\System32\WS2_32.dll
0x00007ff8a69f0000 - 0x00007ff8a6a3b000 	C:\WINDOWS\SYSTEM32\POWRPROF.dll
0x00007ff89ed00000 - 0x00007ff89ed0a000 	C:\WINDOWS\SYSTEM32\VERSION.dll
0x00007ff89e680000 - 0x00007ff89e6a7000 	C:\WINDOWS\SYSTEM32\WINMM.dll
0x00007ff8a68c0000 - 0x00007ff8a68d2000 	C:\WINDOWS\SYSTEM32\UMPDC.dll
0x00007ff8a5540000 - 0x00007ff8a5552000 	C:\WINDOWS\SYSTEM32\kernel.appcore.dll
0x00007ff88fb90000 - 0x00007ff88fb9a000 	D:\Android\Android Studio\jbr\bin\jimage.dll
0x00007ff8a46f0000 - 0x00007ff8a48d4000 	C:\WINDOWS\SYSTEM32\DBGHELP.DLL
0x00007ff88d6c0000 - 0x00007ff88d6f4000 	C:\WINDOWS\SYSTEM32\dbgcore.DLL
0x00007ff8a7d30000 - 0x00007ff8a7db2000 	C:\WINDOWS\System32\bcryptPrimitives.dll
0x00007ff88fb70000 - 0x00007ff88fb90000 	D:\Android\Android Studio\jbr\bin\java.dll
0x00007ff88b100000 - 0x00007ff88b118000 	D:\Android\Android Studio\jbr\bin\zip.dll
0x00007ff8a8410000 - 0x00007ff8a8b7f000 	C:\WINDOWS\System32\SHELL32.dll
0x00007ff8a5560000 - 0x00007ff8a5d03000 	C:\WINDOWS\SYSTEM32\windows.storage.dll
0x00007ff8a7e40000 - 0x00007ff8a8193000 	C:\WINDOWS\System32\combase.dll
0x00007ff8a6ef0000 - 0x00007ff8a6f1e000 	C:\WINDOWS\SYSTEM32\Wldp.dll
0x00007ff8a8340000 - 0x00007ff8a840d000 	C:\WINDOWS\System32\OLEAUT32.dll
0x00007ff8a9a00000 - 0x00007ff8a9aad000 	C:\WINDOWS\System32\SHCORE.dll
0x00007ff8a9d60000 - 0x00007ff8a9db5000 	C:\WINDOWS\System32\shlwapi.dll
0x00007ff8a73f0000 - 0x00007ff8a7414000 	C:\WINDOWS\SYSTEM32\profapi.dll
0x00007ff88b0f0000 - 0x00007ff88b100000 	D:\Android\Android Studio\jbr\bin\net.dll
0x00007ff8a0d40000 - 0x00007ff8a0e4d000 	C:\WINDOWS\SYSTEM32\WINHTTP.dll
0x00007ff8a6c50000 - 0x00007ff8a6cba000 	C:\WINDOWS\system32\mswsock.dll
0x00007ff884570000 - 0x00007ff884586000 	D:\Android\Android Studio\jbr\bin\nio.dll
0x00007ff884230000 - 0x00007ff884239000 	D:\Android\Android Studio\jbr\bin\management.dll
0x00007ff883ff0000 - 0x00007ff883ffb000 	D:\Android\Android Studio\jbr\bin\management_ext.dll
0x00007ff8a81a0000 - 0x00007ff8a81a8000 	C:\WINDOWS\System32\PSAPI.DLL
0x00007ff889240000 - 0x00007ff889250000 	D:\Android\Android Studio\jbr\bin\verify.dll

JVMTI agents: none

dbghelp: loaded successfully - version: 4.0.5 - missing functions: none
symbol engine: initialized successfully - sym options: 0x614 - pdb path: .;D:\Android\Android Studio\jbr\bin;C:\WINDOWS\SYSTEM32;C:\WINDOWS\WinSxS\amd64_microsoft.windows.common-controls_6595b64144ccf1df_6.0.19041.4355_none_60b8b9eb71f62e16;D:\Android\Android Studio\jbr\bin\server

VM Arguments:
java_command: org.jetbrains.kotlin.cli.jvm.K2JVMCompiler @D:\IT Projects\budolEcosystem\budolPayMobile\build\shared_preferences_android\20260102_649949199262121906.compiler.options
java_class_path (initial): C:\Users\Administrator\.gradle\caches\modules-2\files-2.1\org.jetbrains.kotlin\kotlin-compiler-embeddable\2.2.20\bb8331b7585e36ea311825b01a1c06860c055fd1\kotlin-compiler-embeddable-2.2.20.jar;C:\Users\Administrator\.gradle\caches\modules-2\files-2.1\org.jetbrains.kotlin\kotlin-stdlib\2.2.20\5380b19fa1924399b62ce3a1faffebb2b4f82272\kotlin-stdlib-2.2.20.jar;C:\Users\Administrator\.gradle\caches\modules-2\files-2.1\org.jetbrains.kotlin\kotlin-script-runtime\2.2.20\4c679cbeac0bb583b75c3a080013da8eaf240807\kotlin-script-runtime-2.2.20.jar;C:\Users\Administrator\.gradle\caches\modules-2\files-2.1\org.jetbrains.kotlin\kotlin-reflect\1.6.10\1cbe9c92c12a94eea200d23c2bbaedaf3daf5132\kotlin-reflect-1.6.10.jar;C:\Users\Administrator\.gradle\caches\modules-2\files-2.1\org.jetbrains.kotlin\kotlin-daemon-embeddable\2.2.20\feff12d48d7f1eb628742b0a721395e16f8755bf\kotlin-daemon-embeddable-2.2.20.jar;C:\Users\Administrator\.gradle\caches\modules-2\files-2.1\org.jetbrains.kotlinx\kotlinx-coroutines-core-jvm\1.8.0\ac1dc37a30a93150b704022f8d895ee1bd3a36b3\kotlinx-coroutines-core-jvm-1.8.0.jar;C:\Users\Administrator\.gradle\caches\modules-2\files-2.1\org.jetbrains\annotations\13.0\919f0dfe192fb4e063e7dacadee7f8bb9a2672a9\annotations-13.0.jar
Launcher Type: SUN_STANDARD

[Global flags]
     intx CICompilerCount                          = 4                                         {product} {ergonomic}
     uint ConcGCThreads                            = 2                                         {product} {ergonomic}
     uint G1ConcRefinementThreads                  = 8                                         {product} {ergonomic}
   size_t G1HeapRegionSize                         = 1048576                                   {product} {ergonomic}
    uintx GCDrainStackTargetSize                   = 64                                        {product} {ergonomic}
   size_t InitialHeapSize                          = 67108864                                  {product} {ergonomic}
   size_t MarkStackSize                            = 4194304                                   {product} {ergonomic}
   size_t MaxHeapSize                              = 1042284544                                {product} {ergonomic}
   size_t MaxNewSize                               = 624951296                                 {product} {ergonomic}
   size_t MinHeapDeltaBytes                        = 1048576                                   {product} {ergonomic}
   size_t MinHeapSize                              = 8388608                                   {product} {ergonomic}
    uintx NonNMethodCodeHeapSize                   = 5839372                                {pd product} {ergonomic}
    uintx NonProfiledCodeHeapSize                  = 122909434                              {pd product} {ergonomic}
    uintx ProfiledCodeHeapSize                     = 122909434                              {pd product} {ergonomic}
    uintx ReservedCodeCacheSize                    = 251658240                              {pd product} {ergonomic}
     bool SegmentedCodeCache                       = true                                      {product} {ergonomic}
   size_t SoftMaxHeapSize                          = 1042284544                             {manageable} {ergonomic}
     bool UseCompressedOops                        = true                           {product lp64_product} {ergonomic}
     bool UseG1GC                                  = true                                      {product} {ergonomic}
     bool UseLargePagesIndividualAllocation        = false                                  {pd product} {ergonomic}

Logging:
Log output configuration:
 #0: stdout all=warning uptime,level,tags foldmultilines=false
 #1: stderr all=off uptime,level,tags foldmultilines=false

Environment Variables:
JAVA_HOME=D:\Android\Android Studio\jbr
CLASSPATH=D:\IT Projects\budolEcosystem\budolPayMobile\android\\gradle\wrapper\gradle-wrapper.jar
PATH=D:\Android\Android Studio\jbr\bin;c:\\Users\\Administrator\\.trae\\sdks\\workspaces\\8b594975\\versions\\node\\current;c:\\Users\\Administrator\\.trae\\sdks\\versions\\node\\current;D:\flutter\bin\;c:\Users\Administrator\.trae\sdks\workspaces\8b594975\versions\node\current;c:\Users\Administrator\.trae\sdks\versions\node\current;C:\Python312\Scripts\;C:\Python312\;C:\WINDOWS\system32;C:\WINDOWS;C:\WINDOWS\System32\Wbem;C:\WINDOWS\System32\WindowsPowerShell\v1.0\;C:\WINDOWS\System32\OpenSSH\;C:\ProgramData\chocolatey\bin;C:\Program Files\Docker\Docker\resources\bin;C:\Program Files\Git\cmd;C:\Program Files\Sniffnet\;C:\wamp64\bin\php\php8.2.13;C:\Program Files\Cloudflare\Cloudflare WARP\;C:\Program Files\cursor\resources\app\bin;C:\Program Files\nodejs\;d:\Trae\bin;C:\Users\Administrator\AppData\Local\Microsoft\WindowsApps;C:\Users\Administrator\AppData\Local\Programs\Microsoft VS Code\bin;C:\Users\Administrator\AppData\Local\ComposerSetup\bin;C:\Users\Administrator\AppData\Roaming\Composer\vendor\bin;C:\Users\Administrator\AppData\Local\Programs\Antigravity\bin;C:\Users\Administrator\AppData\Roaming\npm;D:\flutter\bin
USERNAME=Administrator
LANG=en_US.UTF-8
OS=Windows_NT
PROCESSOR_IDENTIFIER=Intel64 Family 6 Model 158 Stepping 13, GenuineIntel
TMP=C:\Users\ADMINI~1\AppData\Local\Temp
TEMP=C:\Users\ADMINI~1\AppData\Local\Temp




Periodic native trim disabled

JNI global refs:
JNI global refs: 11, weak refs: 8

JNI global refs memory usage: 835, weak refs: 833

Process memory usage:
Resident Set Size: 202704K (4% of 4063352K total physical memory with 150740K free physical memory)

OOME stack traces (most recent first):
Classloader memory used:
Loader jdk.internal.loader.ClassLoaders$AppClassLoader                                 : 70138K
Loader bootstrap                                                                       : 11783K

---------------  S Y S T E M  ---------------

OS:
 Windows 10 , 64 bit Build 19041 (10.0.19041.4842)
OS uptime: 0 days 1:17 hours

CPU: total 8 (initial active 8) (8 cores per cpu, 1 threads per core) family 6 model 158 stepping 13 microcode 0xb8, cx8, cmov, fxsr, mmx, 3dnowpref, sse, sse2, sse3, ssse3, sse4.1, sse4.2, popcnt, lzcnt, tsc, tscinvbit, avx, avx2, aes, erms, clmul, bmi1, bmi2, rtm, adx, fma, vzeroupper, clflush, clflushopt, rdtscp, f16c
Processor Information for the first 8 processors :
  Max Mhz: 3000, Current Mhz: 3000, Mhz Limit: 3000

Memory: 4k page, system-wide physical 3968M (165M free)
TotalPageFile size 16256M (AvailPageFile size 8M)
current process WorkingSet (physical memory assigned to process): 198M, peak: 242M
current process commit charge ("private bytes"): 361M, peak: 362M

vm_info: OpenJDK 64-Bit Server VM (21.0.8+-14196175-b1038.72) for windows-amd64 JRE (21.0.8+-14196175-b1038.72), built on 2025-10-01T10:24:33Z by "builder" with MS VC++ 16.10 / 16.11 (VS2019)

END.
