#
# There is insufficient memory for the Java Runtime Environment to continue.
# Native memory allocation (malloc) failed to allocate 755296 bytes. Error detail: Chunk::new
# Possible reasons:
#   The system is out of physical RAM or swap space
#   This process is running with CompressedOops enabled, and the Java Heap may be blocking the growth of the native heap
# Possible solutions:
#   Reduce memory load on the system
#   Increase physical memory or swap space
#   Check if swap backing store is full
#   Decrease Java heap size (-Xmx/-Xms)
#   Decrease number of Java threads
#   Decrease Java thread stack sizes (-Xss)
#   Set larger code cache with -XX:ReservedCodeCacheSize=
#   JVM is running with Unscaled Compressed Oops mode in which the Java heap is
#     placed in the first 4GB address space. The Java Heap base address is the
#     maximum limit for the native heap growth. Please use -XX:HeapBaseMinAddress
#     to set the Java Heap base and to place the Java Heap above 4GB virtual address.
# This output file may be truncated or incomplete.
#
#  Out of Memory Error (arena.cpp:168), pid=30888, tid=20040
#
# JRE version: OpenJDK Runtime Environment (21.0.8) (build 21.0.8+-14196175-b1038.72)
# Java VM: OpenJDK 64-Bit Server VM (21.0.8+-14196175-b1038.72, mixed mode, tiered, compressed oops, compressed class ptrs, g1 gc, windows-amd64)
# No core dump will be written. Minidumps are not enabled by default on client versions of Windows
#

---------------  S U M M A R Y ------------

Command Line: org.jetbrains.kotlin.cli.jvm.K2JVMCompiler @D:\IT Projects\budolEcosystem\budolPayMobile\build\mobile_scanner\20260102_5255488533473648994.compiler.options

Host: Intel(R) Core(TM) i7-9700 CPU @ 3.00GHz, 8 cores, 3G,  Windows 10 , 64 bit Build 19041 (10.0.19041.4842)
Time: Fri Jan  2 16:30:32 2026 Malay Peninsula Standard Time elapsed time: 15.152678 seconds (0d 0h 0m 15s)

---------------  T H R E A D  ---------------

Current thread (0x000001c3752ae4d0):  JavaThread "C2 CompilerThread0" daemon [_thread_in_native, id=20040, stack(0x0000005610000000,0x0000005610100000) (1024K)]


Current CompileTask:
C2:15158 13292       4       org.jetbrains.org.objectweb.asm.ClassReader::accept (1401 bytes)

Stack: [0x0000005610000000,0x0000005610100000]
Native frames: (J=compiled Java code, j=interpreted, Vv=VM code, C=native code)
V  [jvm.dll+0x6d68d9]
V  [jvm.dll+0x866693]
V  [jvm.dll+0x868c4e]
V  [jvm.dll+0x869333]
V  [jvm.dll+0x280566]
V  [jvm.dll+0xc07cd]
V  [jvm.dll+0xc0d03]
V  [jvm.dll+0x2f5970]
V  [jvm.dll+0x5ff719]
V  [jvm.dll+0x252362]
V  [jvm.dll+0x24ac0a]
V  [jvm.dll+0x24871e]
V  [jvm.dll+0x1c73a4]
V  [jvm.dll+0x257f9e]
V  [jvm.dll+0x2564e6]
V  [jvm.dll+0x3f4696]
V  [jvm.dll+0x80eac8]
V  [jvm.dll+0x6d512d]
C  [ucrtbase.dll+0x21bb2]
C  [KERNEL32.DLL+0x17374]
C  [ntdll.dll+0x4cc91]


---------------  P R O C E S S  ---------------

Threads class SMR info:
_java_thread_list=0x000001c375573dd0, length=11, elements={
0x000001c35cdf45d0, 0x000001c37529fe00, 0x000001c3752a9530, 0x000001c3752a9ba0,
0x000001c3752aaae0, 0x000001c3752ab540, 0x000001c3752abfa0, 0x000001c3752aca00,
0x000001c3752ae4d0, 0x000001c37540c940, 0x000001c375599cc0
}

Java Threads: ( => current thread )
  0x000001c35cdf45d0 JavaThread "main"                              [_thread_in_vm, id=8208, stack(0x000000560f100000,0x000000560f200000) (1024K)]
  0x000001c37529fe00 JavaThread "Common-Cleaner"             daemon [_thread_blocked, id=22320, stack(0x000000560f900000,0x000000560fa00000) (1024K)]
  0x000001c3752a9530 JavaThread "Reference Handler"          daemon [_thread_blocked, id=28908, stack(0x000000560fa00000,0x000000560fb00000) (1024K)]
  0x000001c3752a9ba0 JavaThread "Finalizer"                  daemon [_thread_blocked, id=28684, stack(0x000000560fb00000,0x000000560fc00000) (1024K)]
  0x000001c3752aaae0 JavaThread "Signal Dispatcher"          daemon [_thread_blocked, id=16804, stack(0x000000560fc00000,0x000000560fd00000) (1024K)]
  0x000001c3752ab540 JavaThread "Attach Listener"            daemon [_thread_blocked, id=28268, stack(0x000000560fd00000,0x000000560fe00000) (1024K)]
  0x000001c3752abfa0 JavaThread "Service Thread"             daemon [_thread_blocked, id=15592, stack(0x000000560fe00000,0x000000560ff00000) (1024K)]
  0x000001c3752aca00 JavaThread "Monitor Deflation Thread"   daemon [_thread_blocked, id=22580, stack(0x000000560ff00000,0x0000005610000000) (1024K)]
=>0x000001c3752ae4d0 JavaThread "C2 CompilerThread0"         daemon [_thread_in_native, id=20040, stack(0x0000005610000000,0x0000005610100000) (1024K)]
  0x000001c37540c940 JavaThread "C1 CompilerThread0"         daemon [_thread_in_native, id=12488, stack(0x0000005610100000,0x0000005610200000) (1024K)]
  0x000001c375599cc0 JavaThread "Notification Thread"        daemon [_thread_blocked, id=28808, stack(0x0000005610200000,0x0000005610300000) (1024K)]
Total: 11

Other Threads:
  0x000001c375209920 VMThread "VM Thread"                           [id=24728, stack(0x000000560f800000,0x000000560f900000) (1024K)]
  0x000001c3751caa00 WatcherThread "VM Periodic Task Thread"        [id=21544, stack(0x000000560f700000,0x000000560f800000) (1024K)]
  0x000001c35f038f70 WorkerThread "GC Thread#0"                     [id=29184, stack(0x000000560f200000,0x000000560f300000) (1024K)]
  0x000001c375c65750 WorkerThread "GC Thread#1"                     [id=160, stack(0x0000005610300000,0x0000005610400000) (1024K)]
  0x000001c375bfdbe0 WorkerThread "GC Thread#2"                     [id=15576, stack(0x0000005610400000,0x0000005610500000) (1024K)]
  0x000001c375ca4300 WorkerThread "GC Thread#3"                     [id=23620, stack(0x0000005610500000,0x0000005610600000) (1024K)]
  0x000001c375ca46a0 WorkerThread "GC Thread#4"                     [id=13268, stack(0x0000005610600000,0x0000005610700000) (1024K)]
  0x000001c375ca5460 WorkerThread "GC Thread#5"                     [id=15416, stack(0x0000005610700000,0x0000005610800000) (1024K)]
  0x000001c375d8fe20 WorkerThread "GC Thread#6"                     [id=21464, stack(0x0000005610800000,0x0000005610900000) (1024K)]
  0x000001c375d8ec00 WorkerThread "GC Thread#7"                     [id=15344, stack(0x0000005610900000,0x0000005610a00000) (1024K)]
  0x000001c35f041aa0 ConcurrentGCThread "G1 Main Marker"            [id=8560, stack(0x000000560f300000,0x000000560f400000) (1024K)]
  0x000001c35f0424b0 WorkerThread "G1 Conc#0"                       [id=30504, stack(0x000000560f400000,0x000000560f500000) (1024K)]
  0x000001c37a193410 WorkerThread "G1 Conc#1"                       [id=27024, stack(0x0000005610a00000,0x0000005610b00000) (1024K)]
  0x000001c35f0b4550 ConcurrentGCThread "G1 Refine#0"               [id=28996, stack(0x000000560f500000,0x000000560f600000) (1024K)]
  0x000001c35f0b4fd0 ConcurrentGCThread "G1 Service"                [id=29888, stack(0x000000560f600000,0x000000560f700000) (1024K)]
Total: 15

Threads with active compile tasks:
C2 CompilerThread0  15281 13292       4       org.jetbrains.org.objectweb.asm.ClassReader::accept (1401 bytes)
C1 CompilerThread0  15281 13456       3       org.jetbrains.org.objectweb.asm.Frame::pop (53 bytes)
Total: 2

VM state: not at safepoint (normal execution)

VM Mutex/Monitor currently owned by a thread: None

Heap address: 0x00000000c1e00000, size: 994 MB, Compressed Oops mode: 32-bit

CDS archive(s) not mapped
Compressed class space mapped at: 0x0000000100000000-0x0000000140000000, reserved size: 1073741824
Narrow klass base: 0x0000000000000000, Narrow klass shift: 3, Narrow klass range: 0x140000000

GC Precious Log:
 CardTable entry size: 512
 Card Set container configuration: InlinePtr #cards 5 size 8 Array Of Cards #cards 12 size 40 Howl #buckets 4 coarsen threshold 1843 Howl Bitmap #cards 512 size 80 coarsen threshold 460 Card regions per heap region 1 cards per card region 2048
 CPUs: 8 total, 8 available
 Memory: 3968M
 Large Page Support: Disabled
 NUMA Support: Disabled
 Compressed Oops: Enabled (32-bit)
 Heap Region Size: 1M
 Heap Min Capacity: 8M
 Heap Initial Capacity: 64M
 Heap Max Capacity: 994M
 Pre-touch: Disabled
 Parallel Workers: 8
 Concurrent Workers: 2
 Concurrent Refinement Workers: 8
 Periodic GC: Disabled

Heap:
 garbage-first heap   total 117760K, used 100727K [0x00000000c1e00000, 0x0000000100000000)
  region size 1024K, 34 young (34816K), 3 survivors (3072K)
 Metaspace       used 93481K, committed 93888K, reserved 1179648K
  class space    used 10268K, committed 10432K, reserved 1048576K

Heap Regions: E=young(eden), S=young(survivor), O=old, HS=humongous(starts), HC=humongous(continues), CS=collection set, F=free, TAMS=top-at-mark-start, PB=parsable bottom
|   0|0x00000000c1e00000, 0x00000000c1f00000, 0x00000000c1f00000|100%|HS|  |TAMS 0x00000000c1e00000| PB 0x00000000c1e00000| Complete 
|   1|0x00000000c1f00000, 0x00000000c2000000, 0x00000000c2000000|100%|HC|  |TAMS 0x00000000c1f00000| PB 0x00000000c1f00000| Complete 
|   2|0x00000000c2000000, 0x00000000c2100000, 0x00000000c2100000|100%|HC|  |TAMS 0x00000000c2000000| PB 0x00000000c2000000| Complete 
|   3|0x00000000c2100000, 0x00000000c2200000, 0x00000000c2200000|100%|HC|  |TAMS 0x00000000c2100000| PB 0x00000000c2100000| Complete 
|   4|0x00000000c2200000, 0x00000000c2300000, 0x00000000c2300000|100%| O|  |TAMS 0x00000000c2200000| PB 0x00000000c2200000| Untracked 
|   5|0x00000000c2300000, 0x00000000c2400000, 0x00000000c2400000|100%| O|  |TAMS 0x00000000c2300000| PB 0x00000000c2300000| Untracked 
|   6|0x00000000c2400000, 0x00000000c2500000, 0x00000000c2500000|100%| O|  |TAMS 0x00000000c2400000| PB 0x00000000c2400000| Untracked 
|   7|0x00000000c2500000, 0x00000000c2600000, 0x00000000c2600000|100%| O|  |TAMS 0x00000000c2500000| PB 0x00000000c2500000| Untracked 
|   8|0x00000000c2600000, 0x00000000c2700000, 0x00000000c2700000|100%| O|  |TAMS 0x00000000c2600000| PB 0x00000000c2600000| Untracked 
|   9|0x00000000c2700000, 0x00000000c2800000, 0x00000000c2800000|100%| O|  |TAMS 0x00000000c2700000| PB 0x00000000c2700000| Untracked 
|  10|0x00000000c2800000, 0x00000000c2900000, 0x00000000c2900000|100%| O|  |TAMS 0x00000000c2800000| PB 0x00000000c2800000| Untracked 
|  11|0x00000000c2900000, 0x00000000c2a00000, 0x00000000c2a00000|100%| O|  |TAMS 0x00000000c2900000| PB 0x00000000c2900000| Untracked 
|  12|0x00000000c2a00000, 0x00000000c2b00000, 0x00000000c2b00000|100%| O|  |TAMS 0x00000000c2a00000| PB 0x00000000c2a00000| Untracked 
|  13|0x00000000c2b00000, 0x00000000c2c00000, 0x00000000c2c00000|100%| O|  |TAMS 0x00000000c2b00000| PB 0x00000000c2b00000| Untracked 
|  14|0x00000000c2c00000, 0x00000000c2d00000, 0x00000000c2d00000|100%| O|  |TAMS 0x00000000c2c00000| PB 0x00000000c2c00000| Untracked 
|  15|0x00000000c2d00000, 0x00000000c2e00000, 0x00000000c2e00000|100%| O|  |TAMS 0x00000000c2d00000| PB 0x00000000c2d00000| Untracked 
|  16|0x00000000c2e00000, 0x00000000c2f00000, 0x00000000c2f00000|100%| O|  |TAMS 0x00000000c2e00000| PB 0x00000000c2e00000| Untracked 
|  17|0x00000000c2f00000, 0x00000000c3000000, 0x00000000c3000000|100%| O|  |TAMS 0x00000000c2f00000| PB 0x00000000c2f00000| Untracked 
|  18|0x00000000c3000000, 0x00000000c3100000, 0x00000000c3100000|100%| O|  |TAMS 0x00000000c3000000| PB 0x00000000c3000000| Untracked 
|  19|0x00000000c3100000, 0x00000000c3200000, 0x00000000c3200000|100%| O|  |TAMS 0x00000000c3100000| PB 0x00000000c3100000| Untracked 
|  20|0x00000000c3200000, 0x00000000c3300000, 0x00000000c3300000|100%| O|  |TAMS 0x00000000c3200000| PB 0x00000000c3200000| Untracked 
|  21|0x00000000c3300000, 0x00000000c3400000, 0x00000000c3400000|100%| O|  |TAMS 0x00000000c3300000| PB 0x00000000c3300000| Untracked 
|  22|0x00000000c3400000, 0x00000000c3500000, 0x00000000c3500000|100%|HS|  |TAMS 0x00000000c3400000| PB 0x00000000c3400000| Complete 
|  23|0x00000000c3500000, 0x00000000c3600000, 0x00000000c3600000|100%| O|  |TAMS 0x00000000c3500000| PB 0x00000000c3500000| Untracked 
|  24|0x00000000c3600000, 0x00000000c3700000, 0x00000000c3700000|100%| O|  |TAMS 0x00000000c3600000| PB 0x00000000c3600000| Untracked 
|  25|0x00000000c3700000, 0x00000000c3800000, 0x00000000c3800000|100%| O|  |TAMS 0x00000000c3700000| PB 0x00000000c3700000| Untracked 
|  26|0x00000000c3800000, 0x00000000c3900000, 0x00000000c3900000|100%| O|  |TAMS 0x00000000c3800000| PB 0x00000000c3800000| Untracked 
|  27|0x00000000c3900000, 0x00000000c3a00000, 0x00000000c3a00000|100%| O|  |TAMS 0x00000000c3900000| PB 0x00000000c3900000| Untracked 
|  28|0x00000000c3a00000, 0x00000000c3b00000, 0x00000000c3b00000|100%| O|  |TAMS 0x00000000c3a00000| PB 0x00000000c3a00000| Untracked 
|  29|0x00000000c3b00000, 0x00000000c3c00000, 0x00000000c3c00000|100%| O|  |TAMS 0x00000000c3b00000| PB 0x00000000c3b00000| Untracked 
|  30|0x00000000c3c00000, 0x00000000c3d00000, 0x00000000c3d00000|100%| O|  |TAMS 0x00000000c3c00000| PB 0x00000000c3c00000| Untracked 
|  31|0x00000000c3d00000, 0x00000000c3e00000, 0x00000000c3e00000|100%| O|  |TAMS 0x00000000c3d00000| PB 0x00000000c3d00000| Untracked 
|  32|0x00000000c3e00000, 0x00000000c3f00000, 0x00000000c3f00000|100%| O|  |TAMS 0x00000000c3e00000| PB 0x00000000c3e00000| Untracked 
|  33|0x00000000c3f00000, 0x00000000c4000000, 0x00000000c4000000|100%| O|  |TAMS 0x00000000c3f00000| PB 0x00000000c3f00000| Untracked 
|  34|0x00000000c4000000, 0x00000000c4100000, 0x00000000c4100000|100%| O|  |TAMS 0x00000000c4000000| PB 0x00000000c4000000| Untracked 
|  35|0x00000000c4100000, 0x00000000c4200000, 0x00000000c4200000|100%| O|  |TAMS 0x00000000c4100000| PB 0x00000000c4100000| Untracked 
|  36|0x00000000c4200000, 0x00000000c4300000, 0x00000000c4300000|100%| O|  |TAMS 0x00000000c4200000| PB 0x00000000c4200000| Untracked 
|  37|0x00000000c4300000, 0x00000000c4400000, 0x00000000c4400000|100%| O|  |TAMS 0x00000000c4300000| PB 0x00000000c4300000| Untracked 
|  38|0x00000000c4400000, 0x00000000c4500000, 0x00000000c4500000|100%| O|  |TAMS 0x00000000c4400000| PB 0x00000000c4400000| Untracked 
|  39|0x00000000c4500000, 0x00000000c4600000, 0x00000000c4600000|100%| O|  |TAMS 0x00000000c4500000| PB 0x00000000c4500000| Untracked 
|  40|0x00000000c4600000, 0x00000000c4700000, 0x00000000c4700000|100%| O|  |TAMS 0x00000000c4600000| PB 0x00000000c4600000| Untracked 
|  41|0x00000000c4700000, 0x00000000c4800000, 0x00000000c4800000|100%| O|  |TAMS 0x00000000c4700000| PB 0x00000000c4700000| Untracked 
|  42|0x00000000c4800000, 0x00000000c4900000, 0x00000000c4900000|100%| O|  |TAMS 0x00000000c4800000| PB 0x00000000c4800000| Untracked 
|  43|0x00000000c4900000, 0x00000000c4a00000, 0x00000000c4a00000|100%| O|  |TAMS 0x00000000c4900000| PB 0x00000000c4900000| Untracked 
|  44|0x00000000c4a00000, 0x00000000c4b00000, 0x00000000c4b00000|100%| O|Cm|TAMS 0x00000000c4a00000| PB 0x00000000c4a00000| Complete 
|  45|0x00000000c4b00000, 0x00000000c4c00000, 0x00000000c4c00000|100%| O|  |TAMS 0x00000000c4b00000| PB 0x00000000c4b00000| Untracked 
|  46|0x00000000c4c00000, 0x00000000c4d00000, 0x00000000c4d00000|100%| O|  |TAMS 0x00000000c4c00000| PB 0x00000000c4c00000| Untracked 
|  47|0x00000000c4d00000, 0x00000000c4e00000, 0x00000000c4e00000|100%| O|  |TAMS 0x00000000c4d00000| PB 0x00000000c4d00000| Untracked 
|  48|0x00000000c4e00000, 0x00000000c4f00000, 0x00000000c4f00000|100%| O|Cm|TAMS 0x00000000c4e00000| PB 0x00000000c4e00000| Complete 
|  49|0x00000000c4f00000, 0x00000000c5000000, 0x00000000c5000000|100%| O|  |TAMS 0x00000000c4f00000| PB 0x00000000c4f00000| Untracked 
|  50|0x00000000c5000000, 0x00000000c5100000, 0x00000000c5100000|100%| O|  |TAMS 0x00000000c5000000| PB 0x00000000c5000000| Untracked 
|  51|0x00000000c5100000, 0x00000000c5200000, 0x00000000c5200000|100%| O|  |TAMS 0x00000000c5100000| PB 0x00000000c5100000| Untracked 
|  52|0x00000000c5200000, 0x00000000c5300000, 0x00000000c5300000|100%| O|  |TAMS 0x00000000c5200000| PB 0x00000000c5200000| Untracked 
|  53|0x00000000c5300000, 0x00000000c5400000, 0x00000000c5400000|100%| O|  |TAMS 0x00000000c5300000| PB 0x00000000c5300000| Untracked 
|  54|0x00000000c5400000, 0x00000000c5500000, 0x00000000c5500000|100%| O|  |TAMS 0x00000000c5400000| PB 0x00000000c5400000| Untracked 
|  55|0x00000000c5500000, 0x00000000c5600000, 0x00000000c5600000|100%| O|  |TAMS 0x00000000c5500000| PB 0x00000000c5500000| Untracked 
|  56|0x00000000c5600000, 0x00000000c5700000, 0x00000000c5700000|100%| O|  |TAMS 0x00000000c5600000| PB 0x00000000c5600000| Untracked 
|  57|0x00000000c5700000, 0x00000000c5800000, 0x00000000c5800000|100%| O|  |TAMS 0x00000000c5700000| PB 0x00000000c5700000| Untracked 
|  58|0x00000000c5800000, 0x00000000c5900000, 0x00000000c5900000|100%| O|  |TAMS 0x00000000c5800000| PB 0x00000000c5800000| Untracked 
|  59|0x00000000c5900000, 0x00000000c595df68, 0x00000000c5a00000| 36%| O|  |TAMS 0x00000000c5900000| PB 0x00000000c5900000| Untracked 
|  60|0x00000000c5a00000, 0x00000000c5b00000, 0x00000000c5b00000|100%|HS|  |TAMS 0x00000000c5a00000| PB 0x00000000c5a00000| Complete 
|  61|0x00000000c5b00000, 0x00000000c5b00000, 0x00000000c5c00000|  0%| F|  |TAMS 0x00000000c5b00000| PB 0x00000000c5b00000| Untracked 
|  62|0x00000000c5c00000, 0x00000000c5c00000, 0x00000000c5d00000|  0%| F|  |TAMS 0x00000000c5c00000| PB 0x00000000c5c00000| Untracked 
|  63|0x00000000c5d00000, 0x00000000c5d00000, 0x00000000c5e00000|  0%| F|  |TAMS 0x00000000c5d00000| PB 0x00000000c5d00000| Untracked 
|  64|0x00000000c5e00000, 0x00000000c5e00000, 0x00000000c5f00000|  0%| F|  |TAMS 0x00000000c5e00000| PB 0x00000000c5e00000| Untracked 
|  65|0x00000000c5f00000, 0x00000000c5f00000, 0x00000000c6000000|  0%| F|  |TAMS 0x00000000c5f00000| PB 0x00000000c5f00000| Untracked 
|  66|0x00000000c6000000, 0x00000000c6000000, 0x00000000c6100000|  0%| F|  |TAMS 0x00000000c6000000| PB 0x00000000c6000000| Untracked 
|  67|0x00000000c6100000, 0x00000000c6100000, 0x00000000c6200000|  0%| F|  |TAMS 0x00000000c6100000| PB 0x00000000c6100000| Untracked 
|  68|0x00000000c6200000, 0x00000000c6200000, 0x00000000c6300000|  0%| F|  |TAMS 0x00000000c6200000| PB 0x00000000c6200000| Untracked 
|  69|0x00000000c6300000, 0x00000000c6300000, 0x00000000c6400000|  0%| F|  |TAMS 0x00000000c6300000| PB 0x00000000c6300000| Untracked 
|  70|0x00000000c6400000, 0x00000000c6500000, 0x00000000c6500000|100%| S|CS|TAMS 0x00000000c6400000| PB 0x00000000c6400000| Complete 
|  71|0x00000000c6500000, 0x00000000c6600000, 0x00000000c6600000|100%| S|CS|TAMS 0x00000000c6500000| PB 0x00000000c6500000| Complete 
|  72|0x00000000c6600000, 0x00000000c6600000, 0x00000000c6700000|  0%| F|  |TAMS 0x00000000c6600000| PB 0x00000000c6600000| Untracked 
|  73|0x00000000c6700000, 0x00000000c6800000, 0x00000000c6800000|100%| S|CS|TAMS 0x00000000c6700000| PB 0x00000000c6700000| Complete 
|  74|0x00000000c6800000, 0x00000000c6800000, 0x00000000c6900000|  0%| F|  |TAMS 0x00000000c6800000| PB 0x00000000c6800000| Untracked 
|  75|0x00000000c6900000, 0x00000000c6900000, 0x00000000c6a00000|  0%| F|  |TAMS 0x00000000c6900000| PB 0x00000000c6900000| Untracked 
|  76|0x00000000c6a00000, 0x00000000c6a00000, 0x00000000c6b00000|  0%| F|  |TAMS 0x00000000c6a00000| PB 0x00000000c6a00000| Untracked 
|  77|0x00000000c6b00000, 0x00000000c6b00000, 0x00000000c6c00000|  0%| F|  |TAMS 0x00000000c6b00000| PB 0x00000000c6b00000| Untracked 
|  78|0x00000000c6c00000, 0x00000000c6c00000, 0x00000000c6d00000|  0%| F|  |TAMS 0x00000000c6c00000| PB 0x00000000c6c00000| Untracked 
|  79|0x00000000c6d00000, 0x00000000c6e00000, 0x00000000c6e00000|100%| E|  |TAMS 0x00000000c6d00000| PB 0x00000000c6d00000| Complete 
|  80|0x00000000c6e00000, 0x00000000c6f00000, 0x00000000c6f00000|100%| E|CS|TAMS 0x00000000c6e00000| PB 0x00000000c6e00000| Complete 
|  81|0x00000000c6f00000, 0x00000000c7000000, 0x00000000c7000000|100%| E|CS|TAMS 0x00000000c6f00000| PB 0x00000000c6f00000| Complete 
|  82|0x00000000c7000000, 0x00000000c7100000, 0x00000000c7100000|100%| E|CS|TAMS 0x00000000c7000000| PB 0x00000000c7000000| Complete 
|  83|0x00000000c7100000, 0x00000000c7200000, 0x00000000c7200000|100%| E|CS|TAMS 0x00000000c7100000| PB 0x00000000c7100000| Complete 
|  84|0x00000000c7200000, 0x00000000c7300000, 0x00000000c7300000|100%| E|CS|TAMS 0x00000000c7200000| PB 0x00000000c7200000| Complete 
|  85|0x00000000c7300000, 0x00000000c7400000, 0x00000000c7400000|100%| E|CS|TAMS 0x00000000c7300000| PB 0x00000000c7300000| Complete 
|  86|0x00000000c7400000, 0x00000000c7500000, 0x00000000c7500000|100%| E|CS|TAMS 0x00000000c7400000| PB 0x00000000c7400000| Complete 
|  87|0x00000000c7500000, 0x00000000c7600000, 0x00000000c7600000|100%| E|CS|TAMS 0x00000000c7500000| PB 0x00000000c7500000| Complete 
|  88|0x00000000c7600000, 0x00000000c7700000, 0x00000000c7700000|100%| E|CS|TAMS 0x00000000c7600000| PB 0x00000000c7600000| Complete 
|  89|0x00000000c7700000, 0x00000000c7800000, 0x00000000c7800000|100%| E|CS|TAMS 0x00000000c7700000| PB 0x00000000c7700000| Complete 
|  90|0x00000000c7800000, 0x00000000c7900000, 0x00000000c7900000|100%| E|CS|TAMS 0x00000000c7800000| PB 0x00000000c7800000| Complete 
|  91|0x00000000c7900000, 0x00000000c7a00000, 0x00000000c7a00000|100%| E|CS|TAMS 0x00000000c7900000| PB 0x00000000c7900000| Complete 
|  92|0x00000000c7a00000, 0x00000000c7b00000, 0x00000000c7b00000|100%| E|CS|TAMS 0x00000000c7a00000| PB 0x00000000c7a00000| Complete 
|  93|0x00000000c7b00000, 0x00000000c7c00000, 0x00000000c7c00000|100%| E|CS|TAMS 0x00000000c7b00000| PB 0x00000000c7b00000| Complete 
|  94|0x00000000c7c00000, 0x00000000c7d00000, 0x00000000c7d00000|100%| E|CS|TAMS 0x00000000c7c00000| PB 0x00000000c7c00000| Complete 
|  95|0x00000000c7d00000, 0x00000000c7e00000, 0x00000000c7e00000|100%| E|CS|TAMS 0x00000000c7d00000| PB 0x00000000c7d00000| Complete 
|  96|0x00000000c7e00000, 0x00000000c7f00000, 0x00000000c7f00000|100%| E|CS|TAMS 0x00000000c7e00000| PB 0x00000000c7e00000| Complete 
|  97|0x00000000c7f00000, 0x00000000c8000000, 0x00000000c8000000|100%| E|CS|TAMS 0x00000000c7f00000| PB 0x00000000c7f00000| Complete 
|  98|0x00000000c8000000, 0x00000000c8100000, 0x00000000c8100000|100%| E|CS|TAMS 0x00000000c8000000| PB 0x00000000c8000000| Complete 
|  99|0x00000000c8100000, 0x00000000c8200000, 0x00000000c8200000|100%| E|CS|TAMS 0x00000000c8100000| PB 0x00000000c8100000| Complete 
| 100|0x00000000c8200000, 0x00000000c8300000, 0x00000000c8300000|100%| E|CS|TAMS 0x00000000c8200000| PB 0x00000000c8200000| Complete 
| 101|0x00000000c8300000, 0x00000000c8400000, 0x00000000c8400000|100%| E|CS|TAMS 0x00000000c8300000| PB 0x00000000c8300000| Complete 
| 102|0x00000000c8400000, 0x00000000c8500000, 0x00000000c8500000|100%| E|CS|TAMS 0x00000000c8400000| PB 0x00000000c8400000| Complete 
| 103|0x00000000c8500000, 0x00000000c8600000, 0x00000000c8600000|100%| E|CS|TAMS 0x00000000c8500000| PB 0x00000000c8500000| Complete 
| 104|0x00000000c8600000, 0x00000000c8700000, 0x00000000c8700000|100%| E|CS|TAMS 0x00000000c8600000| PB 0x00000000c8600000| Complete 
| 105|0x00000000c8700000, 0x00000000c8800000, 0x00000000c8800000|100%| E|CS|TAMS 0x00000000c8700000| PB 0x00000000c8700000| Complete 
| 106|0x00000000c8800000, 0x00000000c8900000, 0x00000000c8900000|100%| E|CS|TAMS 0x00000000c8800000| PB 0x00000000c8800000| Complete 
| 107|0x00000000c8900000, 0x00000000c8a00000, 0x00000000c8a00000|100%| E|CS|TAMS 0x00000000c8900000| PB 0x00000000c8900000| Complete 
| 108|0x00000000c8a00000, 0x00000000c8b00000, 0x00000000c8b00000|100%| E|CS|TAMS 0x00000000c8a00000| PB 0x00000000c8a00000| Complete 
| 988|0x00000000ffa00000, 0x00000000ffb00000, 0x00000000ffb00000|100%| O|  |TAMS 0x00000000ffa00000| PB 0x00000000ffa00000| Untracked 
| 989|0x00000000ffb00000, 0x00000000ffc00000, 0x00000000ffc00000|100%| O|  |TAMS 0x00000000ffb00000| PB 0x00000000ffb00000| Untracked 
| 990|0x00000000ffc00000, 0x00000000ffd00000, 0x00000000ffd00000|100%| E|CS|TAMS 0x00000000ffc00000| PB 0x00000000ffc00000| Complete 
| 991|0x00000000ffd00000, 0x00000000ffe00000, 0x00000000ffe00000|100%| O|  |TAMS 0x00000000ffd00000| PB 0x00000000ffd00000| Untracked 
| 992|0x00000000ffe00000, 0x00000000fff00000, 0x00000000fff00000|100%| O|  |TAMS 0x00000000ffe00000| PB 0x00000000ffe00000| Untracked 
| 993|0x00000000fff00000, 0x0000000100000000, 0x0000000100000000|100%| O|  |TAMS 0x00000000fff00000| PB 0x00000000fff00000| Untracked 

Card table byte_map: [0x000001c371690000,0x000001c371890000] _byte_map_base: 0x000001c371081000

Marking Bits: (CMBitMap*) 0x000001c35f039580
 Bits: [0x000001c371890000, 0x000001c372818000)

Polling page: 0x000001c35cd90000

Metaspace:

Usage:
  Non-class:     81.27 MB used.
      Class:     10.03 MB used.
       Both:     91.30 MB used.

Virtual space:
  Non-class space:      128.00 MB reserved,      81.50 MB ( 64%) committed,  2 nodes.
      Class space:        1.00 GB reserved,      10.19 MB ( <1%) committed,  1 nodes.
             Both:        1.12 GB reserved,      91.69 MB (  8%) committed. 

Chunk freelists:
   Non-Class:  14.23 MB
       Class:  5.64 MB
        Both:  19.88 MB

MaxMetaspaceSize: unlimited
CompressedClassSpaceSize: 1.00 GB
Initial GC threshold: 21.00 MB
Current GC threshold: 148.56 MB
CDS: off
 - commit_granule_bytes: 65536.
 - commit_granule_words: 8192.
 - virtual_space_node_default_size: 8388608.
 - enlarge_chunks_in_place: 1.
 - use_allocation_guard: 0.


Internal statistics:

num_allocs_failed_limit: 6.
num_arena_births: 398.
num_arena_deaths: 0.
num_vsnodes_births: 3.
num_vsnodes_deaths: 0.
num_space_committed: 1467.
num_space_uncommitted: 0.
num_chunks_returned_to_freelist: 6.
num_chunks_taken_from_freelist: 3297.
num_chunk_merges: 6.
num_chunk_splits: 2802.
num_chunks_enlarged: 2588.
num_inconsistent_stats: 0.

CodeHeap 'non-profiled nmethods': size=120000Kb used=5466Kb max_used=5466Kb free=114533Kb
 bounds [0x000001c369c30000, 0x000001c36a190000, 0x000001c371160000]
CodeHeap 'profiled nmethods': size=120000Kb used=41867Kb max_used=41867Kb free=78132Kb
 bounds [0x000001c362160000, 0x000001c364a50000, 0x000001c369690000]
CodeHeap 'non-nmethods': size=5760Kb used=1880Kb max_used=1907Kb free=3879Kb
 bounds [0x000001c369690000, 0x000001c369900000, 0x000001c369c30000]
CodeCache: size=245760Kb, used=49213Kb, max_used=49240Kb, free=196544Kb
 total_blobs=13428, nmethods=12561, adapters=765, full_count=0
Compilation: enabled, stopped_count=0, restarted_count=0

Compilation events (20 events):
Event: 15.073 Thread 0x000001c37540c940 nmethod 13345 0x000001c3649bce90 code [0x000001c3649bd0c0, 0x000001c3649bd980]
Event: 15.073 Thread 0x000001c37540c940 13346       1       org.jetbrains.org.objectweb.asm.SymbolTable::getMajorVersion (5 bytes)
Event: 15.073 Thread 0x000001c37540c940 nmethod 13346 0x000001c36a183390 code [0x000001c36a183520, 0x000001c36a1835e8]
Event: 15.074 Thread 0x000001c37540c940 13347       3       org.jetbrains.kotlin.backend.jvm.codegen.PromisedValue::getMv (8 bytes)
Event: 15.074 Thread 0x000001c37540c940 nmethod 13347 0x000001c3649bdb90 code [0x000001c3649bdd20, 0x000001c3649bde50]
Event: 15.075 Thread 0x000001c37540c940 13348       3       java.lang.Class::enumConstantDirectory (107 bytes)
Event: 15.076 Thread 0x000001c37540c940 nmethod 13348 0x000001c3649bdf10 code [0x000001c3649be1a0, 0x000001c3649bec10]
Event: 15.076 Thread 0x000001c37540c940 13349       3       org.jetbrains.kotlin.codegen.optimization.DeadCodeEliminationMethodTransformer::transform (116 bytes)
Event: 15.078 Thread 0x000001c37540c940 nmethod 13349 0x000001c3649bf010 code [0x000001c3649bf400, 0x000001c3649c0c10]
Event: 15.081 Thread 0x000001c37540c940 13350       3       org.jetbrains.kotlin.util.slicedMap.OpenAddressLinearProbingHashTable::get (90 bytes)
Event: 15.081 Thread 0x000001c37540c940 nmethod 13350 0x000001c3649c1610 code [0x000001c3649c1880, 0x000001c3649c22c8]
Event: 15.082 Thread 0x000001c37540c940 13351       3       org.jetbrains.kotlin.backend.jvm.JvmIrAttributesKt::getStaticSuspendImplMethod (29 bytes)
Event: 15.082 Thread 0x000001c37540c940 nmethod 13351 0x000001c3649c2710 code [0x000001c3649c29c0, 0x000001c3649c3550]
Event: 15.082 Thread 0x000001c37540c940 13352       3       org.jetbrains.kotlin.backend.jvm.ir.JvmIrCoroutineUtilsKt::isStaticInlineClassReplacementForDefaultInterfaceMethod (48 bytes)
Event: 15.083 Thread 0x000001c37540c940 nmethod 13352 0x000001c3649c3990 code [0x000001c3649c3c60, 0x000001c3649c49f8]
Event: 15.083 Thread 0x000001c37540c940 13353       1       org.jetbrains.kotlin.ir.expressions.impl.IrGetFieldImpl::getSuperQualifierSymbol (5 bytes)
Event: 15.083 Thread 0x000001c37540c940 nmethod 13353 0x000001c36a183690 code [0x000001c36a183820, 0x000001c36a1838e8]
Event: 15.084 Thread 0x000001c37540c940 13354       3       org.jetbrains.kotlin.backend.jvm.codegen.ExpressionCodegen::visitCall$handleParameter (14 bytes)
Event: 15.084 Thread 0x000001c37540c940 nmethod 13354 0x000001c3649c4e10 code [0x000001c3649c4fc0, 0x000001c3649c5188]
Event: 15.084 Thread 0x000001c37540c940 13355       3       kotlin.jvm.internal.TypeIntrinsics::asMutableCollection (25 bytes)

GC Heap History (20 events):
Event: 4.910 GC heap before
{Heap before GC invocations=13 (full 0):
 garbage-first heap   total 49152K, used 43470K [0x00000000c1e00000, 0x0000000100000000)
  region size 1024K, 17 young (17408K), 2 survivors (2048K)
 Metaspace       used 54659K, committed 54848K, reserved 1114112K
  class space    used 6507K, committed 6592K, reserved 1048576K
}
Event: 4.920 GC heap after
{Heap after GC invocations=14 (full 0):
 garbage-first heap   total 51200K, used 33792K [0x00000000c1e00000, 0x0000000100000000)
  region size 1024K, 3 young (3072K), 3 survivors (3072K)
 Metaspace       used 54659K, committed 54848K, reserved 1114112K
  class space    used 6507K, committed 6592K, reserved 1048576K
}
Event: 5.015 GC heap before
{Heap before GC invocations=14 (full 0):
 garbage-first heap   total 51200K, used 44032K [0x00000000c1e00000, 0x0000000100000000)
  region size 1024K, 13 young (13312K), 3 survivors (3072K)
 Metaspace       used 55400K, committed 55680K, reserved 1114112K
  class space    used 6588K, committed 6720K, reserved 1048576K
}
Event: 5.023 GC heap after
{Heap after GC invocations=15 (full 0):
 garbage-first heap   total 91136K, used 36602K [0x00000000c1e00000, 0x0000000100000000)
  region size 1024K, 2 young (2048K), 2 survivors (2048K)
 Metaspace       used 55400K, committed 55680K, reserved 1114112K
  class space    used 6588K, committed 6720K, reserved 1048576K
}
Event: 5.719 GC heap before
{Heap before GC invocations=15 (full 0):
 garbage-first heap   total 91136K, used 71418K [0x00000000c1e00000, 0x0000000100000000)
  region size 1024K, 37 young (37888K), 2 survivors (2048K)
 Metaspace       used 61106K, committed 61376K, reserved 1114112K
  class space    used 7265K, committed 7360K, reserved 1048576K
}
Event: 5.732 GC heap after
{Heap after GC invocations=16 (full 0):
 garbage-first heap   total 91136K, used 42361K [0x00000000c1e00000, 0x0000000100000000)
  region size 1024K, 5 young (5120K), 5 survivors (5120K)
 Metaspace       used 61106K, committed 61376K, reserved 1114112K
  class space    used 7265K, committed 7360K, reserved 1048576K
}
Event: 6.247 GC heap before
{Heap before GC invocations=16 (full 0):
 garbage-first heap   total 91136K, used 73081K [0x00000000c1e00000, 0x0000000100000000)
  region size 1024K, 35 young (35840K), 5 survivors (5120K)
 Metaspace       used 62589K, committed 62848K, reserved 1114112K
  class space    used 7393K, committed 7488K, reserved 1048576K
}
Event: 6.264 GC heap after
{Heap after GC invocations=17 (full 0):
 garbage-first heap   total 91136K, used 50688K [0x00000000c1e00000, 0x0000000100000000)
  region size 1024K, 5 young (5120K), 5 survivors (5120K)
 Metaspace       used 62589K, committed 62848K, reserved 1114112K
  class space    used 7393K, committed 7488K, reserved 1048576K
}
Event: 6.857 GC heap before
{Heap before GC invocations=17 (full 0):
 garbage-first heap   total 91136K, used 75264K [0x00000000c1e00000, 0x0000000100000000)
  region size 1024K, 29 young (29696K), 5 survivors (5120K)
 Metaspace       used 67046K, committed 67264K, reserved 1114112K
  class space    used 7925K, committed 8000K, reserved 1048576K
}
Event: 6.870 GC heap after
{Heap after GC invocations=18 (full 0):
 garbage-first heap   total 91136K, used 55259K [0x00000000c1e00000, 0x0000000100000000)
  region size 1024K, 4 young (4096K), 4 survivors (4096K)
 Metaspace       used 67046K, committed 67264K, reserved 1114112K
  class space    used 7925K, committed 8000K, reserved 1048576K
}
Event: 7.539 GC heap before
{Heap before GC invocations=19 (full 0):
 garbage-first heap   total 92160K, used 77787K [0x00000000c1e00000, 0x0000000100000000)
  region size 1024K, 26 young (26624K), 4 survivors (4096K)
 Metaspace       used 68217K, committed 68416K, reserved 1114112K
  class space    used 7990K, committed 8064K, reserved 1048576K
}
Event: 7.549 GC heap after
{Heap after GC invocations=20 (full 0):
 garbage-first heap   total 92160K, used 58752K [0x00000000c1e00000, 0x0000000100000000)
  region size 1024K, 4 young (4096K), 4 survivors (4096K)
 Metaspace       used 68217K, committed 68416K, reserved 1114112K
  class space    used 7990K, committed 8064K, reserved 1048576K
}
Event: 8.113 GC heap before
{Heap before GC invocations=20 (full 0):
 garbage-first heap   total 92160K, used 80256K [0x00000000c1e00000, 0x0000000100000000)
  region size 1024K, 25 young (25600K), 4 survivors (4096K)
 Metaspace       used 68798K, committed 69056K, reserved 1114112K
  class space    used 8010K, committed 8128K, reserved 1048576K
}
Event: 8.124 GC heap after
{Heap after GC invocations=21 (full 0):
 garbage-first heap   total 117760K, used 60140K [0x00000000c1e00000, 0x0000000100000000)
  region size 1024K, 2 young (2048K), 2 survivors (2048K)
 Metaspace       used 68798K, committed 69056K, reserved 1114112K
  class space    used 8010K, committed 8128K, reserved 1048576K
}
Event: 9.781 GC heap before
{Heap before GC invocations=21 (full 0):
 garbage-first heap   total 117760K, used 98028K [0x00000000c1e00000, 0x0000000100000000)
  region size 1024K, 40 young (40960K), 2 survivors (2048K)
 Metaspace       used 73548K, committed 73856K, reserved 1179648K
  class space    used 8394K, committed 8576K, reserved 1048576K
}
Event: 9.794 GC heap after
{Heap after GC invocations=22 (full 0):
 garbage-first heap   total 117760K, used 63250K [0x00000000c1e00000, 0x0000000100000000)
  region size 1024K, 5 young (5120K), 5 survivors (5120K)
 Metaspace       used 73548K, committed 73856K, reserved 1179648K
  class space    used 8394K, committed 8576K, reserved 1048576K
}
Event: 11.411 GC heap before
{Heap before GC invocations=22 (full 0):
 garbage-first heap   total 117760K, used 101138K [0x00000000c1e00000, 0x0000000100000000)
  region size 1024K, 42 young (43008K), 5 survivors (5120K)
 Metaspace       used 80976K, committed 81408K, reserved 1179648K
  class space    used 9082K, committed 9280K, reserved 1048576K
}
Event: 11.444 GC heap after
{Heap after GC invocations=23 (full 0):
 garbage-first heap   total 117760K, used 66192K [0x00000000c1e00000, 0x0000000100000000)
  region size 1024K, 3 young (3072K), 3 survivors (3072K)
 Metaspace       used 80976K, committed 81408K, reserved 1179648K
  class space    used 9082K, committed 9280K, reserved 1048576K
}
Event: 13.585 GC heap before
{Heap before GC invocations=23 (full 0):
 garbage-first heap   total 117760K, used 103056K [0x00000000c1e00000, 0x0000000100000000)
  region size 1024K, 39 young (39936K), 3 survivors (3072K)
 Metaspace       used 88274K, committed 88576K, reserved 1179648K
  class space    used 9781K, committed 9920K, reserved 1048576K
}
Event: 13.660 GC heap after
{Heap after GC invocations=24 (full 0):
 garbage-first heap   total 117760K, used 68983K [0x00000000c1e00000, 0x0000000100000000)
  region size 1024K, 3 young (3072K), 3 survivors (3072K)
 Metaspace       used 88274K, committed 88576K, reserved 1179648K
  class space    used 9781K, committed 9920K, reserved 1048576K
}

Dll operation events (3 events):
Event: 0.014 Loaded shared library D:\Android\Android Studio\jbr\bin\java.dll
Event: 0.023 Loaded shared library D:\Android\Android Studio\jbr\bin\zip.dll
Event: 2.729 Loaded shared library D:\Android\Android Studio\jbr\bin\verify.dll

Deoptimization events (20 events):
Event: 15.008 Thread 0x000001c35cdf45d0 DEOPT PACKING pc=0x000001c36a17b080 sp=0x000000560f1fe180
Event: 15.008 Thread 0x000001c35cdf45d0 DEOPT UNPACKING pc=0x000001c3696e46a2 sp=0x000000560f1fe0f0 mode 2
Event: 15.044 Thread 0x000001c35cdf45d0 Uncommon trap: trap_request=0xffffff3d fr.pc=0x000001c36a17aa70 relative=0x0000000000000570
Event: 15.044 Thread 0x000001c35cdf45d0 Uncommon trap: reason=unstable_fused_if action=reinterpret pc=0x000001c36a17aa70 method=org.jetbrains.org.objectweb.asm.tree.analysis.Frame.execute(Lorg/jetbrains/org/objectweb/asm/tree/AbstractInsnNode;Lorg/jetbrains/org/objectweb/asm/tree/analysis/Inter
Event: 15.044 Thread 0x000001c35cdf45d0 DEOPT PACKING pc=0x000001c36a17aa70 sp=0x000000560f1fd4b0
Event: 15.044 Thread 0x000001c35cdf45d0 DEOPT UNPACKING pc=0x000001c3696e46a2 sp=0x000000560f1fd430 mode 2
Event: 15.057 Thread 0x000001c35cdf45d0 Uncommon trap: trap_request=0xffffff5c fr.pc=0x000001c36a181ebc relative=0x00000000000003dc
Event: 15.057 Thread 0x000001c35cdf45d0 Uncommon trap: reason=speculate_null_check action=make_not_entrant pc=0x000001c36a181ebc method=org.jetbrains.kotlin.codegen.optimization.nullCheck.RedundantNullCheckMethodTransformerKt.isCheckExpressionValueIsNotNull(Lorg/jetbrains/org/objectweb/asm/tree
Event: 15.057 Thread 0x000001c35cdf45d0 DEOPT PACKING pc=0x000001c36a181ebc sp=0x000000560f1fe350
Event: 15.057 Thread 0x000001c35cdf45d0 DEOPT UNPACKING pc=0x000001c3696e46a2 sp=0x000000560f1fe288 mode 2
Event: 15.057 Thread 0x000001c35cdf45d0 Uncommon trap: trap_request=0xffffff54 fr.pc=0x000001c36a181778 relative=0x0000000000000058
Event: 15.057 Thread 0x000001c35cdf45d0 Uncommon trap: reason=speculate_null_assert action=make_not_entrant pc=0x000001c36a181778 method=org.jetbrains.kotlin.codegen.optimization.nullCheck.RedundantNullCheckMethodTransformerKt.isCheckNotNull(Lorg/jetbrains/org/objectweb/asm/tree/AbstractInsnNod
Event: 15.057 Thread 0x000001c35cdf45d0 DEOPT PACKING pc=0x000001c36a181778 sp=0x000000560f1fe2a0
Event: 15.057 Thread 0x000001c35cdf45d0 DEOPT UNPACKING pc=0x000001c3696e46a2 sp=0x000000560f1fe1e0 mode 2
Event: 15.066 Thread 0x000001c35cdf45d0 DEOPT PACKING pc=0x000001c362274c1a sp=0x000000560f1fe320
Event: 15.066 Thread 0x000001c35cdf45d0 DEOPT UNPACKING pc=0x000001c3696e4e42 sp=0x000000560f1fd7b0 mode 0
Event: 15.073 Thread 0x000001c35cdf45d0 Uncommon trap: trap_request=0xffffff45 fr.pc=0x000001c369cb8060 relative=0x00000000000002a0
Event: 15.073 Thread 0x000001c35cdf45d0 Uncommon trap: reason=unstable_if action=reinterpret pc=0x000001c369cb8060 method=org.jetbrains.org.objectweb.asm.Frame.merge(Lorg/jetbrains/org/objectweb/asm/SymbolTable;I[II)Z @ 59 c2
Event: 15.073 Thread 0x000001c35cdf45d0 DEOPT PACKING pc=0x000001c369cb8060 sp=0x000000560f1fe230
Event: 15.073 Thread 0x000001c35cdf45d0 DEOPT UNPACKING pc=0x000001c3696e46a2 sp=0x000000560f1fe198 mode 2

Classes loaded (20 events):
Event: 13.903 Loading class java/util/Formatter
Event: 13.908 Loading class java/util/Formatter done
Event: 13.909 Loading class java/util/Locale$Category
Event: 13.910 Loading class java/util/Locale$Category done
Event: 13.911 Loading class java/util/Formatter$FixedString
Event: 13.912 Loading class java/util/Formatter$FormatString
Event: 13.912 Loading class java/util/Formatter$FormatString done
Event: 13.912 Loading class java/util/Formatter$FixedString done
Event: 13.912 Loading class java/util/Formatter$Conversion
Event: 13.913 Loading class java/util/Formatter$Conversion done
Event: 13.913 Loading class java/util/Formatter$FormatSpecifier
Event: 13.916 Loading class java/util/Formatter$FormatSpecifier done
Event: 13.916 Loading class java/util/Formattable
Event: 13.917 Loading class java/util/Formattable done
Event: 13.917 Loading class java/util/Formatter$Flags
Event: 13.917 Loading class java/util/Formatter$Flags done
Event: 14.164 Loading class java/util/Vector$Itr
Event: 14.165 Loading class java/util/Vector$Itr done
Event: 14.394 Loading class java/util/regex/Pattern$Dollar
Event: 14.399 Loading class java/util/regex/Pattern$Dollar done

Classes unloaded (0 events):
No events

Classes redefined (0 events):
No events

Internal exceptions (20 events):
Event: 10.207 Thread 0x000001c35cdf45d0 Exception <a 'java/lang/NoSuchMethodError'{0x00000000c7efc108}: 'java.lang.Object java.lang.invoke.DirectMethodHandle$Holder.invokeStatic(java.lang.Object, java.lang.Object, java.lang.Object, int, int)'> (0x00000000c7efc108) 
thrown [s\src\hotspot\share\interpreter\linkResolver.cpp, line 784]
Event: 10.426 Thread 0x000001c35cdf45d0 Exception <a 'java/lang/NoSuchMethodError'{0x00000000c7b64048}: 'java.lang.Object java.lang.invoke.DirectMethodHandle$Holder.invokeStatic(java.lang.Object, java.lang.Object, int, int)'> (0x00000000c7b64048) 
thrown [s\src\hotspot\share\interpreter\linkResolver.cpp, line 784]
Event: 10.555 Thread 0x000001c35cdf45d0 Exception <a 'java/lang/NoSuchMethodError'{0x00000000c7a442d0}: 'java.lang.Object java.lang.invoke.DirectMethodHandle$Holder.newInvokeSpecial(java.lang.Object, java.lang.Object, java.lang.Object, java.lang.Object, java.lang.Object, java.lang.Object, java.lang.Object, int)'> (0x00000000c7a442d0) 
thrown [s\src\hotspot\share\interpreter\linkResolver.cpp, line 784]
Event: 10.557 Thread 0x000001c35cdf45d0 Exception <a 'java/lang/NoSuchMethodError'{0x00000000c7a489c8}: 'java.lang.Object java.lang.invoke.DirectMethodHandle$Holder.invokeSpecial(java.lang.Object, java.lang.Object, java.lang.Object, java.lang.Object, java.lang.Object, java.lang.Object, java.lang.Object, java.lang.Object, int)'> (0x00000000c7a489c8) 
thrown [s\src\hotspot\share\interpreter\linkResolver.cpp, line 784]
Event: 11.558 Thread 0x000001c35cdf45d0 Exception <a 'java/lang/NoSuchMethodError'{0x00000000c88366b0}: 'java.lang.Object java.lang.invoke.DirectMethodHandle$Holder.newInvokeSpecial(java.lang.Object, int, java.lang.Object, int)'> (0x00000000c88366b0) 
thrown [s\src\hotspot\share\interpreter\linkResolver.cpp, line 784]
Event: 11.559 Thread 0x000001c35cdf45d0 Exception <a 'java/lang/NoSuchMethodError'{0x00000000c883a488}: 'java.lang.Object java.lang.invoke.DirectMethodHandle$Holder.invokeSpecial(java.lang.Object, java.lang.Object, int, java.lang.Object, int)'> (0x00000000c883a488) 
thrown [s\src\hotspot\share\interpreter\linkResolver.cpp, line 784]
Event: 11.673 Thread 0x000001c35cdf45d0 Implicit null exception at 0x000001c369fc2390 to 0x000001c369fc3458
Event: 12.503 Thread 0x000001c35cdf45d0 Exception <a 'java/lang/NoSuchMethodError'{0x00000000c7a6b528}: 'java.lang.Object java.lang.invoke.DirectMethodHandle$Holder.invokeStatic(java.lang.Object, java.lang.Object, int, java.lang.Object)'> (0x00000000c7a6b528) 
thrown [s\src\hotspot\share\interpreter\linkResolver.cpp, line 784]
Event: 12.853 Thread 0x000001c35cdf45d0 Exception <a 'java/lang/NoSuchMethodError'{0x00000000c743dd78}: 'java.lang.Object java.lang.invoke.DirectMethodHandle$Holder.invokeStaticInit(java.lang.Object, java.lang.Object, int, java.lang.Object)'> (0x00000000c743dd78) 
thrown [s\src\hotspot\share\interpreter\linkResolver.cpp, line 784]
Event: 13.774 Thread 0x000001c35cdf45d0 Exception <a 'java/lang/NoSuchMethodError'{0x00000000c89070f0}: 'java.lang.Object java.lang.invoke.DirectMethodHandle$Holder.invokeStatic(java.lang.Object, int, int)'> (0x00000000c89070f0) 
thrown [s\src\hotspot\share\interpreter\linkResolver.cpp, line 784]
Event: 13.847 Thread 0x000001c35cdf45d0 Exception <a 'java/lang/NoSuchMethodError'{0x00000000c88bbde8}: 'java.lang.Object java.lang.invoke.DirectMethodHandle$Holder.invokeStatic(java.lang.Object, java.lang.Object, java.lang.Object, int, java.lang.Object, java.lang.Object, java.lang.Object, java.lang.Object)'> (0x00000000c88bbde8) 
thrown [s\src\hotspot\share\interpreter\linkResolver.cpp, line 784]
Event: 13.964 Thread 0x000001c35cdf45d0 Exception <a 'java/lang/NoSuchMethodError'{0x00000000c850e7e0}: 'java.lang.Object java.lang.invoke.DirectMethodHandle$Holder.invokeStatic(java.lang.Object, java.lang.Object, java.lang.Object, java.lang.Object, java.lang.Object, int, java.lang.Object, java.lang.Object)'> (0x00000000c850e7e0) 
thrown [s\src\hotspot\share\interpreter\linkResolver.cpp, line 784]
Event: 13.965 Thread 0x000001c35cdf45d0 Exception <a 'java/lang/NoSuchMethodError'{0x00000000c851b448}: 'java.lang.Object java.lang.invoke.DirectMethodHandle$Holder.invokeSpecial(java.lang.Object, java.lang.Object, java.lang.Object, java.lang.Object, java.lang.Object, java.lang.Object, int, java.lang.Object)'> (0x00000000c851b448) 
thrown [s\src\hotspot\share\interpreter\linkResolver.cpp, line 784]
Event: 13.965 Thread 0x000001c35cdf45d0 Exception <a 'java/lang/NoSuchMethodError'{0x00000000c851efa8}: 'java.lang.Object java.lang.invoke.Invokers$Holder.linkToTargetMethod(java.lang.Object, java.lang.Object, java.lang.Object, java.lang.Object, int, java.lang.Object, java.lang.Object)'> (0x00000000c851efa8) 
thrown [s\src\hotspot\share\interpreter\linkResolver.cpp, line 784]
Event: 14.317 Thread 0x000001c37529fe00 Implicit null exception at 0x000001c36a0a57cb to 0x000001c36a0a5fc8
Event: 14.339 Thread 0x000001c35cdf45d0 Exception <a 'java/lang/NoSuchMethodError'{0x00000000c823add8}: 'java.lang.Object java.lang.invoke.DirectMethodHandle$Holder.newInvokeSpecial(java.lang.Object, java.lang.Object, java.lang.Object, java.lang.Object, int, java.lang.Object)'> (0x00000000c823add8) 
thrown [s\src\hotspot\share\interpreter\linkResolver.cpp, line 784]
Event: 14.340 Thread 0x000001c35cdf45d0 Exception <a 'java/lang/NoSuchMethodError'{0x00000000c823f3b8}: 'java.lang.Object java.lang.invoke.DirectMethodHandle$Holder.invokeSpecial(java.lang.Object, java.lang.Object, java.lang.Object, java.lang.Object, java.lang.Object, int, java.lang.Object)'> (0x00000000c823f3b8) 
thrown [s\src\hotspot\share\interpreter\linkResolver.cpp, line 784]
Event: 14.341 Thread 0x000001c35cdf45d0 Exception <a 'java/lang/NoSuchMethodError'{0x00000000c8243240}: 'java.lang.Object java.lang.invoke.Invokers$Holder.linkToTargetMethod(java.lang.Object, java.lang.Object, java.lang.Object, int, java.lang.Object, java.lang.Object)'> (0x00000000c8243240) 
thrown [s\src\hotspot\share\interpreter\linkResolver.cpp, line 784]
Event: 14.440 Thread 0x000001c35cdf45d0 Exception <a 'java/lang/NoSuchMethodError'{0x00000000c81f6cf0}: 'java.lang.Object java.lang.invoke.DirectMethodHandle$Holder.invokeStatic(java.lang.Object, java.lang.Object, java.lang.Object, java.lang.Object, int, java.lang.Object)'> (0x00000000c81f6cf0) 
thrown [s\src\hotspot\share\interpreter\linkResolver.cpp, line 784]
Event: 14.532 Thread 0x000001c35cdf45d0 Exception <a 'java/lang/NoSuchMethodError'{0x00000000c7fe7090}: 'java.lang.Object java.lang.invoke.DirectMethodHandle$Holder.newInvokeSpecial(java.lang.Object, java.lang.Object, java.lang.Object, java.lang.Object, int, int, int, java.lang.Object)'> (0x00000000c7fe7090) 
thrown [s\src\hotspot\share\interpreter\linkResolver.cpp, line 784]

ZGC Phase Switch (0 events):
No events

VM Operations (20 events):
Event: 14.225 Executing VM operation: G1PauseRemark
Event: 14.316 Executing VM operation: G1PauseRemark done
Event: 14.359 Executing VM operation: G1PauseCleanup
Event: 14.361 Executing VM operation: G1PauseCleanup done
Event: 14.575 Executing VM operation: HandshakeAllThreads (Deoptimize)
Event: 14.575 Executing VM operation: HandshakeAllThreads (Deoptimize) done
Event: 14.674 Executing VM operation: ICBufferFull
Event: 14.674 Executing VM operation: ICBufferFull done
Event: 14.689 Executing VM operation: HandshakeAllThreads (Deoptimize)
Event: 14.690 Executing VM operation: HandshakeAllThreads (Deoptimize) done
Event: 14.691 Executing VM operation: HandshakeAllThreads (Deoptimize)
Event: 14.691 Executing VM operation: HandshakeAllThreads (Deoptimize) done
Event: 14.765 Executing VM operation: ICBufferFull
Event: 14.765 Executing VM operation: ICBufferFull done
Event: 14.816 Executing VM operation: HandshakeAllThreads (Deoptimize)
Event: 14.817 Executing VM operation: HandshakeAllThreads (Deoptimize) done
Event: 14.845 Executing VM operation: ICBufferFull
Event: 14.845 Executing VM operation: ICBufferFull done
Event: 15.043 Executing VM operation: ICBufferFull
Event: 15.043 Executing VM operation: ICBufferFull done

Memory protections (0 events):
No events

Nmethod flushes (20 events):
Event: 14.312 Thread 0x000001c375209920 flushing  nmethod 0x000001c3629aab90
Event: 14.312 Thread 0x000001c375209920 flushing  nmethod 0x000001c3629abc10
Event: 14.312 Thread 0x000001c375209920 flushing  nmethod 0x000001c3629ac790
Event: 14.312 Thread 0x000001c375209920 flushing  nmethod 0x000001c3629ad410
Event: 14.312 Thread 0x000001c375209920 flushing  nmethod 0x000001c3629ad990
Event: 14.312 Thread 0x000001c375209920 flushing  nmethod 0x000001c3629add90
Event: 14.312 Thread 0x000001c375209920 flushing  nmethod 0x000001c3629ae690
Event: 14.312 Thread 0x000001c375209920 flushing  nmethod 0x000001c3629aeb10
Event: 14.312 Thread 0x000001c375209920 flushing  nmethod 0x000001c3629af410
Event: 14.312 Thread 0x000001c375209920 flushing  nmethod 0x000001c3629b0690
Event: 14.312 Thread 0x000001c375209920 flushing  nmethod 0x000001c3629b2010
Event: 14.312 Thread 0x000001c375209920 flushing  nmethod 0x000001c3629b3810
Event: 14.312 Thread 0x000001c375209920 flushing  nmethod 0x000001c3629b5e10
Event: 14.313 Thread 0x000001c375209920 flushing  nmethod 0x000001c3629ba010
Event: 14.313 Thread 0x000001c375209920 flushing  nmethod 0x000001c3629bb710
Event: 14.313 Thread 0x000001c375209920 flushing  nmethod 0x000001c362aaa810
Event: 14.313 Thread 0x000001c375209920 flushing  nmethod 0x000001c362ae9990
Event: 14.313 Thread 0x000001c375209920 flushing  nmethod 0x000001c362b22910
Event: 14.313 Thread 0x000001c375209920 flushing  nmethod 0x000001c362b25890
Event: 14.313 Thread 0x000001c375209920 flushing  nmethod 0x000001c362c04e10

Events (17 events):
Event: 0.019 Thread 0x000001c35cdf45d0 Thread added: 0x000001c35cdf45d0
Event: 0.131 Thread 0x000001c35cdf45d0 Thread added: 0x000001c37529fe00
Event: 0.140 Thread 0x000001c35cdf45d0 Thread added: 0x000001c3752a9530
Event: 0.140 Thread 0x000001c35cdf45d0 Thread added: 0x000001c3752a9ba0
Event: 0.142 Thread 0x000001c35cdf45d0 Thread added: 0x000001c3752aaae0
Event: 0.142 Thread 0x000001c35cdf45d0 Thread added: 0x000001c3752ab540
Event: 0.142 Thread 0x000001c35cdf45d0 Thread added: 0x000001c3752abfa0
Event: 0.142 Thread 0x000001c35cdf45d0 Thread added: 0x000001c3752aca00
Event: 0.142 Thread 0x000001c35cdf45d0 Thread added: 0x000001c3752ae4d0
Event: 0.142 Thread 0x000001c35cdf45d0 Thread added: 0x000001c37540c940
Event: 0.200 Thread 0x000001c35cdf45d0 Thread added: 0x000001c375599cc0
Event: 0.215 Loaded shared library D:\Android\Android Studio\jbr\bin\net.dll
Event: 0.218 Loaded shared library D:\Android\Android Studio\jbr\bin\nio.dll
Event: 0.287 Loaded shared library D:\Android\Android Studio\jbr\bin\zip.dll
Event: 0.365 Loaded shared library D:\Android\Android Studio\jbr\bin\jimage.dll
Event: 1.080 Loaded shared library D:\Android\Android Studio\jbr\bin\management.dll
Event: 1.094 Loaded shared library D:\Android\Android Studio\jbr\bin\management_ext.dll


Dynamic libraries:
0x00007ff6305f0000 - 0x00007ff6305fa000 	D:\Android\Android Studio\jbr\bin\java.exe
0x00007ff92faf0000 - 0x00007ff92fce8000 	C:\WINDOWS\SYSTEM32\ntdll.dll
0x00007ff92e3a0000 - 0x00007ff92e461000 	C:\WINDOWS\System32\KERNEL32.DLL
0x00007ff92d3f0000 - 0x00007ff92d6ed000 	C:\WINDOWS\System32\KERNELBASE.dll
0x00007ff92da20000 - 0x00007ff92db20000 	C:\WINDOWS\System32\ucrtbase.dll
0x00007ff925af0000 - 0x00007ff925b08000 	D:\Android\Android Studio\jbr\bin\jli.dll
0x00007ff925c00000 - 0x00007ff925c1b000 	D:\Android\Android Studio\jbr\bin\VCRUNTIME140.dll
0x00007ff92ddd0000 - 0x00007ff92df6d000 	C:\WINDOWS\System32\USER32.dll
0x00007ff921c30000 - 0x00007ff921eca000 	C:\WINDOWS\WinSxS\amd64_microsoft.windows.common-controls_6595b64144ccf1df_6.0.19041.4355_none_60b8b9eb71f62e16\COMCTL32.dll
0x00007ff92d350000 - 0x00007ff92d372000 	C:\WINDOWS\System32\win32u.dll
0x00007ff92e4f0000 - 0x00007ff92e58e000 	C:\WINDOWS\System32\msvcrt.dll
0x00007ff92fa80000 - 0x00007ff92faab000 	C:\WINDOWS\System32\GDI32.dll
0x00007ff92d6f0000 - 0x00007ff92d807000 	C:\WINDOWS\System32\gdi32full.dll
0x00007ff92d8c0000 - 0x00007ff92d95d000 	C:\WINDOWS\System32\msvcp_win.dll
0x00007ff92e010000 - 0x00007ff92e03f000 	C:\WINDOWS\System32\IMM32.DLL
0x00007ff927e70000 - 0x00007ff927e7c000 	D:\Android\Android Studio\jbr\bin\vcruntime140_1.dll
0x00007ff90b9e0000 - 0x00007ff90ba6d000 	D:\Android\Android Studio\jbr\bin\msvcp140.dll
0x00007ff8c91f0000 - 0x00007ff8c9e86000 	D:\Android\Android Studio\jbr\bin\server\jvm.dll
0x00007ff92dc40000 - 0x00007ff92dcf0000 	C:\WINDOWS\System32\ADVAPI32.dll
0x00007ff92f910000 - 0x00007ff92f9b0000 	C:\WINDOWS\System32\sechost.dll
0x00007ff92ea60000 - 0x00007ff92eb83000 	C:\WINDOWS\System32\RPCRT4.dll
0x00007ff92d9f0000 - 0x00007ff92da17000 	C:\WINDOWS\System32\bcrypt.dll
0x00007ff92f9b0000 - 0x00007ff92fa1b000 	C:\WINDOWS\System32\WS2_32.dll
0x00007ff92c6e0000 - 0x00007ff92c72b000 	C:\WINDOWS\SYSTEM32\POWRPROF.dll
0x00007ff922370000 - 0x00007ff922397000 	C:\WINDOWS\SYSTEM32\WINMM.dll
0x00007ff924930000 - 0x00007ff92493a000 	C:\WINDOWS\SYSTEM32\VERSION.dll
0x00007ff92c5a0000 - 0x00007ff92c5b2000 	C:\WINDOWS\SYSTEM32\UMPDC.dll
0x00007ff92b9e0000 - 0x00007ff92b9f2000 	C:\WINDOWS\SYSTEM32\kernel.appcore.dll
0x00007ff925ae0000 - 0x00007ff925aea000 	D:\Android\Android Studio\jbr\bin\jimage.dll
0x00007ff92ac20000 - 0x00007ff92ae04000 	C:\WINDOWS\SYSTEM32\DBGHELP.DLL
0x00007ff9139a0000 - 0x00007ff9139d4000 	C:\WINDOWS\SYSTEM32\dbgcore.DLL
0x00007ff92d960000 - 0x00007ff92d9e2000 	C:\WINDOWS\System32\bcryptPrimitives.dll
0x00007ff925aa0000 - 0x00007ff925ac0000 	D:\Android\Android Studio\jbr\bin\java.dll
0x00007ff925a80000 - 0x00007ff925a98000 	D:\Android\Android Studio\jbr\bin\zip.dll
0x00007ff92eb90000 - 0x00007ff92f2ff000 	C:\WINDOWS\System32\SHELL32.dll
0x00007ff92b220000 - 0x00007ff92b9c3000 	C:\WINDOWS\SYSTEM32\windows.storage.dll
0x00007ff92e040000 - 0x00007ff92e393000 	C:\WINDOWS\System32\combase.dll
0x00007ff92cbd0000 - 0x00007ff92cbfe000 	C:\WINDOWS\SYSTEM32\Wldp.dll
0x00007ff92dcf0000 - 0x00007ff92ddbd000 	C:\WINDOWS\System32\OLEAUT32.dll
0x00007ff92f6b0000 - 0x00007ff92f75d000 	C:\WINDOWS\System32\SHCORE.dll
0x00007ff92e590000 - 0x00007ff92e5e5000 	C:\WINDOWS\System32\shlwapi.dll
0x00007ff92d0d0000 - 0x00007ff92d0f4000 	C:\WINDOWS\SYSTEM32\profapi.dll
0x00007ff925a70000 - 0x00007ff925a80000 	D:\Android\Android Studio\jbr\bin\net.dll
0x00007ff926c70000 - 0x00007ff926d7d000 	C:\WINDOWS\SYSTEM32\WINHTTP.dll
0x00007ff92c930000 - 0x00007ff92c99a000 	C:\WINDOWS\system32\mswsock.dll
0x00007ff916140000 - 0x00007ff916156000 	D:\Android\Android Studio\jbr\bin\nio.dll
0x00007ff925a30000 - 0x00007ff925a39000 	D:\Android\Android Studio\jbr\bin\management.dll
0x00007ff920190000 - 0x00007ff92019b000 	D:\Android\Android Studio\jbr\bin\management_ext.dll
0x00007ff92ddc0000 - 0x00007ff92ddc8000 	C:\WINDOWS\System32\PSAPI.DLL
0x00007ff925a60000 - 0x00007ff925a70000 	D:\Android\Android Studio\jbr\bin\verify.dll

JVMTI agents: none

dbghelp: loaded successfully - version: 4.0.5 - missing functions: none
symbol engine: initialized successfully - sym options: 0x614 - pdb path: .;D:\Android\Android Studio\jbr\bin;C:\WINDOWS\SYSTEM32;C:\WINDOWS\WinSxS\amd64_microsoft.windows.common-controls_6595b64144ccf1df_6.0.19041.4355_none_60b8b9eb71f62e16;D:\Android\Android Studio\jbr\bin\server

VM Arguments:
java_command: org.jetbrains.kotlin.cli.jvm.K2JVMCompiler @D:\IT Projects\budolEcosystem\budolPayMobile\build\mobile_scanner\20260102_5255488533473648994.compiler.options
java_class_path (initial): C:\Users\Administrator\.gradle\caches\modules-2\files-2.1\org.jetbrains.kotlin\kotlin-compiler-embeddable\2.2.20\bb8331b7585e36ea311825b01a1c06860c055fd1\kotlin-compiler-embeddable-2.2.20.jar;C:\Users\Administrator\.gradle\caches\modules-2\files-2.1\org.jetbrains.kotlin\kotlin-stdlib\2.2.20\5380b19fa1924399b62ce3a1faffebb2b4f82272\kotlin-stdlib-2.2.20.jar;C:\Users\Administrator\.gradle\caches\modules-2\files-2.1\org.jetbrains.kotlin\kotlin-script-runtime\2.2.20\4c679cbeac0bb583b75c3a080013da8eaf240807\kotlin-script-runtime-2.2.20.jar;C:\Users\Administrator\.gradle\caches\modules-2\files-2.1\org.jetbrains.kotlin\kotlin-reflect\1.6.10\1cbe9c92c12a94eea200d23c2bbaedaf3daf5132\kotlin-reflect-1.6.10.jar;C:\Users\Administrator\.gradle\caches\modules-2\files-2.1\org.jetbrains.kotlin\kotlin-daemon-embeddable\2.2.20\feff12d48d7f1eb628742b0a721395e16f8755bf\kotlin-daemon-embeddable-2.2.20.jar;C:\Users\Administrator\.gradle\caches\modules-2\files-2.1\org.jetbrains.kotlinx\kotlinx-coroutines-core-jvm\1.8.0\ac1dc37a30a93150b704022f8d895ee1bd3a36b3\kotlinx-coroutines-core-jvm-1.8.0.jar;C:\Users\Administrator\.gradle\caches\modules-2\files-2.1\org.jetbrains\annotations\13.0\919f0dfe192fb4e063e7dacadee7f8bb9a2672a9\annotations-13.0.jar
Launcher Type: SUN_STANDARD

[Global flags]
     intx CICompilerCount                          = 4                                         {product} {ergonomic}
     uint ConcGCThreads                            = 2                                         {product} {ergonomic}
     uint G1ConcRefinementThreads                  = 8                                         {product} {ergonomic}
   size_t G1HeapRegionSize                         = 1048576                                   {product} {ergonomic}
    uintx GCDrainStackTargetSize                   = 64                                        {product} {ergonomic}
   size_t InitialHeapSize                          = 67108864                                  {product} {ergonomic}
   size_t MarkStackSize                            = 4194304                                   {product} {ergonomic}
   size_t MaxHeapSize                              = 1042284544                                {product} {ergonomic}
   size_t MaxNewSize                               = 624951296                                 {product} {ergonomic}
   size_t MinHeapDeltaBytes                        = 1048576                                   {product} {ergonomic}
   size_t MinHeapSize                              = 8388608                                   {product} {ergonomic}
    uintx NonNMethodCodeHeapSize                   = 5839372                                {pd product} {ergonomic}
    uintx NonProfiledCodeHeapSize                  = 122909434                              {pd product} {ergonomic}
    uintx ProfiledCodeHeapSize                     = 122909434                              {pd product} {ergonomic}
    uintx ReservedCodeCacheSize                    = 251658240                              {pd product} {ergonomic}
     bool SegmentedCodeCache                       = true                                      {product} {ergonomic}
   size_t SoftMaxHeapSize                          = 1042284544                             {manageable} {ergonomic}
     bool UseCompressedOops                        = true                           {product lp64_product} {ergonomic}
     bool UseG1GC                                  = true                                      {product} {ergonomic}
     bool UseLargePagesIndividualAllocation        = false                                  {pd product} {ergonomic}

Logging:
Log output configuration:
 #0: stdout all=warning uptime,level,tags foldmultilines=false
 #1: stderr all=off uptime,level,tags foldmultilines=false

Environment Variables:
JAVA_HOME=D:\Android\Android Studio\jbr
CLASSPATH=D:\IT Projects\budolEcosystem\budolPayMobile\android\\gradle\wrapper\gradle-wrapper.jar
PATH=D:\Android\Android Studio\jbr\bin;c:\\Users\\Administrator\\.trae\\sdks\\workspaces\\8b594975\\versions\\node\\current;c:\\Users\\Administrator\\.trae\\sdks\\versions\\node\\current;D:\flutter\bin\;c:\Users\Administrator\.trae\sdks\workspaces\8b594975\versions\node\current;c:\Users\Administrator\.trae\sdks\versions\node\current;C:\Python312\Scripts\;C:\Python312\;C:\WINDOWS\system32;C:\WINDOWS;C:\WINDOWS\System32\Wbem;C:\WINDOWS\System32\WindowsPowerShell\v1.0\;C:\WINDOWS\System32\OpenSSH\;C:\ProgramData\chocolatey\bin;C:\Program Files\Docker\Docker\resources\bin;C:\Program Files\Git\cmd;C:\Program Files\Sniffnet\;C:\wamp64\bin\php\php8.2.13;C:\Program Files\Cloudflare\Cloudflare WARP\;C:\Program Files\cursor\resources\app\bin;C:\Program Files\nodejs\;d:\Trae\bin;C:\Users\Administrator\AppData\Local\Microsoft\WindowsApps;C:\Users\Administrator\AppData\Local\Programs\Microsoft VS Code\bin;C:\Users\Administrator\AppData\Local\ComposerSetup\bin;C:\Users\Administrator\AppData\Roaming\Composer\vendor\bin;C:\Users\Administrator\AppData\Local\Programs\Antigravity\bin;C:\Users\Administrator\AppData\Roaming\npm;D:\flutter\bin
USERNAME=Administrator
LANG=en_US.UTF-8
OS=Windows_NT
PROCESSOR_IDENTIFIER=Intel64 Family 6 Model 158 Stepping 13, GenuineIntel
TMP=C:\Users\ADMINI~1\AppData\Local\Temp
TEMP=C:\Users\ADMINI~1\AppData\Local\Temp




Periodic native trim disabled

JNI global refs:
JNI global refs: 10, weak refs: 12

JNI global refs memory usage: 835, weak refs: 833

Process memory usage:
Resident Set Size: 215764K (5% of 4063352K total physical memory with 255344K free physical memory)

OOME stack traces (most recent first):
Classloader memory used:
Loader jdk.internal.loader.ClassLoaders$AppClassLoader                                 : 81706K
Loader bootstrap                                                                       : 11784K

---------------  S Y S T E M  ---------------

OS:
 Windows 10 , 64 bit Build 19041 (10.0.19041.4842)
OS uptime: 0 days 4:32 hours

CPU: total 8 (initial active 8) (8 cores per cpu, 1 threads per core) family 6 model 158 stepping 13 microcode 0xb8, cx8, cmov, fxsr, mmx, 3dnowpref, sse, sse2, sse3, ssse3, sse4.1, sse4.2, popcnt, lzcnt, tsc, tscinvbit, avx, avx2, aes, erms, clmul, bmi1, bmi2, rtm, adx, fma, vzeroupper, clflush, clflushopt, rdtscp, f16c
Processor Information for the first 8 processors :
  Max Mhz: 3000, Current Mhz: 3000, Mhz Limit: 3000

Memory: 4k page, system-wide physical 3968M (246M free)
TotalPageFile size 16256M (AvailPageFile size 5M)
current process WorkingSet (physical memory assigned to process): 213M, peak: 282M
current process commit charge ("private bytes"): 397M, peak: 398M

vm_info: OpenJDK 64-Bit Server VM (21.0.8+-14196175-b1038.72) for windows-amd64 JRE (21.0.8+-14196175-b1038.72), built on 2025-10-01T10:24:33Z by "builder" with MS VC++ 16.10 / 16.11 (VS2019)

END.
