#
# There is insufficient memory for the Java Runtime Environment to continue.
# Native memory allocation (mmap) failed to map 65536 bytes. Error detail: Failed to commit metaspace.
# Possible reasons:
#   The system is out of physical RAM or swap space
#   This process is running with CompressedOops enabled, and the Java Heap may be blocking the growth of the native heap
# Possible solutions:
#   Reduce memory load on the system
#   Increase physical memory or swap space
#   Check if swap backing store is full
#   Decrease Java heap size (-Xmx/-Xms)
#   Decrease number of Java threads
#   Decrease Java thread stack sizes (-Xss)
#   Set larger code cache with -XX:ReservedCodeCacheSize=
#   JVM is running with Unscaled Compressed Oops mode in which the Java heap is
#     placed in the first 4GB address space. The Java Heap base address is the
#     maximum limit for the native heap growth. Please use -XX:HeapBaseMinAddress
#     to set the Java Heap base and to place the Java Heap above 4GB virtual address.
# This output file may be truncated or incomplete.
#
#  Out of Memory Error (virtualSpaceNode.cpp:113), pid=26544, tid=19256
#
# JRE version: OpenJDK Runtime Environment (21.0.8) (build 21.0.8+-14196175-b1038.72)
# Java VM: OpenJDK 64-Bit Server VM (21.0.8+-14196175-b1038.72, mixed mode, tiered, compressed oops, compressed class ptrs, g1 gc, windows-amd64)
# No core dump will be written. Minidumps are not enabled by default on client versions of Windows
#

---------------  S U M M A R Y ------------

Command Line: org.jetbrains.kotlin.cli.jvm.K2JVMCompiler @D:\IT Projects\budolEcosystem\budolPayMobile\build\shared_preferences_android\20260102_10971963842961608686.compiler.options

Host: Intel(R) Core(TM) i7-9700 CPU @ 3.00GHz, 8 cores, 3G,  Windows 10 , 64 bit Build 19041 (10.0.19041.4842)
Time: Fri Jan  2 17:03:13 2026 Malay Peninsula Standard Time elapsed time: 0.617112 seconds (0d 0h 0m 0s)

---------------  T H R E A D  ---------------

Current thread (0x000001cb2c34e7c0):  JavaThread "main"             [_thread_in_vm, id=19256, stack(0x0000002e76000000,0x0000002e76100000) (1024K)]

Stack: [0x0000002e76000000,0x0000002e76100000]
Native frames: (J=compiled Java code, j=interpreted, Vv=VM code, C=native code)
V  [jvm.dll+0x6d68d9]
V  [jvm.dll+0x866693]
V  [jvm.dll+0x868c4e]
V  [jvm.dll+0x869333]
V  [jvm.dll+0x280566]
V  [jvm.dll+0x86155e]
V  [jvm.dll+0x679fd5]
V  [jvm.dll+0x67a03a]
V  [jvm.dll+0x67c896]
V  [jvm.dll+0x67c762]
V  [jvm.dll+0x67a9ce]
V  [jvm.dll+0x26c436]
V  [jvm.dll+0x216dcb]
V  [jvm.dll+0x20c21a]
V  [jvm.dll+0x5b72a5]
V  [jvm.dll+0x21dcec]
V  [jvm.dll+0x7ddccc]
V  [jvm.dll+0x7ded62]
V  [jvm.dll+0x7df324]
V  [jvm.dll+0x7defb8]
V  [jvm.dll+0x26eadb]
V  [jvm.dll+0x3d88ae]
C  0x000001cb369fa816

The last pc belongs to new (printed below).
Java frames: (J=compiled Java code, j=interpreted, Vv=VM code)
j  jdk.internal.util.ReferencedKeyMap.entryKey(Ljava/lang/Object;)Ljdk/internal/util/ReferenceKey;+20 java.base@21.0.8
j  jdk.internal.util.ReferencedKeyMap.internKey(Ljdk/internal/util/ReferencedKeyMap;Ljava/lang/Object;)Ljava/lang/Object;+2 java.base@21.0.8
j  jdk.internal.util.ReferencedKeyMap.intern(Ljdk/internal/util/ReferencedKeyMap;Ljava/lang/Object;)Ljava/lang/Object;+14 java.base@21.0.8
j  jdk.internal.util.ReferencedKeySet.intern(Ljava/lang/Object;)Ljava/lang/Object;+5 java.base@21.0.8
j  java.lang.invoke.MethodType.makeImpl(Ljava/lang/Class;[Ljava/lang/Class;Z)Ljava/lang/invoke/MethodType;+102 java.base@21.0.8
j  java.lang.invoke.MethodType.genericMethodType(IZ)Ljava/lang/invoke/MethodType;+73 java.base@21.0.8
j  java.lang.invoke.MethodType.methodType(Ljava/lang/Class;[Ljava/lang/Class;Z)Ljava/lang/invoke/MethodType;+45 java.base@21.0.8
j  java.lang.invoke.MethodTypeForm.canonicalize(Ljava/lang/invoke/MethodType;I)Ljava/lang/invoke/MethodType;+55 java.base@21.0.8
j  java.lang.invoke.MethodTypeForm.findForm(Ljava/lang/invoke/MethodType;)Ljava/lang/invoke/MethodTypeForm;+2 java.base@21.0.8
j  java.lang.invoke.MethodType.makeImpl(Ljava/lang/Class;[Ljava/lang/Class;Z)Ljava/lang/invoke/MethodType;+91 java.base@21.0.8
j  java.lang.invoke.MethodType.methodType(Ljava/lang/Class;[Ljava/lang/Class;Z)Ljava/lang/invoke/MethodType;+65 java.base@21.0.8
j  java.lang.invoke.MethodHandleNatives.findMethodHandleType(Ljava/lang/Class;[Ljava/lang/Class;)Ljava/lang/invoke/MethodType;+3 java.base@21.0.8
v  ~StubRoutines::call_stub 0x000001cb369e100d
j  org.jetbrains.kotlin.cli.common.CLICompiler.<init>()V+6
j  org.jetbrains.kotlin.cli.jvm.K2JVMCompiler.<init>()V+1
j  org.jetbrains.kotlin.cli.jvm.K2JVMCompiler$Companion.main([Ljava/lang/String;)V+13
j  org.jetbrains.kotlin.cli.jvm.K2JVMCompiler.main([Ljava/lang/String;)V+4
v  ~StubRoutines::call_stub 0x000001cb369e100d
new  187 new  [0x000001cb369fa6a0, 0x000001cb369fa8a0]  512 bytes
[MachCode]
  0x000001cb369fa6a0: 4883 ec08 | c5fa 1104 | 24eb 1f48 | 83ec 10c5 | fb11 0424 | eb14 4883 | ec10 4889 | 0424 48c7 
  0x000001cb369fa6c0: 4424 0800 | 0000 00eb | 0150 410f | b755 010f | cac1 ea10 | 488b 4de8 | 488b 4908 | 488b 4908 
  0x000001cb369fa6e0: 488b 4108 | 807c 1004 | 070f 85ca | 0000 0066 | 8b54 d148 | 488b 4928 | 488b 4cd1 | 0851 80b9 
  0x000001cb369fa700: 6101 0000 | 040f 85ad | 0000 008b | 5108 f6c2 | 010f 85a1 | 0000 0049 | 8b87 b801 | 0000 488d 
  0x000001cb369fa720: 1c10 493b | 9fc8 0100 | 000f 8789 | 0000 0049 | 899f b801 | 0000 4883 | ea10 0f84 | 0f00 0000 
  0x000001cb369fa740: 33c9 c1ea | 0348 894c | d008 48ff | ca75 f648 | c700 0100 | 0000 5933 | f689 700c | 48c1 e903 
  0x000001cb369fa760: 8948 0849 | ba19 fad8 | c9f8 7f00 | 0041 803a | 000f 843c | 0000 0050 | 488b c848 | 83ec 2040 
  0x000001cb369fa780: f6c4 0f0f | 8419 0000 | 0048 83ec | 0848 b8d0 | d792 c9f8 | 7f00 00ff | d048 83c4 | 08e9 0c00 
  0x000001cb369fa7a0: 0000 48b8 | d0d7 92c9 | f87f 0000 | ffd0 4883 | c420 58e9 | cb00 0000 | 5948 8b55 | e848 8b52 
  0x000001cb369fa7c0: 0848 8b52 | 0845 0fb7 | 4501 410f | c841 c1e8 | 10e8 0500 | 0000 e9a8 | 0000 0048 | 8d44 2408 
  0x000001cb369fa7e0: 4c89 6dc0 | 498b cfc5 | f877 4989 | afa8 0300 | 0049 8987 | 9803 0000 | 4883 ec20 | 40f6 c40f 
  0x000001cb369fa800: 0f84 1900 | 0000 4883 | ec08 48b8 | 6088 5cc9 | f87f 0000 | ffd0 4883 | c408 e90c | 0000 0048 
  0x000001cb369fa820: b860 885c | c9f8 7f00 | 00ff d048 | 83c4 2049 | c787 9803 | 0000 0000 | 0000 49c7 | 87a8 0300 
  0x000001cb369fa840: 0000 0000 | 0049 c787 | a003 0000 | 0000 0000 | c5f8 7749 | 837f 0800 | 0f84 0500 | 0000 e99d 
  0x000001cb369fa860: 66fe ff49 | 8b87 f003 | 0000 49c7 | 87f0 0300 | 0000 0000 | 004c 8b6d | c04c 8b75 | c84e 8d74 
  0x000001cb369fa880: f500 c341 | 0fb6 5d03 | 4983 c503 | 49ba b0c5 | dbc9 f87f | 0000 41ff | 24da 660f | 1f44 0000 
[/MachCode]

---------------  P R O C E S S  ---------------

Threads class SMR info:
_java_thread_list=0x000001cb4291efb0, length=11, elements={
0x000001cb2c34e7c0, 0x000001cb427744f0, 0x000001cb4261d530, 0x000001cb4278a700,
0x000001cb4278bcc0, 0x000001cb4278c720, 0x000001cb42795440, 0x000001cb42796640,
0x000001cb4279dfc0, 0x000001cb4279ea60, 0x000001cb42946f30
}

Java Threads: ( => current thread )
=>0x000001cb2c34e7c0 JavaThread "main"                              [_thread_in_vm, id=19256, stack(0x0000002e76000000,0x0000002e76100000) (1024K)]
  0x000001cb427744f0 JavaThread "Common-Cleaner"             daemon [_thread_blocked, id=3540, stack(0x0000002e76800000,0x0000002e76900000) (1024K)]
  0x000001cb4261d530 JavaThread "Reference Handler"          daemon [_thread_blocked, id=22052, stack(0x0000002e76900000,0x0000002e76a00000) (1024K)]
  0x000001cb4278a700 JavaThread "Finalizer"                  daemon [_thread_blocked, id=30632, stack(0x0000002e76a00000,0x0000002e76b00000) (1024K)]
  0x000001cb4278bcc0 JavaThread "Signal Dispatcher"          daemon [_thread_blocked, id=5552, stack(0x0000002e76b00000,0x0000002e76c00000) (1024K)]
  0x000001cb4278c720 JavaThread "Attach Listener"            daemon [_thread_blocked, id=5824, stack(0x0000002e76c00000,0x0000002e76d00000) (1024K)]
  0x000001cb42795440 JavaThread "Service Thread"             daemon [_thread_blocked, id=25948, stack(0x0000002e76d00000,0x0000002e76e00000) (1024K)]
  0x000001cb42796640 JavaThread "Monitor Deflation Thread"   daemon [_thread_blocked, id=24168, stack(0x0000002e76e00000,0x0000002e76f00000) (1024K)]
  0x000001cb4279dfc0 JavaThread "C2 CompilerThread0"         daemon [_thread_blocked, id=15504, stack(0x0000002e76f00000,0x0000002e77000000) (1024K)]
  0x000001cb4279ea60 JavaThread "C1 CompilerThread0"         daemon [_thread_blocked, id=24592, stack(0x0000002e77000000,0x0000002e77100000) (1024K)]
  0x000001cb42946f30 JavaThread "Notification Thread"        daemon [_thread_blocked, id=21548, stack(0x0000002e77100000,0x0000002e77200000) (1024K)]
Total: 11

Other Threads:
  0x000001cb425b6250 VMThread "VM Thread"                           [id=23624, stack(0x0000002e76700000,0x0000002e76800000) (1024K)]
  0x000001cb4255cae0 WatcherThread "VM Periodic Task Thread"        [id=14864, stack(0x0000002e76600000,0x0000002e76700000) (1024K)]
  0x000001cb2c387e30 WorkerThread "GC Thread#0"                     [id=16768, stack(0x0000002e76100000,0x0000002e76200000) (1024K)]
  0x000001cb2c391360 ConcurrentGCThread "G1 Main Marker"            [id=16240, stack(0x0000002e76200000,0x0000002e76300000) (1024K)]
  0x000001cb2c391e60 WorkerThread "G1 Conc#0"                       [id=17480, stack(0x0000002e76300000,0x0000002e76400000) (1024K)]
  0x000001cb424310a0 ConcurrentGCThread "G1 Refine#0"               [id=23028, stack(0x0000002e76400000,0x0000002e76500000) (1024K)]
  0x000001cb42431c10 ConcurrentGCThread "G1 Service"                [id=17820, stack(0x0000002e76500000,0x0000002e76600000) (1024K)]
Total: 7

Threads with active compile tasks:
Total: 0

VM state: not at safepoint (normal execution)

VM Mutex/Monitor currently owned by a thread:  ([mutex/lock_event])
[0x00007ff8c9da6438] Metaspace_lock - owner thread: 0x000001cb2c34e7c0

Heap address: 0x00000000c1e00000, size: 994 MB, Compressed Oops mode: 32-bit

CDS archive(s) not mapped
Compressed class space mapped at: 0x0000000100000000-0x0000000140000000, reserved size: 1073741824
Narrow klass base: 0x0000000000000000, Narrow klass shift: 3, Narrow klass range: 0x140000000

GC Precious Log:
 CardTable entry size: 512
 Card Set container configuration: InlinePtr #cards 5 size 8 Array Of Cards #cards 12 size 40 Howl #buckets 4 coarsen threshold 1843 Howl Bitmap #cards 512 size 80 coarsen threshold 460 Card regions per heap region 1 cards per card region 2048
 CPUs: 8 total, 8 available
 Memory: 3968M
 Large Page Support: Disabled
 NUMA Support: Disabled
 Compressed Oops: Enabled (32-bit)
 Heap Region Size: 1M
 Heap Min Capacity: 8M
 Heap Initial Capacity: 64M
 Heap Max Capacity: 994M
 Pre-touch: Disabled
 Parallel Workers: 8
 Concurrent Workers: 2
 Concurrent Refinement Workers: 8
 Periodic GC: Disabled

Heap:
 garbage-first heap   total 65536K, used 7168K [0x00000000c1e00000, 0x0000000100000000)
  region size 1024K, 4 young (4096K), 0 survivors (0K)
 Metaspace       used 5699K, committed 5824K, reserved 1114112K
  class space    used 515K, committed 640K, reserved 1048576K

Heap Regions: E=young(eden), S=young(survivor), O=old, HS=humongous(starts), HC=humongous(continues), CS=collection set, F=free, TAMS=top-at-mark-start, PB=parsable bottom
|   0|0x00000000c1e00000, 0x00000000c1f00000, 0x00000000c1f00000|100%|HS|  |TAMS 0x00000000c1e00000| PB 0x00000000c1e00000| Complete 
|   1|0x00000000c1f00000, 0x00000000c2000000, 0x00000000c2000000|100%|HC|  |TAMS 0x00000000c1f00000| PB 0x00000000c1f00000| Complete 
|   2|0x00000000c2000000, 0x00000000c2100000, 0x00000000c2100000|100%|HC|  |TAMS 0x00000000c2000000| PB 0x00000000c2000000| Complete 
|   3|0x00000000c2100000, 0x00000000c2200000, 0x00000000c2200000|100%|HC|  |TAMS 0x00000000c2100000| PB 0x00000000c2100000| Complete 
|   4|0x00000000c2200000, 0x00000000c2200000, 0x00000000c2300000|  0%| F|  |TAMS 0x00000000c2200000| PB 0x00000000c2200000| Untracked 
|   5|0x00000000c2300000, 0x00000000c2300000, 0x00000000c2400000|  0%| F|  |TAMS 0x00000000c2300000| PB 0x00000000c2300000| Untracked 
|   6|0x00000000c2400000, 0x00000000c2400000, 0x00000000c2500000|  0%| F|  |TAMS 0x00000000c2400000| PB 0x00000000c2400000| Untracked 
|   7|0x00000000c2500000, 0x00000000c2500000, 0x00000000c2600000|  0%| F|  |TAMS 0x00000000c2500000| PB 0x00000000c2500000| Untracked 
|   8|0x00000000c2600000, 0x00000000c2600000, 0x00000000c2700000|  0%| F|  |TAMS 0x00000000c2600000| PB 0x00000000c2600000| Untracked 
|   9|0x00000000c2700000, 0x00000000c2700000, 0x00000000c2800000|  0%| F|  |TAMS 0x00000000c2700000| PB 0x00000000c2700000| Untracked 
|  10|0x00000000c2800000, 0x00000000c2800000, 0x00000000c2900000|  0%| F|  |TAMS 0x00000000c2800000| PB 0x00000000c2800000| Untracked 
|  11|0x00000000c2900000, 0x00000000c2900000, 0x00000000c2a00000|  0%| F|  |TAMS 0x00000000c2900000| PB 0x00000000c2900000| Untracked 
|  12|0x00000000c2a00000, 0x00000000c2a00000, 0x00000000c2b00000|  0%| F|  |TAMS 0x00000000c2a00000| PB 0x00000000c2a00000| Untracked 
|  13|0x00000000c2b00000, 0x00000000c2b00000, 0x00000000c2c00000|  0%| F|  |TAMS 0x00000000c2b00000| PB 0x00000000c2b00000| Untracked 
|  14|0x00000000c2c00000, 0x00000000c2c00000, 0x00000000c2d00000|  0%| F|  |TAMS 0x00000000c2c00000| PB 0x00000000c2c00000| Untracked 
|  15|0x00000000c2d00000, 0x00000000c2d00000, 0x00000000c2e00000|  0%| F|  |TAMS 0x00000000c2d00000| PB 0x00000000c2d00000| Untracked 
|  16|0x00000000c2e00000, 0x00000000c2e00000, 0x00000000c2f00000|  0%| F|  |TAMS 0x00000000c2e00000| PB 0x00000000c2e00000| Untracked 
|  17|0x00000000c2f00000, 0x00000000c2f00000, 0x00000000c3000000|  0%| F|  |TAMS 0x00000000c2f00000| PB 0x00000000c2f00000| Untracked 
|  18|0x00000000c3000000, 0x00000000c3000000, 0x00000000c3100000|  0%| F|  |TAMS 0x00000000c3000000| PB 0x00000000c3000000| Untracked 
|  19|0x00000000c3100000, 0x00000000c3100000, 0x00000000c3200000|  0%| F|  |TAMS 0x00000000c3100000| PB 0x00000000c3100000| Untracked 
|  20|0x00000000c3200000, 0x00000000c3200000, 0x00000000c3300000|  0%| F|  |TAMS 0x00000000c3200000| PB 0x00000000c3200000| Untracked 
|  21|0x00000000c3300000, 0x00000000c3300000, 0x00000000c3400000|  0%| F|  |TAMS 0x00000000c3300000| PB 0x00000000c3300000| Untracked 
|  22|0x00000000c3400000, 0x00000000c3400000, 0x00000000c3500000|  0%| F|  |TAMS 0x00000000c3400000| PB 0x00000000c3400000| Untracked 
|  23|0x00000000c3500000, 0x00000000c3500000, 0x00000000c3600000|  0%| F|  |TAMS 0x00000000c3500000| PB 0x00000000c3500000| Untracked 
|  24|0x00000000c3600000, 0x00000000c3600000, 0x00000000c3700000|  0%| F|  |TAMS 0x00000000c3600000| PB 0x00000000c3600000| Untracked 
|  25|0x00000000c3700000, 0x00000000c3700000, 0x00000000c3800000|  0%| F|  |TAMS 0x00000000c3700000| PB 0x00000000c3700000| Untracked 
|  26|0x00000000c3800000, 0x00000000c3800000, 0x00000000c3900000|  0%| F|  |TAMS 0x00000000c3800000| PB 0x00000000c3800000| Untracked 
|  27|0x00000000c3900000, 0x00000000c3900000, 0x00000000c3a00000|  0%| F|  |TAMS 0x00000000c3900000| PB 0x00000000c3900000| Untracked 
|  28|0x00000000c3a00000, 0x00000000c3a00000, 0x00000000c3b00000|  0%| F|  |TAMS 0x00000000c3a00000| PB 0x00000000c3a00000| Untracked 
|  29|0x00000000c3b00000, 0x00000000c3b00000, 0x00000000c3c00000|  0%| F|  |TAMS 0x00000000c3b00000| PB 0x00000000c3b00000| Untracked 
|  30|0x00000000c3c00000, 0x00000000c3c00000, 0x00000000c3d00000|  0%| F|  |TAMS 0x00000000c3c00000| PB 0x00000000c3c00000| Untracked 
|  31|0x00000000c3d00000, 0x00000000c3d00000, 0x00000000c3e00000|  0%| F|  |TAMS 0x00000000c3d00000| PB 0x00000000c3d00000| Untracked 
|  32|0x00000000c3e00000, 0x00000000c3e00000, 0x00000000c3f00000|  0%| F|  |TAMS 0x00000000c3e00000| PB 0x00000000c3e00000| Untracked 
|  33|0x00000000c3f00000, 0x00000000c3f00000, 0x00000000c4000000|  0%| F|  |TAMS 0x00000000c3f00000| PB 0x00000000c3f00000| Untracked 
|  34|0x00000000c4000000, 0x00000000c4000000, 0x00000000c4100000|  0%| F|  |TAMS 0x00000000c4000000| PB 0x00000000c4000000| Untracked 
|  35|0x00000000c4100000, 0x00000000c4100000, 0x00000000c4200000|  0%| F|  |TAMS 0x00000000c4100000| PB 0x00000000c4100000| Untracked 
|  36|0x00000000c4200000, 0x00000000c4200000, 0x00000000c4300000|  0%| F|  |TAMS 0x00000000c4200000| PB 0x00000000c4200000| Untracked 
|  37|0x00000000c4300000, 0x00000000c4300000, 0x00000000c4400000|  0%| F|  |TAMS 0x00000000c4300000| PB 0x00000000c4300000| Untracked 
|  38|0x00000000c4400000, 0x00000000c4400000, 0x00000000c4500000|  0%| F|  |TAMS 0x00000000c4400000| PB 0x00000000c4400000| Untracked 
|  39|0x00000000c4500000, 0x00000000c4500000, 0x00000000c4600000|  0%| F|  |TAMS 0x00000000c4500000| PB 0x00000000c4500000| Untracked 
|  40|0x00000000c4600000, 0x00000000c4600000, 0x00000000c4700000|  0%| F|  |TAMS 0x00000000c4600000| PB 0x00000000c4600000| Untracked 
|  41|0x00000000c4700000, 0x00000000c4700000, 0x00000000c4800000|  0%| F|  |TAMS 0x00000000c4700000| PB 0x00000000c4700000| Untracked 
|  42|0x00000000c4800000, 0x00000000c4800000, 0x00000000c4900000|  0%| F|  |TAMS 0x00000000c4800000| PB 0x00000000c4800000| Untracked 
|  43|0x00000000c4900000, 0x00000000c4900000, 0x00000000c4a00000|  0%| F|  |TAMS 0x00000000c4900000| PB 0x00000000c4900000| Untracked 
|  44|0x00000000c4a00000, 0x00000000c4a00000, 0x00000000c4b00000|  0%| F|  |TAMS 0x00000000c4a00000| PB 0x00000000c4a00000| Untracked 
|  45|0x00000000c4b00000, 0x00000000c4b00000, 0x00000000c4c00000|  0%| F|  |TAMS 0x00000000c4b00000| PB 0x00000000c4b00000| Untracked 
|  46|0x00000000c4c00000, 0x00000000c4c00000, 0x00000000c4d00000|  0%| F|  |TAMS 0x00000000c4c00000| PB 0x00000000c4c00000| Untracked 
|  47|0x00000000c4d00000, 0x00000000c4d00000, 0x00000000c4e00000|  0%| F|  |TAMS 0x00000000c4d00000| PB 0x00000000c4d00000| Untracked 
|  48|0x00000000c4e00000, 0x00000000c4e00000, 0x00000000c4f00000|  0%| F|  |TAMS 0x00000000c4e00000| PB 0x00000000c4e00000| Untracked 
|  49|0x00000000c4f00000, 0x00000000c4f00000, 0x00000000c5000000|  0%| F|  |TAMS 0x00000000c4f00000| PB 0x00000000c4f00000| Untracked 
|  50|0x00000000c5000000, 0x00000000c5000000, 0x00000000c5100000|  0%| F|  |TAMS 0x00000000c5000000| PB 0x00000000c5000000| Untracked 
|  51|0x00000000c5100000, 0x00000000c5100000, 0x00000000c5200000|  0%| F|  |TAMS 0x00000000c5100000| PB 0x00000000c5100000| Untracked 
|  52|0x00000000c5200000, 0x00000000c5200000, 0x00000000c5300000|  0%| F|  |TAMS 0x00000000c5200000| PB 0x00000000c5200000| Untracked 
|  53|0x00000000c5300000, 0x00000000c5300000, 0x00000000c5400000|  0%| F|  |TAMS 0x00000000c5300000| PB 0x00000000c5300000| Untracked 
|  54|0x00000000c5400000, 0x00000000c5400000, 0x00000000c5500000|  0%| F|  |TAMS 0x00000000c5400000| PB 0x00000000c5400000| Untracked 
|  55|0x00000000c5500000, 0x00000000c5500000, 0x00000000c5600000|  0%| F|  |TAMS 0x00000000c5500000| PB 0x00000000c5500000| Untracked 
|  56|0x00000000c5600000, 0x00000000c5600000, 0x00000000c5700000|  0%| F|  |TAMS 0x00000000c5600000| PB 0x00000000c5600000| Untracked 
|  57|0x00000000c5700000, 0x00000000c5700000, 0x00000000c5800000|  0%| F|  |TAMS 0x00000000c5700000| PB 0x00000000c5700000| Untracked 
|  58|0x00000000c5800000, 0x00000000c5800000, 0x00000000c5900000|  0%| F|  |TAMS 0x00000000c5800000| PB 0x00000000c5800000| Untracked 
|  59|0x00000000c5900000, 0x00000000c5900000, 0x00000000c5a00000|  0%| F|  |TAMS 0x00000000c5900000| PB 0x00000000c5900000| Untracked 
|  60|0x00000000c5a00000, 0x00000000c5af4440, 0x00000000c5b00000| 95%| E|  |TAMS 0x00000000c5a00000| PB 0x00000000c5a00000| Complete 
|  61|0x00000000c5b00000, 0x00000000c5c00000, 0x00000000c5c00000|100%| E|CS|TAMS 0x00000000c5b00000| PB 0x00000000c5b00000| Complete 
|  62|0x00000000c5c00000, 0x00000000c5d00000, 0x00000000c5d00000|100%| E|CS|TAMS 0x00000000c5c00000| PB 0x00000000c5c00000| Complete 
|  63|0x00000000c5d00000, 0x00000000c5e00000, 0x00000000c5e00000|100%| E|CS|TAMS 0x00000000c5d00000| PB 0x00000000c5d00000| Complete 

Card table byte_map: [0x000001cb3e9e0000,0x000001cb3ebe0000] _byte_map_base: 0x000001cb3e3d1000

Marking Bits: (CMBitMap*) 0x000001cb2c388530
 Bits: [0x000001cb3ebe0000, 0x000001cb3fb68000)

Polling page: 0x000001cb2a210000

Metaspace:

Usage:
  Non-class:      5.06 MB used.
      Class:    515.70 KB used.
       Both:      5.57 MB used.

Virtual space:
  Non-class space:       64.00 MB reserved,       5.06 MB (  8%) committed,  1 nodes.
      Class space:        1.00 GB reserved,     640.00 KB ( <1%) committed,  1 nodes.
             Both:        1.06 GB reserved,       5.69 MB ( <1%) committed. 

Chunk freelists:
   Non-Class:  10.75 MB
       Class:  15.23 MB
        Both:  25.98 MB

MaxMetaspaceSize: unlimited
CompressedClassSpaceSize: 1.00 GB
Initial GC threshold: 21.00 MB
Current GC threshold: 21.00 MB
CDS: off
 - commit_granule_bytes: 65536.
 - commit_granule_words: 8192.
 - virtual_space_node_default_size: 8388608.
 - enlarge_chunks_in_place: 1.
 - use_allocation_guard: 0.


Internal statistics:

num_allocs_failed_limit: 0.
num_arena_births: 4.
num_arena_deaths: 0.
num_vsnodes_births: 2.
num_vsnodes_deaths: 0.
num_space_committed: 91.
num_space_uncommitted: 0.
num_chunks_returned_to_freelist: 0.
num_chunks_taken_from_freelist: 24.
num_chunk_merges: 0.
num_chunk_splits: 13.
num_chunks_enlarged: 10.
num_inconsistent_stats: 0.

CodeHeap 'non-profiled nmethods': size=120000Kb used=43Kb max_used=43Kb free=119956Kb
 bounds [0x000001cb36f80000, 0x000001cb371f0000, 0x000001cb3e4b0000]
CodeHeap 'profiled nmethods': size=120000Kb used=177Kb max_used=177Kb free=119822Kb
 bounds [0x000001cb2f4b0000, 0x000001cb2f720000, 0x000001cb369e0000]
CodeHeap 'non-nmethods': size=5760Kb used=1190Kb max_used=1200Kb free=4569Kb
 bounds [0x000001cb369e0000, 0x000001cb36c50000, 0x000001cb36f80000]
CodeCache: size=245760Kb, used=1410Kb, max_used=1420Kb, free=244347Kb
 total_blobs=483, nmethods=145, adapters=243, full_count=0
Compilation: enabled, stopped_count=0, restarted_count=0

Compilation events (20 events):
Event: 0.598 Thread 0x000001cb4279ea60  135       3       sun.nio.fs.WindowsPathParser::isInvalidPathChar (22 bytes)
Event: 0.598 Thread 0x000001cb4279ea60 nmethod 135 0x000001cb2f4d9910 code [0x000001cb2f4d9ac0, 0x000001cb2f4d9cd8]
Event: 0.598 Thread 0x000001cb4279ea60  136       3       sun.nio.fs.WindowsPathParser::isSlash (18 bytes)
Event: 0.598 Thread 0x000001cb4279ea60 nmethod 136 0x000001cb2f4d9d90 code [0x000001cb2f4d9f20, 0x000001cb2f4da090]
Event: 0.598 Thread 0x000001cb4279ea60  138       3       java.lang.CharacterDataLatin1::toLowerCase (44 bytes)
Event: 0.598 Thread 0x000001cb4279ea60 nmethod 138 0x000001cb2f4da110 code [0x000001cb2f4da2c0, 0x000001cb2f4da528]
Event: 0.607 Thread 0x000001cb4279dfc0  139       4       java.lang.String::charAt (25 bytes)
Event: 0.607 Thread 0x000001cb4279ea60  140       1       java.util.jar.Attributes$Name::hashCode (5 bytes)
Event: 0.607 Thread 0x000001cb4279ea60 nmethod 140 0x000001cb36f8a610 code [0x000001cb36f8a7a0, 0x000001cb36f8a868]
Event: 0.608 Thread 0x000001cb4279dfc0 nmethod 139 0x000001cb36f8a910 code [0x000001cb36f8aaa0, 0x000001cb36f8abc8]
Event: 0.609 Thread 0x000001cb4279ea60  141       3       java.util.concurrent.ConcurrentHashMap::get (162 bytes)
Event: 0.609 Thread 0x000001cb4279ea60 nmethod 141 0x000001cb2f4da590 code [0x000001cb2f4da800, 0x000001cb2f4db218]
Event: 0.610 Thread 0x000001cb4279ea60  142       3       jdk.internal.util.Preconditions::checkFromIndexSize (25 bytes)
Event: 0.610 Thread 0x000001cb4279ea60 nmethod 142 0x000001cb2f4db510 code [0x000001cb2f4db6c0, 0x000001cb2f4db868]
Event: 0.610 Thread 0x000001cb4279ea60  143       3       java.util.Objects::requireNonNull (15 bytes)
Event: 0.610 Thread 0x000001cb4279ea60 nmethod 143 0x000001cb2f4db910 code [0x000001cb2f4dbac0, 0x000001cb2f4dbca0]
Event: 0.610 Thread 0x000001cb4279ea60  144       3       jdk.internal.util.Preconditions::checkFromToIndex (24 bytes)
Event: 0.610 Thread 0x000001cb4279ea60 nmethod 144 0x000001cb2f4dbd90 code [0x000001cb2f4dbf40, 0x000001cb2f4dc108]
Event: 0.611 Thread 0x000001cb4279ea60  145       3       java.lang.String::lastIndexOf (29 bytes)
Event: 0.612 Thread 0x000001cb4279ea60 nmethod 145 0x000001cb2f4dc210 code [0x000001cb2f4dc3e0, 0x000001cb2f4dc678]

GC Heap History (0 events):
No events

Dll operation events (2 events):
Event: 0.034 Loaded shared library D:\Android\Android Studio\jbr\bin\java.dll
Event: 0.066 Loaded shared library D:\Android\Android Studio\jbr\bin\zip.dll

Deoptimization events (20 events):
Event: 0.561 Thread 0x000001cb2c34e7c0 DEOPT PACKING pc=0x000001cb2f4ccd49 sp=0x0000002e760fd8b0
Event: 0.561 Thread 0x000001cb2c34e7c0 DEOPT UNPACKING pc=0x000001cb36a34e42 sp=0x0000002e760fcd20 mode 0
Event: 0.561 Thread 0x000001cb2c34e7c0 DEOPT PACKING pc=0x000001cb2f4ccd49 sp=0x0000002e760fd8b0
Event: 0.561 Thread 0x000001cb2c34e7c0 DEOPT UNPACKING pc=0x000001cb36a34e42 sp=0x0000002e760fcd20 mode 0
Event: 0.561 Thread 0x000001cb2c34e7c0 DEOPT PACKING pc=0x000001cb2f4ccd49 sp=0x0000002e760fd8b0
Event: 0.561 Thread 0x000001cb2c34e7c0 DEOPT UNPACKING pc=0x000001cb36a34e42 sp=0x0000002e760fcd20 mode 0
Event: 0.561 Thread 0x000001cb2c34e7c0 DEOPT PACKING pc=0x000001cb2f4ccd49 sp=0x0000002e760fd8b0
Event: 0.561 Thread 0x000001cb2c34e7c0 DEOPT UNPACKING pc=0x000001cb36a34e42 sp=0x0000002e760fcd20 mode 0
Event: 0.561 Thread 0x000001cb2c34e7c0 DEOPT PACKING pc=0x000001cb2f4ccd49 sp=0x0000002e760fd8b0
Event: 0.561 Thread 0x000001cb2c34e7c0 DEOPT UNPACKING pc=0x000001cb36a34e42 sp=0x0000002e760fcd20 mode 0
Event: 0.561 Thread 0x000001cb2c34e7c0 DEOPT PACKING pc=0x000001cb2f4ccd49 sp=0x0000002e760fd8b0
Event: 0.561 Thread 0x000001cb2c34e7c0 DEOPT UNPACKING pc=0x000001cb36a34e42 sp=0x0000002e760fcd20 mode 0
Event: 0.561 Thread 0x000001cb2c34e7c0 DEOPT PACKING pc=0x000001cb2f4ccd49 sp=0x0000002e760fd8b0
Event: 0.561 Thread 0x000001cb2c34e7c0 DEOPT UNPACKING pc=0x000001cb36a34e42 sp=0x0000002e760fcd20 mode 0
Event: 0.561 Thread 0x000001cb2c34e7c0 DEOPT PACKING pc=0x000001cb2f4ccd49 sp=0x0000002e760fd8b0
Event: 0.561 Thread 0x000001cb2c34e7c0 DEOPT UNPACKING pc=0x000001cb36a34e42 sp=0x0000002e760fcd20 mode 0
Event: 0.561 Thread 0x000001cb2c34e7c0 DEOPT PACKING pc=0x000001cb2f4ccd49 sp=0x0000002e760fd8b0
Event: 0.561 Thread 0x000001cb2c34e7c0 DEOPT UNPACKING pc=0x000001cb36a34e42 sp=0x0000002e760fcd20 mode 0
Event: 0.561 Thread 0x000001cb2c34e7c0 DEOPT PACKING pc=0x000001cb2f4ccd49 sp=0x0000002e760fd8b0
Event: 0.561 Thread 0x000001cb2c34e7c0 DEOPT UNPACKING pc=0x000001cb36a34e42 sp=0x0000002e760fcd20 mode 0

Classes loaded (20 events):
Event: 0.612 Loading class java/lang/IllegalStateException done
Event: 0.612 Loading class java/lang/AssertionError
Event: 0.612 Loading class java/lang/AssertionError done
Event: 0.612 Loading class java/lang/UnsupportedOperationException
Event: 0.612 Loading class java/lang/UnsupportedOperationException done
Event: 0.612 Loading class java/lang/invoke/LambdaMetafactory
Event: 0.612 Loading class java/lang/invoke/LambdaMetafactory done
Event: 0.613 Loading class java/lang/invoke/MethodType$1
Event: 0.613 Loading class java/lang/invoke/MethodType$1 done
Event: 0.613 Loading class jdk/internal/util/ReferencedKeySet
Event: 0.613 Loading class jdk/internal/util/ReferencedKeySet done
Event: 0.613 Loading class jdk/internal/util/ReferencedKeyMap
Event: 0.613 Loading class jdk/internal/util/ReferencedKeyMap done
Event: 0.613 Loading class jdk/internal/util/StrongReferenceKey
Event: 0.613 Loading class jdk/internal/util/ReferenceKey
Event: 0.613 Loading class jdk/internal/util/ReferenceKey done
Event: 0.613 Loading class jdk/internal/util/StrongReferenceKey done
Event: 0.613 Loading class java/lang/invoke/MethodTypeForm
Event: 0.613 Loading class java/lang/invoke/MethodTypeForm done
Event: 0.613 Loading class jdk/internal/util/WeakReferenceKey

Classes unloaded (0 events):
No events

Classes redefined (0 events):
No events

Internal exceptions (0 events):
No events

ZGC Phase Switch (0 events):
No events

VM Operations (2 events):
Event: 0.578 Executing VM operation: HandshakeAllThreads (Deoptimize)
Event: 0.578 Executing VM operation: HandshakeAllThreads (Deoptimize) done

Memory protections (0 events):
No events

Nmethod flushes (0 events):
No events

Events (14 events):
Event: 0.060 Thread 0x000001cb2c34e7c0 Thread added: 0x000001cb2c34e7c0
Event: 0.221 Thread 0x000001cb2c34e7c0 Thread added: 0x000001cb427744f0
Event: 0.251 Thread 0x000001cb2c34e7c0 Thread added: 0x000001cb4261d530
Event: 0.251 Thread 0x000001cb2c34e7c0 Thread added: 0x000001cb4278a700
Event: 0.255 Thread 0x000001cb2c34e7c0 Thread added: 0x000001cb4278bcc0
Event: 0.255 Thread 0x000001cb2c34e7c0 Thread added: 0x000001cb4278c720
Event: 0.255 Thread 0x000001cb2c34e7c0 Thread added: 0x000001cb42795440
Event: 0.255 Thread 0x000001cb2c34e7c0 Thread added: 0x000001cb42796640
Event: 0.256 Thread 0x000001cb2c34e7c0 Thread added: 0x000001cb4279dfc0
Event: 0.257 Thread 0x000001cb2c34e7c0 Thread added: 0x000001cb4279ea60
Event: 0.425 Thread 0x000001cb2c34e7c0 Thread added: 0x000001cb42946f30
Event: 0.460 Loaded shared library D:\Android\Android Studio\jbr\bin\net.dll
Event: 0.480 Loaded shared library D:\Android\Android Studio\jbr\bin\nio.dll
Event: 0.574 Loaded shared library D:\Android\Android Studio\jbr\bin\zip.dll


Dynamic libraries:
0x00007ff6305f0000 - 0x00007ff6305fa000 	D:\Android\Android Studio\jbr\bin\java.exe
0x00007ff92faf0000 - 0x00007ff92fce8000 	C:\WINDOWS\SYSTEM32\ntdll.dll
0x00007ff92e3a0000 - 0x00007ff92e461000 	C:\WINDOWS\System32\KERNEL32.DLL
0x00007ff92d3f0000 - 0x00007ff92d6ed000 	C:\WINDOWS\System32\KERNELBASE.dll
0x00007ff92da20000 - 0x00007ff92db20000 	C:\WINDOWS\System32\ucrtbase.dll
0x00007ff925c00000 - 0x00007ff925c1b000 	D:\Android\Android Studio\jbr\bin\VCRUNTIME140.dll
0x00007ff925af0000 - 0x00007ff925b08000 	D:\Android\Android Studio\jbr\bin\jli.dll
0x00007ff92ddd0000 - 0x00007ff92df6d000 	C:\WINDOWS\System32\USER32.dll
0x00007ff92d350000 - 0x00007ff92d372000 	C:\WINDOWS\System32\win32u.dll
0x00007ff92fa80000 - 0x00007ff92faab000 	C:\WINDOWS\System32\GDI32.dll
0x00007ff921c30000 - 0x00007ff921eca000 	C:\WINDOWS\WinSxS\amd64_microsoft.windows.common-controls_6595b64144ccf1df_6.0.19041.4355_none_60b8b9eb71f62e16\COMCTL32.dll
0x00007ff92d6f0000 - 0x00007ff92d807000 	C:\WINDOWS\System32\gdi32full.dll
0x00007ff92e4f0000 - 0x00007ff92e58e000 	C:\WINDOWS\System32\msvcrt.dll
0x00007ff92d8c0000 - 0x00007ff92d95d000 	C:\WINDOWS\System32\msvcp_win.dll
0x00007ff92e010000 - 0x00007ff92e03f000 	C:\WINDOWS\System32\IMM32.DLL
0x00007ff927e70000 - 0x00007ff927e7c000 	D:\Android\Android Studio\jbr\bin\vcruntime140_1.dll
0x00007ff90b9e0000 - 0x00007ff90ba6d000 	D:\Android\Android Studio\jbr\bin\msvcp140.dll
0x00007ff8c91f0000 - 0x00007ff8c9e86000 	D:\Android\Android Studio\jbr\bin\server\jvm.dll
0x00007ff92dc40000 - 0x00007ff92dcf0000 	C:\WINDOWS\System32\ADVAPI32.dll
0x00007ff92f910000 - 0x00007ff92f9b0000 	C:\WINDOWS\System32\sechost.dll
0x00007ff92ea60000 - 0x00007ff92eb83000 	C:\WINDOWS\System32\RPCRT4.dll
0x00007ff92d9f0000 - 0x00007ff92da17000 	C:\WINDOWS\System32\bcrypt.dll
0x00007ff92f9b0000 - 0x00007ff92fa1b000 	C:\WINDOWS\System32\WS2_32.dll
0x00007ff922370000 - 0x00007ff922397000 	C:\WINDOWS\SYSTEM32\WINMM.dll
0x00007ff92c6e0000 - 0x00007ff92c72b000 	C:\WINDOWS\SYSTEM32\POWRPROF.dll
0x00007ff924930000 - 0x00007ff92493a000 	C:\WINDOWS\SYSTEM32\VERSION.dll
0x00007ff92c5a0000 - 0x00007ff92c5b2000 	C:\WINDOWS\SYSTEM32\UMPDC.dll
0x00007ff92b9e0000 - 0x00007ff92b9f2000 	C:\WINDOWS\SYSTEM32\kernel.appcore.dll
0x00007ff925ae0000 - 0x00007ff925aea000 	D:\Android\Android Studio\jbr\bin\jimage.dll
0x00007ff92ac20000 - 0x00007ff92ae04000 	C:\WINDOWS\SYSTEM32\DBGHELP.DLL
0x00007ff9139a0000 - 0x00007ff9139d4000 	C:\WINDOWS\SYSTEM32\dbgcore.DLL
0x00007ff92d960000 - 0x00007ff92d9e2000 	C:\WINDOWS\System32\bcryptPrimitives.dll
0x00007ff925aa0000 - 0x00007ff925ac0000 	D:\Android\Android Studio\jbr\bin\java.dll
0x00007ff925a80000 - 0x00007ff925a98000 	D:\Android\Android Studio\jbr\bin\zip.dll
0x00007ff92eb90000 - 0x00007ff92f2ff000 	C:\WINDOWS\System32\SHELL32.dll
0x00007ff92b220000 - 0x00007ff92b9c3000 	C:\WINDOWS\SYSTEM32\windows.storage.dll
0x00007ff92e040000 - 0x00007ff92e393000 	C:\WINDOWS\System32\combase.dll
0x00007ff92cbd0000 - 0x00007ff92cbfe000 	C:\WINDOWS\SYSTEM32\Wldp.dll
0x00007ff92dcf0000 - 0x00007ff92ddbd000 	C:\WINDOWS\System32\OLEAUT32.dll
0x00007ff92f6b0000 - 0x00007ff92f75d000 	C:\WINDOWS\System32\SHCORE.dll
0x00007ff92e590000 - 0x00007ff92e5e5000 	C:\WINDOWS\System32\shlwapi.dll
0x00007ff92d0d0000 - 0x00007ff92d0f4000 	C:\WINDOWS\SYSTEM32\profapi.dll
0x00007ff925a70000 - 0x00007ff925a80000 	D:\Android\Android Studio\jbr\bin\net.dll
0x00007ff926c70000 - 0x00007ff926d7d000 	C:\WINDOWS\SYSTEM32\WINHTTP.dll
0x00007ff92c930000 - 0x00007ff92c99a000 	C:\WINDOWS\system32\mswsock.dll
0x00007ff916140000 - 0x00007ff916156000 	D:\Android\Android Studio\jbr\bin\nio.dll

JVMTI agents: none

dbghelp: loaded successfully - version: 4.0.5 - missing functions: none
symbol engine: initialized successfully - sym options: 0x614 - pdb path: .;D:\Android\Android Studio\jbr\bin;C:\WINDOWS\SYSTEM32;C:\WINDOWS\WinSxS\amd64_microsoft.windows.common-controls_6595b64144ccf1df_6.0.19041.4355_none_60b8b9eb71f62e16;D:\Android\Android Studio\jbr\bin\server

VM Arguments:
java_command: org.jetbrains.kotlin.cli.jvm.K2JVMCompiler @D:\IT Projects\budolEcosystem\budolPayMobile\build\shared_preferences_android\20260102_10971963842961608686.compiler.options
java_class_path (initial): C:\Users\Administrator\.gradle\caches\modules-2\files-2.1\org.jetbrains.kotlin\kotlin-compiler-embeddable\2.2.20\bb8331b7585e36ea311825b01a1c06860c055fd1\kotlin-compiler-embeddable-2.2.20.jar;C:\Users\Administrator\.gradle\caches\modules-2\files-2.1\org.jetbrains.kotlin\kotlin-stdlib\2.2.20\5380b19fa1924399b62ce3a1faffebb2b4f82272\kotlin-stdlib-2.2.20.jar;C:\Users\Administrator\.gradle\caches\modules-2\files-2.1\org.jetbrains.kotlin\kotlin-script-runtime\2.2.20\4c679cbeac0bb583b75c3a080013da8eaf240807\kotlin-script-runtime-2.2.20.jar;C:\Users\Administrator\.gradle\caches\modules-2\files-2.1\org.jetbrains.kotlin\kotlin-reflect\1.6.10\1cbe9c92c12a94eea200d23c2bbaedaf3daf5132\kotlin-reflect-1.6.10.jar;C:\Users\Administrator\.gradle\caches\modules-2\files-2.1\org.jetbrains.kotlin\kotlin-daemon-embeddable\2.2.20\feff12d48d7f1eb628742b0a721395e16f8755bf\kotlin-daemon-embeddable-2.2.20.jar;C:\Users\Administrator\.gradle\caches\modules-2\files-2.1\org.jetbrains.kotlinx\kotlinx-coroutines-core-jvm\1.8.0\ac1dc37a30a93150b704022f8d895ee1bd3a36b3\kotlinx-coroutines-core-jvm-1.8.0.jar;C:\Users\Administrator\.gradle\caches\modules-2\files-2.1\org.jetbrains\annotations\13.0\919f0dfe192fb4e063e7dacadee7f8bb9a2672a9\annotations-13.0.jar
Launcher Type: SUN_STANDARD

[Global flags]
     intx CICompilerCount                          = 4                                         {product} {ergonomic}
     uint ConcGCThreads                            = 2                                         {product} {ergonomic}
     uint G1ConcRefinementThreads                  = 8                                         {product} {ergonomic}
   size_t G1HeapRegionSize                         = 1048576                                   {product} {ergonomic}
    uintx GCDrainStackTargetSize                   = 64                                        {product} {ergonomic}
   size_t InitialHeapSize                          = 67108864                                  {product} {ergonomic}
   size_t MarkStackSize                            = 4194304                                   {product} {ergonomic}
   size_t MaxHeapSize                              = 1042284544                                {product} {ergonomic}
   size_t MaxNewSize                               = 624951296                                 {product} {ergonomic}
   size_t MinHeapDeltaBytes                        = 1048576                                   {product} {ergonomic}
   size_t MinHeapSize                              = 8388608                                   {product} {ergonomic}
    uintx NonNMethodCodeHeapSize                   = 5839372                                {pd product} {ergonomic}
    uintx NonProfiledCodeHeapSize                  = 122909434                              {pd product} {ergonomic}
    uintx ProfiledCodeHeapSize                     = 122909434                              {pd product} {ergonomic}
    uintx ReservedCodeCacheSize                    = 251658240                              {pd product} {ergonomic}
     bool SegmentedCodeCache                       = true                                      {product} {ergonomic}
   size_t SoftMaxHeapSize                          = 1042284544                             {manageable} {ergonomic}
     bool UseCompressedOops                        = true                           {product lp64_product} {ergonomic}
     bool UseG1GC                                  = true                                      {product} {ergonomic}
     bool UseLargePagesIndividualAllocation        = false                                  {pd product} {ergonomic}

Logging:
Log output configuration:
 #0: stdout all=warning uptime,level,tags foldmultilines=false
 #1: stderr all=off uptime,level,tags foldmultilines=false

Environment Variables:
JAVA_HOME=D:\Android\Android Studio\jbr
CLASSPATH=D:\IT Projects\budolEcosystem\budolPayMobile\android\\gradle\wrapper\gradle-wrapper.jar
PATH=D:\Android\Android Studio\jbr\bin;c:\\Users\\Administrator\\.trae\\sdks\\workspaces\\8b594975\\versions\\node\\current;c:\\Users\\Administrator\\.trae\\sdks\\versions\\node\\current;D:\flutter\bin\;c:\Users\Administrator\.trae\sdks\workspaces\8b594975\versions\node\current;c:\Users\Administrator\.trae\sdks\versions\node\current;C:\Python312\Scripts\;C:\Python312\;C:\WINDOWS\system32;C:\WINDOWS;C:\WINDOWS\System32\Wbem;C:\WINDOWS\System32\WindowsPowerShell\v1.0\;C:\WINDOWS\System32\OpenSSH\;C:\ProgramData\chocolatey\bin;C:\Program Files\Docker\Docker\resources\bin;C:\Program Files\Git\cmd;C:\Program Files\Sniffnet\;C:\wamp64\bin\php\php8.2.13;C:\Program Files\Cloudflare\Cloudflare WARP\;C:\Program Files\cursor\resources\app\bin;C:\Program Files\nodejs\;d:\Trae\bin;C:\Users\Administrator\AppData\Local\Microsoft\WindowsApps;C:\Users\Administrator\AppData\Local\Programs\Microsoft VS Code\bin;C:\Users\Administrator\AppData\Local\ComposerSetup\bin;C:\Users\Administrator\AppData\Roaming\Composer\vendor\bin;C:\Users\Administrator\AppData\Local\Programs\Antigravity\bin;C:\Users\Administrator\AppData\Roaming\npm;D:\flutter\bin
USERNAME=Administrator
LANG=en_US.UTF-8
OS=Windows_NT
PROCESSOR_IDENTIFIER=Intel64 Family 6 Model 158 Stepping 13, GenuineIntel
TMP=C:\Users\ADMINI~1\AppData\Local\Temp
TEMP=C:\Users\ADMINI~1\AppData\Local\Temp




Periodic native trim disabled

JNI global refs:
JNI global refs: 8, weak refs: 0

JNI global refs memory usage: 835, weak refs: 201

Process memory usage:
Resident Set Size: 37940K (0% of 4063352K total physical memory with 15848K free physical memory)

OOME stack traces (most recent first):
Classloader memory used:
Loader bootstrap                                                                       : 5425K
Loader jdk.internal.loader.ClassLoaders$AppClassLoader                                 : 274K

---------------  S Y S T E M  ---------------

OS:
 Windows 10 , 64 bit Build 19041 (10.0.19041.4842)
OS uptime: 0 days 5:05 hours

CPU: total 8 (initial active 8) (8 cores per cpu, 1 threads per core) family 6 model 158 stepping 13 microcode 0xb8, cx8, cmov, fxsr, mmx, 3dnowpref, sse, sse2, sse3, ssse3, sse4.1, sse4.2, popcnt, lzcnt, tsc, tscinvbit, avx, avx2, aes, erms, clmul, bmi1, bmi2, rtm, adx, fma, vzeroupper, clflush, clflushopt, rdtscp, f16c
Processor Information for the first 8 processors :
  Max Mhz: 3000, Current Mhz: 3000, Mhz Limit: 3000

Memory: 4k page, system-wide physical 3968M (15M free)
TotalPageFile size 16256M (AvailPageFile size 0M)
current process WorkingSet (physical memory assigned to process): 37M, peak: 37M
current process commit charge ("private bytes"): 137M, peak: 138M

vm_info: OpenJDK 64-Bit Server VM (21.0.8+-14196175-b1038.72) for windows-amd64 JRE (21.0.8+-14196175-b1038.72), built on 2025-10-01T10:24:33Z by "builder" with MS VC++ 16.10 / 16.11 (VS2019)

END.
