#
# There is insufficient memory for the Java Runtime Environment to continue.
# Native memory allocation (malloc) failed to allocate 1806128 bytes. Error detail: Chunk::new
# Possible reasons:
#   The system is out of physical RAM or swap space
#   This process is running with CompressedOops enabled, and the Java Heap may be blocking the growth of the native heap
# Possible solutions:
#   Reduce memory load on the system
#   Increase physical memory or swap space
#   Check if swap backing store is full
#   Decrease Java heap size (-Xmx/-Xms)
#   Decrease number of Java threads
#   Decrease Java thread stack sizes (-Xss)
#   Set larger code cache with -XX:ReservedCodeCacheSize=
#   JVM is running with Unscaled Compressed Oops mode in which the Java heap is
#     placed in the first 4GB address space. The Java Heap base address is the
#     maximum limit for the native heap growth. Please use -XX:HeapBaseMinAddress
#     to set the Java Heap base and to place the Java Heap above 4GB virtual address.
# This output file may be truncated or incomplete.
#
#  Out of Memory Error (arena.cpp:168), pid=27068, tid=27160
#
# JRE version: OpenJDK Runtime Environment (21.0.8) (build 21.0.8+-14196175-b1038.72)
# Java VM: OpenJDK 64-Bit Server VM (21.0.8+-14196175-b1038.72, mixed mode, tiered, compressed oops, compressed class ptrs, g1 gc, windows-amd64)
# No core dump will be written. Minidumps are not enabled by default on client versions of Windows
#

---------------  S U M M A R Y ------------

Command Line: --add-opens=java.base/java.lang=ALL-UNNAMED --add-opens=java.base/java.lang.invoke=ALL-UNNAMED --add-opens=java.base/java.util=ALL-UNNAMED --add-opens=java.prefs/java.util.prefs=ALL-UNNAMED --add-exports=jdk.compiler/com.sun.tools.javac.api=ALL-UNNAMED --add-exports=jdk.compiler/com.sun.tools.javac.util=ALL-UNNAMED --add-opens=java.base/java.util=ALL-UNNAMED --add-opens=java.prefs/java.util.prefs=ALL-UNNAMED --add-opens=java.base/java.nio.charset=ALL-UNNAMED --add-opens=java.base/java.net=ALL-UNNAMED --add-opens=java.base/java.util.concurrent.atomic=ALL-UNNAMED --add-opens=java.xml/javax.xml.namespace=ALL-UNNAMED -XX:MaxMetaspaceSize=512m -Xmx2048m -Dfile.encoding=UTF-8 -Duser.country=PH -Duser.language=en -Duser.variant -javaagent:C:\Users\Administrator\.gradle\wrapper\dists\gradle-8.14-all\c2qonpi39x1mddn7hk5gh9iqj\gradle-8.14\lib\agents\gradle-instrumentation-agent-8.14.jar org.gradle.launcher.daemon.bootstrap.GradleDaemon 8.14

Host: Intel(R) Core(TM) i7-9700 CPU @ 3.00GHz, 8 cores, 3G,  Windows 10 , 64 bit Build 19041 (10.0.19041.4842)
Time: Fri Jan  2 22:48:25 2026 Malay Peninsula Standard Time elapsed time: 38.297875 seconds (0d 0h 0m 38s)

---------------  T H R E A D  ---------------

Current thread (0x000001d9b1094430):  JavaThread "C2 CompilerThread0" daemon [_thread_in_native, id=27160, stack(0x0000001be4e00000,0x0000001be4f00000) (1024K)]


Current CompileTask:
C2:38298 8835       4       org.gradle.cache.internal.btree.CachingBlockStore::read (56 bytes)

Stack: [0x0000001be4e00000,0x0000001be4f00000]
Native frames: (J=compiled Java code, j=interpreted, Vv=VM code, C=native code)
V  [jvm.dll+0x6d68d9]
V  [jvm.dll+0x866693]
V  [jvm.dll+0x868c4e]
V  [jvm.dll+0x869333]
V  [jvm.dll+0x280566]
V  [jvm.dll+0xc07cd]
V  [jvm.dll+0xc0d03]
V  [jvm.dll+0x3b961b]
V  [jvm.dll+0x385507]
V  [jvm.dll+0x38497a]
V  [jvm.dll+0x249252]
V  [jvm.dll+0x248821]
V  [jvm.dll+0x1c73a4]
V  [jvm.dll+0x257f9e]
V  [jvm.dll+0x2564e6]
V  [jvm.dll+0x3f4696]
V  [jvm.dll+0x80eac8]
V  [jvm.dll+0x6d512d]
C  [ucrtbase.dll+0x21bb2]
C  [KERNEL32.DLL+0x17374]
C  [ntdll.dll+0x4cc91]


---------------  P R O C E S S  ---------------

Threads class SMR info:
_java_thread_list=0x000001d9b33ad9d0, length=86, elements={
0x000001d995602460, 0x000001d9b10599e0, 0x000001d9b105ed90, 0x000001d9b1071810,
0x000001d9b107a620, 0x000001d9b108d4e0, 0x000001d9b108df40, 0x000001d9b108f9b0,
0x000001d9b1094430, 0x000001d9b1095c10, 0x000001d9b139b930, 0x000001d9b28f1850,
0x000001d9b24dedd0, 0x000001d9b21cc170, 0x000001d9b2928b10, 0x000001d9b2929180,
0x000001d9b2947de0, 0x000001d9b2953660, 0x000001d9b21177d0, 0x000001d9b2117140,
0x000001d9b2116420, 0x000001d9b2115d90, 0x000001d9b2116ab0, 0x000001d9b2117e60,
0x000001d9b2115070, 0x000001d9b2115700, 0x000001d9b4b078b0, 0x000001d9b4b09980,
0x000001d9b4b0c0e0, 0x000001d9b4b07220, 0x000001d9b4b0ad30, 0x000001d9b4b07f40,
0x000001d9b4b06500, 0x000001d9b4b06b90, 0x000001d9b4b08c60, 0x000001d9b4b0a6a0,
0x000001d9b4b0ba50, 0x000001d9b4b0b3c0, 0x000001d9b3a3ea80, 0x000001d9b3a3f110,
0x000001d9b3a3f7a0, 0x000001d9b3a460a0, 0x000001d9b3a3fe30, 0x000001d9b3a45380,
0x000001d9b3a411e0, 0x000001d9b3a404c0, 0x000001d9b3a432b0, 0x000001d9b3a40b50,
0x000001d9b3a41870, 0x000001d9b3a43940, 0x000001d9b3a43fd0, 0x000001d9b3a41f00,
0x000001d9b3a42590, 0x000001d9b3a42c20, 0x000001d9b3a44660, 0x000001d9b3a45a10,
0x000001d9b47f4d00, 0x000001d9b47f1f10, 0x000001d9b47f1880, 0x000001d9b47f3fe0,
0x000001d9b47f8180, 0x000001d9b47f8ea0, 0x000001d9b47f4670, 0x000001d9b47f60b0,
0x000001d9b47f5390, 0x000001d9b47f25a0, 0x000001d9b47f32c0, 0x000001d9b47f5a20,
0x000001d9b47f6dd0, 0x000001d9b47f7460, 0x000001d9b47f7af0, 0x000001d9b47f6740,
0x000001d9b4b0c770, 0x000001d9b665a160, 0x000001d9b6658090, 0x000001d9b6658720,
0x000001d9b6656ce0, 0x000001d9b6659440, 0x000001d9b6658db0, 0x000001d9b6659ad0,
0x000001d9b6657370, 0x000001d9b6657a00, 0x000001d9b523de20, 0x000001d9b523bd50,
0x000001d9b523e4b0, 0x000001d9b523ca70
}

Java Threads: ( => current thread )
  0x000001d995602460 JavaThread "main"                              [_thread_blocked, id=9812, stack(0x0000001be3f00000,0x0000001be4000000) (1024K)]
  0x000001d9b10599e0 JavaThread "Common-Cleaner"             daemon [_thread_blocked, id=27268, stack(0x0000001be4700000,0x0000001be4800000) (1024K)]
  0x000001d9b105ed90 JavaThread "Reference Handler"          daemon [_thread_blocked, id=23596, stack(0x0000001be4800000,0x0000001be4900000) (1024K)]
  0x000001d9b1071810 JavaThread "Finalizer"                  daemon [_thread_blocked, id=21384, stack(0x0000001be4900000,0x0000001be4a00000) (1024K)]
  0x000001d9b107a620 JavaThread "Signal Dispatcher"          daemon [_thread_blocked, id=18476, stack(0x0000001be4a00000,0x0000001be4b00000) (1024K)]
  0x000001d9b108d4e0 JavaThread "Attach Listener"            daemon [_thread_blocked, id=23268, stack(0x0000001be4b00000,0x0000001be4c00000) (1024K)]
  0x000001d9b108df40 JavaThread "Service Thread"             daemon [_thread_blocked, id=16216, stack(0x0000001be4c00000,0x0000001be4d00000) (1024K)]
  0x000001d9b108f9b0 JavaThread "Monitor Deflation Thread"   daemon [_thread_blocked, id=27196, stack(0x0000001be4d00000,0x0000001be4e00000) (1024K)]
=>0x000001d9b1094430 JavaThread "C2 CompilerThread0"         daemon [_thread_in_native, id=27160, stack(0x0000001be4e00000,0x0000001be4f00000) (1024K)]
  0x000001d9b1095c10 JavaThread "C1 CompilerThread0"         daemon [_thread_blocked, id=17932, stack(0x0000001be4f00000,0x0000001be5000000) (1024K)]
  0x000001d9b139b930 JavaThread "Notification Thread"        daemon [_thread_blocked, id=12272, stack(0x0000001be5000000,0x0000001be5100000) (1024K)]
  0x000001d9b28f1850 JavaThread "Daemon health stats"               [_thread_blocked, id=6340, stack(0x0000001be5500000,0x0000001be5600000) (1024K)]
  0x000001d9b24dedd0 JavaThread "Incoming local TCP Connector on port 58264"        [_thread_in_native, id=23708, stack(0x0000001be5900000,0x0000001be5a00000) (1024K)]
  0x000001d9b21cc170 JavaThread "Daemon periodic checks"            [_thread_blocked, id=23492, stack(0x0000001be5a00000,0x0000001be5b00000) (1024K)]
  0x000001d9b2928b10 JavaThread "Daemon"                            [_thread_blocked, id=26812, stack(0x0000001be5b00000,0x0000001be5c00000) (1024K)]
  0x000001d9b2929180 JavaThread "Handler for socket connection from /127.0.0.1:58264 to /127.0.0.1:58265"        [_thread_in_native, id=7344, stack(0x0000001be5c00000,0x0000001be5d00000) (1024K)]
  0x000001d9b2947de0 JavaThread "Cancel handler"                    [_thread_blocked, id=2176, stack(0x0000001be5d00000,0x0000001be5e00000) (1024K)]
  0x000001d9b2953660 JavaThread "Daemon worker"                     [_thread_blocked, id=17104, stack(0x0000001be5e00000,0x0000001be5f00000) (1024K)]
  0x000001d9b21177d0 JavaThread "Asynchronous log dispatcher for DefaultDaemonConnection: socket connection from /127.0.0.1:58264 to /127.0.0.1:58265"        [_thread_blocked, id=10572, stack(0x0000001be5f00000,0x0000001be6000000) (1024K)]
  0x000001d9b2117140 JavaThread "Stdin handler"                     [_thread_blocked, id=11252, stack(0x0000001be6000000,0x0000001be6100000) (1024K)]
  0x000001d9b2116420 JavaThread "Daemon client event forwarder"        [_thread_blocked, id=24232, stack(0x0000001be6100000,0x0000001be6200000) (1024K)]
  0x000001d9b2115d90 JavaThread "Cache worker for journal cache (C:\Users\Administrator\.gradle\caches\journal-1)"        [_thread_blocked, id=23884, stack(0x0000001be6300000,0x0000001be6400000) (1024K)]
  0x000001d9b2116ab0 JavaThread "File lock request listener"        [_thread_in_native, id=11536, stack(0x0000001be6400000,0x0000001be6500000) (1024K)]
  0x000001d9b2117e60 JavaThread "Cache worker for file hash cache (C:\Users\Administrator\.gradle\caches\8.14\fileHashes)"        [_thread_blocked, id=1976, stack(0x0000001be6500000,0x0000001be6600000) (1024K)]
  0x000001d9b2115070 JavaThread "Cache worker for file hash cache (D:\IT Projects\budolEcosystem\budolPayMobile\android\.gradle\8.14\fileHashes)"        [_thread_blocked, id=19368, stack(0x0000001be6600000,0x0000001be6700000) (1024K)]
  0x000001d9b2115700 JavaThread "Cache worker for Build Output Cleanup Cache (D:\IT Projects\budolEcosystem\budolPayMobile\android\.gradle\buildOutputCleanup)"        [_thread_blocked, id=7944, stack(0x0000001be6700000,0x0000001be6800000) (1024K)]
  0x000001d9b4b078b0 JavaThread "File watcher server"        daemon [_thread_in_native, id=27468, stack(0x0000001be6800000,0x0000001be6900000) (1024K)]
  0x000001d9b4b09980 JavaThread "File watcher consumer"      daemon [_thread_blocked, id=19892, stack(0x0000001be6900000,0x0000001be6a00000) (1024K)]
  0x000001d9b4b0c0e0 JavaThread "Cache worker for checksums cache (D:\IT Projects\budolEcosystem\budolPayMobile\android\.gradle\8.14\checksums)"        [_thread_blocked, id=17200, stack(0x0000001be6a00000,0x0000001be6b00000) (1024K)]
  0x000001d9b4b07220 JavaThread "Cache worker for file content cache (C:\Users\Administrator\.gradle\caches\8.14\fileContent)"        [_thread_blocked, id=23532, stack(0x0000001be6b00000,0x0000001be6c00000) (1024K)]
  0x000001d9b4b0ad30 JavaThread "Cache worker for cache directory md-supplier (C:\Users\Administrator\.gradle\caches\8.14\md-supplier)"        [_thread_blocked, id=22908, stack(0x0000001be6c00000,0x0000001be6d00000) (1024K)]
  0x000001d9b4b07f40 JavaThread "Cache worker for cache directory md-rule (C:\Users\Administrator\.gradle\caches\8.14\md-rule)"        [_thread_blocked, id=14940, stack(0x0000001be6d00000,0x0000001be6e00000) (1024K)]
  0x000001d9b4b06500 JavaThread "Cache worker for Build Output Cleanup Cache (D:\flutter\packages\flutter_tools\gradle\.gradle\buildOutputCleanup)"        [_thread_blocked, id=6204, stack(0x0000001be6e00000,0x0000001be6f00000) (1024K)]
  0x000001d9b4b06b90 JavaThread "Unconstrained build operations"        [_thread_blocked, id=27036, stack(0x0000001be6f00000,0x0000001be7000000) (1024K)]
  0x000001d9b4b08c60 JavaThread "Unconstrained build operations Thread 2"        [_thread_blocked, id=14528, stack(0x0000001be7000000,0x0000001be7100000) (1024K)]
  0x000001d9b4b0a6a0 JavaThread "Unconstrained build operations Thread 3"        [_thread_blocked, id=15756, stack(0x0000001be7100000,0x0000001be7200000) (1024K)]
  0x000001d9b4b0ba50 JavaThread "Unconstrained build operations Thread 4"        [_thread_blocked, id=19120, stack(0x0000001be7200000,0x0000001be7300000) (1024K)]
  0x000001d9b4b0b3c0 JavaThread "Unconstrained build operations Thread 5"        [_thread_blocked, id=14688, stack(0x0000001be7300000,0x0000001be7400000) (1024K)]
  0x000001d9b3a3ea80 JavaThread "Unconstrained build operations Thread 6"        [_thread_blocked, id=22876, stack(0x0000001be7400000,0x0000001be7500000) (1024K)]
  0x000001d9b3a3f110 JavaThread "Unconstrained build operations Thread 7"        [_thread_blocked, id=27072, stack(0x0000001be7500000,0x0000001be7600000) (1024K)]
  0x000001d9b3a3f7a0 JavaThread "Unconstrained build operations Thread 8"        [_thread_blocked, id=27248, stack(0x0000001be7600000,0x0000001be7700000) (1024K)]
  0x000001d9b3a460a0 JavaThread "Unconstrained build operations Thread 9"        [_thread_blocked, id=27252, stack(0x0000001be7700000,0x0000001be7800000) (1024K)]
  0x000001d9b3a3fe30 JavaThread "Unconstrained build operations Thread 10"        [_thread_blocked, id=23056, stack(0x0000001be7800000,0x0000001be7900000) (1024K)]
  0x000001d9b3a45380 JavaThread "Unconstrained build operations Thread 11"        [_thread_blocked, id=19668, stack(0x0000001be7900000,0x0000001be7a00000) (1024K)]
  0x000001d9b3a411e0 JavaThread "Unconstrained build operations Thread 12"        [_thread_blocked, id=27368, stack(0x0000001be7a00000,0x0000001be7b00000) (1024K)]
  0x000001d9b3a404c0 JavaThread "Unconstrained build operations Thread 13"        [_thread_blocked, id=12500, stack(0x0000001be7b00000,0x0000001be7c00000) (1024K)]
  0x000001d9b3a432b0 JavaThread "Unconstrained build operations Thread 14"        [_thread_blocked, id=27148, stack(0x0000001be7c00000,0x0000001be7d00000) (1024K)]
  0x000001d9b3a40b50 JavaThread "Unconstrained build operations Thread 15"        [_thread_blocked, id=27120, stack(0x0000001be7d00000,0x0000001be7e00000) (1024K)]
  0x000001d9b3a41870 JavaThread "Unconstrained build operations Thread 16"        [_thread_blocked, id=15004, stack(0x0000001be7e00000,0x0000001be7f00000) (1024K)]
  0x000001d9b3a43940 JavaThread "Unconstrained build operations Thread 17"        [_thread_blocked, id=16876, stack(0x0000001be7f00000,0x0000001be8000000) (1024K)]
  0x000001d9b3a43fd0 JavaThread "Unconstrained build operations Thread 18"        [_thread_blocked, id=23264, stack(0x0000001be8000000,0x0000001be8100000) (1024K)]
  0x000001d9b3a41f00 JavaThread "Unconstrained build operations Thread 19"        [_thread_blocked, id=18056, stack(0x0000001be8100000,0x0000001be8200000) (1024K)]
  0x000001d9b3a42590 JavaThread "Unconstrained build operations Thread 20"        [_thread_blocked, id=16300, stack(0x0000001be8200000,0x0000001be8300000) (1024K)]
  0x000001d9b3a42c20 JavaThread "Unconstrained build operations Thread 21"        [_thread_blocked, id=26868, stack(0x0000001be8300000,0x0000001be8400000) (1024K)]
  0x000001d9b3a44660 JavaThread "Memory manager"                    [_thread_blocked, id=20056, stack(0x0000001be8400000,0x0000001be8500000) (1024K)]
  0x000001d9b3a45a10 JavaThread "build event listener"              [_thread_blocked, id=27244, stack(0x0000001be8500000,0x0000001be8600000) (1024K)]
  0x000001d9b47f4d00 JavaThread "included builds"                   [_thread_in_native, id=7672, stack(0x0000001be8600000,0x0000001be8700000) (1024K)]
  0x000001d9b47f1f10 JavaThread "Execution worker"                  [_thread_blocked, id=15812, stack(0x0000001be8700000,0x0000001be8800000) (1024K)]
  0x000001d9b47f1880 JavaThread "Execution worker Thread 2"         [_thread_blocked, id=3500, stack(0x0000001be8800000,0x0000001be8900000) (1024K)]
  0x000001d9b47f3fe0 JavaThread "Execution worker Thread 3"         [_thread_blocked, id=13544, stack(0x0000001be8900000,0x0000001be8a00000) (1024K)]
  0x000001d9b47f8180 JavaThread "Execution worker Thread 4"         [_thread_blocked, id=460, stack(0x0000001be8a00000,0x0000001be8b00000) (1024K)]
  0x000001d9b47f8ea0 JavaThread "Execution worker Thread 5"         [_thread_blocked, id=7668, stack(0x0000001be8b00000,0x0000001be8c00000) (1024K)]
  0x000001d9b47f4670 JavaThread "Execution worker Thread 6"         [_thread_blocked, id=16908, stack(0x0000001be8c00000,0x0000001be8d00000) (1024K)]
  0x000001d9b47f60b0 JavaThread "Execution worker Thread 7"         [_thread_blocked, id=12076, stack(0x0000001be8d00000,0x0000001be8e00000) (1024K)]
  0x000001d9b47f5390 JavaThread "Cache worker for execution history cache (D:\flutter\packages\flutter_tools\gradle\.gradle\8.14\executionHistory)"        [_thread_blocked, id=16944, stack(0x0000001be8e00000,0x0000001be8f00000) (1024K)]
  0x000001d9b47f25a0 JavaThread "Unconstrained build operations Thread 22"        [_thread_blocked, id=4044, stack(0x0000001be8f00000,0x0000001be9000000) (1024K)]
  0x000001d9b47f32c0 JavaThread "Unconstrained build operations Thread 23"        [_thread_blocked, id=27480, stack(0x0000001be9000000,0x0000001be9100000) (1024K)]
  0x000001d9b47f5a20 JavaThread "Unconstrained build operations Thread 24"        [_thread_blocked, id=11448, stack(0x0000001be9100000,0x0000001be9200000) (1024K)]
  0x000001d9b47f6dd0 JavaThread "Unconstrained build operations Thread 25"        [_thread_blocked, id=23044, stack(0x0000001be9200000,0x0000001be9300000) (1024K)]
  0x000001d9b47f7460 JavaThread "Unconstrained build operations Thread 26"        [_thread_blocked, id=17980, stack(0x0000001be9300000,0x0000001be9400000) (1024K)]
  0x000001d9b47f7af0 JavaThread "Unconstrained build operations Thread 27"        [_thread_blocked, id=2548, stack(0x0000001be9400000,0x0000001be9500000) (1024K)]
  0x000001d9b47f6740 JavaThread "Unconstrained build operations Thread 28"        [_thread_blocked, id=23900, stack(0x0000001be9500000,0x0000001be9600000) (1024K)]
  0x000001d9b4b0c770 JavaThread "Unconstrained build operations Thread 29"        [_thread_blocked, id=27492, stack(0x0000001be9600000,0x0000001be9700000) (1024K)]
  0x000001d9b665a160 JavaThread "Unconstrained build operations Thread 30"        [_thread_blocked, id=11484, stack(0x0000001be9700000,0x0000001be9800000) (1024K)]
  0x000001d9b6658090 JavaThread "Unconstrained build operations Thread 31"        [_thread_blocked, id=15576, stack(0x0000001be9800000,0x0000001be9900000) (1024K)]
  0x000001d9b6658720 JavaThread "Unconstrained build operations Thread 32"        [_thread_blocked, id=27256, stack(0x0000001be9900000,0x0000001be9a00000) (1024K)]
  0x000001d9b6656ce0 JavaThread "Unconstrained build operations Thread 33"        [_thread_blocked, id=800, stack(0x0000001be9a00000,0x0000001be9b00000) (1024K)]
  0x000001d9b6659440 JavaThread "Unconstrained build operations Thread 34"        [_thread_blocked, id=18620, stack(0x0000001be9b00000,0x0000001be9c00000) (1024K)]
  0x000001d9b6658db0 JavaThread "Unconstrained build operations Thread 35"        [_thread_blocked, id=15068, stack(0x0000001be9c00000,0x0000001be9d00000) (1024K)]
  0x000001d9b6659ad0 JavaThread "Unconstrained build operations Thread 36"        [_thread_in_native, id=23868, stack(0x0000001be9d00000,0x0000001be9e00000) (1024K)]
  0x000001d9b6657370 JavaThread "Unconstrained build operations Thread 37"        [_thread_in_native, id=23816, stack(0x0000001be9e00000,0x0000001be9f00000) (1024K)]
  0x000001d9b6657a00 JavaThread "Unconstrained build operations Thread 38"        [_thread_in_native, id=8112, stack(0x0000001be9f00000,0x0000001bea000000) (1024K)]
  0x000001d9b523de20 JavaThread "Unconstrained build operations Thread 39"        [_thread_in_native, id=23676, stack(0x0000001bea000000,0x0000001bea100000) (1024K)]
  0x000001d9b523bd50 JavaThread "Unconstrained build operations Thread 40"        [_thread_in_native, id=22928, stack(0x0000001bea100000,0x0000001bea200000) (1024K)]
  0x000001d9b523e4b0 JavaThread "Unconstrained build operations Thread 41"        [_thread_in_native, id=21308, stack(0x0000001bea200000,0x0000001bea300000) (1024K)]
  0x000001d9b523ca70 JavaThread "Unconstrained build operations Thread 42"        [_thread_in_native, id=23628, stack(0x0000001bea300000,0x0000001bea400000) (1024K)]
Total: 86

Other Threads:
  0x000001d9b1010b80 VMThread "VM Thread"                           [id=23724, stack(0x0000001be4600000,0x0000001be4700000) (1024K)]
  0x000001d9acc46d20 WatcherThread "VM Periodic Task Thread"        [id=13112, stack(0x0000001be4500000,0x0000001be4600000) (1024K)]
  0x000001d99565b3b0 WorkerThread "GC Thread#0"                     [id=26924, stack(0x0000001be4000000,0x0000001be4100000) (1024K)]
  0x000001d9b1532870 WorkerThread "GC Thread#1"                     [id=22784, stack(0x0000001be5100000,0x0000001be5200000) (1024K)]
  0x000001d9b157d760 WorkerThread "GC Thread#2"                     [id=27176, stack(0x0000001be5200000,0x0000001be5300000) (1024K)]
  0x000001d9b1f1c950 WorkerThread "GC Thread#3"                     [id=16456, stack(0x0000001be5300000,0x0000001be5400000) (1024K)]
  0x000001d9b1fdc300 WorkerThread "GC Thread#4"                     [id=17616, stack(0x0000001be5400000,0x0000001be5500000) (1024K)]
  0x000001d9b140fbf0 WorkerThread "GC Thread#5"                     [id=8100, stack(0x0000001be5600000,0x0000001be5700000) (1024K)]
  0x000001d9b2051930 WorkerThread "GC Thread#6"                     [id=23276, stack(0x0000001be5700000,0x0000001be5800000) (1024K)]
  0x000001d9b2051cd0 WorkerThread "GC Thread#7"                     [id=23976, stack(0x0000001be5800000,0x0000001be5900000) (1024K)]
  0x000001d99566c2a0 ConcurrentGCThread "G1 Main Marker"            [id=8340, stack(0x0000001be4100000,0x0000001be4200000) (1024K)]
  0x000001d99566de30 WorkerThread "G1 Conc#0"                       [id=23512, stack(0x0000001be4200000,0x0000001be4300000) (1024K)]
  0x000001d9b2bd5350 WorkerThread "G1 Conc#1"                       [id=9564, stack(0x0000001be6200000,0x0000001be6300000) (1024K)]
  0x000001d9acb218b0 ConcurrentGCThread "G1 Refine#0"               [id=6936, stack(0x0000001be4300000,0x0000001be4400000) (1024K)]
  0x000001d9956cb370 ConcurrentGCThread "G1 Service"                [id=23560, stack(0x0000001be4400000,0x0000001be4500000) (1024K)]
Total: 15

Threads with active compile tasks:
C2 CompilerThread0  38381 8835       4       org.gradle.cache.internal.btree.CachingBlockStore::read (56 bytes)
Total: 1

VM state: not at safepoint (normal execution)

VM Mutex/Monitor currently owned by a thread: None

Heap address: 0x0000000080000000, size: 2048 MB, Compressed Oops mode: 32-bit

CDS archive(s) not mapped
Compressed class space mapped at: 0x0000000100000000-0x000000011a000000, reserved size: 436207616
Narrow klass base: 0x0000000000000000, Narrow klass shift: 3, Narrow klass range: 0x11a000000

GC Precious Log:
 CardTable entry size: 512
 Card Set container configuration: InlinePtr #cards 5 size 8 Array Of Cards #cards 12 size 40 Howl #buckets 4 coarsen threshold 1843 Howl Bitmap #cards 512 size 80 coarsen threshold 460 Card regions per heap region 1 cards per card region 2048
 CPUs: 8 total, 8 available
 Memory: 3968M
 Large Page Support: Disabled
 NUMA Support: Disabled
 Compressed Oops: Enabled (32-bit)
 Heap Region Size: 1M
 Heap Min Capacity: 8M
 Heap Initial Capacity: 64M
 Heap Max Capacity: 2G
 Pre-touch: Disabled
 Parallel Workers: 8
 Concurrent Workers: 2
 Concurrent Refinement Workers: 8
 Periodic GC: Disabled

Heap:
 garbage-first heap   total 104448K, used 71976K [0x0000000080000000, 0x0000000100000000)
  region size 1024K, 10 young (10240K), 4 survivors (4096K)
 Metaspace       used 84320K, committed 86272K, reserved 557056K
  class space    used 12183K, committed 13184K, reserved 425984K

Heap Regions: E=young(eden), S=young(survivor), O=old, HS=humongous(starts), HC=humongous(continues), CS=collection set, F=free, TAMS=top-at-mark-start, PB=parsable bottom
|   0|0x0000000080000000, 0x0000000080100000, 0x0000000080100000|100%|HS|  |TAMS 0x0000000080000000| PB 0x0000000080000000| Complete 
|   1|0x0000000080100000, 0x0000000080200000, 0x0000000080200000|100%|HC|  |TAMS 0x0000000080100000| PB 0x0000000080100000| Complete 
|   2|0x0000000080200000, 0x0000000080300000, 0x0000000080300000|100%|HC|  |TAMS 0x0000000080200000| PB 0x0000000080200000| Complete 
|   3|0x0000000080300000, 0x0000000080400000, 0x0000000080400000|100%| O|  |TAMS 0x0000000080300000| PB 0x0000000080300000| Untracked 
|   4|0x0000000080400000, 0x0000000080500000, 0x0000000080500000|100%| O|  |TAMS 0x0000000080400000| PB 0x0000000080400000| Untracked 
|   5|0x0000000080500000, 0x0000000080600000, 0x0000000080600000|100%| O|  |TAMS 0x0000000080500000| PB 0x0000000080500000| Untracked 
|   6|0x0000000080600000, 0x0000000080700000, 0x0000000080700000|100%| O|  |TAMS 0x0000000080600000| PB 0x0000000080600000| Untracked 
|   7|0x0000000080700000, 0x0000000080800000, 0x0000000080800000|100%| O|  |TAMS 0x0000000080700000| PB 0x0000000080700000| Untracked 
|   8|0x0000000080800000, 0x0000000080900000, 0x0000000080900000|100%| O|  |TAMS 0x0000000080800000| PB 0x0000000080800000| Untracked 
|   9|0x0000000080900000, 0x0000000080a00000, 0x0000000080a00000|100%| O|  |TAMS 0x0000000080900000| PB 0x0000000080900000| Untracked 
|  10|0x0000000080a00000, 0x0000000080b00000, 0x0000000080b00000|100%| O|  |TAMS 0x0000000080a00000| PB 0x0000000080a00000| Untracked 
|  11|0x0000000080b00000, 0x0000000080c00000, 0x0000000080c00000|100%|HS|  |TAMS 0x0000000080b00000| PB 0x0000000080b00000| Complete 
|  12|0x0000000080c00000, 0x0000000080d00000, 0x0000000080d00000|100%| O|  |TAMS 0x0000000080c00000| PB 0x0000000080c00000| Untracked 
|  13|0x0000000080d00000, 0x0000000080e00000, 0x0000000080e00000|100%| O|  |TAMS 0x0000000080d00000| PB 0x0000000080d00000| Untracked 
|  14|0x0000000080e00000, 0x0000000080f00000, 0x0000000080f00000|100%| O|  |TAMS 0x0000000080e00000| PB 0x0000000080e00000| Untracked 
|  15|0x0000000080f00000, 0x0000000081000000, 0x0000000081000000|100%| O|  |TAMS 0x0000000080f00000| PB 0x0000000080f00000| Untracked 
|  16|0x0000000081000000, 0x0000000081100000, 0x0000000081100000|100%| O|  |TAMS 0x0000000081000000| PB 0x0000000081000000| Untracked 
|  17|0x0000000081100000, 0x0000000081200000, 0x0000000081200000|100%| O|  |TAMS 0x0000000081100000| PB 0x0000000081100000| Untracked 
|  18|0x0000000081200000, 0x0000000081300000, 0x0000000081300000|100%| O|  |TAMS 0x0000000081200000| PB 0x0000000081200000| Untracked 
|  19|0x0000000081300000, 0x0000000081400000, 0x0000000081400000|100%| O|  |TAMS 0x0000000081300000| PB 0x0000000081300000| Untracked 
|  20|0x0000000081400000, 0x0000000081500000, 0x0000000081500000|100%| O|  |TAMS 0x0000000081400000| PB 0x0000000081400000| Untracked 
|  21|0x0000000081500000, 0x0000000081600000, 0x0000000081600000|100%| O|  |TAMS 0x0000000081500000| PB 0x0000000081500000| Untracked 
|  22|0x0000000081600000, 0x0000000081700000, 0x0000000081700000|100%| O|  |TAMS 0x0000000081600000| PB 0x0000000081600000| Untracked 
|  23|0x0000000081700000, 0x0000000081800000, 0x0000000081800000|100%| O|  |TAMS 0x0000000081700000| PB 0x0000000081700000| Untracked 
|  24|0x0000000081800000, 0x0000000081900000, 0x0000000081900000|100%| O|  |TAMS 0x0000000081800000| PB 0x0000000081800000| Untracked 
|  25|0x0000000081900000, 0x0000000081a00000, 0x0000000081a00000|100%| O|  |TAMS 0x0000000081900000| PB 0x0000000081900000| Untracked 
|  26|0x0000000081a00000, 0x0000000081b00000, 0x0000000081b00000|100%| O|  |TAMS 0x0000000081a00000| PB 0x0000000081a00000| Untracked 
|  27|0x0000000081b00000, 0x0000000081c00000, 0x0000000081c00000|100%| O|  |TAMS 0x0000000081b00000| PB 0x0000000081b00000| Untracked 
|  28|0x0000000081c00000, 0x0000000081d00000, 0x0000000081d00000|100%| O|  |TAMS 0x0000000081c00000| PB 0x0000000081c00000| Untracked 
|  29|0x0000000081d00000, 0x0000000081e00000, 0x0000000081e00000|100%| O|  |TAMS 0x0000000081d00000| PB 0x0000000081d00000| Untracked 
|  30|0x0000000081e00000, 0x0000000081f00000, 0x0000000081f00000|100%| O|  |TAMS 0x0000000081e00000| PB 0x0000000081e00000| Untracked 
|  31|0x0000000081f00000, 0x0000000082000000, 0x0000000082000000|100%| O|  |TAMS 0x0000000081f00000| PB 0x0000000081f00000| Untracked 
|  32|0x0000000082000000, 0x0000000082100000, 0x0000000082100000|100%| O|  |TAMS 0x0000000082000000| PB 0x0000000082000000| Untracked 
|  33|0x0000000082100000, 0x0000000082200000, 0x0000000082200000|100%| O|  |TAMS 0x0000000082100000| PB 0x0000000082100000| Untracked 
|  34|0x0000000082200000, 0x0000000082300000, 0x0000000082300000|100%| O|  |TAMS 0x0000000082200000| PB 0x0000000082200000| Untracked 
|  35|0x0000000082300000, 0x0000000082400000, 0x0000000082400000|100%| O|  |TAMS 0x0000000082300000| PB 0x0000000082300000| Untracked 
|  36|0x0000000082400000, 0x0000000082500000, 0x0000000082500000|100%| O|  |TAMS 0x0000000082400000| PB 0x0000000082400000| Untracked 
|  37|0x0000000082500000, 0x0000000082600000, 0x0000000082600000|100%| O|  |TAMS 0x0000000082500000| PB 0x0000000082500000| Untracked 
|  38|0x0000000082600000, 0x0000000082700000, 0x0000000082700000|100%| O|  |TAMS 0x0000000082600000| PB 0x0000000082600000| Untracked 
|  39|0x0000000082700000, 0x0000000082800000, 0x0000000082800000|100%|HS|  |TAMS 0x0000000082700000| PB 0x0000000082700000| Complete 
|  40|0x0000000082800000, 0x0000000082900000, 0x0000000082900000|100%|HC|  |TAMS 0x0000000082800000| PB 0x0000000082800000| Complete 
|  41|0x0000000082900000, 0x0000000082a00000, 0x0000000082a00000|100%| O|  |TAMS 0x0000000082900000| PB 0x0000000082900000| Untracked 
|  42|0x0000000082a00000, 0x0000000082b00000, 0x0000000082b00000|100%| O|  |TAMS 0x0000000082a00000| PB 0x0000000082a00000| Untracked 
|  43|0x0000000082b00000, 0x0000000082c00000, 0x0000000082c00000|100%| O|  |TAMS 0x0000000082b00000| PB 0x0000000082b00000| Untracked 
|  44|0x0000000082c00000, 0x0000000082d00000, 0x0000000082d00000|100%| O|  |TAMS 0x0000000082c00000| PB 0x0000000082c00000| Untracked 
|  45|0x0000000082d00000, 0x0000000082e00000, 0x0000000082e00000|100%| O|  |TAMS 0x0000000082d00000| PB 0x0000000082d00000| Untracked 
|  46|0x0000000082e00000, 0x0000000082f00000, 0x0000000082f00000|100%| O|  |TAMS 0x0000000082e00000| PB 0x0000000082e00000| Untracked 
|  47|0x0000000082f00000, 0x0000000083000000, 0x0000000083000000|100%| O|  |TAMS 0x0000000082f00000| PB 0x0000000082f00000| Untracked 
|  48|0x0000000083000000, 0x0000000083000000, 0x0000000083100000|  0%| F|  |TAMS 0x0000000083000000| PB 0x0000000083000000| Untracked 
|  49|0x0000000083100000, 0x0000000083200000, 0x0000000083200000|100%|HS|  |TAMS 0x0000000083100000| PB 0x0000000083100000| Complete 
|  50|0x0000000083200000, 0x0000000083300000, 0x0000000083300000|100%|HC|  |TAMS 0x0000000083200000| PB 0x0000000083200000| Complete 
|  51|0x0000000083300000, 0x0000000083400000, 0x0000000083400000|100%|HS|  |TAMS 0x0000000083300000| PB 0x0000000083300000| Complete 
|  52|0x0000000083400000, 0x0000000083500000, 0x0000000083500000|100%|HC|  |TAMS 0x0000000083400000| PB 0x0000000083400000| Complete 
|  53|0x0000000083500000, 0x0000000083600000, 0x0000000083600000|100%|HC|  |TAMS 0x0000000083500000| PB 0x0000000083500000| Complete 
|  54|0x0000000083600000, 0x0000000083700000, 0x0000000083700000|100%|HS|  |TAMS 0x0000000083600000| PB 0x0000000083600000| Complete 
|  55|0x0000000083700000, 0x0000000083800000, 0x0000000083800000|100%|HC|  |TAMS 0x0000000083700000| PB 0x0000000083700000| Complete 
|  56|0x0000000083800000, 0x0000000083900000, 0x0000000083900000|100%|HC|  |TAMS 0x0000000083800000| PB 0x0000000083800000| Complete 
|  57|0x0000000083900000, 0x0000000083a00000, 0x0000000083a00000|100%| O|  |TAMS 0x0000000083900000| PB 0x0000000083900000| Untracked 
|  58|0x0000000083a00000, 0x0000000083b00000, 0x0000000083b00000|100%| O|  |TAMS 0x0000000083a00000| PB 0x0000000083a00000| Untracked 
|  59|0x0000000083b00000, 0x0000000083c00000, 0x0000000083c00000|100%| O|  |TAMS 0x0000000083b00000| PB 0x0000000083b00000| Untracked 
|  60|0x0000000083c00000, 0x0000000083d00000, 0x0000000083d00000|100%| O|  |TAMS 0x0000000083c00000| PB 0x0000000083c00000| Untracked 
|  61|0x0000000083d00000, 0x0000000083e00000, 0x0000000083e00000|100%| O|  |TAMS 0x0000000083d00000| PB 0x0000000083d00000| Untracked 
|  62|0x0000000083e00000, 0x0000000083e4a350, 0x0000000083f00000| 28%| O|  |TAMS 0x0000000083e00000| PB 0x0000000083e00000| Untracked 
|  63|0x0000000083f00000, 0x0000000083f00000, 0x0000000084000000|  0%| F|  |TAMS 0x0000000083f00000| PB 0x0000000083f00000| Untracked 
|  64|0x0000000084000000, 0x0000000084000000, 0x0000000084100000|  0%| F|  |TAMS 0x0000000084000000| PB 0x0000000084000000| Untracked 
|  65|0x0000000084100000, 0x0000000084100000, 0x0000000084200000|  0%| F|  |TAMS 0x0000000084100000| PB 0x0000000084100000| Untracked 
|  66|0x0000000084200000, 0x0000000084300000, 0x0000000084300000|100%| S|CS|TAMS 0x0000000084200000| PB 0x0000000084200000| Complete 
|  67|0x0000000084300000, 0x0000000084400000, 0x0000000084400000|100%| S|CS|TAMS 0x0000000084300000| PB 0x0000000084300000| Complete 
|  68|0x0000000084400000, 0x0000000084500000, 0x0000000084500000|100%| S|CS|TAMS 0x0000000084400000| PB 0x0000000084400000| Complete 
|  69|0x0000000084500000, 0x0000000084500000, 0x0000000084600000|  0%| F|  |TAMS 0x0000000084500000| PB 0x0000000084500000| Untracked 
|  70|0x0000000084600000, 0x0000000084600000, 0x0000000084700000|  0%| F|  |TAMS 0x0000000084600000| PB 0x0000000084600000| Untracked 
|  71|0x0000000084700000, 0x0000000084700000, 0x0000000084800000|  0%| F|  |TAMS 0x0000000084700000| PB 0x0000000084700000| Untracked 
|  72|0x0000000084800000, 0x0000000084800000, 0x0000000084900000|  0%| F|  |TAMS 0x0000000084800000| PB 0x0000000084800000| Untracked 
|  73|0x0000000084900000, 0x0000000084a00000, 0x0000000084a00000|100%| S|CS|TAMS 0x0000000084900000| PB 0x0000000084900000| Complete 
|  74|0x0000000084a00000, 0x0000000084a00000, 0x0000000084b00000|  0%| F|  |TAMS 0x0000000084a00000| PB 0x0000000084a00000| Untracked 
|  75|0x0000000084b00000, 0x0000000084b00000, 0x0000000084c00000|  0%| F|  |TAMS 0x0000000084b00000| PB 0x0000000084b00000| Untracked 
|  76|0x0000000084c00000, 0x0000000084c00000, 0x0000000084d00000|  0%| F|  |TAMS 0x0000000084c00000| PB 0x0000000084c00000| Untracked 
|  77|0x0000000084d00000, 0x0000000084d00000, 0x0000000084e00000|  0%| F|  |TAMS 0x0000000084d00000| PB 0x0000000084d00000| Untracked 
|  78|0x0000000084e00000, 0x0000000084e00000, 0x0000000084f00000|  0%| F|  |TAMS 0x0000000084e00000| PB 0x0000000084e00000| Untracked 
|  79|0x0000000084f00000, 0x0000000084f00000, 0x0000000085000000|  0%| F|  |TAMS 0x0000000084f00000| PB 0x0000000084f00000| Untracked 
|  80|0x0000000085000000, 0x0000000085000000, 0x0000000085100000|  0%| F|  |TAMS 0x0000000085000000| PB 0x0000000085000000| Untracked 
|  81|0x0000000085100000, 0x0000000085100000, 0x0000000085200000|  0%| F|  |TAMS 0x0000000085100000| PB 0x0000000085100000| Untracked 
|  82|0x0000000085200000, 0x0000000085200000, 0x0000000085300000|  0%| F|  |TAMS 0x0000000085200000| PB 0x0000000085200000| Untracked 
|  83|0x0000000085300000, 0x0000000085300000, 0x0000000085400000|  0%| F|  |TAMS 0x0000000085300000| PB 0x0000000085300000| Untracked 
|  84|0x0000000085400000, 0x0000000085400000, 0x0000000085500000|  0%| F|  |TAMS 0x0000000085400000| PB 0x0000000085400000| Untracked 
|  85|0x0000000085500000, 0x0000000085500000, 0x0000000085600000|  0%| F|  |TAMS 0x0000000085500000| PB 0x0000000085500000| Untracked 
|  86|0x0000000085600000, 0x0000000085600000, 0x0000000085700000|  0%| F|  |TAMS 0x0000000085600000| PB 0x0000000085600000| Untracked 
|  87|0x0000000085700000, 0x0000000085700000, 0x0000000085800000|  0%| F|  |TAMS 0x0000000085700000| PB 0x0000000085700000| Untracked 
|  88|0x0000000085800000, 0x0000000085800000, 0x0000000085900000|  0%| F|  |TAMS 0x0000000085800000| PB 0x0000000085800000| Untracked 
|  89|0x0000000085900000, 0x0000000085900000, 0x0000000085a00000|  0%| F|  |TAMS 0x0000000085900000| PB 0x0000000085900000| Untracked 
|  90|0x0000000085a00000, 0x0000000085a00000, 0x0000000085b00000|  0%| F|  |TAMS 0x0000000085a00000| PB 0x0000000085a00000| Untracked 
|  91|0x0000000085b00000, 0x0000000085b00000, 0x0000000085c00000|  0%| F|  |TAMS 0x0000000085b00000| PB 0x0000000085b00000| Untracked 
|  92|0x0000000085c00000, 0x0000000085c00000, 0x0000000085d00000|  0%| F|  |TAMS 0x0000000085c00000| PB 0x0000000085c00000| Untracked 
|  93|0x0000000085d00000, 0x0000000085d00000, 0x0000000085e00000|  0%| F|  |TAMS 0x0000000085d00000| PB 0x0000000085d00000| Untracked 
|  94|0x0000000085e00000, 0x0000000085e00000, 0x0000000085f00000|  0%| F|  |TAMS 0x0000000085e00000| PB 0x0000000085e00000| Untracked 
|  95|0x0000000085f00000, 0x0000000085f00000, 0x0000000086000000|  0%| F|  |TAMS 0x0000000085f00000| PB 0x0000000085f00000| Untracked 
|  96|0x0000000086000000, 0x000000008608fd90, 0x0000000086100000| 56%| E|  |TAMS 0x0000000086000000| PB 0x0000000086000000| Complete 
|  97|0x0000000086100000, 0x0000000086200000, 0x0000000086200000|100%| E|CS|TAMS 0x0000000086100000| PB 0x0000000086100000| Complete 
|  98|0x0000000086200000, 0x0000000086300000, 0x0000000086300000|100%| E|CS|TAMS 0x0000000086200000| PB 0x0000000086200000| Complete 
|  99|0x0000000086300000, 0x0000000086400000, 0x0000000086400000|100%| E|CS|TAMS 0x0000000086300000| PB 0x0000000086300000| Complete 
| 100|0x0000000086400000, 0x0000000086500000, 0x0000000086500000|100%| E|CS|TAMS 0x0000000086400000| PB 0x0000000086400000| Complete 
| 101|0x0000000086500000, 0x0000000086600000, 0x0000000086600000|100%| E|CS|TAMS 0x0000000086500000| PB 0x0000000086500000| Complete 

Card table byte_map: [0x000001d9a7e90000,0x000001d9a8290000] _byte_map_base: 0x000001d9a7a90000

Marking Bits: (CMBitMap*) 0x000001d99565b9c0
 Bits: [0x000001d9a8290000, 0x000001d9aa290000)

Polling page: 0x000001d994dd0000

Metaspace:

Usage:
  Non-class:     70.45 MB used.
      Class:     11.90 MB used.
       Both:     82.34 MB used.

Virtual space:
  Non-class space:      128.00 MB reserved,      71.38 MB ( 56%) committed,  2 nodes.
      Class space:      416.00 MB reserved,      12.88 MB (  3%) committed,  1 nodes.
             Both:      544.00 MB reserved,      84.25 MB ( 15%) committed. 

Chunk freelists:
   Non-Class:  8.45 MB
       Class:  3.18 MB
        Both:  11.64 MB

MaxMetaspaceSize: 512.00 MB
CompressedClassSpaceSize: 416.00 MB
Initial GC threshold: 21.00 MB
Current GC threshold: 132.44 MB
CDS: off
 - commit_granule_bytes: 65536.
 - commit_granule_words: 8192.
 - virtual_space_node_default_size: 8388608.
 - enlarge_chunks_in_place: 1.
 - use_allocation_guard: 0.


Internal statistics:

num_allocs_failed_limit: 9.
num_arena_births: 3740.
num_arena_deaths: 0.
num_vsnodes_births: 3.
num_vsnodes_deaths: 0.
num_space_committed: 1348.
num_space_uncommitted: 0.
num_chunks_returned_to_freelist: 9.
num_chunks_taken_from_freelist: 7332.
num_chunk_merges: 9.
num_chunk_splits: 4746.
num_chunks_enlarged: 2900.
num_inconsistent_stats: 0.

CodeHeap 'non-profiled nmethods': size=120000Kb used=4318Kb max_used=4318Kb free=115681Kb
 bounds [0x000001d9a0230000, 0x000001d9a0670000, 0x000001d9a7760000]
CodeHeap 'profiled nmethods': size=120000Kb used=14237Kb max_used=14237Kb free=105763Kb
 bounds [0x000001d998760000, 0x000001d999550000, 0x000001d99fc90000]
CodeHeap 'non-nmethods': size=5760Kb used=2017Kb max_used=2078Kb free=3742Kb
 bounds [0x000001d99fc90000, 0x000001d99ff00000, 0x000001d9a0230000]
CodeCache: size=245760Kb, used=20572Kb, max_used=20633Kb, free=225186Kb
 total_blobs=8525, nmethods=7743, adapters=686, full_count=0
Compilation: enabled, stopped_count=0, restarted_count=0

Compilation events (20 events):
Event: 38.236 Thread 0x000001d9b1095c10 8908       3       org.gradle.internal.watch.vfs.impl.WatchingVirtualFileSystem::updateNotifyingListeners (47 bytes)
Event: 38.237 Thread 0x000001d9b1095c10 nmethod 8908 0x000001d999531090 code [0x000001d999531420, 0x000001d999532ca8]
Event: 38.237 Thread 0x000001d9b1095c10 8909       3       org.gradle.internal.watch.registry.impl.SnapshotCollectingDiffListener::<init> (27 bytes)
Event: 38.237 Thread 0x000001d9b1095c10 nmethod 8909 0x000001d999533490 code [0x000001d9995336a0, 0x000001d999533d38]
Event: 38.240 Thread 0x000001d9b1095c10 8910       3       net.rubygrapefruit.platform.internal.WindowsFileStat::details (24 bytes)
Event: 38.240 Thread 0x000001d9b1095c10 nmethod 8910 0x000001d999533f10 code [0x000001d9995340e0, 0x000001d999534590]
Event: 38.240 Thread 0x000001d9b1095c10 8911       3       net.rubygrapefruit.platform.internal.WindowsFileTime::toJavaTime (18 bytes)
Event: 38.240 Thread 0x000001d9b1095c10 nmethod 8911 0x000001d999534710 code [0x000001d9995348c0, 0x000001d999534a58]
Event: 38.240 Thread 0x000001d9b1095c10 8912       3       org.gradle.internal.file.FileMetadata$AccessType::viaSymlink (14 bytes)
Event: 38.240 Thread 0x000001d9b1095c10 nmethod 8912 0x000001d999534b10 code [0x000001d999534cc0, 0x000001d999534e28]
Event: 38.245 Thread 0x000001d9b1095c10 8913       3       com.google.common.util.concurrent.Striped::smear (23 bytes)
Event: 38.245 Thread 0x000001d9b1095c10 nmethod 8913 0x000001d999534e90 code [0x000001d999535020, 0x000001d999535130]
Event: 38.245 Thread 0x000001d9b1095c10 8914       3       com.google.common.util.concurrent.Striped$CompactStriped::getAt (7 bytes)
Event: 38.245 Thread 0x000001d9b1095c10 nmethod 8914 0x000001d999535210 code [0x000001d9995353c0, 0x000001d9995354f8]
Event: 38.248 Thread 0x000001d9b1095c10 8915       3       org.gradle.internal.vfs.impl.DefaultFileSystemAccess::lambda$readSnapshotFromLocation$9 (19 bytes)
Event: 38.248 Thread 0x000001d9b1095c10 nmethod 8915 0x000001d999535610 code [0x000001d999535860, 0x000001d9995362b0]
Event: 38.248 Thread 0x000001d9b1095c10 8916       3       org.gradle.internal.vfs.impl.DefaultFileSystemAccess::snapshotAndReuse (23 bytes)
Event: 38.248 Thread 0x000001d9b1095c10 nmethod 8916 0x000001d999536690 code [0x000001d9995368c0, 0x000001d999537198]
Event: 38.248 Thread 0x000001d9b1095c10 8917       3       org.gradle.internal.vfs.impl.AbstractVirtualFileSystem::storeWithAction (23 bytes)
Event: 38.249 Thread 0x000001d9b1095c10 nmethod 8917 0x000001d999537490 code [0x000001d999537740, 0x000001d9995384f8]

GC Heap History (20 events):
Event: 26.143 GC heap before
{Heap before GC invocations=20 (full 0):
 garbage-first heap   total 78848K, used 66624K [0x0000000080000000, 0x0000000100000000)
  region size 1024K, 30 young (30720K), 5 survivors (5120K)
 Metaspace       used 62802K, committed 64448K, reserved 491520K
  class space    used 8935K, committed 9728K, reserved 425984K
}
Event: 26.152 GC heap after
{Heap after GC invocations=21 (full 0):
 garbage-first heap   total 78848K, used 43521K [0x0000000080000000, 0x0000000100000000)
  region size 1024K, 2 young (2048K), 2 survivors (2048K)
 Metaspace       used 62802K, committed 64448K, reserved 491520K
  class space    used 8935K, committed 9728K, reserved 425984K
}
Event: 27.119 GC heap before
{Heap before GC invocations=21 (full 0):
 garbage-first heap   total 78848K, used 69121K [0x0000000080000000, 0x0000000100000000)
  region size 1024K, 28 young (28672K), 2 survivors (2048K)
 Metaspace       used 65427K, committed 67200K, reserved 491520K
  class space    used 9378K, committed 10240K, reserved 425984K
}
Event: 27.127 GC heap after
{Heap after GC invocations=22 (full 0):
 garbage-first heap   total 78848K, used 44955K [0x0000000080000000, 0x0000000100000000)
  region size 1024K, 4 young (4096K), 4 survivors (4096K)
 Metaspace       used 65427K, committed 67200K, reserved 491520K
  class space    used 9378K, committed 10240K, reserved 425984K
}
Event: 27.849 GC heap before
{Heap before GC invocations=23 (full 0):
 garbage-first heap   total 83968K, used 75675K [0x0000000080000000, 0x0000000100000000)
  region size 1024K, 27 young (27648K), 4 survivors (4096K)
 Metaspace       used 67901K, committed 69632K, reserved 491520K
  class space    used 9728K, committed 10560K, reserved 425984K
}
Event: 27.860 GC heap after
{Heap after GC invocations=24 (full 0):
 garbage-first heap   total 83968K, used 53760K [0x0000000080000000, 0x0000000100000000)
  region size 1024K, 4 young (4096K), 4 survivors (4096K)
 Metaspace       used 67901K, committed 69632K, reserved 491520K
  class space    used 9728K, committed 10560K, reserved 425984K
}
Event: 28.628 GC heap before
{Heap before GC invocations=24 (full 0):
 garbage-first heap   total 83968K, used 72192K [0x0000000080000000, 0x0000000100000000)
  region size 1024K, 23 young (23552K), 4 survivors (4096K)
 Metaspace       used 69973K, committed 71744K, reserved 491520K
  class space    used 10012K, committed 10880K, reserved 425984K
}
Event: 28.655 GC heap after
{Heap after GC invocations=25 (full 0):
 garbage-first heap   total 83968K, used 54426K [0x0000000080000000, 0x0000000100000000)
  region size 1024K, 1 young (1024K), 1 survivors (1024K)
 Metaspace       used 69973K, committed 71744K, reserved 491520K
  class space    used 10012K, committed 10880K, reserved 425984K
}
Event: 29.876 GC heap before
{Heap before GC invocations=25 (full 0):
 garbage-first heap   total 83968K, used 76954K [0x0000000080000000, 0x0000000100000000)
  region size 1024K, 23 young (23552K), 1 survivors (1024K)
 Metaspace       used 72860K, committed 74688K, reserved 491520K
  class space    used 10434K, committed 11328K, reserved 425984K
}
Event: 29.886 GC heap after
{Heap after GC invocations=26 (full 0):
 garbage-first heap   total 101376K, used 55364K [0x0000000080000000, 0x0000000100000000)
  region size 1024K, 2 young (2048K), 2 survivors (2048K)
 Metaspace       used 72860K, committed 74688K, reserved 491520K
  class space    used 10434K, committed 11328K, reserved 425984K
}
Event: 31.364 GC heap before
{Heap before GC invocations=27 (full 0):
 garbage-first heap   total 101376K, used 94276K [0x0000000080000000, 0x0000000100000000)
  region size 1024K, 37 young (37888K), 2 survivors (2048K)
 Metaspace       used 75511K, committed 77248K, reserved 557056K
  class space    used 10792K, committed 11648K, reserved 425984K
}
Event: 31.376 GC heap after
{Heap after GC invocations=28 (full 0):
 garbage-first heap   total 101376K, used 60242K [0x0000000080000000, 0x0000000100000000)
  region size 1024K, 4 young (4096K), 4 survivors (4096K)
 Metaspace       used 75511K, committed 77248K, reserved 557056K
  class space    used 10792K, committed 11648K, reserved 425984K
}
Event: 32.651 GC heap before
{Heap before GC invocations=28 (full 0):
 garbage-first heap   total 101376K, used 89938K [0x0000000080000000, 0x0000000100000000)
  region size 1024K, 33 young (33792K), 4 survivors (4096K)
 Metaspace       used 77431K, committed 79232K, reserved 557056K
  class space    used 11081K, committed 11968K, reserved 425984K
}
Event: 32.667 GC heap after
{Heap after GC invocations=29 (full 0):
 garbage-first heap   total 101376K, used 60405K [0x0000000080000000, 0x0000000100000000)
  region size 1024K, 3 young (3072K), 3 survivors (3072K)
 Metaspace       used 77431K, committed 79232K, reserved 557056K
  class space    used 11081K, committed 11968K, reserved 425984K
}
Event: 33.988 GC heap before
{Heap before GC invocations=29 (full 0):
 garbage-first heap   total 101376K, used 90101K [0x0000000080000000, 0x0000000100000000)
  region size 1024K, 33 young (33792K), 3 survivors (3072K)
 Metaspace       used 79356K, committed 81088K, reserved 557056K
  class space    used 11366K, committed 12224K, reserved 425984K
}
Event: 34.015 GC heap after
{Heap after GC invocations=30 (full 0):
 garbage-first heap   total 101376K, used 62460K [0x0000000080000000, 0x0000000100000000)
  region size 1024K, 3 young (3072K), 3 survivors (3072K)
 Metaspace       used 79356K, committed 81088K, reserved 557056K
  class space    used 11366K, committed 12224K, reserved 425984K
}
Event: 35.931 GC heap before
{Heap before GC invocations=31 (full 0):
 garbage-first heap   total 104448K, used 92156K [0x0000000080000000, 0x0000000100000000)
  region size 1024K, 32 young (32768K), 3 survivors (3072K)
 Metaspace       used 81707K, committed 83584K, reserved 557056K
  class space    used 11717K, committed 12608K, reserved 425984K
}
Event: 35.944 GC heap after
{Heap after GC invocations=32 (full 0):
 garbage-first heap   total 104448K, used 64229K [0x0000000080000000, 0x0000000100000000)
  region size 1024K, 4 young (4096K), 4 survivors (4096K)
 Metaspace       used 81707K, committed 83584K, reserved 557056K
  class space    used 11717K, committed 12608K, reserved 425984K
}
Event: 37.594 GC heap before
{Heap before GC invocations=32 (full 0):
 garbage-first heap   total 104448K, used 91877K [0x0000000080000000, 0x0000000100000000)
  region size 1024K, 32 young (32768K), 4 survivors (4096K)
 Metaspace       used 84156K, committed 86080K, reserved 557056K
  class space    used 12170K, committed 13120K, reserved 425984K
}
Event: 37.613 GC heap after
{Heap after GC invocations=33 (full 0):
 garbage-first heap   total 104448K, used 66856K [0x0000000080000000, 0x0000000100000000)
  region size 1024K, 4 young (4096K), 4 survivors (4096K)
 Metaspace       used 84156K, committed 86080K, reserved 557056K
  class space    used 12170K, committed 13120K, reserved 425984K
}

Dll operation events (3 events):
Event: 0.104 Loaded shared library D:\Android\Android Studio\jbr\bin\java.dll
Event: 0.107 Loaded shared library D:\Android\Android Studio\jbr\bin\zip.dll
Event: 0.695 Loaded shared library D:\Android\Android Studio\jbr\bin\verify.dll

Deoptimization events (20 events):
Event: 36.828 Thread 0x000001d9b47f4d00 Uncommon trap: trap_request=0xffffffc6 fr.pc=0x000001d9a05a2c04 relative=0x00000000000008c4
Event: 36.828 Thread 0x000001d9b47f4d00 Uncommon trap: reason=bimorphic_or_optimized_type_check action=maybe_recompile pc=0x000001d9a05a2c04 method=java.util.stream.MatchOps$MatchOp.evaluateSequential(Ljava/util/stream/PipelineHelper;Ljava/util/Spliterator;)Ljava/lang/Boolean; @ 14 c2
Event: 36.828 Thread 0x000001d9b47f4d00 DEOPT PACKING pc=0x000001d9a05a2c04 sp=0x0000001be86f9650
Event: 36.828 Thread 0x000001d9b47f4d00 DEOPT UNPACKING pc=0x000001d99fce46a2 sp=0x0000001be86f9588 mode 2
Event: 36.840 Thread 0x000001d9b47f4d00 Uncommon trap: trap_request=0xffffff45 fr.pc=0x000001d9a055d8f8 relative=0x00000000000003f8
Event: 36.840 Thread 0x000001d9b47f4d00 Uncommon trap: reason=unstable_if action=reinterpret pc=0x000001d9a055d8f8 method=org.gradle.internal.file.FileHierarchySet$Node.isChildOfOrThis(Ljava/lang/String;I)Z @ 89 c2
Event: 36.840 Thread 0x000001d9b47f4d00 DEOPT PACKING pc=0x000001d9a055d8f8 sp=0x0000001be86f9760
Event: 36.840 Thread 0x000001d9b47f4d00 DEOPT UNPACKING pc=0x000001d99fce46a2 sp=0x0000001be86f96d8 mode 2
Event: 36.876 Thread 0x000001d9b47f4d00 Uncommon trap: trap_request=0xffffff45 fr.pc=0x000001d9a02bd65c relative=0x00000000000003fc
Event: 36.876 Thread 0x000001d9b47f4d00 Uncommon trap: reason=unstable_if action=reinterpret pc=0x000001d9a02bd65c method=java.lang.StringLatin1.compareToCI([B[B)I @ 68 c2
Event: 36.876 Thread 0x000001d9b47f4d00 DEOPT PACKING pc=0x000001d9a02bd65c sp=0x0000001be86fab20
Event: 36.876 Thread 0x000001d9b47f4d00 DEOPT UNPACKING pc=0x000001d99fce46a2 sp=0x0000001be86faa10 mode 2
Event: 37.582 Thread 0x000001d9b47f7af0 Uncommon trap: trap_request=0xffffff45 fr.pc=0x000001d9a065b52c relative=0x000000000000008c
Event: 37.583 Thread 0x000001d9b47f7af0 Uncommon trap: reason=unstable_if action=reinterpret pc=0x000001d9a065b52c method=jdk.internal.misc.Unsafe.getAndBitwiseAndInt(Ljava/lang/Object;JI)I @ 21 c2
Event: 37.583 Thread 0x000001d9b47f7af0 DEOPT PACKING pc=0x000001d9a065b52c sp=0x0000001be94fd710
Event: 37.583 Thread 0x000001d9b47f7af0 DEOPT UNPACKING pc=0x000001d99fce46a2 sp=0x0000001be94fd618 mode 2
Event: 38.022 Thread 0x000001d9b47f4d00 Uncommon trap: trap_request=0xffffff45 fr.pc=0x000001d9a064d974 relative=0x0000000000000c94
Event: 38.022 Thread 0x000001d9b47f4d00 Uncommon trap: reason=unstable_if action=reinterpret pc=0x000001d9a064d974 method=com.esotericsoftware.kryo.io.Input.readString()Ljava/lang/String; @ 28 c2
Event: 38.022 Thread 0x000001d9b47f4d00 DEOPT PACKING pc=0x000001d9a064d974 sp=0x0000001be86f8b80
Event: 38.022 Thread 0x000001d9b47f4d00 DEOPT UNPACKING pc=0x000001d99fce46a2 sp=0x0000001be86f8b58 mode 2

Classes loaded (20 events):
Event: 36.547 Loading class java/util/TreeMap$KeySpliterator
Event: 36.549 Loading class java/util/TreeMap$TreeMapSpliterator
Event: 36.549 Loading class java/util/TreeMap$TreeMapSpliterator done
Event: 36.549 Loading class java/util/TreeMap$KeySpliterator done
Event: 36.697 Loading class java/io/SerialCallbackContext
Event: 36.699 Loading class java/io/SerialCallbackContext done
Event: 36.707 Loading class java/io/ObjectStreamClass$ExceptionInfo
Event: 36.709 Loading class java/io/ObjectStreamClass$ExceptionInfo done
Event: 36.714 Loading class java/util/HashMap$UnsafeHolder
Event: 36.716 Loading class java/util/HashMap$UnsafeHolder done
Event: 36.736 Loading class java/util/stream/ReferencePipeline$4
Event: 36.739 Loading class java/util/stream/IntPipeline$StatelessOp
Event: 36.740 Loading class java/util/stream/IntPipeline$StatelessOp done
Event: 36.740 Loading class java/util/stream/ReferencePipeline$4 done
Event: 36.741 Loading class java/util/stream/ReduceOps$6
Event: 36.741 Loading class java/util/stream/ReduceOps$6 done
Event: 36.741 Loading class java/util/stream/ReduceOps$5ReducingSink
Event: 36.742 Loading class java/util/stream/ReduceOps$5ReducingSink done
Event: 36.742 Loading class java/util/stream/ReferencePipeline$4$1
Event: 36.743 Loading class java/util/stream/ReferencePipeline$4$1 done

Classes unloaded (0 events):
No events

Classes redefined (0 events):
No events

Internal exceptions (20 events):
Event: 32.337 Thread 0x000001d9b2953660 Exception <a 'java/lang/ClassNotFoundException'{0x0000000084c40bd8}: org/jetbrains/kotlin/gradle/targets/js/npm/DefaultPeerNpmDependencyExtension$delegate$1Customizer> (0x0000000084c40bd8) 
thrown [s\src\hotspot\share\classfile\systemDictionary.cpp, line 312]
Event: 32.968 Thread 0x000001d9b2953660 Exception <a 'java/lang/NoSuchMethodError'{0x0000000085960390}: 'int java.lang.invoke.DirectMethodHandle$Holder.invokeSpecialIFC(java.lang.Object, java.lang.Object, java.lang.Object, java.lang.Object, java.lang.Object)'> (0x0000000085960390) 
thrown [s\src\hotspot\share\interpreter\linkResolver.cpp, line 784]
Event: 35.077 Thread 0x000001d9b2953660 Exception <a 'java/lang/NoSuchMethodError'{0x00000000856fb958}: 'void java.lang.invoke.DirectMethodHandle$Holder.invokeInterface(java.lang.Object, java.lang.Object, java.lang.Object, java.lang.Object)'> (0x00000000856fb958) 
thrown [s\src\hotspot\share\interpreter\linkResolver.cpp, line 784]
Event: 35.507 Thread 0x000001d9b2953660 Exception <a 'java/lang/NoSuchMethodError'{0x0000000084ea8898}: 'java.lang.Object java.lang.invoke.DirectMethodHandle$Holder.newInvokeSpecial(java.lang.Object, java.lang.Object, int, java.lang.Object)'> (0x0000000084ea8898) 
thrown [s\src\hotspot\share\interpreter\linkResolver.cpp, line 784]
Event: 35.508 Thread 0x000001d9b2953660 Implicit null exception at 0x000001d9a039e804 to 0x000001d9a039eab0
Event: 35.512 Thread 0x000001d9b2953660 Exception <a 'java/lang/NoSuchMethodError'{0x0000000084ead488}: 'int java.lang.invoke.DirectMethodHandle$Holder.invokeSpecial(java.lang.Object, java.lang.Object, java.lang.Object, int)'> (0x0000000084ead488) 
thrown [s\src\hotspot\share\interpreter\linkResolver.cpp, line 784]
Event: 35.514 Thread 0x000001d9b2953660 Exception <a 'java/lang/NoSuchMethodError'{0x0000000084ebe1a8}: 'java.lang.Object java.lang.invoke.DirectMethodHandle$Holder.invokeStatic(java.lang.Object, java.lang.Object, java.lang.Object, java.lang.Object, int)'> (0x0000000084ebe1a8) 
thrown [s\src\hotspot\share\interpreter\linkResolver.cpp, line 784]
Event: 36.065 Thread 0x000001d9b2953660 Exception <a 'java/lang/NoSuchMethodError'{0x000000008610faf8}: 'void java.lang.invoke.DirectMethodHandle$Holder.invokeStaticInit(java.lang.Object)'> (0x000000008610faf8) 
thrown [s\src\hotspot\share\interpreter\linkResolver.cpp, line 784]
Event: 36.209 Thread 0x000001d9b2953660 Exception <a 'java/lang/NoSuchMethodError'{0x0000000085ed1730}: 'java.lang.Object java.lang.invoke.DirectMethodHandle$Holder.newInvokeSpecial(java.lang.Object, java.lang.Object, java.lang.Object, java.lang.Object, java.lang.Object, java.lang.Object, int)'> (0x0000000085ed1730) 
thrown [s\src\hotspot\share\interpreter\linkResolver.cpp, line 784]
Event: 36.210 Thread 0x000001d9b2953660 Exception <a 'java/lang/NoSuchMethodError'{0x0000000085ed6f30}: 'java.lang.Object java.lang.invoke.DirectMethodHandle$Holder.invokeSpecial(java.lang.Object, java.lang.Object, java.lang.Object, java.lang.Object, java.lang.Object, java.lang.Object, java.lang.Object, int)'> (0x0000000085ed6f30) 
thrown [s\src\hotspot\share\interpreter\linkResolver.cpp, line 784]
Event: 36.210 Thread 0x000001d9b2953660 Exception <a 'java/lang/NoSuchMethodError'{0x0000000085edc0b8}: 'java.lang.Object java.lang.invoke.Invokers$Holder.linkToTargetMethod(java.lang.Object, java.lang.Object, java.lang.Object, java.lang.Object, java.lang.Object, int, java.lang.Object)'> (0x0000000085edc0b8) 
thrown [s\src\hotspot\share\interpreter\linkResolver.cpp, line 784]
Event: 36.458 Thread 0x000001d9b47f4d00 Exception <a 'java/lang/NoSuchMethodError'{0x00000000858b3b90}: 'java.lang.Object java.lang.invoke.DirectMethodHandle$Holder.newInvokeSpecial(java.lang.Object, java.lang.Object, int, java.lang.Object, java.lang.Object)'> (0x00000000858b3b90) 
thrown [s\src\hotspot\share\interpreter\linkResolver.cpp, line 784]
Event: 36.458 Thread 0x000001d9b47f4d00 Exception <a 'java/lang/NoSuchMethodError'{0x00000000858b7a98}: 'java.lang.Object java.lang.invoke.DirectMethodHandle$Holder.invokeSpecial(java.lang.Object, java.lang.Object, java.lang.Object, int, java.lang.Object, java.lang.Object)'> (0x00000000858b7a98) 
thrown [s\src\hotspot\share\interpreter\linkResolver.cpp, line 784]
Event: 36.539 Thread 0x000001d9b47f8ea0 Exception <a 'java/lang/NoSuchMethodError'{0x0000000085568e48}: 'java.lang.Object java.lang.invoke.DirectMethodHandle$Holder.invokeVirtual(java.lang.Object, java.lang.Object, java.lang.Object, java.lang.Object, java.lang.Object, java.lang.Object, java.lang.Object, java.lang.Object, java.lang.Object, java.lang.Object, java.lang.Object, java.lang.Object, java.lang.Object, java.lang.Object, java.lang.Object, java.lang.Object, java.lang.Object, java.lang.Object, java.lang.Object)'> (0x0000000085568e48) 
thrown
Event: 36.578 Thread 0x000001d9b47f8ea0 Exception <a 'java/lang/NoSuchMethodError'{0x0000000085484610}: 'void java.lang.invoke.DirectMethodHandle$Holder.invokeSpecial(java.lang.Object, java.lang.Object, java.lang.Object, java.lang.Object, int, java.lang.Object, java.lang.Object)'> (0x0000000085484610) 
thrown [s\src\hotspot\share\interpreter\linkResolver.cpp, line 784]
Event: 36.695 Thread 0x000001d9b3a45a10 Exception <a 'java/lang/NoSuchMethodError'{0x0000000085232f20}: static Ljava/lang/Object;.<clinit>()V> (0x0000000085232f20) 
thrown [s\src\hotspot\share\prims\jni.cpp, line 1144]
Event: 36.705 Thread 0x000001d9b3a45a10 Exception <a 'java/lang/NoSuchMethodError'{0x0000000085253d30}: static Lorg/jetbrains/kotlin/gradle/plugin/statistics/MetricContainer;.<clinit>()V> (0x0000000085253d30) 
thrown [s\src\hotspot\share\prims\jni.cpp, line 1144]
Event: 36.783 Thread 0x000001d9b47f4d00 Exception <a 'java/lang/NoSuchMethodError'{0x00000000850387d0}: 'int java.lang.invoke.DirectMethodHandle$Holder.invokeSpecial(java.lang.Object, java.lang.Object, java.lang.Object, java.lang.Object, java.lang.Object)'> (0x00000000850387d0) 
thrown [s\src\hotspot\share\interpreter\linkResolver.cpp, line 784]
Event: 36.882 Thread 0x000001d9b47f4d00 Exception <a 'java/lang/IncompatibleClassChangeError'{0x0000000084eabe28}: Found class java.lang.Object, but interface was expected> (0x0000000084eabe28) 
thrown [s\src\hotspot\share\interpreter\linkResolver.cpp, line 851]
Event: 38.085 Thread 0x000001d9b47f4d00 Exception <a 'java/lang/NoSuchMethodError'{0x00000000863b78d0}: static Ljava/lang/Object;.<clinit>()V> (0x00000000863b78d0) 
thrown [s\src\hotspot\share\prims\jni.cpp, line 1144]

ZGC Phase Switch (0 events):
No events

VM Operations (20 events):
Event: 34.122 Executing VM operation: G1PauseCleanup
Event: 34.122 Executing VM operation: G1PauseCleanup done
Event: 34.954 Executing VM operation: HandshakeAllThreads (Deoptimize)
Event: 34.955 Executing VM operation: HandshakeAllThreads (Deoptimize) done
Event: 35.784 Executing VM operation: ICBufferFull
Event: 35.785 Executing VM operation: ICBufferFull done
Event: 35.931 Executing VM operation: G1CollectForAllocation (G1 Evacuation Pause)
Event: 35.944 Executing VM operation: G1CollectForAllocation (G1 Evacuation Pause) done
Event: 36.554 Executing VM operation: HandshakeAllThreads (Deoptimize)
Event: 36.554 Executing VM operation: HandshakeAllThreads (Deoptimize) done
Event: 36.604 Executing VM operation: HandshakeAllThreads (Deoptimize)
Event: 36.604 Executing VM operation: HandshakeAllThreads (Deoptimize) done
Event: 36.750 Executing VM operation: HandshakeAllThreads (Deoptimize)
Event: 36.750 Executing VM operation: HandshakeAllThreads (Deoptimize) done
Event: 36.785 Executing VM operation: HandshakeAllThreads (Deoptimize)
Event: 36.786 Executing VM operation: HandshakeAllThreads (Deoptimize) done
Event: 36.873 Executing VM operation: ICBufferFull
Event: 36.873 Executing VM operation: ICBufferFull done
Event: 37.592 Executing VM operation: G1CollectForAllocation (G1 Evacuation Pause)
Event: 37.613 Executing VM operation: G1CollectForAllocation (G1 Evacuation Pause) done

Memory protections (0 events):
No events

Nmethod flushes (20 events):
Event: 34.103 Thread 0x000001d9b1010b80 flushing  nmethod 0x000001d998fc0110
Event: 34.103 Thread 0x000001d9b1010b80 flushing  nmethod 0x000001d999019e90
Event: 34.103 Thread 0x000001d9b1010b80 flushing  nmethod 0x000001d9a0516290
Event: 34.103 Thread 0x000001d9b1010b80 flushing  nmethod 0x000001d9a0569910
Event: 34.103 Thread 0x000001d9b1010b80 flushing  nmethod 0x000001d99890bd90
Event: 34.103 Thread 0x000001d9b1010b80 flushing  nmethod 0x000001d998b3ac10
Event: 34.103 Thread 0x000001d9b1010b80 flushing  nmethod 0x000001d998fd0b10
Event: 34.103 Thread 0x000001d9b1010b80 flushing  nmethod 0x000001d9991b3310
Event: 34.103 Thread 0x000001d9b1010b80 flushing  nmethod 0x000001d9991b4110
Event: 34.103 Thread 0x000001d9b1010b80 flushing  nmethod 0x000001d9991b4d10
Event: 34.103 Thread 0x000001d9b1010b80 flushing  nmethod 0x000001d9991b6110
Event: 34.103 Thread 0x000001d9b1010b80 flushing  nmethod 0x000001d9a0479f10
Event: 34.103 Thread 0x000001d9b1010b80 flushing  nmethod 0x000001d9a0576810
Event: 34.103 Thread 0x000001d9b1010b80 flushing  nmethod 0x000001d99876d910
Event: 34.103 Thread 0x000001d9b1010b80 flushing  nmethod 0x000001d9987e0f90
Event: 34.103 Thread 0x000001d9b1010b80 flushing  nmethod 0x000001d99882f210
Event: 34.103 Thread 0x000001d9b1010b80 flushing  nmethod 0x000001d998a3eb90
Event: 34.103 Thread 0x000001d9b1010b80 flushing  nmethod 0x000001d998be9090
Event: 34.103 Thread 0x000001d9b1010b80 flushing  nmethod 0x000001d998cd4b90
Event: 34.103 Thread 0x000001d9b1010b80 flushing  nmethod 0x000001d998cd6a10

Events (20 events):
Event: 37.526 Thread 0x000001d9b47f4d00 Thread added: 0x000001d9b47f32c0
Event: 37.526 Thread 0x000001d9b47f4d00 Thread added: 0x000001d9b47f5a20
Event: 37.527 Thread 0x000001d9b47f4d00 Thread added: 0x000001d9b47f6dd0
Event: 37.527 Thread 0x000001d9b47f4d00 Thread added: 0x000001d9b47f7460
Event: 37.527 Thread 0x000001d9b47f4d00 Thread added: 0x000001d9b47f7af0
Event: 37.527 Thread 0x000001d9b47f4d00 Thread added: 0x000001d9b47f6740
Event: 38.030 Thread 0x000001d9b47f4d00 Thread added: 0x000001d9b4b0c770
Event: 38.030 Thread 0x000001d9b47f4d00 Thread added: 0x000001d9b665a160
Event: 38.030 Thread 0x000001d9b47f4d00 Thread added: 0x000001d9b6658090
Event: 38.030 Thread 0x000001d9b47f4d00 Thread added: 0x000001d9b6658720
Event: 38.030 Thread 0x000001d9b47f4d00 Thread added: 0x000001d9b6656ce0
Event: 38.030 Thread 0x000001d9b47f4d00 Thread added: 0x000001d9b6659440
Event: 38.030 Thread 0x000001d9b47f4d00 Thread added: 0x000001d9b6658db0
Event: 38.106 Thread 0x000001d9b47f4d00 Thread added: 0x000001d9b6659ad0
Event: 38.107 Thread 0x000001d9b47f4d00 Thread added: 0x000001d9b6657370
Event: 38.107 Thread 0x000001d9b47f4d00 Thread added: 0x000001d9b6657a00
Event: 38.108 Thread 0x000001d9b47f4d00 Thread added: 0x000001d9b523de20
Event: 38.108 Thread 0x000001d9b47f4d00 Thread added: 0x000001d9b523bd50
Event: 38.109 Thread 0x000001d9b47f4d00 Thread added: 0x000001d9b523e4b0
Event: 38.109 Thread 0x000001d9b47f4d00 Thread added: 0x000001d9b523ca70


Dynamic libraries:
0x00007ff698a70000 - 0x00007ff698a7a000 	D:\Android\Android Studio\jbr\bin\java.exe
0x00007ff8a9e10000 - 0x00007ff8aa008000 	C:\WINDOWS\SYSTEM32\ntdll.dll
0x00007ff8a8c30000 - 0x00007ff8a8cf1000 	C:\WINDOWS\System32\KERNEL32.DLL
0x00007ff8a7660000 - 0x00007ff8a795d000 	C:\WINDOWS\System32\KERNELBASE.dll
0x00007ff8a7560000 - 0x00007ff8a7660000 	C:\WINDOWS\System32\ucrtbase.dll
0x00007ff8a26c0000 - 0x00007ff8a26db000 	D:\Android\Android Studio\jbr\bin\VCRUNTIME140.dll
0x00007ff8a26e0000 - 0x00007ff8a26f8000 	D:\Android\Android Studio\jbr\bin\jli.dll
0x00007ff8a96c0000 - 0x00007ff8a985d000 	C:\WINDOWS\System32\USER32.dll
0x00007ff8a7dc0000 - 0x00007ff8a7de2000 	C:\WINDOWS\System32\win32u.dll
0x00007ff89db80000 - 0x00007ff89de1a000 	C:\WINDOWS\WinSxS\amd64_microsoft.windows.common-controls_6595b64144ccf1df_6.0.19041.4355_none_60b8b9eb71f62e16\COMCTL32.dll
0x00007ff8a94e0000 - 0x00007ff8a950b000 	C:\WINDOWS\System32\GDI32.dll
0x00007ff8a9c40000 - 0x00007ff8a9cde000 	C:\WINDOWS\System32\msvcrt.dll
0x00007ff8a7ab0000 - 0x00007ff8a7bc7000 	C:\WINDOWS\System32\gdi32full.dll
0x00007ff8a7960000 - 0x00007ff8a79fd000 	C:\WINDOWS\System32\msvcp_win.dll
0x00007ff8a9520000 - 0x00007ff8a954f000 	C:\WINDOWS\System32\IMM32.DLL
0x00007ff88fba0000 - 0x00007ff88fbac000 	D:\Android\Android Studio\jbr\bin\vcruntime140_1.dll
0x00007ff87ec90000 - 0x00007ff87ed1d000 	D:\Android\Android Studio\jbr\bin\msvcp140.dll
0x00007ff826390000 - 0x00007ff827026000 	D:\Android\Android Studio\jbr\bin\server\jvm.dll
0x00007ff8a8b80000 - 0x00007ff8a8c30000 	C:\WINDOWS\System32\ADVAPI32.dll
0x00007ff8a9440000 - 0x00007ff8a94e0000 	C:\WINDOWS\System32\sechost.dll
0x00007ff8a9ab0000 - 0x00007ff8a9bd3000 	C:\WINDOWS\System32\RPCRT4.dll
0x00007ff8a74c0000 - 0x00007ff8a74e7000 	C:\WINDOWS\System32\bcrypt.dll
0x00007ff8a9550000 - 0x00007ff8a95bb000 	C:\WINDOWS\System32\WS2_32.dll
0x00007ff8a69f0000 - 0x00007ff8a6a3b000 	C:\WINDOWS\SYSTEM32\POWRPROF.dll
0x00007ff89ed00000 - 0x00007ff89ed0a000 	C:\WINDOWS\SYSTEM32\VERSION.dll
0x00007ff89e680000 - 0x00007ff89e6a7000 	C:\WINDOWS\SYSTEM32\WINMM.dll
0x00007ff8a68c0000 - 0x00007ff8a68d2000 	C:\WINDOWS\SYSTEM32\UMPDC.dll
0x00007ff8a5540000 - 0x00007ff8a5552000 	C:\WINDOWS\SYSTEM32\kernel.appcore.dll
0x00007ff88fb90000 - 0x00007ff88fb9a000 	D:\Android\Android Studio\jbr\bin\jimage.dll
0x00007ff8a46f0000 - 0x00007ff8a48d4000 	C:\WINDOWS\SYSTEM32\DBGHELP.DLL
0x00007ff88d6c0000 - 0x00007ff88d6f4000 	C:\WINDOWS\SYSTEM32\dbgcore.DLL
0x00007ff8a7d30000 - 0x00007ff8a7db2000 	C:\WINDOWS\System32\bcryptPrimitives.dll
0x00007ff88fb30000 - 0x00007ff88fb3e000 	D:\Android\Android Studio\jbr\bin\instrument.dll
0x00007ff88fb70000 - 0x00007ff88fb90000 	D:\Android\Android Studio\jbr\bin\java.dll
0x00007ff88b100000 - 0x00007ff88b118000 	D:\Android\Android Studio\jbr\bin\zip.dll
0x00007ff8a8410000 - 0x00007ff8a8b7f000 	C:\WINDOWS\System32\SHELL32.dll
0x00007ff8a5560000 - 0x00007ff8a5d03000 	C:\WINDOWS\SYSTEM32\windows.storage.dll
0x00007ff8a7e40000 - 0x00007ff8a8193000 	C:\WINDOWS\System32\combase.dll
0x00007ff8a6ef0000 - 0x00007ff8a6f1e000 	C:\WINDOWS\SYSTEM32\Wldp.dll
0x00007ff8a8340000 - 0x00007ff8a840d000 	C:\WINDOWS\System32\OLEAUT32.dll
0x00007ff8a9a00000 - 0x00007ff8a9aad000 	C:\WINDOWS\System32\SHCORE.dll
0x00007ff8a9d60000 - 0x00007ff8a9db5000 	C:\WINDOWS\System32\shlwapi.dll
0x00007ff8a73f0000 - 0x00007ff8a7414000 	C:\WINDOWS\SYSTEM32\profapi.dll
0x00007ff88b0f0000 - 0x00007ff88b100000 	D:\Android\Android Studio\jbr\bin\net.dll
0x00007ff8a0d40000 - 0x00007ff8a0e4d000 	C:\WINDOWS\SYSTEM32\WINHTTP.dll
0x00007ff8a6c50000 - 0x00007ff8a6cba000 	C:\WINDOWS\system32\mswsock.dll
0x00007ff884570000 - 0x00007ff884586000 	D:\Android\Android Studio\jbr\bin\nio.dll
0x00007ff889240000 - 0x00007ff889250000 	D:\Android\Android Studio\jbr\bin\verify.dll
0x00007ff884260000 - 0x00007ff884287000 	C:\Users\Administrator\.gradle\native\1def1411415f61bf3af743bc5b6707747c0891f09f0c88961ee8f79bc544acac\windows-amd64\native-platform.dll
0x00007ff854d10000 - 0x00007ff854d88000 	C:\Users\Administrator\.gradle\native\0.2.7\x86_64-windows-gnu\gradle-fileevents.dll
0x00007ff884230000 - 0x00007ff884239000 	D:\Android\Android Studio\jbr\bin\management.dll
0x00007ff883ff0000 - 0x00007ff883ffb000 	D:\Android\Android Studio\jbr\bin\management_ext.dll
0x00007ff8a81a0000 - 0x00007ff8a81a8000 	C:\WINDOWS\System32\PSAPI.DLL
0x00007ff8a68e0000 - 0x00007ff8a691b000 	C:\WINDOWS\SYSTEM32\IPHLPAPI.DLL
0x00007ff8a9dc0000 - 0x00007ff8a9dc8000 	C:\WINDOWS\System32\NSI.dll
0x00007ff883f70000 - 0x00007ff883f79000 	D:\Android\Android Studio\jbr\bin\extnet.dll
0x00007ff8a6e40000 - 0x00007ff8a6e58000 	C:\WINDOWS\SYSTEM32\CRYPTSP.dll
0x00007ff8a6500000 - 0x00007ff8a6534000 	C:\WINDOWS\system32\rsaenh.dll
0x00007ff8a73b0000 - 0x00007ff8a73de000 	C:\WINDOWS\SYSTEM32\USERENV.dll
0x00007ff8a6e60000 - 0x00007ff8a6e6c000 	C:\WINDOWS\SYSTEM32\CRYPTBASE.dll
0x00007ff898950000 - 0x00007ff898957000 	C:\WINDOWS\system32\wshunix.dll
0x00007ff878f70000 - 0x00007ff878f87000 	C:\WINDOWS\system32\napinsp.dll
0x00007ff878f50000 - 0x00007ff878f6b000 	C:\WINDOWS\system32\pnrpnsp.dll
0x00007ff8a2670000 - 0x00007ff8a268d000 	C:\WINDOWS\system32\NLAapi.dll
0x00007ff8a6920000 - 0x00007ff8a69ea000 	C:\WINDOWS\SYSTEM32\DNSAPI.dll
0x00007ff878f30000 - 0x00007ff878f42000 	C:\WINDOWS\System32\winrnr.dll
0x00007ff88b800000 - 0x00007ff88b815000 	C:\WINDOWS\system32\wshbth.dll
0x00007ff88f560000 - 0x00007ff88f56a000 	C:\Windows\System32\rasadhlp.dll
0x00007ff89ff90000 - 0x00007ff8a0010000 	C:\WINDOWS\System32\fwpuclnt.dll

JVMTI agents:
C:\Users\Administrator\.gradle\wrapper\dists\gradle-8.14-all\c2qonpi39x1mddn7hk5gh9iqj\gradle-8.14\lib\agents\gradle-instrumentation-agent-8.14.jar path:D:\Android\Android Studio\jbr\bin\instrument.dll, loaded, initialized, instrumentlib options:none

dbghelp: loaded successfully - version: 4.0.5 - missing functions: none
symbol engine: initialized successfully - sym options: 0x614 - pdb path: .;D:\Android\Android Studio\jbr\bin;C:\WINDOWS\SYSTEM32;C:\WINDOWS\WinSxS\amd64_microsoft.windows.common-controls_6595b64144ccf1df_6.0.19041.4355_none_60b8b9eb71f62e16;D:\Android\Android Studio\jbr\bin\server;C:\Users\Administrator\.gradle\native\1def1411415f61bf3af743bc5b6707747c0891f09f0c88961ee8f79bc544acac\windows-amd64;C:\Users\Administrator\.gradle\native\0.2.7\x86_64-windows-gnu

VM Arguments:
jvm_args: --add-opens=java.base/java.lang=ALL-UNNAMED --add-opens=java.base/java.lang.invoke=ALL-UNNAMED --add-opens=java.base/java.util=ALL-UNNAMED --add-opens=java.prefs/java.util.prefs=ALL-UNNAMED --add-exports=jdk.compiler/com.sun.tools.javac.api=ALL-UNNAMED --add-exports=jdk.compiler/com.sun.tools.javac.util=ALL-UNNAMED --add-opens=java.base/java.util=ALL-UNNAMED --add-opens=java.prefs/java.util.prefs=ALL-UNNAMED --add-opens=java.base/java.nio.charset=ALL-UNNAMED --add-opens=java.base/java.net=ALL-UNNAMED --add-opens=java.base/java.util.concurrent.atomic=ALL-UNNAMED --add-opens=java.xml/javax.xml.namespace=ALL-UNNAMED -XX:MaxMetaspaceSize=512m -Xmx2048m -Dfile.encoding=UTF-8 -Duser.country=PH -Duser.language=en -Duser.variant -javaagent:C:\Users\Administrator\.gradle\wrapper\dists\gradle-8.14-all\c2qonpi39x1mddn7hk5gh9iqj\gradle-8.14\lib\agents\gradle-instrumentation-agent-8.14.jar 
java_command: org.gradle.launcher.daemon.bootstrap.GradleDaemon 8.14
java_class_path (initial): C:\Users\Administrator\.gradle\wrapper\dists\gradle-8.14-all\c2qonpi39x1mddn7hk5gh9iqj\gradle-8.14\lib\gradle-daemon-main-8.14.jar
Launcher Type: SUN_STANDARD

[Global flags]
     intx CICompilerCount                          = 4                                         {product} {ergonomic}
   size_t CompressedClassSpaceSize                 = 436207616                                 {product} {ergonomic}
     uint ConcGCThreads                            = 2                                         {product} {ergonomic}
     uint G1ConcRefinementThreads                  = 8                                         {product} {ergonomic}
   size_t G1HeapRegionSize                         = 1048576                                   {product} {ergonomic}
    uintx GCDrainStackTargetSize                   = 64                                        {product} {ergonomic}
   size_t InitialHeapSize                          = 67108864                                  {product} {ergonomic}
   size_t MarkStackSize                            = 4194304                                   {product} {ergonomic}
   size_t MaxHeapSize                              = 2147483648                                {product} {command line}
   size_t MaxMetaspaceSize                         = 536870912                                 {product} {command line}
   size_t MaxNewSize                               = 1287651328                                {product} {ergonomic}
   size_t MinHeapDeltaBytes                        = 1048576                                   {product} {ergonomic}
   size_t MinHeapSize                              = 8388608                                   {product} {ergonomic}
    uintx NonNMethodCodeHeapSize                   = 5839372                                {pd product} {ergonomic}
    uintx NonProfiledCodeHeapSize                  = 122909434                              {pd product} {ergonomic}
    uintx ProfiledCodeHeapSize                     = 122909434                              {pd product} {ergonomic}
    uintx ReservedCodeCacheSize                    = 251658240                              {pd product} {ergonomic}
     bool SegmentedCodeCache                       = true                                      {product} {ergonomic}
   size_t SoftMaxHeapSize                          = 2147483648                             {manageable} {ergonomic}
     bool UseCompressedOops                        = true                           {product lp64_product} {ergonomic}
     bool UseG1GC                                  = true                                      {product} {ergonomic}
     bool UseLargePagesIndividualAllocation        = false                                  {pd product} {ergonomic}

Logging:
Log output configuration:
 #0: stdout all=warning uptime,level,tags foldmultilines=false
 #1: stderr all=off uptime,level,tags foldmultilines=false

Environment Variables:
JAVA_HOME=D:\Android\Android Studio\jbr
CLASSPATH=D:\IT Projects\budolEcosystem\budolPayMobile\android\\gradle\wrapper\gradle-wrapper.jar
PATH=D:\Android\Android Studio\jbr\bin;c:\\Users\\Administrator\\.trae\\sdks\\workspaces\\8b594975\\versions\\node\\current;c:\\Users\\Administrator\\.trae\\sdks\\versions\\node\\current;D:\flutter\bin\;c:\Users\Administrator\.trae\sdks\workspaces\8b594975\versions\node\current;c:\Users\Administrator\.trae\sdks\versions\node\current;C:\Python312\Scripts\;C:\Python312\;C:\WINDOWS\system32;C:\WINDOWS;C:\WINDOWS\System32\Wbem;C:\WINDOWS\System32\WindowsPowerShell\v1.0\;C:\WINDOWS\System32\OpenSSH\;C:\ProgramData\chocolatey\bin;C:\Program Files\Docker\Docker\resources\bin;C:\Program Files\Git\cmd;C:\Program Files\Sniffnet\;C:\wamp64\bin\php\php8.2.13;C:\Program Files\Cloudflare\Cloudflare WARP\;C:\Program Files\cursor\resources\app\bin;C:\Program Files\nodejs\;d:\Trae\bin;C:\Users\Administrator\AppData\Local\Microsoft\WindowsApps;C:\Users\Administrator\AppData\Local\Programs\Microsoft VS Code\bin;C:\Users\Administrator\AppData\Local\ComposerSetup\bin;C:\Users\Administrator\AppData\Roaming\Composer\vendor\bin;C:\Users\Administrator\AppData\Local\Programs\Antigravity\bin;C:\Users\Administrator\AppData\Roaming\npm;D:\flutter\bin
USERNAME=Administrator
LANG=en_US.UTF-8
OS=Windows_NT
PROCESSOR_IDENTIFIER=Intel64 Family 6 Model 158 Stepping 13, GenuineIntel
TMP=C:\Users\ADMINI~1\AppData\Local\Temp
TEMP=C:\Users\ADMINI~1\AppData\Local\Temp




Periodic native trim disabled

JNI global refs:
JNI global refs: 28, weak refs: 6

JNI global refs memory usage: 835, weak refs: 833

Process memory usage:
Resident Set Size: 201680K (4% of 4063352K total physical memory with 80396K free physical memory)

OOME stack traces (most recent first):
Classloader memory used:
Loader org.gradle.internal.classloader.VisitableURLClassLoader                         : 39344K
Loader bootstrap                                                                       : 25811K
Loader org.gradle.initialization.MixInLegacyTypesClassLoader                           : 11994K
Loader org.gradle.internal.classloader.VisitableURLClassLoader$InstrumentingVisitableURLClassLoader: 6204K
Loader jdk.internal.loader.ClassLoaders$PlatformClassLoader                            : 505K
Loader jdk.internal.loader.ClassLoaders$AppClassLoader                                 : 236K
Loader jdk.internal.reflect.DelegatingClassLoader                                      : 131K
Loader org.gradle.internal.classloader.VisitableURLClassLoader                         : 94928B

Classes loaded by more than one classloader:
Class Program                                                                         : loaded 4 times (x 72B)
Class org.gradle.internal.classloader.ClassLoaderHierarchy                            : loaded 2 times (x 70B)
Class org.gradle.api.internal.classpath.ManifestUtil                                  : loaded 2 times (x 71B)
Class org.gradle.internal.classloader.DefaultClassLoaderFactory                       : loaded 2 times (x 82B)
Class org.gradle.internal.classloader.ClassLoaderVisitor                              : loaded 2 times (x 76B)
Class org.gradle.api.internal.classpath.EffectiveClassPath                            : loaded 2 times (x 90B)
Class org.gradle.api.internal.DefaultClassPathProvider                                : loaded 2 times (x 76B)
Class [Lorg.gradle.api.internal.ClassPathProvider;                                    : loaded 2 times (x 69B)
Class org.gradle.api.internal.ClassPathProvider                                       : loaded 2 times (x 70B)
Class org.gradle.internal.service.UnknownServiceException                             : loaded 2 times (x 83B)
Class org.gradle.internal.classpath.TransformedClassPath                              : loaded 2 times (x 96B)
Class org.gradle.internal.classloader.InstrumentingClassLoader                        : loaded 2 times (x 70B)
Class org.gradle.internal.service.ServiceLocator                                      : loaded 2 times (x 70B)
Class org.gradle.internal.InternalTransformer                                         : loaded 2 times (x 70B)
Class org.gradle.internal.classloader.ClasspathUtil$1                                 : loaded 2 times (x 76B)
Class org.gradle.api.internal.classpath.DefaultModuleRegistry$DefaultModule           : loaded 2 times (x 86B)
Class org.gradle.api.internal.classpath.Module                                        : loaded 2 times (x 70B)
Class org.gradle.api.internal.classpath.UnknownModuleException                        : loaded 2 times (x 82B)
Class org.gradle.api.internal.DefaultClassPathRegistry                                : loaded 2 times (x 76B)
Class org.gradle.api.internal.ClassPathRegistry                                       : loaded 2 times (x 70B)
Class org.gradle.internal.classpath.DefaultClassPath$ImmutableUniqueList              : loaded 2 times (x 199B)
Class org.gradle.internal.classloader.FilteringClassLoader                            : loaded 2 times (x 105B)
Class Settings_gradle$1                                                               : loaded 2 times (x 74B)
Class org.gradle.internal.classpath.ClassPath                                         : loaded 2 times (x 70B)
Class org.gradle.api.UncheckedIOException                                             : loaded 2 times (x 82B)
Class org.gradle.internal.installation.GradleInstallation$1                           : loaded 2 times (x 75B)
Class org.gradle.api.internal.classpath.ModuleRegistry                                : loaded 2 times (x 70B)
Class org.gradle.api.internal.classpath.DefaultModuleRegistry                         : loaded 2 times (x 86B)
Class org.gradle.internal.service.ServiceLookupException                              : loaded 2 times (x 82B)
Class org.gradle.internal.classloader.ClassLoaderFactory                              : loaded 2 times (x 70B)
Class org.gradle.internal.service.CachingServiceLocator                               : loaded 2 times (x 82B)
Class org.gradle.internal.classloader.ClasspathUtil                                   : loaded 2 times (x 71B)
Class org.gradle.api.specs.Spec                                                       : loaded 2 times (x 70B)
Class Build_gradle$1                                                                  : loaded 2 times (x 78B)
Class org.gradle.internal.classloader.VisitableURLClassLoader$InstrumentingVisitableURLClassLoader: loaded 2 times (x 123B)
Class org.gradle.internal.classloader.VisitableURLClassLoader$Spec                    : loaded 2 times (x 74B)
Class org.gradle.internal.classpath.DefaultClassPath                                  : loaded 2 times (x 90B)
Class org.gradle.internal.classloader.ClassLoaderSpec                                 : loaded 2 times (x 71B)
Class Settings_gradle$1$1                                                             : loaded 2 times (x 74B)
Class org.gradle.internal.classloader.VisitableURLClassLoader                         : loaded 2 times (x 117B)
Class Settings_gradle                                                                 : loaded 2 times (x 128B)
Class org.gradle.internal.Cast                                                        : loaded 2 times (x 71B)
Class org.gradle.api.Action                                                           : loaded 2 times (x 70B)
Class org.gradle.internal.classpath.DefaultClassPath$ImmutableUniqueList$Builder      : loaded 2 times (x 75B)
Class org.gradle.api.GradleException                                                  : loaded 2 times (x 82B)
Class org.gradle.internal.IoActions                                                   : loaded 2 times (x 71B)
Class org.gradle.internal.classloader.SystemClassLoaderSpec                           : loaded 2 times (x 71B)
Class org.gradle.api.internal.classpath.GlobalCacheRootsProvider                      : loaded 2 times (x 70B)
Class Build_gradle                                                                    : loaded 2 times (x 130B)
Class org.gradle.internal.installation.CurrentGradleInstallationLocator               : loaded 2 times (x 71B)
Class org.gradle.internal.service.DefaultServiceLocator                               : loaded 2 times (x 83B)
Class org.gradle.internal.installation.CurrentGradleInstallation                      : loaded 2 times (x 73B)
Class org.gradle.util.internal.GUtil                                                  : loaded 2 times (x 71B)
Class org.gradle.internal.installation.GradleInstallation                             : loaded 2 times (x 75B)

---------------  S Y S T E M  ---------------

OS:
 Windows 10 , 64 bit Build 19041 (10.0.19041.4842)
OS uptime: 0 days 1:33 hours

CPU: total 8 (initial active 8) (8 cores per cpu, 1 threads per core) family 6 model 158 stepping 13 microcode 0xb8, cx8, cmov, fxsr, mmx, 3dnowpref, sse, sse2, sse3, ssse3, sse4.1, sse4.2, popcnt, lzcnt, tsc, tscinvbit, avx, avx2, aes, erms, clmul, bmi1, bmi2, rtm, adx, fma, vzeroupper, clflush, clflushopt, rdtscp, f16c
Processor Information for the first 8 processors :
  Max Mhz: 3000, Current Mhz: 3000, Mhz Limit: 3000

Memory: 4k page, system-wide physical 3968M (66M free)
TotalPageFile size 16256M (AvailPageFile size 5M)
current process WorkingSet (physical memory assigned to process): 196M, peak: 225M
current process commit charge ("private bytes"): 361M, peak: 364M

vm_info: OpenJDK 64-Bit Server VM (21.0.8+-14196175-b1038.72) for windows-amd64 JRE (21.0.8+-14196175-b1038.72), built on 2025-10-01T10:24:33Z by "builder" with MS VC++ 16.10 / 16.11 (VS2019)

END.
